###############################################################
#  Generated by:      Cadence Innovus 21.12-s106_1
#  OS:                Linux x86_64(Host ID ip-10-16-10-154.rdius.us)
#  Generated on:      Wed May 14 04:43:54 2025
#  Design:            mcs4
#  Command:           checkPinAssignment -report_violating_pin
###############################################################

Start Checking pins of top cell: [mcs4] 
Summary report for top level: [mcs4] 
	Total Pins                         : 21
	Legally Assigned Pins              : 21
End of Summary report
End Checking pins of top cell: [mcs4] 


===========================================================================================================================
                                                checkPinAssignment Summary
===========================================================================================================================
Partition   | pads  | pins   | legal  | illegal | internal | internal illegal | FT     | FT illegal | constant | unplaced |
===========================================================================================================================
mcs4        |     0 |     21 |     21 |       0 |        0 |                0 |      0 |          0 |        0 |        0 |
===========================================================================================================================
TOTAL       |     0 |     21 |     21 |       0 |        0 |                0 |      0 |          0 |        0 |        0 |
===========================================================================================================================
