###############################################################
#  Generated by:      Cadence Innovus 21.12-s106_1
#  OS:                Linux x86_64(Host ID ip-10-16-10-154.rdius.us)
#  Generated on:      Tue May 13 22:55:27 2025
#  Design:            mcs4
#  Command:           report_ccopt_clock_trees -file clock_trees.rpt
###############################################################

Clock DAG stats:
================

------------------------------------------------------------
Cell type                     Count    Area      Capacitance
------------------------------------------------------------
Buffers                        15      64.638       0.014
Inverters                       0       0.000       0.000
Integrated Clock Gates          0       0.000       0.000
Non-Integrated Clock Gates      0       0.000       0.000
Clock Logic                     0       0.000       0.000
All                            15      64.638       0.014
------------------------------------------------------------


Clock DAG wire lengths:
=======================

--------------------
Type     Wire Length
--------------------
Top          0.000
Trunk     1005.100
Leaf      2234.840
Total     3239.940
--------------------


Clock DAG hp wire lengths:
==========================

-----------------------
Type     hp Wire Length
-----------------------
Top            0.000
Trunk        816.390
Leaf         574.955
Total       1391.345
-----------------------


Clock DAG capacitances:
=======================

--------------------------------
Type     Gate     Wire     Total
--------------------------------
Top      0.000    0.000    0.000
Trunk    0.014    0.063    0.077
Leaf     0.138    0.170    0.307
Total    0.152    0.233    0.385
--------------------------------


Clock DAG sink capacitances:
============================

--------------------------------------------------------
Count    Total    Average    Std. Dev.    Min      Max
--------------------------------------------------------
 655     0.138     0.000       0.000      0.000    0.000
--------------------------------------------------------


Clock DAG net violations:
=========================

--------------------------------------------------------------------------------------------
Type                    Units    Count    Average    Std. Dev.    Sum      Top 10 violations
--------------------------------------------------------------------------------------------
Remaining Transition    ns         2       0.001       0.001      0.001    [0.001, 0.000]
--------------------------------------------------------------------------------------------


Clock DAG primary half-corner transition distribution:
======================================================

------------------------------------------------------------------------------------------------------------------------------------------------------------------------------------------------------------------------
Net Type    Target    Count    Average    Std. Dev.    Min      Max      Distribution                                                              Over Target
------------------------------------------------------------------------------------------------------------------------------------------------------------------------------------------------------------------------
Trunk       0.100       9       0.075       0.030      0.004    0.100    {2 <= 0.060ns, 2 <= 0.080ns, 1 <= 0.090ns, 2 <= 0.095ns, 1 <= 0.100ns}    {1 <= 0.105ns, 0 <= 0.110ns, 0 <= 0.120ns, 0 <= 0.150ns, 0 > 0.150ns}
Leaf        0.100       7       0.098       0.002      0.096    0.101    {0 <= 0.060ns, 0 <= 0.080ns, 0 <= 0.090ns, 0 <= 0.095ns, 6 <= 0.100ns}    {1 <= 0.105ns, 0 <= 0.110ns, 0 <= 0.120ns, 0 <= 0.150ns, 0 > 0.150ns}
------------------------------------------------------------------------------------------------------------------------------------------------------------------------------------------------------------------------


Clock DAG library cell distribution:
====================================

------------------------------------------
Name         Type      Inst     Inst Area 
                       Count    (um^2)
------------------------------------------
CLKBUFX16    buffer      7        47.880
CLKBUFX8     buffer      1         3.762
CLKBUFX4     buffer      1         2.394
CLKBUFX3     buffer      1         2.052
CLKBUFX2     buffer      5         8.550
------------------------------------------



Please note that the following tables reflect only the defined clock trees, so the flop counts might not include all flops in your design.

Clock Tree Summary:
===================

---------------------------------------------------------------------------------------------------------------------
Clock Tree  Clock  Bufs  Invs  Other  Max       Max     Max     Max          Standard   Wire   Gate   Clock Tree Root
Name        Gates              Clock  Non-leaf  Leaf    Length  Source-sink  cell area  cap    cap    
                               Cells  Fanout    Fanout  (um)    Resistance   (um^2)     (pF)   (pF)   
                                                                (Ohms)                                
---------------------------------------------------------------------------------------------------------------------
20MHz_CLK     0     15    0      0       7        98    180.15    4322.72     64.638    0.233  0.152  sysclk
---------------------------------------------------------------------------------------------------------------------

Clock Sink Summary:
===================

-------------------------------------------------------------------------------------------------------------------------------------------
Clock Tree  Explicit      Implicit      Explicit     Implicit     Explicit   Implicit   Posedge  Negedge  Memory  Enable  Non enable  Other
Name        exclude pins  exclude pins  ignore pins  ignore pins  stop pins  stop pins  Flops    Flops    Clock   Latch   Latch       Sinks
                                                                                                          Pins    Sinks   Sinks       
-------------------------------------------------------------------------------------------------------------------------------------------
20MHz_CLK        0             0             0            0           0          0        655       0       0       0         0         0
-------------------------------------------------------------------------------------------------------------------------------------------

Summary across all clock trees:
===============================

------------------------------------------------------------------------------------------------------------
Clock  Bufs  Invs  Other  Max       Average   Max     Average  Max      Max          Standard   Wire   Gate
Gates              Clock  Non-leaf  Non-leaf  Leaf    Leaf     Length   Source-sink  cell area  cap    cap
                   Cells  Fanout    Fanout    Fanout  Fanout   (um)     Resistance   (um^2)     (pF)   (pF)
                                                                        (Ohms)                         
------------------------------------------------------------------------------------------------------------
  0     15    0      0       7      1.66667     98    93.5714  180.150    432.272     64.638    0.233  0.152
------------------------------------------------------------------------------------------------------------

Clock Sink Summary across all clock trees:
==========================================

-------------------------------------------------------------------------------------------------------------------------------
Explicit      Implicit      Explicit     Implicit     Explicit   Implicit   Posedge  Negedge  Memory  Enable  Non enable  Other
exclude pins  exclude pins  ignore pins  ignore pins  stop pins  stop pins  Flops    Flops    Clock   Latch   Latch       Sinks
                                                                                              Pins    Sinks   Sinks       
-------------------------------------------------------------------------------------------------------------------------------
     0             0             0            0           0          0        655       0       0       0         0         0
-------------------------------------------------------------------------------------------------------------------------------

Physical metrics across all clock trees:
========================================

-----------------------------------------------------------------------
Metric                               Minimum  Average  Maximum  Std.dev
-----------------------------------------------------------------------
Source-sink routed net length (um)   33.990   104.342  180.150   35.017
Source-sink manhattan distance (um)  34.150    82.598  180.110   37.534
Source-sink resistance (Ohm)         52.062   220.704  432.272  127.628
-----------------------------------------------------------------------

Transition distribution for half-corner DelayCorner_WC:both.late:
=================================================================

------------------------------------------------------------------------------------------------------------------------------------------------------------------------------------------------------------------------
Net Type    Target    Count    Average    Std. Dev.    Min      Max      Distribution                                                              Over Target
------------------------------------------------------------------------------------------------------------------------------------------------------------------------------------------------------------------------
Trunk       0.100       9       0.075       0.030      0.004    0.100    {2 <= 0.060ns, 2 <= 0.080ns, 1 <= 0.090ns, 2 <= 0.095ns, 1 <= 0.100ns}    {1 <= 0.105ns, 0 <= 0.110ns, 0 <= 0.120ns, 0 <= 0.150ns, 0 > 0.150ns}
Leaf        0.100       7       0.098       0.002      0.096    0.101    {0 <= 0.060ns, 0 <= 0.080ns, 0 <= 0.090ns, 0 <= 0.095ns, 6 <= 0.100ns}    {1 <= 0.105ns, 0 <= 0.110ns, 0 <= 0.120ns, 0 <= 0.150ns, 0 > 0.150ns}
------------------------------------------------------------------------------------------------------------------------------------------------------------------------------------------------------------------------

Count of violations across all clock trees:
===========================================

---------------------------------------------------------------------------------------
Clock Tree  # Max capacitance  # Max resistance  # Max length  # Max fanout  # Slew
Name        violations         violations        violations    violations    violations
---------------------------------------------------------------------------------------
20MHz_CLK           0                 0               0             0           101
---------------------------------------------------------------------------------------
Total               0                 0               0             0           101
---------------------------------------------------------------------------------------

Note the above table per clock tree is based on CCOpt clock tree view. The violations are counted across half corners.

Found a total of 0 clock tree pins with max capacitance violations.
Found a total of 0 clock tree nets with max resistance violations.
Found a total of 0 clock tree nets with max length violations.
Found a total of 0 clock tree nets with max fanout violations.
Found a total of 101 clock tree pins with a slew violation.

Slew violation summary across all clock trees - Top 10 violating pins:
======================================================================

Target and measured clock slews (in ns):

-----------------------------------------------------------------------------------------------------------------
Half corner               Violation  Slew    Slew      Dont   Ideal  Target    Pin
                          amount     target  achieved  touch  net?   source    
                                                       net?                    
-----------------------------------------------------------------------------------------------------------------
DelayCorner_WC:both.late    0.001    0.100    0.101    N      N      explicit  i4004_tio_board_L_reg/CK
DelayCorner_WC:both.late    0.001    0.100    0.101    N      N      explicit  rom_0_timing_recovery_a12_reg/CK
DelayCorner_WC:both.late    0.001    0.100    0.101    N      N      explicit  clockgen_clockdiv_reg[2]/CK
DelayCorner_WC:both.late    0.001    0.100    0.101    N      N      explicit  clockgen_clk1_reg/CK
DelayCorner_WC:both.late    0.001    0.100    0.101    N      N      explicit  shiftreg_cp_delay_reg[1]/CK
DelayCorner_WC:both.late    0.001    0.100    0.101    N      N      explicit  ram_0_opa_reg[0]/CK
DelayCorner_WC:both.late    0.001    0.100    0.101    N      N      explicit  rom_1_n0128_reg/CK
DelayCorner_WC:both.late    0.001    0.100    0.101    N      N      explicit  rom_0_n0128_reg/CK
DelayCorner_WC:both.late    0.001    0.100    0.101    N      N      explicit  ram_0_timing_recovery_m12_reg/CK
DelayCorner_WC:both.late    0.001    0.100    0.101    N      N      explicit  i4004_ip_board_dram_temp_reg[1]/CK
-----------------------------------------------------------------------------------------------------------------

Target sources:
auto extracted - target was extracted from SDC.
auto computed - target was computed when balancing trees.
explicit - target is explicitly set via target_max_trans property.
pin explicit - target is explicitly set for this pin via pin_target_max_trans property.
liberty explicit - target is explicitly set via max_transition from liberty library.

Found 0 pins on nets marked dont_touch that have slew violations.
Found 0 pins on nets marked dont_touch that do not have slew violations.
Found 0 pins on nets marked ideal_network that have slew violations.
Found 0 pins on nets marked ideal_network that do not have slew violations.


Report for clock tree: 20MHz_CLK:
=================================

Clock Tree Gating Structure (Logical):

# Full cycle clock gates   : 0
Minimum clock gating depth : 0
Maximum clock gating depth : 0
Clock gate area (um^2)     : 0.000

Clock Tree Buffering Structure (Logical):

# Buffers             : 15
# Inverters           :  0
  Total               : 15
Minimum depth         :  9
Maximum depth         :  9
Buffering area (um^2) : 64.638

Clock Tree Level Structure (Logical):

-----------------------------------------------------------------
Level  Full   Posedge  Negedge  Memory  Enable  Non enable  Other
       Cycle  Flops    Flops    Clock   Latch   Latch       Sinks
                                Pins    Sinks   Sinks       
-----------------------------------------------------------------
root     0      655       0       0       0         0         0
-----------------------------------------------------------------
Total    0      655       0       0       0         0         0
-----------------------------------------------------------------

Target and measured clock slews (in ns):

------------------------------------------------------------------------------------------------------------------------------------
Timing Corner              Worst Rising  Worst Falling  Worst Rising  Worst Falling  Leaf Slew    Leaf Slew  Trunk Slew   Trunk Slew
                           Leaf Slew     Leaf Slew      Trunk Slew    Trunk Slew     Target Type  Target     Target Type  Target
------------------------------------------------------------------------------------------------------------------------------------
DelayCorner_BC:both.early     0.033          0.032         0.022          0.023      ignored          -      ignored          -
DelayCorner_BC:both.late      0.034          0.034         0.024          0.024      ignored          -      ignored          -
DelayCorner_WC:both.early     0.086          0.100         0.085          0.100      ignored          -      ignored          -
DelayCorner_WC:both.late      0.087          0.101         0.085          0.100      explicit     *0.100     explicit     *0.100
------------------------------------------------------------------------------------------------------------------------------------

* - indicates that target was not met.

auto extracted - target was extracted from SDC.
auto computed - target was computed when balancing trees.

