============================================================
  Generated by:           Genus(TM) Synthesis Solution 20.11-s111_1
  Generated on:           May 13 2025  05:00:45 am
  Module:                 mcs4
  Technology libraries:   slow_vdd1v0 1.0
                          physical_cells 
  Operating conditions:   PVT_0P9V_125C 
  Interconnect mode:      global
  Area mode:              physical library
============================================================

                                 Leakage  
   Gate    Instances    Area   Power (mW)     Library    
---------------------------------------------------------
ADDHX1             9    33.858      0.000    slow_vdd1v0 
AND2X1            46    62.928      0.000    slow_vdd1v0 
AND2X2             2     3.420      0.000    slow_vdd1v0 
AND2X8             4    17.784      0.000    slow_vdd1v0 
AND2XL             2     2.736      0.000    slow_vdd1v0 
AND3XL            35    71.820      0.000    slow_vdd1v0 
AND4X1            12    28.728      0.000    slow_vdd1v0 
AND4XL             2     4.788      0.000    slow_vdd1v0 
AO21X1             3     7.182      0.000    slow_vdd1v0 
AO22X1            70   191.520      0.000    slow_vdd1v0 
AOI211X1           1     2.394      0.000    slow_vdd1v0 
AOI21X1            6    10.260      0.000    slow_vdd1v0 
AOI21X2            1     2.736      0.000    slow_vdd1v0 
AOI221X1          53   126.882      0.000    slow_vdd1v0 
AOI22X1          138   283.176      0.000    slow_vdd1v0 
AOI22X2            4    15.048      0.000    slow_vdd1v0 
AOI2BB1X1          2     4.104      0.000    slow_vdd1v0 
AOI31X1            4     8.208      0.000    slow_vdd1v0 
AOI31X4            1     6.498      0.000    slow_vdd1v0 
BUFX2             14    23.940      0.000    slow_vdd1v0 
BUFX4              1     2.394      0.000    slow_vdd1v0 
CLKXOR2X1          1     2.736      0.000    slow_vdd1v0 
DFFHQX1           64   350.208      0.000    slow_vdd1v0 
DFFQX2             1     6.498      0.000    slow_vdd1v0 
DFFQXL             2    10.944      0.000    slow_vdd1v0 
DFFSHQX2           1     8.208      0.000    slow_vdd1v0 
DFFTRX2            1     8.208      0.000    slow_vdd1v0 
EDFFHQX1           6    51.300      0.000    slow_vdd1v0 
EDFFHQX2           2    17.784      0.000    slow_vdd1v0 
EDFFX2             1     9.234      0.000    slow_vdd1v0 
INVX1            141    96.444      0.000    slow_vdd1v0 
INVX2              8     8.208      0.000    slow_vdd1v0 
INVX3              1     1.368      0.000    slow_vdd1v0 
MX2X1              9    21.546      0.000    slow_vdd1v0 
MX3X1              2    10.260      0.000    slow_vdd1v0 
MX3XL              2     9.576      0.000    slow_vdd1v0 
MXI2XL            11    26.334      0.000    slow_vdd1v0 
NAND2BX1           7     9.576      0.000    slow_vdd1v0 
NAND2X1           53    54.378      0.000    slow_vdd1v0 
NAND2X2            7    11.970      0.000    slow_vdd1v0 
NAND3BX1          14    28.728      0.000    slow_vdd1v0 
NAND3BX2           1     3.078      0.000    slow_vdd1v0 
NAND3X1           55    94.050      0.000    slow_vdd1v0 
NAND3X2            4    10.944      0.000    slow_vdd1v0 
NOR2BX1           21    28.728      0.000    slow_vdd1v0 
NOR2BX2            1     2.736      0.000    slow_vdd1v0 
NOR2X1            93    95.418      0.000    slow_vdd1v0 
NOR2X2            57    97.470      0.000    slow_vdd1v0 
NOR3BX1            4     8.208      0.000    slow_vdd1v0 
NOR3X1             8    13.680      0.000    slow_vdd1v0 
NOR3X2             3     8.208      0.000    slow_vdd1v0 
NOR4BBX1           8    21.888      0.000    slow_vdd1v0 
NOR4BX1            5    11.970      0.000    slow_vdd1v0 
NOR4X1             2     3.420      0.000    slow_vdd1v0 
NOR4X2             4    13.680      0.000    slow_vdd1v0 
OA22X1             3     7.182      0.000    slow_vdd1v0 
OAI211X1          20    34.200      0.000    slow_vdd1v0 
OAI21X1            9    15.390      0.000    slow_vdd1v0 
OAI221X1          17    40.698      0.000    slow_vdd1v0 
OAI22X1            4     8.208      0.000    slow_vdd1v0 
OAI2BB1X1         11    18.810      0.000    slow_vdd1v0 
OAI2BB1X2          1     3.078      0.000    slow_vdd1v0 
OAI31X1            1     2.052      0.000    slow_vdd1v0 
OAI31X2            2     7.524      0.000    slow_vdd1v0 
OAI33X1            1     2.736      0.000    slow_vdd1v0 
OR2X1             88   120.384      0.000    slow_vdd1v0 
OR2X2             13    22.230      0.000    slow_vdd1v0 
OR3X1             22    45.144      0.000    slow_vdd1v0 
OR3X2              4     9.576      0.000    slow_vdd1v0 
OR4X1             21    43.092      0.000    slow_vdd1v0 
OR4X2              1     3.420      0.000    slow_vdd1v0 
SDFFQX1          573  4311.252      0.000    slow_vdd1v0 
SDFFQX2            4    32.832      0.000    slow_vdd1v0 
TBUFX1            20    68.400      0.000    slow_vdd1v0 
TBUFX2            16    60.192      0.000    slow_vdd1v0 
XNOR2X1           14    33.516      0.000    slow_vdd1v0 
---------------------------------------------------------
total           1855  6957.306      0.000                


                                           Leakage  Leakage 
     Type      Instances   Area   Area % Power (mW) Power % 
------------------------------------------------------------
sequential           655 4806.468   69.1      0.000    61.9 
inverter             150  106.020    1.5      0.000     2.6 
buffer                15   26.334    0.4      0.000     0.7 
tristate              36  128.592    1.8      0.000     1.6 
logic                999 1889.892   27.2      0.000    33.1 
physical_cells         0    0.000    0.0      0.000     0.0 
------------------------------------------------------------
total               1855 6957.306  100.0      0.000   100.0 

