============================================================
  Generated by:           Genus(TM) Synthesis Solution 20.11-s111_1
  Generated on:           May 13 2025  05:02:18 am
  Module:                 mcs4
  Technology libraries:   slow_vdd1v0 1.0
                          physical_cells 
  Operating conditions:   PVT_0P9V_125C 
  Interconnect mode:      global
  Area mode:              physical library
============================================================

Timing
--------

  Clock    Period 
------------------
20MHz_CLK 50000.0 


   Cost     Critical         Violating 
  Group    Path Slack  TNS     Paths   
---------------------------------------
20MHz_CLK     38759.0   0.0          0 
default      No paths   0.0            
---------------------------------------
Total                   0.0          0 

Instance Count
--------------
Leaf Instance Count             1879 
Physical Instance count            0 
Sequential Instance Count        655 
Combinational Instance Count    1224 
Hierarchical Instance Count        0 

Area
----
Cell Area                          7026.732
Physical Cell Area                 0.000
Total Cell Area (Cell+Physical)    7026.732
Net Area                           2566.021
Total Area (Cell+Physical+Net)     9592.753

Runtime                            0.0 seconds
Elapsed Runtime                    286 seconds
Genus peak memory usage            1195.16 
Innovus peak memory usage          no_value 
Hostname                           ip-10-16-10-154.rdius.us
