============================================================
  Generated by:           Genus(TM) Synthesis Solution 20.11-s111_1
  Generated on:           May 13 2025  05:02:19 am
  Module:                 mcs4
  Technology libraries:   slow_vdd1v0 1.0
                          physical_cells 
  Operating conditions:   PVT_0P9V_125C 
  Interconnect mode:      global
  Area mode:              physical library
============================================================

                                 Leakage  
   Gate    Instances    Area   Power (mW)     Library    
---------------------------------------------------------
ADDHX1             9    33.858      0.000    slow_vdd1v0 
AND2X1            40    54.720      0.000    slow_vdd1v0 
AND2X2             6    10.260      0.000    slow_vdd1v0 
AND2XL             2     2.736      0.000    slow_vdd1v0 
AND3XL            35    71.820      0.000    slow_vdd1v0 
AND4X1            12    28.728      0.000    slow_vdd1v0 
AND4XL             2     4.788      0.000    slow_vdd1v0 
AO21X1             5    11.970      0.000    slow_vdd1v0 
AO22X1            61   166.896      0.000    slow_vdd1v0 
AOI211X2           1     3.420      0.000    slow_vdd1v0 
AOI21X1            9    15.390      0.000    slow_vdd1v0 
AOI21X2            1     2.736      0.000    slow_vdd1v0 
AOI221X1          53   126.882      0.000    slow_vdd1v0 
AOI22X1          137   281.124      0.000    slow_vdd1v0 
AOI22X2            4    15.048      0.000    slow_vdd1v0 
AOI2BB1X1          2     4.104      0.000    slow_vdd1v0 
AOI31X1            4     8.208      0.000    slow_vdd1v0 
AOI31X4            1     6.498      0.000    slow_vdd1v0 
BUFX2             20    34.200      0.000    slow_vdd1v0 
BUFX3              1     2.052      0.000    slow_vdd1v0 
BUFX6              1     3.078      0.000    slow_vdd1v0 
CLKINVX1          20    20.520      0.000    slow_vdd1v0 
CLKINVX2          20    27.360      0.000    slow_vdd1v0 
CLKXOR2X1          1     2.736      0.000    slow_vdd1v0 
DFFHQX1           64   350.208      0.000    slow_vdd1v0 
DFFQXL             2    10.944      0.000    slow_vdd1v0 
DFFSHQX1           1     6.498      0.000    slow_vdd1v0 
DFFTRX2            1     8.208      0.000    slow_vdd1v0 
DFFX1              1     7.182      0.000    slow_vdd1v0 
EDFFX2             9    83.106      0.000    slow_vdd1v0 
INVX1             91    62.244      0.000    slow_vdd1v0 
INVX2             40    41.040      0.000    slow_vdd1v0 
MX2X1              9    21.546      0.000    slow_vdd1v0 
MX3X1              2    10.260      0.000    slow_vdd1v0 
MX3XL              2     9.576      0.000    slow_vdd1v0 
MXI2XL            12    28.728      0.000    slow_vdd1v0 
NAND2BX1           7     9.576      0.000    slow_vdd1v0 
NAND2X1           51    52.326      0.000    slow_vdd1v0 
NAND2X2            6    10.260      0.000    slow_vdd1v0 
NAND2X4            1     3.420      0.000    slow_vdd1v0 
NAND3BX1          14    28.728      0.000    slow_vdd1v0 
NAND3BX2           2     6.156      0.000    slow_vdd1v0 
NAND3X1           56    95.760      0.000    slow_vdd1v0 
NAND3X2            2     5.472      0.000    slow_vdd1v0 
NOR2BX1           21    28.728      0.000    slow_vdd1v0 
NOR2BX2            7    19.152      0.000    slow_vdd1v0 
NOR2X1            89    91.314      0.000    slow_vdd1v0 
NOR2X2            53    90.630      0.000    slow_vdd1v0 
NOR2X4             8    24.624      0.000    slow_vdd1v0 
NOR3BX1            4     8.208      0.000    slow_vdd1v0 
NOR3X1             7    11.970      0.000    slow_vdd1v0 
NOR3X2             3     8.208      0.000    slow_vdd1v0 
NOR4BBX1           8    21.888      0.000    slow_vdd1v0 
NOR4BX1            5    11.970      0.000    slow_vdd1v0 
NOR4X1             2     3.420      0.000    slow_vdd1v0 
NOR4X2             4    13.680      0.000    slow_vdd1v0 
OA21X1             9    18.468      0.000    slow_vdd1v0 
OA22X1             1     2.394      0.000    slow_vdd1v0 
OAI211X1          20    34.200      0.000    slow_vdd1v0 
OAI21X1            9    15.390      0.000    slow_vdd1v0 
OAI221X1          14    33.516      0.000    slow_vdd1v0 
OAI221X2           3    14.364      0.000    slow_vdd1v0 
OAI2BB1X1         11    18.810      0.000    slow_vdd1v0 
OAI2BB1X2          1     3.078      0.000    slow_vdd1v0 
OAI31X1            1     2.052      0.000    slow_vdd1v0 
OAI31X2            2     7.524      0.000    slow_vdd1v0 
OAI33X1            1     2.736      0.000    slow_vdd1v0 
OR2X1             88   120.384      0.000    slow_vdd1v0 
OR2X2             13    22.230      0.000    slow_vdd1v0 
OR3X1             21    43.092      0.000    slow_vdd1v0 
OR3X2              4     9.576      0.000    slow_vdd1v0 
OR4X1             21    43.092      0.000    slow_vdd1v0 
OR4X2              1     3.420      0.000    slow_vdd1v0 
SDFFQX1          574  4318.776      0.000    slow_vdd1v0 
SDFFQX2            3    24.624      0.000    slow_vdd1v0 
TBUFX1            20    68.400      0.000    slow_vdd1v0 
TBUFX2            16    60.192      0.000    slow_vdd1v0 
XNOR2X1           14    33.516      0.000    slow_vdd1v0 
XOR2X1             1     2.736      0.000    slow_vdd1v0 
---------------------------------------------------------
total           1879  7026.732      0.000                


                                           Leakage  Leakage 
     Type      Instances   Area   Area % Power (mW) Power % 
------------------------------------------------------------
sequential           655 4809.546   68.4      0.000    61.2 
inverter             171  151.164    2.2      0.000     3.8 
buffer                22   39.330    0.6      0.000     1.1 
tristate              36  128.592    1.8      0.000     1.6 
logic                995 1898.100   27.0      0.000    32.5 
physical_cells         0    0.000    0.0      0.000     0.0 
------------------------------------------------------------
total               1879 7026.732  100.0      0.000   100.0 

