============================================================
  Generated by:           Genus(TM) Synthesis Solution 20.11-s111_1
  Generated on:           May 13 2025  06:44:07 am
  Module:                 mcs4
  Library domain:         TC_mcs4_slow
    Domain index:         0
    Technology library:   slow_vdd1v0 1.0
  Library domain:         TC_mcs4_fast
    Domain index:         1
    Technology library:   fast_vdd1v2 1.0
  Operating conditions:   PVT_0P9V_125C 
  Operating conditions:   PVT_1P32V_0C 
  Interconnect mode:      global
  Area mode:              physical library
============================================================

                                        Leakage  Leakage 
     Type      Instances  Area Area % Power (mW) Power % 
---------------------------------------------------------
sequential           655 0.000    0.0      0.000    53.4 
inverter              36 0.000    0.0      0.000     0.3 
tristate              36 0.000    0.0      0.000     1.4 
logic               2494 0.000    0.0      0.000    44.8 
physical_cells         0 0.000    0.0      0.000     0.0 
---------------------------------------------------------
total               3221 0.000    0.0      0.000   100.0 

