============================================================
  Generated by:           Genus(TM) Synthesis Solution 20.11-s111_1
  Generated on:           May 13 2025  06:45:05 am
  Module:                 mcs4
  Library domain:         TC_mcs4_slow
    Domain index:         0
    Technology library:   slow_vdd1v0 1.0
  Library domain:         TC_mcs4_fast
    Domain index:         1
    Technology library:   fast_vdd1v2 1.0
  Operating conditions:   PVT_0P9V_125C 
  Operating conditions:   PVT_1P32V_0C 
  Interconnect mode:      global
  Area mode:              physical library
============================================================

                                 Leakage                 Library 
   Gate    Instances    Area   Power (mW)     Library     Domain 
-----------------------------------------------------------------
ADDHX1             9    33.858      0.000    slow_vdd1v0       0 
AND2X1           132   180.576      0.000    slow_vdd1v0       0 
AND2X2            33    56.430      0.000    slow_vdd1v0       0 
AND2X4             1     2.736      0.000    slow_vdd1v0       0 
AND3XL            34    69.768      0.000    slow_vdd1v0       0 
AND4X1            21    50.274      0.000    slow_vdd1v0       0 
AO21X1             3     7.182      0.000    slow_vdd1v0       0 
AO21X2             2     5.472      0.000    slow_vdd1v0       0 
AO22X1            34    93.024      0.000    slow_vdd1v0       0 
AOI211XL           1     2.052      0.000    slow_vdd1v0       0 
AOI21X1          182   311.220      0.000    slow_vdd1v0       0 
AOI21X2            1     2.736      0.000    slow_vdd1v0       0 
AOI221X1           2     4.788      0.000    slow_vdd1v0       0 
AOI22X1           34    69.768      0.000    slow_vdd1v0       0 
AOI22X2           28   105.336      0.000    slow_vdd1v0       0 
AOI2BB1X1          1     2.052      0.000    slow_vdd1v0       0 
AOI32X1            1     2.394      0.000    slow_vdd1v0       0 
BUFX12             2    10.260      0.000    slow_vdd1v0       0 
BUFX2             11    18.810      0.000    slow_vdd1v0       0 
BUFX6              1     3.078      0.000    slow_vdd1v0       0 
CLKINVX12          8    32.832      0.000    slow_vdd1v0       0 
CLKINVX3           3     5.130      0.000    slow_vdd1v0       0 
CLKINVX4          13    22.230      0.000    slow_vdd1v0       0 
CLKINVX6           2     4.788      0.000    slow_vdd1v0       0 
CLKXOR2X1          1     2.736      0.000    slow_vdd1v0       0 
DFFHQX1           45   246.240      0.000    slow_vdd1v0       0 
DFFQXL             3    16.416      0.000    slow_vdd1v0       0 
DFFSX1             1     7.524      0.000    slow_vdd1v0       0 
DFFTRXL            5    39.330      0.000    slow_vdd1v0       0 
DFFX1             14   100.548      0.000    slow_vdd1v0       0 
EDFFX2            25   230.850      0.000    slow_vdd1v0       0 
INVX1             76    51.984      0.000    slow_vdd1v0       0 
INVX4              2     3.420      0.000    slow_vdd1v0       0 
INVXL              1     0.684      0.000    slow_vdd1v0       0 
MX2X1             10    23.940      0.000    slow_vdd1v0       0 
MX3XL              4    19.152      0.000    slow_vdd1v0       0 
MXI2XL            12    28.728      0.000    slow_vdd1v0       0 
NAND2BX1          19    25.992      0.000    slow_vdd1v0       0 
NAND2BX2           3     7.182      0.000    slow_vdd1v0       0 
NAND2X1           97    99.522      0.000    slow_vdd1v0       0 
NAND2X2            1     1.710      0.000    slow_vdd1v0       0 
NAND3BXL          15    25.650      0.000    slow_vdd1v0       0 
NAND3X1            6    10.260      0.000    slow_vdd1v0       0 
NAND4BX2           1     4.446      0.000    slow_vdd1v0       0 
NOR2BX1          174   238.032      0.000    slow_vdd1v0       0 
NOR2BX2            3     8.208      0.000    slow_vdd1v0       0 
NOR2X1            80    82.080      0.000    slow_vdd1v0       0 
NOR2X2            22    37.620      0.000    slow_vdd1v0       0 
NOR2X4             1     3.078      0.000    slow_vdd1v0       0 
NOR3BX1            1     2.052      0.000    slow_vdd1v0       0 
NOR3BX2            1     3.420      0.000    slow_vdd1v0       0 
NOR3X1             3     5.130      0.000    slow_vdd1v0       0 
NOR4BBX1           1     2.736      0.000    slow_vdd1v0       0 
NOR4X1             1     1.710      0.000    slow_vdd1v0       0 
NOR4X2             1     3.420      0.000    slow_vdd1v0       0 
OA21X1            10    20.520      0.000    slow_vdd1v0       0 
OA22X1            13    31.122      0.000    slow_vdd1v0       0 
OA22X2             1     3.420      0.000    slow_vdd1v0       0 
OAI211X1           1     1.710      0.000    slow_vdd1v0       0 
OAI21X1           15    25.650      0.000    slow_vdd1v0       0 
OAI22X1            2     4.104      0.000    slow_vdd1v0       0 
OAI2BB1X1         26    44.460      0.000    slow_vdd1v0       0 
OAI31X1            2     4.104      0.000    slow_vdd1v0       0 
OAI31X2            1     3.762      0.000    slow_vdd1v0       0 
OR2X1            131   179.208      0.000    slow_vdd1v0       0 
OR2X2              4     6.840      0.000    slow_vdd1v0       0 
OR2X4              3     8.208      0.000    slow_vdd1v0       0 
OR3X1             37    75.924      0.000    slow_vdd1v0       0 
OR3X2              1     2.394      0.000    slow_vdd1v0       0 
OR4X1             40    82.080      0.000    slow_vdd1v0       0 
OR4X2              1     3.420      0.000    slow_vdd1v0       0 
SDFFQX1          562  4228.488      0.000    slow_vdd1v0       0 
TBUFX2            36   135.432      0.000    slow_vdd1v0       0 
XNOR2X1           14    33.516      0.000    slow_vdd1v0       0 
-----------------------------------------------------------------
total           2088  7324.956      0.000                


                                           Leakage  Leakage 
     Type      Instances   Area   Area % Power (mW) Power % 
------------------------------------------------------------
sequential           655 4869.396   66.5      0.000    57.2 
inverter             105  121.068    1.7      0.000     4.2 
buffer                14   32.148    0.4      0.000     1.1 
tristate              36  135.432    1.8      0.000     1.6 
logic               1278 2166.912   29.6      0.000    35.9 
physical_cells         0    0.000    0.0      0.000     0.0 
------------------------------------------------------------
total               2088 7324.956  100.0      0.000   100.0 

