

Working Directory = /users/iteso/iteso-s10043/designs/4004/syn_runs/15_05_25
QoS Summary for mcs4
================================================================================
Metric                          generic         map             syn_opt        
================================================================================

View : view_mcs4_slow
Slack (ps):                    46,946          44,423          44,399
  R2R (ps):                    46,946          44,423          44,399
  I2R (ps):                    47,918          48,032          48,089
  R2O (ps):                    48,597          47,237          47,114
  I2O (ps):                  no_value        no_value        no_value
  CG  (ps):                  no_value        no_value        no_value
TNS (ps):                           0               0               0
  R2R (ps):                         0               0               0
  I2R (ps):                         0               0               0
  R2O (ps):                         0               0               0
  I2O (ps):                  no_value        no_value        no_value
  CG  (ps):                  no_value        no_value        no_value
Failing Paths:                      0               0               0

View : view_mcs4_fast
Slack (ps):                    58,599          58,400          58,381
  R2R (ps):                    58,933          58,482          58,479
  I2R (ps):                    58,599          58,652          58,654
  R2O (ps):                    58,723          58,400          58,381
  I2O (ps):                  no_value        no_value        no_value
  CG  (ps):                  no_value        no_value        no_value
TNS (ps):                           0               0               0
  R2R (ps):                         0               0               0
  I2R (ps):                         0               0               0
  R2O (ps):                         0               0               0
  I2O (ps):                  no_value        no_value        no_value
  CG  (ps):                  no_value        no_value        no_value
Failing Paths:                      0               0               0

Cell Area:                         25           8,165           8,392
Total Cell Area:                   25           8,165           8,392
Leaf Instances:                 3,710           1,977           2,041
Total Instances:                3,710           1,977           2,041
Utilization (%):                 0.00            0.00            0.00
Tot. Net Length (um):        no_value        no_value        no_value
Avg. Net Length (um):        no_value        no_value        no_value
Route Overflow H (%):        no_value        no_value        no_value
Route Overflow V (%):        no_value        no_value        no_value
MBCI(%) (bits/gate) :            0.00            0.00            0.00
Norm Cong Hotspot Area:
  Max Cong:                  no_value        no_value        no_value
  Tot Cong:                  no_value        no_value        no_value
================================================================================
CPU  Runtime (h:m:s):        00:01:03        00:01:47        00:00:21
Real Runtime (h:m:s):        00:01:24        00:01:28        00:00:23
CPU  Elapsed (h:m:s):        00:01:12        00:02:58        00:03:19
Real Elapsed (h:m:s):        00:01:27        00:02:56        00:03:18
Memory (MB):                  1042.02         1039.68         1043.52
================================================================================
================================================================================
Flow Settings:
================================================================================
Total Runtime (h:m:s): 00:03:18
Total Memory (MB):     1043.52
Executable Version:    20.11-s111_1
================================================================================
Total Cell Area =  Cell Area + Physical Cell Area
Total Instances =  Leaf Instances + Physical Instances


