============================================================
  Generated by:           Genus(TM) Synthesis Solution 20.11-s111_1
  Generated on:           May 15 2025  01:45:54 am
  Module:                 mcs4
  Library domain:         TC_mcs4_slow
    Domain index:         0
    Technology library:   slow_vdd1v0 1.0
  Library domain:         TC_mcs4_fast
    Domain index:         1
    Technology library:   fast_vdd1v2 1.0
  Operating conditions:   PVT_0P9V_125C 
  Operating conditions:   PVT_1P32V_0C 
  Interconnect mode:      global
  Area mode:              physical library
============================================================

                                  Leakage                 Library 
   Gate     Instances    Area   Power (mW)     Library     Domain 
------------------------------------------------------------------
ADDHX1              9    33.858      0.000    slow_vdd1v0       0 
AND2X1            135   184.680      0.000    slow_vdd1v0       0 
AND2X2             12    20.520      0.000    slow_vdd1v0       0 
AND2X4              9    24.624      0.000    slow_vdd1v0       0 
AND2XL              1     1.368      0.000    slow_vdd1v0       0 
AND3X1              1     2.394      0.000    slow_vdd1v0       0 
AND3X2              1     2.736      0.000    slow_vdd1v0       0 
AND3X4              2     6.156      0.000    slow_vdd1v0       0 
AND3XL              3     6.156      0.000    slow_vdd1v0       0 
AND4X1              5    11.970      0.000    slow_vdd1v0       0 
AND4X2              1     3.078      0.000    slow_vdd1v0       0 
AND4X4              2     7.524      0.000    slow_vdd1v0       0 
AO21X1              7    16.758      0.000    slow_vdd1v0       0 
AO21X2              4    10.944      0.000    slow_vdd1v0       0 
AO22X1             15    41.040      0.000    slow_vdd1v0       0 
AO22X2              3     9.234      0.000    slow_vdd1v0       0 
AOI211X2            2     6.840      0.000    slow_vdd1v0       0 
AOI211X4            1     6.498      0.000    slow_vdd1v0       0 
AOI21X1            31    53.010      0.000    slow_vdd1v0       0 
AOI21X2             3     8.208      0.000    slow_vdd1v0       0 
AOI222X2           16    87.552      0.000    slow_vdd1v0       0 
AOI22X2           206   774.972      0.000    slow_vdd1v0       0 
AOI2BB1X1           3     6.156      0.000    slow_vdd1v0       0 
AOI2BB1X2           4    12.312      0.000    slow_vdd1v0       0 
AOI2BB2X2           4    20.520      0.000    slow_vdd1v0       0 
BUFX12             24   123.120      0.000    slow_vdd1v0       0 
BUFX2              50    85.500      0.000    slow_vdd1v0       0 
BUFX3               5    10.260      0.000    slow_vdd1v0       0 
BUFX4               5    11.970      0.000    slow_vdd1v0       0 
BUFX6              10    30.780      0.000    slow_vdd1v0       0 
CLKAND2X12          4    30.096      0.000    slow_vdd1v0       0 
CLKBUFX2            2     3.420      0.000    slow_vdd1v0       0 
CLKINVX16           5    27.360      0.000    slow_vdd1v0       0 
CLKINVX20          16   103.968      0.000    slow_vdd1v0       0 
CLKINVX3            3     5.130      0.000    slow_vdd1v0       0 
CLKINVX4           14    23.940      0.000    slow_vdd1v0       0 
CLKINVX6            2     4.788      0.000    slow_vdd1v0       0 
CLKMX2X2            2     6.156      0.000    slow_vdd1v0       0 
CLKXOR2X1           4    10.944      0.000    slow_vdd1v0       0 
DFFHQX1            32   175.104      0.000    slow_vdd1v0       0 
DFFQX2              4    25.992      0.000    slow_vdd1v0       0 
DFFQX4              4    28.728      0.000    slow_vdd1v0       0 
DFFSX4              1    10.944      0.000    slow_vdd1v0       0 
DFFTRX2             6    49.248      0.000    slow_vdd1v0       0 
DFFTRXL             1     7.866      0.000    slow_vdd1v0       0 
DFFX1              10    71.820      0.000    slow_vdd1v0       0 
DFFX2               9    73.872      0.000    slow_vdd1v0       0 
EDFFHQX2            7    62.244      0.000    slow_vdd1v0       0 
EDFFX2             10    92.340      0.000    slow_vdd1v0       0 
EDFFX4              3    32.832      0.000    slow_vdd1v0       0 
INVX1              56    38.304      0.000    slow_vdd1v0       0 
INVX2              29    29.754      0.000    slow_vdd1v0       0 
INVX3               5     6.840      0.000    slow_vdd1v0       0 
INVXL               1     0.684      0.000    slow_vdd1v0       0 
MX2X1              27    64.638      0.000    slow_vdd1v0       0 
MXI2X2              8    35.568      0.000    slow_vdd1v0       0 
NAND2BX1           19    25.992      0.000    slow_vdd1v0       0 
NAND2BX2            7    16.758      0.000    slow_vdd1v0       0 
NAND2BX4            2     7.524      0.000    slow_vdd1v0       0 
NAND2X1            43    44.118      0.000    slow_vdd1v0       0 
NAND2X2            15    25.650      0.000    slow_vdd1v0       0 
NAND2X4             1     3.420      0.000    slow_vdd1v0       0 
NAND2XL             4     4.104      0.000    slow_vdd1v0       0 
NAND3BX2            3     9.234      0.000    slow_vdd1v0       0 
NAND3X2             3     8.208      0.000    slow_vdd1v0       0 
NOR2BX1            26    35.568      0.000    slow_vdd1v0       0 
NOR2BX2             3     8.208      0.000    slow_vdd1v0       0 
NOR2BX4             6    22.572      0.000    slow_vdd1v0       0 
NOR2X1             36    36.936      0.000    slow_vdd1v0       0 
NOR2X2             24    41.040      0.000    slow_vdd1v0       0 
NOR2X4             75   230.850      0.000    slow_vdd1v0       0 
NOR3BX2             2     6.840      0.000    slow_vdd1v0       0 
NOR3X2              4    10.944      0.000    slow_vdd1v0       0 
NOR4BX2             1     4.788      0.000    slow_vdd1v0       0 
NOR4X2              2     6.840      0.000    slow_vdd1v0       0 
NOR4X4              1     6.498      0.000    slow_vdd1v0       0 
OA21X1             10    20.520      0.000    slow_vdd1v0       0 
OA21X2              1     3.078      0.000    slow_vdd1v0       0 
OA21X4              1     3.762      0.000    slow_vdd1v0       0 
OA22X1             16    38.304      0.000    slow_vdd1v0       0 
OA22X2              1     3.420      0.000    slow_vdd1v0       0 
OAI211X1            1     1.710      0.000    slow_vdd1v0       0 
OAI21X1            21    35.910      0.000    slow_vdd1v0       0 
OAI21X2             2     6.156      0.000    slow_vdd1v0       0 
OAI21X4             5    23.940      0.000    slow_vdd1v0       0 
OAI221X1            3     7.182      0.000    slow_vdd1v0       0 
OAI22X2            63   215.460      0.000    slow_vdd1v0       0 
OAI2BB1X1          27    46.170      0.000    slow_vdd1v0       0 
OAI2BB1X2           1     3.078      0.000    slow_vdd1v0       0 
OAI31X2             2     7.524      0.000    slow_vdd1v0       0 
OAI31X4             1     6.840      0.000    slow_vdd1v0       0 
OAI32X2             7    31.122      0.000    slow_vdd1v0       0 
OR2X1              68    93.024      0.000    slow_vdd1v0       0 
OR2X2              28    47.880      0.000    slow_vdd1v0       0 
OR2X4              25    68.400      0.000    slow_vdd1v0       0 
OR2X6               1     3.762      0.000    slow_vdd1v0       0 
OR3X1              15    30.780      0.000    slow_vdd1v0       0 
OR3X2               5    11.970      0.000    slow_vdd1v0       0 
OR3X4               5    15.390      0.000    slow_vdd1v0       0 
OR4X1              10    20.520      0.000    slow_vdd1v0       0 
OR4X2               2     6.840      0.000    slow_vdd1v0       0 
SDFFHQX4            1     9.234      0.000    slow_vdd1v0       0 
SDFFQX1           535  4025.340      0.000    slow_vdd1v0       0 
SDFFQX2            30   246.240      0.000    slow_vdd1v0       0 
SDFFQX4             1     9.234      0.000    slow_vdd1v0       0 
SDFFTRX1            1    10.944      0.000    slow_vdd1v0       0 
SDFFTRX2            1    11.286      0.000    slow_vdd1v0       0 
SEDFFHQX2           1    11.628      0.000    slow_vdd1v0       0 
TBUFX2             23    86.526      0.000    slow_vdd1v0       0 
TBUFX3              1     4.446      0.000    slow_vdd1v0       0 
XNOR2X1             9    21.546      0.000    slow_vdd1v0       0 
XNOR2X2             1     3.078      0.000    slow_vdd1v0       0 
------------------------------------------------------------------
total            2041  8391.654      0.000                


                                           Leakage  Leakage 
     Type      Instances   Area   Area % Power (mW) Power % 
------------------------------------------------------------
sequential           657 4954.896   59.0      0.000    44.7 
inverter             131  240.768    2.9      0.000     7.9 
buffer                96  265.050    3.2      0.000     7.8 
tristate              24   90.972    1.1      0.000     0.8 
logic               1133 2839.968   33.8      0.000    38.7 
physical_cells         0    0.000    0.0      0.000     0.0 
------------------------------------------------------------
total               2041 8391.654  100.0      0.000   100.0 

