

Working Directory = /users/iteso/iteso-s10043/designs/mcs4/4004/syn_runs/15_05_25_pf
QoS Summary for mcs4_pad_frame
================================================================================
Metric                          generic         map             syn_opt        
================================================================================

View : view_mcs4_slow
Slack (ps):                    41,663          41,604          41,460
  R2R (ps):                    46,987          44,252          44,059
  I2R (ps):                    41,663          41,604          41,460
  R2O (ps):                    47,695          46,403          46,403
  I2O (ps):                  no_value        no_value        no_value
  CG  (ps):                  no_value        no_value        no_value
TNS (ps):                           0               0               0
  R2R (ps):                         0               0               0
  I2R (ps):                         0               0               0
  R2O (ps):                         0               0               0
  I2O (ps):                  no_value        no_value        no_value
  CG  (ps):                  no_value        no_value        no_value
Failing Paths:                      0               0               0

View : view_mcs4_fast
Slack (ps):                    56,943          56,956          56,935
  R2R (ps):                    58,934          58,417          58,386
  I2R (ps):                    56,943          56,956          56,935
  R2O (ps):                    57,799          57,479          57,479
  I2O (ps):                  no_value        no_value        no_value
  CG  (ps):                  no_value        no_value        no_value
TNS (ps):                           0               0               0
  R2R (ps):                         0               0               0
  I2R (ps):                         0               0               0
  R2O (ps):                         0               0               0
  I2O (ps):                  no_value        no_value        no_value
  CG  (ps):                  no_value        no_value        no_value
Failing Paths:                      0               0               0

Cell Area:                    374,425         381,988         382,162
Total Cell Area:              374,425         381,988         382,162
Leaf Instances:                 3,472           1,926           1,976
Total Instances:                3,472           1,926           1,976
Utilization (%):                 0.00            0.00            0.00
Tot. Net Length (um):        no_value        no_value        no_value
Avg. Net Length (um):        no_value        no_value        no_value
Route Overflow H (%):        no_value        no_value        no_value
Route Overflow V (%):        no_value        no_value        no_value
MBCI(%) (bits/gate) :            0.00            0.00            0.00
Norm Cong Hotspot Area:
  Max Cong:                  no_value        no_value        no_value
  Tot Cong:                  no_value        no_value        no_value
================================================================================
CPU  Runtime (h:m:s):        00:01:17        00:01:59        00:00:25
Real Runtime (h:m:s):        00:03:21        00:01:47        00:00:31
CPU  Elapsed (h:m:s):        00:01:26        00:03:25        00:03:49
Real Elapsed (h:m:s):        00:03:24        00:05:12        00:05:42
Memory (MB):                  1226.31         1226.15         1229.99
================================================================================
================================================================================
Flow Settings:
================================================================================
Total Runtime (h:m:s): 00:05:42
Total Memory (MB):     1229.99
Executable Version:    20.11-s111_1
================================================================================
Total Cell Area =  Cell Area + Physical Cell Area
Total Instances =  Leaf Instances + Physical Instances


