============================================================
  Generated by:           Genus(TM) Synthesis Solution 20.11-s111_1
  Generated on:           May 15 2025  06:31:20 am
  Module:                 mcs4_pad_frame
  Library domain:         TC_mcs4_slow
    Domain index:         0
    Technology libraries: slow_vdd1v0 1.0
                          giolib045 
  Library domain:         TC_mcs4_fast
    Domain index:         1
    Technology libraries: fast_vdd1v2 1.0
                          giolib045 
  Operating conditions:   PVT_0P9V_125C 
  Operating conditions:   PVT_1P32V_0C 
  Interconnect mode:      global
  Area mode:              physical library
============================================================

                                   Leakage                    Library 
   Gate    Instances     Area    Power (mW)      Library       Domain 
----------------------------------------------------------------------
ADDHX1            12      45.144      0.000    slow_vdd1v0          0 
AND2X1            62      84.816      0.000    slow_vdd1v0          0 
AND2X2            40      68.400      0.000    slow_vdd1v0          0 
AND2X4            11      30.096      0.000    slow_vdd1v0          0 
AND2X6            10      37.620      0.000    slow_vdd1v0          0 
AND2XL             2       2.736      0.000    slow_vdd1v0          0 
AND3X1             6      14.364      0.000    slow_vdd1v0          0 
AND3X2             1       2.736      0.000    slow_vdd1v0          0 
AND3X4             2       6.156      0.000    slow_vdd1v0          0 
AND3XL            15      30.780      0.000    slow_vdd1v0          0 
AND4X1            42     100.548      0.000    slow_vdd1v0          0 
AND4X4             2       7.524      0.000    slow_vdd1v0          0 
AO21X1             6      14.364      0.000    slow_vdd1v0          0 
AO21X2             2       5.472      0.000    slow_vdd1v0          0 
AO22X1            24      65.664      0.000    slow_vdd1v0          0 
AO22X2             3       9.234      0.000    slow_vdd1v0          0 
AOI211X2           1       3.420      0.000    slow_vdd1v0          0 
AOI21X1          101     172.710      0.000    slow_vdd1v0          0 
AOI222X2           4      21.888      0.000    slow_vdd1v0          0 
AOI22X2          142     534.204      0.000    slow_vdd1v0          0 
AOI2BB1X1          3       6.156      0.000    slow_vdd1v0          0 
AOI2BB1X2          4      12.312      0.000    slow_vdd1v0          0 
AOI2BB2X2          4      20.520      0.000    slow_vdd1v0          0 
BUFX16             3      20.520      0.000    slow_vdd1v0          0 
BUFX20             1       8.208      0.000    slow_vdd1v0          0 
BUFX3              1       2.052      0.000    slow_vdd1v0          0 
BUFX4              1       2.394      0.000    slow_vdd1v0          0 
BUFX6             13      40.014      0.000    slow_vdd1v0          0 
CLKINVX3           3       5.130      0.000    slow_vdd1v0          0 
CLKINVX4          12      20.520      0.000    slow_vdd1v0          0 
CLKINVX6           4       9.576      0.000    slow_vdd1v0          0 
CLKMX2X2           1       3.078      0.000    slow_vdd1v0          0 
CLKXOR2X1          8      21.888      0.000    slow_vdd1v0          0 
DFFHQX1           36     196.992      0.000    slow_vdd1v0          0 
DFFQX2            15      97.470      0.000    slow_vdd1v0          0 
DFFQX4             9      64.638      0.000    slow_vdd1v0          0 
DFFSX4             1      10.944      0.000    slow_vdd1v0          0 
DFFTRX2            5      41.040      0.000    slow_vdd1v0          0 
DFFTRXL            1       7.866      0.000    slow_vdd1v0          0 
DFFX1             13      93.366      0.000    slow_vdd1v0          0 
DFFX2              3      24.624      0.000    slow_vdd1v0          0 
DFFX4              2      18.468      0.000    slow_vdd1v0          0 
EDFFHQX1           3      25.650      0.000    slow_vdd1v0          0 
EDFFHQX2           5      44.460      0.000    slow_vdd1v0          0 
EDFFX2             7      64.638      0.000    slow_vdd1v0          0 
EDFFX4             8      87.552      0.000    slow_vdd1v0          0 
INVX1             44      30.096      0.000    slow_vdd1v0          0 
INVX2             19      19.494      0.000    slow_vdd1v0          0 
INVX20             1       6.498      0.000    slow_vdd1v0          0 
INVX3              9      12.312      0.000    slow_vdd1v0          0 
INVX4              1       1.710      0.000    slow_vdd1v0          0 
INVX6              1       2.394      0.000    slow_vdd1v0          0 
INVXL              1       0.684      0.000    slow_vdd1v0          0 
MX2X1             15      35.910      0.000    slow_vdd1v0          0 
MX3X1              1       5.130      0.000    slow_vdd1v0          0 
MX3X4              1       6.498      0.000    slow_vdd1v0          0 
MXI2X1             6      16.416      0.000    slow_vdd1v0          0 
MXI2X2             1       4.446      0.000    slow_vdd1v0          0 
NAND2BX1          28      38.304      0.000    slow_vdd1v0          0 
NAND2BX2           4       9.576      0.000    slow_vdd1v0          0 
NAND2BX4           3      11.286      0.000    slow_vdd1v0          0 
NAND2X1           50      51.300      0.000    slow_vdd1v0          0 
NAND2X2           15      25.650      0.000    slow_vdd1v0          0 
NAND2X4            1       3.420      0.000    slow_vdd1v0          0 
NAND2XL            4       4.104      0.000    slow_vdd1v0          0 
NAND3BX2          11      33.858      0.000    slow_vdd1v0          0 
NAND3X2            4      10.944      0.000    slow_vdd1v0          0 
NOR2BX1           87     119.016      0.000    slow_vdd1v0          0 
NOR2BX2            7      19.152      0.000    slow_vdd1v0          0 
NOR2BX4            7      26.334      0.000    slow_vdd1v0          0 
NOR2X1            30      30.780      0.000    slow_vdd1v0          0 
NOR2X2            50      85.500      0.000    slow_vdd1v0          0 
NOR2X4             4      12.312      0.000    slow_vdd1v0          0 
NOR3BX2            1       3.420      0.000    slow_vdd1v0          0 
NOR3X2             3       8.208      0.000    slow_vdd1v0          0 
NOR4X2             2       6.840      0.000    slow_vdd1v0          0 
OA21X1             9      18.468      0.000    slow_vdd1v0          0 
OA21X2             1       3.078      0.000    slow_vdd1v0          0 
OA22X1             9      21.546      0.000    slow_vdd1v0          0 
OAI211X2           1       4.104      0.000    slow_vdd1v0          0 
OAI21X1           20      34.200      0.000    slow_vdd1v0          0 
OAI21X2            2       6.156      0.000    slow_vdd1v0          0 
OAI22XL            3       6.156      0.000    slow_vdd1v0          0 
OAI2BB1X1         42      71.820      0.000    slow_vdd1v0          0 
OAI31X2            1       3.762      0.000    slow_vdd1v0          0 
OAI31X4            1       6.840      0.000    slow_vdd1v0          0 
OR2X1             36      49.248      0.000    slow_vdd1v0          0 
OR2X2             85     145.350      0.000    slow_vdd1v0          0 
OR2X4             17      46.512      0.000    slow_vdd1v0          0 
OR3X1             13      26.676      0.000    slow_vdd1v0          0 
OR3X2              3       7.182      0.000    slow_vdd1v0          0 
OR3X4              1       3.078      0.000    slow_vdd1v0          0 
OR4X1             11      22.572      0.000    slow_vdd1v0          0 
OR4X2              1       3.420      0.000    slow_vdd1v0          0 
PADDI              3   43200.000      0.001    giolib045            0 
PADDO             18  259200.000      1.373    giolib045            0 
PADVDD             2   28800.000      0.000    physical_cells       0 
PADVDDIOR          1   14400.000      0.000    physical_cells       0 
PADVSS             1   14400.000      0.000    physical_cells       0 
PADVSSIOR          1   14400.000      0.000    physical_cells       0 
SDFFQX1          526    3957.624      0.000    slow_vdd1v0          0 
SDFFQX2           19     155.952      0.000    slow_vdd1v0          0 
SDFFQX4            3      27.702      0.000    slow_vdd1v0          0 
SDFFTRX1           1      10.944      0.000    slow_vdd1v0          0 
TBUFX2            22      82.764      0.000    slow_vdd1v0          0 
TBUFX3             2       8.892      0.000    slow_vdd1v0          0 
XNOR2X1            6      14.364      0.000    slow_vdd1v0          0 
----------------------------------------------------------------------
total           1926  381987.954      1.374                   


                                                  Leakage  Leakage 
    Library    Instances Instances %    Area    Power (mW) Power % 
-------------------------------------------------------------------
giolib045             21         1.1 302400.000      1.373   100.0 
physical_cells         5         0.3  72000.000      0.000     0.0 
slow_vdd1v0         1900        98.7   7587.954      0.000     0.0 

                                             Leakage  Leakage 
     Type      Instances    Area    Area % Power (mW) Power % 
--------------------------------------------------------------
timing_model          21 302400.000   79.2      1.373   100.0 
sequential           657   4929.930    1.3      0.000     0.0 
inverter              95    108.414    0.0      0.000     0.0 
buffer                19     73.188    0.0      0.000     0.0 
tristate              24     91.656    0.0      0.000     0.0 
logic               1110  74384.766   19.5      0.000     0.0 
physical_cells         0      0.000    0.0      0.000     0.0 
--------------------------------------------------------------
total               1926 381987.954  100.0      1.374   100.0 

