============================================================
  Generated by:           Genus(TM) Synthesis Solution 20.11-s111_1
  Generated on:           May 15 2025  04:27:42 am
  Module:                 mcs4_pad_frame
  Library domain:         TC_mcs4_slow
    Domain index:         0
    Technology library:   slow_vdd1v0 1.0
  Library domain:         TC_mcs4_fast
    Domain index:         1
    Technology library:   fast_vdd1v2 1.0
  Operating conditions:   PVT_0P9V_125C 
  Operating conditions:   PVT_1P32V_0C 
  Interconnect mode:      global
  Area mode:              physical library
============================================================

Timing
-------
   Analysis      Cost   Critical        Violating 
     View       Group  Path Slack  TNS    Paths   
--------------------------------------------------
view_mcs4_slow default   No paths  0.0          0 
--------------------------------------------------
Total                             -0.0          0 
                                                  
view_mcs4_fast default   No paths  0.0          0 
--------------------------------------------------
Total                             -0.0          0 
                                                  

Instance Count
--------------
Leaf Instance Count             1937 
Physical Instance count            0 
Sequential Instance Count        657 
Combinational Instance Count    1280 
Hierarchical Instance Count       26 

Area
----
Cell Area                          8197.398
Physical Cell Area                 0.000
Total Cell Area (Cell+Physical)    8197.398
Net Area                           2653.505
Total Area (Cell+Physical+Net)     10850.903

Runtime                            0.0 seconds
Elapsed Runtime                    466 seconds
Genus peak memory usage            1043.12 
Innovus peak memory usage          no_value 
Hostname                           ip-10-16-10-154.rdius.us
