============================================================
  Generated by:           Genus(TM) Synthesis Solution 20.11-s111_1
  Generated on:           May 15 2025  04:28:23 am
  Module:                 mcs4_pad_frame
  Library domain:         TC_mcs4_slow
    Domain index:         0
    Technology library:   slow_vdd1v0 1.0
  Library domain:         TC_mcs4_fast
    Domain index:         1
    Technology library:   fast_vdd1v2 1.0
  Operating conditions:   PVT_0P9V_125C 
  Operating conditions:   PVT_1P32V_0C 
  Interconnect mode:      global
  Area mode:              physical library
============================================================

                                  Leakage                 Library 
   Gate     Instances    Area   Power (mW)     Library     Domain 
------------------------------------------------------------------
ADDHX1              9    33.858      0.000    slow_vdd1v0       0 
AND2X1            132   180.576      0.000    slow_vdd1v0       0 
AND2X2             16    27.360      0.000    slow_vdd1v0       0 
AND2X4             12    32.832      0.000    slow_vdd1v0       0 
AND2XL              1     1.368      0.000    slow_vdd1v0       0 
AND3X1              3     7.182      0.000    slow_vdd1v0       0 
AND3X2              2     5.472      0.000    slow_vdd1v0       0 
AND3X4              2     6.156      0.000    slow_vdd1v0       0 
AND3XL              1     2.052      0.000    slow_vdd1v0       0 
AND4X1              9    21.546      0.000    slow_vdd1v0       0 
AND4X2              1     3.078      0.000    slow_vdd1v0       0 
AND4X4              2     7.524      0.000    slow_vdd1v0       0 
AO21X1              4     9.576      0.000    slow_vdd1v0       0 
AO21X2              2     5.472      0.000    slow_vdd1v0       0 
AO22X1             13    35.568      0.000    slow_vdd1v0       0 
AO22X2              4    12.312      0.000    slow_vdd1v0       0 
AOI21X1            22    37.620      0.000    slow_vdd1v0       0 
AOI222X2           21   114.912      0.000    slow_vdd1v0       0 
AOI22X2           212   797.544      0.000    slow_vdd1v0       0 
AOI2BB1X1           6    12.312      0.000    slow_vdd1v0       0 
AOI2BB1X2           4    12.312      0.000    slow_vdd1v0       0 
AOI2BB2X2           3    15.390      0.000    slow_vdd1v0       0 
BUFX12             29   148.770      0.000    slow_vdd1v0       0 
BUFX2              37    63.270      0.000    slow_vdd1v0       0 
BUFX3               4     8.208      0.000    slow_vdd1v0       0 
BUFX4               3     7.182      0.000    slow_vdd1v0       0 
BUFX6              10    30.780      0.000    slow_vdd1v0       0 
BUFX8               1     3.762      0.000    slow_vdd1v0       0 
CLKAND2X12          4    30.096      0.000    slow_vdd1v0       0 
CLKBUFX2            2     3.420      0.000    slow_vdd1v0       0 
CLKINVX16           7    38.304      0.000    slow_vdd1v0       0 
CLKINVX20          17   110.466      0.000    slow_vdd1v0       0 
CLKINVX4            8    13.680      0.000    slow_vdd1v0       0 
CLKINVX6            1     2.394      0.000    slow_vdd1v0       0 
CLKXOR2X1           4    10.944      0.000    slow_vdd1v0       0 
DFFHQX1            36   196.992      0.000    slow_vdd1v0       0 
DFFQX2              2    12.996      0.000    slow_vdd1v0       0 
DFFQX4              8    57.456      0.000    slow_vdd1v0       0 
DFFSX4              1    10.944      0.000    slow_vdd1v0       0 
DFFTRX2             3    24.624      0.000    slow_vdd1v0       0 
DFFTRXL             1     7.866      0.000    slow_vdd1v0       0 
DFFX1              10    71.820      0.000    slow_vdd1v0       0 
DFFX2               6    49.248      0.000    slow_vdd1v0       0 
DLY1X1              2     6.156      0.000    slow_vdd1v0       0 
EDFFHQX1            2    17.100      0.000    slow_vdd1v0       0 
EDFFHQX2            4    35.568      0.000    slow_vdd1v0       0 
EDFFX2             14   129.276      0.000    slow_vdd1v0       0 
EDFFX4              2    21.888      0.000    slow_vdd1v0       0 
INVX1              50    34.200      0.000    slow_vdd1v0       0 
INVX2              26    26.676      0.000    slow_vdd1v0       0 
INVX3              15    20.520      0.000    slow_vdd1v0       0 
MDFFHQX4           11   101.574      0.000    slow_vdd1v0       0 
MX2X1              23    55.062      0.000    slow_vdd1v0       0 
MXI2X2              9    40.014      0.000    slow_vdd1v0       0 
NAND2BX1            7     9.576      0.000    slow_vdd1v0       0 
NAND2BX2            7    16.758      0.000    slow_vdd1v0       0 
NAND2BX4            1     3.762      0.000    slow_vdd1v0       0 
NAND2X1            54    55.404      0.000    slow_vdd1v0       0 
NAND2X2            13    22.230      0.000    slow_vdd1v0       0 
NAND2X4             2     6.840      0.000    slow_vdd1v0       0 
NAND2XL             4     4.104      0.000    slow_vdd1v0       0 
NAND3BX2            4    12.312      0.000    slow_vdd1v0       0 
NAND3X2             4    10.944      0.000    slow_vdd1v0       0 
NOR2BX1            19    25.992      0.000    slow_vdd1v0       0 
NOR2BX2             5    13.680      0.000    slow_vdd1v0       0 
NOR2BX4             3    11.286      0.000    slow_vdd1v0       0 
NOR2X1             25    25.650      0.000    slow_vdd1v0       0 
NOR2X2             20    34.200      0.000    slow_vdd1v0       0 
NOR2X4             71   218.538      0.000    slow_vdd1v0       0 
NOR3X2              3     8.208      0.000    slow_vdd1v0       0 
NOR3X4              1     5.130      0.000    slow_vdd1v0       0 
NOR4X2              3    10.260      0.000    slow_vdd1v0       0 
OA21X1             10    20.520      0.000    slow_vdd1v0       0 
OA21X4              1     3.762      0.000    slow_vdd1v0       0 
OA22X1              9    21.546      0.000    slow_vdd1v0       0 
OA22X2              1     3.420      0.000    slow_vdd1v0       0 
OAI211X1            2     3.420      0.000    slow_vdd1v0       0 
OAI21X1            15    25.650      0.000    slow_vdd1v0       0 
OAI21X2             2     6.156      0.000    slow_vdd1v0       0 
OAI21X4             3    14.364      0.000    slow_vdd1v0       0 
OAI221X1            1     2.394      0.000    slow_vdd1v0       0 
OAI222X4            1     9.234      0.000    slow_vdd1v0       0 
OAI22X2            78   266.760      0.000    slow_vdd1v0       0 
OAI2BB1X1          22    37.620      0.000    slow_vdd1v0       0 
OAI2BB1X2           1     3.078      0.000    slow_vdd1v0       0 
OAI31X2             2     7.524      0.000    slow_vdd1v0       0 
OAI31X4             1     6.840      0.000    slow_vdd1v0       0 
OAI32X2             9    40.014      0.000    slow_vdd1v0       0 
OR2X1              69    94.392      0.000    slow_vdd1v0       0 
OR2X2              38    64.980      0.000    slow_vdd1v0       0 
OR2X4              24    65.664      0.000    slow_vdd1v0       0 
OR2X6               5    18.810      0.000    slow_vdd1v0       0 
OR3X1              10    20.520      0.000    slow_vdd1v0       0 
OR3X2              10    23.940      0.000    slow_vdd1v0       0 
OR3X4               5    15.390      0.000    slow_vdd1v0       0 
OR4X1              12    24.624      0.000    slow_vdd1v0       0 
OR4X2               2     6.840      0.000    slow_vdd1v0       0 
SDFFQX1           537  4040.388      0.000    slow_vdd1v0       0 
SDFFQX2            15   123.120      0.000    slow_vdd1v0       0 
SDFFTRX1            1    10.944      0.000    slow_vdd1v0       0 
SEDFFHQX2           2    23.256      0.000    slow_vdd1v0       0 
SEDFFX2             1    13.338      0.000    slow_vdd1v0       0 
SMDFFHQX2           1    11.286      0.000    slow_vdd1v0       0 
TBUFX2             24    90.288      0.000    slow_vdd1v0       0 
XNOR2X1             9    21.546      0.000    slow_vdd1v0       0 
XNOR2X2             1     3.078      0.000    slow_vdd1v0       0 
------------------------------------------------------------------
total            2003  8412.858      0.000                


                                           Leakage  Leakage 
     Type      Instances   Area   Area % Power (mW) Power % 
------------------------------------------------------------
sequential           657 4959.684   59.0      0.000    44.4 
inverter             124  246.240    2.9      0.000     8.1 
buffer                88  271.548    3.2      0.000     8.3 
tristate              24   90.288    1.1      0.000     0.8 
unresolved            25    0.000    0.0      0.000     0.0 
logic               1110 2845.098   33.8      0.000    38.4 
physical_cells         0    0.000    0.0      0.000     0.0 
------------------------------------------------------------
total               2028 8412.858  100.0      0.000   100.0 

