============================================================
  Generated by:           Genus(TM) Synthesis Solution 20.11-s111_1
  Generated on:           May 15 2025  06:31:48 am
  Module:                 mcs4_pad_frame
  Library domain:         TC_mcs4_slow
    Domain index:         0
    Technology libraries: slow_vdd1v0 1.0
                          giolib045 
  Library domain:         TC_mcs4_fast
    Domain index:         1
    Technology libraries: fast_vdd1v2 1.0
                          giolib045 
  Operating conditions:   PVT_0P9V_125C 
  Operating conditions:   PVT_1P32V_0C 
  Interconnect mode:      global
  Area mode:              physical library
============================================================

Timing
--------

 Analysis view  Clock  Period 
------------------------------
view_mcs4_slow My_CLK 50000.0 
view_mcs4_fast My_CLK 60000.0 


   Analysis      Cost   Critical        Violating 
     View       Group  Path Slack  TNS    Paths   
--------------------------------------------------
view_mcs4_slow default   No paths  0.0          0 
                My_CLK    41460.2  0.0          0 
--------------------------------------------------
Total                             -0.0          0 
                                                  
view_mcs4_fast default   No paths  0.0          0 
                My_CLK    56934.8  0.0          0 
--------------------------------------------------
Total                             -0.0          0 
                                                  

Instance Count
--------------
Leaf Instance Count             1976 
Physical Instance count            0 
Sequential Instance Count        657 
Combinational Instance Count    1319 
Hierarchical Instance Count        0 

Area
----
Cell Area                          382162.032
Physical Cell Area                 0.000
Total Cell Area (Cell+Physical)    382162.032
Net Area                           2556.195
Total Area (Cell+Physical+Net)     384718.227

Runtime                            0.0 seconds
Elapsed Runtime                    351 seconds
Genus peak memory usage            1229.99 
Innovus peak memory usage          no_value 
Hostname                           ip-10-16-10-154.rdius.us
