
Cadence Innovus(TM) Implementation System.
Copyright 2021 Cadence Design Systems, Inc. All rights reserved worldwide.

Version:	v21.12-s106_1, built Wed Dec 8 18:19:02 PST 2021
Options:	
Date:		Wed May 14 05:04:35 2025
Host:		ip-10-16-10-154.rdius.us (x86_64 w/Linux 3.10.0-1160.119.1.el7.x86_64) (2cores*4cpus*Intel(R) Xeon(R) Platinum 8259CL CPU @ 2.50GHz 36608KB)
OS:		Red Hat Enterprise Linux Server release 7.9 (Maipo)

License:
		[05:04:35.302473] Configured Lic search path (20.02-s004): 50009@10.16.0.85

		invs	Innovus Implementation System	21.1	checkout succeeded
		8 CPU jobs allowed with the current license(s). Use setMultiCpuUsage to set your required CPU count.
Change the soft stacksize limit to 0.2%RAM (31 mbytes). Set global soft_stack_size_limit to change the value.

**INFO:  MMMC transition support version v31-84 

<CMD> set_global _enable_mmmc_by_default_flow      $CTE::mmmc_default
<CMD> suppressMessage ENCEXT-2799
<CMD> win
<CMD> encMessage warning 0
Suppress "**WARN ..." messages.
<CMD> encMessage debug 0
<CMD> is_common_ui_mode
<CMD> restoreDesign /users/iteso/iteso-s10043/designs/4004/pnr_runs/14_05_25_250kHz/mcs4_bef_hold_fix.dat mcs4
#% Begin load design ... (date=05/14 05:06:05, mem=690.4M)
Set Default Input Pin Transition as 0.1 ps.
Loading design 'mcs4' saved by 'Innovus' '21.12-s106_1' on 'Wed May 14 04:59:13 2025'.
% Begin Load MMMC data ... (date=05/14 05:06:06, mem=692.9M)
% End Load MMMC data ... (date=05/14 05:06:06, total cpu=0:00:00.0, real=0:00:00.0, peak res=693.3M, current mem=693.3M)
RC_Extraction_WC RC_Extraction_BC

Loading LEF file /users/iteso/iteso-s10043/designs/4004/pnr_runs/14_05_25_250kHz/mcs4_bef_hold_fix.dat/libs/lef/gsclib045_tech.lef ...

Loading LEF file /users/iteso/iteso-s10043/designs/4004/pnr_runs/14_05_25_250kHz/mcs4_bef_hold_fix.dat/libs/lef/gsclib045_macro.lef ...
Set DBUPerIGU to M2 pitch 400.

Loading LEF file /users/iteso/iteso-s10043/designs/4004/pnr_runs/14_05_25_250kHz/mcs4_bef_hold_fix.dat/libs/lef/gsclib045_multibitsDFF.lef ...
**WARN: (IMPLF-58):	MACRO 'DFF2RX1' has been found in the database. Its content except DENSITY and PIN ANTENNA* data, and certain properties, will be ignored.
Review the LEF files specified in the init_lef_file variable and remove redundant definitions.
Type 'man IMPLF-58' for more detail.
**WARN: (IMPLF-58):	MACRO 'DFF2RX2' has been found in the database. Its content except DENSITY and PIN ANTENNA* data, and certain properties, will be ignored.
Review the LEF files specified in the init_lef_file variable and remove redundant definitions.
Type 'man IMPLF-58' for more detail.
**WARN: (IMPLF-58):	MACRO 'DFF2X1' has been found in the database. Its content except DENSITY and PIN ANTENNA* data, and certain properties, will be ignored.
Review the LEF files specified in the init_lef_file variable and remove redundant definitions.
Type 'man IMPLF-58' for more detail.
**WARN: (IMPLF-58):	MACRO 'DFF2X2' has been found in the database. Its content except DENSITY and PIN ANTENNA* data, and certain properties, will be ignored.
Review the LEF files specified in the init_lef_file variable and remove redundant definitions.
Type 'man IMPLF-58' for more detail.
**WARN: (IMPLF-58):	MACRO 'DFF4RX1' has been found in the database. Its content except DENSITY and PIN ANTENNA* data, and certain properties, will be ignored.
Review the LEF files specified in the init_lef_file variable and remove redundant definitions.
Type 'man IMPLF-58' for more detail.
**WARN: (IMPLF-58):	MACRO 'DFF4RX2' has been found in the database. Its content except DENSITY and PIN ANTENNA* data, and certain properties, will be ignored.
Review the LEF files specified in the init_lef_file variable and remove redundant definitions.
Type 'man IMPLF-58' for more detail.
**WARN: (IMPLF-58):	MACRO 'DFF4X1' has been found in the database. Its content except DENSITY and PIN ANTENNA* data, and certain properties, will be ignored.
Review the LEF files specified in the init_lef_file variable and remove redundant definitions.
Type 'man IMPLF-58' for more detail.
**WARN: (IMPLF-58):	MACRO 'DFF4X2' has been found in the database. Its content except DENSITY and PIN ANTENNA* data, and certain properties, will be ignored.
Review the LEF files specified in the init_lef_file variable and remove redundant definitions.
Type 'man IMPLF-58' for more detail.
**WARN: (IMPLF-58):	MACRO 'SDFF2RX1' has been found in the database. Its content except DENSITY and PIN ANTENNA* data, and certain properties, will be ignored.
Review the LEF files specified in the init_lef_file variable and remove redundant definitions.
Type 'man IMPLF-58' for more detail.
**WARN: (IMPLF-58):	MACRO 'SDFF2RX2' has been found in the database. Its content except DENSITY and PIN ANTENNA* data, and certain properties, will be ignored.
Review the LEF files specified in the init_lef_file variable and remove redundant definitions.
Type 'man IMPLF-58' for more detail.
**WARN: (IMPLF-58):	MACRO 'SDFF4RX1' has been found in the database. Its content except DENSITY and PIN ANTENNA* data, and certain properties, will be ignored.
Review the LEF files specified in the init_lef_file variable and remove redundant definitions.
Type 'man IMPLF-58' for more detail.
**WARN: (IMPLF-58):	MACRO 'SDFF4RX2' has been found in the database. Its content except DENSITY and PIN ANTENNA* data, and certain properties, will be ignored.
Review the LEF files specified in the init_lef_file variable and remove redundant definitions.
Type 'man IMPLF-58' for more detail.
**WARN: (IMPLF-58):	MACRO 'SPDFF2RX1' has been found in the database. Its content except DENSITY and PIN ANTENNA* data, and certain properties, will be ignored.
Review the LEF files specified in the init_lef_file variable and remove redundant definitions.
Type 'man IMPLF-58' for more detail.
**WARN: (IMPLF-58):	MACRO 'SPDFF2RX2' has been found in the database. Its content except DENSITY and PIN ANTENNA* data, and certain properties, will be ignored.
Review the LEF files specified in the init_lef_file variable and remove redundant definitions.
Type 'man IMPLF-58' for more detail.
**WARN: (IMPLF-58):	MACRO 'SPDFF4RX1' has been found in the database. Its content except DENSITY and PIN ANTENNA* data, and certain properties, will be ignored.
Review the LEF files specified in the init_lef_file variable and remove redundant definitions.
Type 'man IMPLF-58' for more detail.
**WARN: (IMPLF-58):	MACRO 'SPDFF4RX2' has been found in the database. Its content except DENSITY and PIN ANTENNA* data, and certain properties, will be ignored.
Review the LEF files specified in the init_lef_file variable and remove redundant definitions.
Type 'man IMPLF-58' for more detail.
**WARN: (IMPLF-61):	16 duplicated MACRO definitions have been found in the LEF file(s). Their content except DENSITY and PIN ANTENNA* data, and certain properties, have been ignored.
Review the LEF files specified in the init_lef_file variable and remove redundant definitions.
Type 'man IMPLF-61' for more detail.
**WARN: (IMPLF-200):	Pin 'VDD' in macro 'SDFF4RX2' has no ANTENNAGATEAREA value defined. The library data is incomplete and some process antenna rules will not be checked correctly.
Type 'man IMPLF-200' for more detail.
**WARN: (IMPLF-200):	Pin 'VSS' in macro 'SDFF4RX2' has no ANTENNAGATEAREA value defined. The library data is incomplete and some process antenna rules will not be checked correctly.
Type 'man IMPLF-200' for more detail.
**WARN: (IMPLF-200):	Pin 'VDD' in macro 'SDFF4RX1' has no ANTENNAGATEAREA value defined. The library data is incomplete and some process antenna rules will not be checked correctly.
Type 'man IMPLF-200' for more detail.
**WARN: (IMPLF-200):	Pin 'VSS' in macro 'SDFF4RX1' has no ANTENNAGATEAREA value defined. The library data is incomplete and some process antenna rules will not be checked correctly.
Type 'man IMPLF-200' for more detail.
**WARN: (IMPLF-200):	Pin 'A' in macro 'ANTENNA' has no ANTENNAGATEAREA value defined. The library data is incomplete and some process antenna rules will not be checked correctly.
Type 'man IMPLF-200' for more detail.

viaInitial starts at Wed May 14 05:06:07 2025
viaInitial ends at Wed May 14 05:06:07 2025

##  Check design process and node:  
##  Both design process and tech node are not set.

Loading view definition file from /users/iteso/iteso-s10043/designs/4004/pnr_runs/14_05_25_250kHz/mcs4_bef_hold_fix.dat/viewDefinition.tcl
Reading Lib_Set_WC timing library '/CMC/kits/cadence/GPDK045/gsclib045_all_v4.4/gsclib045/timing/slow_vdd1v0_basicCells.lib' ...
**WARN: (TECHLIB-302):	No function defined for cell 'DECAP9'. The cell will only be used for analysis. (File /CMC/kits/cadence/GPDK045/gsclib045_all_v4.4/gsclib045/timing/slow_vdd1v0_basicCells.lib)
**WARN: (TECHLIB-302):	No function defined for cell 'DECAP8'. The cell will only be used for analysis. (File /CMC/kits/cadence/GPDK045/gsclib045_all_v4.4/gsclib045/timing/slow_vdd1v0_basicCells.lib)
**WARN: (TECHLIB-302):	No function defined for cell 'DECAP7'. The cell will only be used for analysis. (File /CMC/kits/cadence/GPDK045/gsclib045_all_v4.4/gsclib045/timing/slow_vdd1v0_basicCells.lib)
**WARN: (TECHLIB-302):	No function defined for cell 'DECAP6'. The cell will only be used for analysis. (File /CMC/kits/cadence/GPDK045/gsclib045_all_v4.4/gsclib045/timing/slow_vdd1v0_basicCells.lib)
**WARN: (TECHLIB-302):	No function defined for cell 'DECAP5'. The cell will only be used for analysis. (File /CMC/kits/cadence/GPDK045/gsclib045_all_v4.4/gsclib045/timing/slow_vdd1v0_basicCells.lib)
**WARN: (TECHLIB-302):	No function defined for cell 'DECAP4'. The cell will only be used for analysis. (File /CMC/kits/cadence/GPDK045/gsclib045_all_v4.4/gsclib045/timing/slow_vdd1v0_basicCells.lib)
**WARN: (TECHLIB-302):	No function defined for cell 'DECAP3'. The cell will only be used for analysis. (File /CMC/kits/cadence/GPDK045/gsclib045_all_v4.4/gsclib045/timing/slow_vdd1v0_basicCells.lib)
**WARN: (TECHLIB-302):	No function defined for cell 'DECAP2'. The cell will only be used for analysis. (File /CMC/kits/cadence/GPDK045/gsclib045_all_v4.4/gsclib045/timing/slow_vdd1v0_basicCells.lib)
**WARN: (TECHLIB-302):	No function defined for cell 'DECAP10'. The cell will only be used for analysis. (File /CMC/kits/cadence/GPDK045/gsclib045_all_v4.4/gsclib045/timing/slow_vdd1v0_basicCells.lib)
**WARN: (TECHLIB-302):	No function defined for cell 'ANTENNA'. The cell will only be used for analysis. (File /CMC/kits/cadence/GPDK045/gsclib045_all_v4.4/gsclib045/timing/slow_vdd1v0_basicCells.lib)
Read 489 cells in library 'slow_vdd1v0' 
Reading Lib_Set_WC timing library '/CMC/kits/cadence/GPDK045/gsclib045_all_v4.4/gsclib045/timing/slow_vdd1v0_multibitsDFF.lib' ...
**WARN: (TECHLIB-459):	Appending library 'slow_vdd1v0' to the previously read library of the same name and nominal PVT. Cell definitions from the previously read library will not be overridden. (File /CMC/kits/cadence/GPDK045/gsclib045_all_v4.4/gsclib045/timing/slow_vdd1v0_multibitsDFF.lib)
**WARN: (TECHLIB-302):	No function defined for cell 'DECAP9'. The cell will only be used for analysis. (File /CMC/kits/cadence/GPDK045/gsclib045_all_v4.4/gsclib045/timing/slow_vdd1v0_multibitsDFF.lib)
**WARN: (TECHLIB-302):	No function defined for cell 'DECAP8'. The cell will only be used for analysis. (File /CMC/kits/cadence/GPDK045/gsclib045_all_v4.4/gsclib045/timing/slow_vdd1v0_multibitsDFF.lib)
**WARN: (TECHLIB-302):	No function defined for cell 'DECAP7'. The cell will only be used for analysis. (File /CMC/kits/cadence/GPDK045/gsclib045_all_v4.4/gsclib045/timing/slow_vdd1v0_multibitsDFF.lib)
**WARN: (TECHLIB-302):	No function defined for cell 'DECAP6'. The cell will only be used for analysis. (File /CMC/kits/cadence/GPDK045/gsclib045_all_v4.4/gsclib045/timing/slow_vdd1v0_multibitsDFF.lib)
**WARN: (TECHLIB-302):	No function defined for cell 'DECAP5'. The cell will only be used for analysis. (File /CMC/kits/cadence/GPDK045/gsclib045_all_v4.4/gsclib045/timing/slow_vdd1v0_multibitsDFF.lib)
**WARN: (TECHLIB-302):	No function defined for cell 'DECAP4'. The cell will only be used for analysis. (File /CMC/kits/cadence/GPDK045/gsclib045_all_v4.4/gsclib045/timing/slow_vdd1v0_multibitsDFF.lib)
**WARN: (TECHLIB-302):	No function defined for cell 'DECAP3'. The cell will only be used for analysis. (File /CMC/kits/cadence/GPDK045/gsclib045_all_v4.4/gsclib045/timing/slow_vdd1v0_multibitsDFF.lib)
**WARN: (TECHLIB-302):	No function defined for cell 'DECAP2'. The cell will only be used for analysis. (File /CMC/kits/cadence/GPDK045/gsclib045_all_v4.4/gsclib045/timing/slow_vdd1v0_multibitsDFF.lib)
**WARN: (TECHLIB-302):	No function defined for cell 'DECAP10'. The cell will only be used for analysis. (File /CMC/kits/cadence/GPDK045/gsclib045_all_v4.4/gsclib045/timing/slow_vdd1v0_multibitsDFF.lib)
**WARN: (TECHLIB-302):	No function defined for cell 'ANTENNA'. The cell will only be used for analysis. (File /CMC/kits/cadence/GPDK045/gsclib045_all_v4.4/gsclib045/timing/slow_vdd1v0_multibitsDFF.lib)
Read 16 cells in library 'slow_vdd1v0' 
*** End library_loading (cpu=0.01min, real=0.02min, mem=12.5M, fe_cpu=0.59min, fe_real=1.55min, fe_mem=839.2M) ***
% Begin Load netlist data ... (date=05/14 05:06:08, mem=710.5M)
*** Begin netlist parsing (mem=839.2M) ***
Pin 'VDD' of cell 'SDFF4RX2' is declared as power/ground in timing library but as signal in LEF.  Treat it as power/ground.
Pin 'VSS' of cell 'SDFF4RX2' is declared as power/ground in timing library but as signal in LEF.  Treat it as power/ground.
Pin 'VDD' of cell 'SDFF4RX1' is declared as power/ground in timing library but as signal in LEF.  Treat it as power/ground.
Pin 'VSS' of cell 'SDFF4RX1' is declared as power/ground in timing library but as signal in LEF.  Treat it as power/ground.
Created 505 new cells from 1 timing libraries.
Reading netlist ...
Backslashed names will retain backslash and a trailing blank character.
Reading verilogBinary netlist '/users/iteso/iteso-s10043/designs/4004/pnr_runs/14_05_25_250kHz/mcs4_bef_hold_fix.dat/mcs4.v.bin'

*** Memory Usage v#1 (Current mem = 847.211M, initial mem = 311.355M) ***
*** End netlist parsing (cpu=0:00:00.0, real=0:00:00.0, mem=847.2M) ***
% End Load netlist data ... (date=05/14 05:06:08, total cpu=0:00:00.1, real=0:00:00.0, peak res=718.2M, current mem=718.2M)
Set top cell to mcs4.
Hooked 505 DB cells to tlib cells.
Starting recursive module instantiation check.
No recursion found.
Building hierarchical netlist for Cell mcs4 ...
*** Netlist is unique.
** info: there are 584 modules.
** info: there are 2784 stdCell insts.

*** Memory Usage v#1 (Current mem = 893.637M, initial mem = 311.355M) ***
*info: set bottom ioPad orient R0
**WARN: (IMPFP-3961):	The techSite 'CornerSite' has no related standard cells in the LEF/OA library. The calculations for this site type cannot be made unless standard cell models of this type exist in the LEF/OA library. Ignore this warning if the SITE is not used by the library. Alternatively, remove the SITE definition for the LEF/OA library to avoid this message.
Type 'man IMPFP-3961' for more detail.
**WARN: (IMPFP-3961):	The techSite 'IOSite' has no related standard cells in the LEF/OA library. The calculations for this site type cannot be made unless standard cell models of this type exist in the LEF/OA library. Ignore this warning if the SITE is not used by the library. Alternatively, remove the SITE definition for the LEF/OA library to avoid this message.
Type 'man IMPFP-3961' for more detail.
Start create_tracks
Set Default Net Delay as 1000 ps.
Set Default Net Load as 0.5 pF. 
Set Default Input Pin Transition as 0.1 ps.
Loading preference file /users/iteso/iteso-s10043/designs/4004/pnr_runs/14_05_25_250kHz/mcs4_bef_hold_fix.dat/gui.pref.tcl ...
##  Process: 45            (User Set)               
##     Node: (not set)                           

##  Check design process and node:  
##  Design tech node is not set.

Applying the recommended capacitance filtering threshold values for 45nm process node: total_c_th=0, relative_c_th=1 and coupling_c_th=0.1.
	These values will be used by all post-route extraction engines, including TQuantus, IQuantus and Quantus QRC extraction.
	Capacitance filtering mode(-capFilterMode option of the setExtractRCMode) is 'relAndCoup' for all engines.
	The accuracy mode for postRoute effortLevel low extraction will be set to 'high'.
	Default value for EffortLevel(-effortLevel option of the setExtractRCMode) in postRoute extraction mode will be 'medium' if Quantus QRC technology file is specified else 'low'.
**WARN: (IMPOPT-3602):	The specified path group name reg2reg is not defined.
Type 'man IMPOPT-3602' for more detail.
Effort level <high> specified for reg2reg path_group
addRing command will ignore shorts while creating rings.
addRing command will disallow rings to go over rows.
addRing command will consider rows while creating rings.
The ring targets are set to core/block ring wires.
addStripe will allow jog to connect padcore ring and block ring.

Stripes will not extend to closest target.
When breaking rings, the power planner will consider the existence of blocks.
addStripe will break automatically at non-default domains when generating global stripes over the core area or default domain.
The entire stripe set will break at the domain if one of the nets is not in the domain.
Stripes will not be created over regions without power planning wires.
Offset for stripe breaking is set to 0.
Stripes will stop at the boundary of the specified area.
The power planner will set stripe antenna targets to none (no trimming allowed).
Change floorplan default-technical-site to 'CoreSite'.
*Info: initialize multi-corner CTS.
Reading Lib_Set_BC timing library '/CMC/kits/cadence/GPDK045/gsclib045_all_v4.4/gsclib045/timing/fast_vdd1v2_basicCells.lib' ...
Message <TECHLIB-302> has exceeded the message display limit of '20'. Use 'set_message -no_limit -id list_of_msgIDs' to reset the message limit.
Read 489 cells in library 'fast_vdd1v2' 
Reading Lib_Set_BC timing library '/CMC/kits/cadence/GPDK045/gsclib045_all_v4.4/gsclib045/timing/fast_vdd1v2_multibitsDFF.lib' ...
**WARN: (TECHLIB-459):	Appending library 'fast_vdd1v2' to the previously read library of the same name and nominal PVT. Cell definitions from the previously read library will not be overridden. (File /CMC/kits/cadence/GPDK045/gsclib045_all_v4.4/gsclib045/timing/fast_vdd1v2_multibitsDFF.lib)
Read 16 cells in library 'fast_vdd1v2' 
Total number of combinational cells: 327
Total number of sequential cells: 168
Total number of tristate cells: 10
Total number of level shifter cells: 0
Total number of power gating cells: 0
Total number of isolation cells: 0
Total number of power switch cells: 0
Total number of pulse generator cells: 0
Total number of always on buffers: 0
Total number of retention cells: 0
List of usable buffers: BUFX2 BUFX12 BUFX16 BUFX20 CLKBUFX2 BUFX3 BUFX4 BUFX6 BUFX8 CLKBUFX12 CLKBUFX16 CLKBUFX20 CLKBUFX3 CLKBUFX4 CLKBUFX6 CLKBUFX8
Total number of usable buffers: 16
List of unusable buffers:
Total number of unusable buffers: 0
List of usable inverters: CLKINVX1 CLKINVX2 CLKINVX12 CLKINVX16 CLKINVX20 CLKINVX4 CLKINVX3 CLKINVX6 CLKINVX8 INVX1 INVX2 INVX12 INVX16 INVX20 INVXL INVX3 INVX4 INVX6 INVX8
Total number of usable inverters: 19
List of unusable inverters:
Total number of unusable inverters: 0
List of identified usable delay cells: DLY1X1 DLY1X4 DLY2X1 DLY2X4 DLY3X1 DLY3X4 DLY4X1 DLY4X4
Total number of identified usable delay cells: 8
List of identified unusable delay cells:
Total number of identified unusable delay cells: 0
AnalysisView_BC AnalysisView_WC
Reading floorplan file - /users/iteso/iteso-s10043/designs/4004/pnr_runs/14_05_25_250kHz/mcs4_bef_hold_fix.dat/mcs4.fp.gz (mem = 1156.5M).
% Begin Load floorplan data ... (date=05/14 05:06:10, mem=1015.0M)
*info: reset 2851 existing net BottomPreferredLayer and AvoidDetour
**WARN: (IMPDB-2078):	Output pin Y of instance g31683 is connected to ground net data_out[3].  Usually it is not right to connect an output signal pin to a P/G net, unless the pin is meant to be the driver of the net. This can create a short circuit if the output is power.  Check the connectivity in the netlist.
**WARN: (IMPDB-2078):	Output pin Y of instance g31679 is connected to ground net data_out[3].  Usually it is not right to connect an output signal pin to a P/G net, unless the pin is meant to be the driver of the net. This can create a short circuit if the output is power.  Check the connectivity in the netlist.
**WARN: (IMPDB-2078):	Output pin Q of instance rom_1_data_out_reg[3] is connected to ground net data_out[3].  Usually it is not right to connect an output signal pin to a P/G net, unless the pin is meant to be the driver of the net. This can create a short circuit if the output is power.  Check the connectivity in the netlist.
**WARN: (IMPDB-2078):	Output pin Q of instance rom_0_data_out_reg[3] is connected to ground net data_out[3].  Usually it is not right to connect an output signal pin to a P/G net, unless the pin is meant to be the driver of the net. This can create a short circuit if the output is power.  Check the connectivity in the netlist.
**WARN: (IMPDB-2078):	Output pin Y of instance g25051__5115 is connected to ground net data_out[3].  Usually it is not right to connect an output signal pin to a P/G net, unless the pin is meant to be the driver of the net. This can create a short circuit if the output is power.  Check the connectivity in the netlist.
**WARN: (IMPDB-2078):	Output pin Y of instance g24636__8428 is connected to ground net data_out[3].  Usually it is not right to connect an output signal pin to a P/G net, unless the pin is meant to be the driver of the net. This can create a short circuit if the output is power.  Check the connectivity in the netlist.
**WARN: (IMPDB-2078):	Output pin Y of instance g31681 is connected to ground net data_out[2].  Usually it is not right to connect an output signal pin to a P/G net, unless the pin is meant to be the driver of the net. This can create a short circuit if the output is power.  Check the connectivity in the netlist.
**WARN: (IMPDB-2078):	Output pin Y of instance g31677 is connected to ground net data_out[2].  Usually it is not right to connect an output signal pin to a P/G net, unless the pin is meant to be the driver of the net. This can create a short circuit if the output is power.  Check the connectivity in the netlist.
**WARN: (IMPDB-2078):	Output pin Q of instance rom_1_data_out_reg[2] is connected to ground net data_out[2].  Usually it is not right to connect an output signal pin to a P/G net, unless the pin is meant to be the driver of the net. This can create a short circuit if the output is power.  Check the connectivity in the netlist.
**WARN: (IMPDB-2078):	Output pin Q of instance rom_0_data_out_reg[2] is connected to ground net data_out[2].  Usually it is not right to connect an output signal pin to a P/G net, unless the pin is meant to be the driver of the net. This can create a short circuit if the output is power.  Check the connectivity in the netlist.
**WARN: (IMPDB-2078):	Output pin Y of instance g25069__6260 is connected to ground net data_out[2].  Usually it is not right to connect an output signal pin to a P/G net, unless the pin is meant to be the driver of the net. This can create a short circuit if the output is power.  Check the connectivity in the netlist.
**WARN: (IMPDB-2078):	Output pin Y of instance g24635__4319 is connected to ground net data_out[2].  Usually it is not right to connect an output signal pin to a P/G net, unless the pin is meant to be the driver of the net. This can create a short circuit if the output is power.  Check the connectivity in the netlist.
**WARN: (IMPDB-2078):	Output pin Y of instance g31684 is connected to ground net data_out[1].  Usually it is not right to connect an output signal pin to a P/G net, unless the pin is meant to be the driver of the net. This can create a short circuit if the output is power.  Check the connectivity in the netlist.
**WARN: (IMPDB-2078):	Output pin Y of instance g31680 is connected to ground net data_out[1].  Usually it is not right to connect an output signal pin to a P/G net, unless the pin is meant to be the driver of the net. This can create a short circuit if the output is power.  Check the connectivity in the netlist.
**WARN: (IMPDB-2078):	Output pin Q of instance rom_1_data_out_reg[1] is connected to ground net data_out[1].  Usually it is not right to connect an output signal pin to a P/G net, unless the pin is meant to be the driver of the net. This can create a short circuit if the output is power.  Check the connectivity in the netlist.
**WARN: (IMPDB-2078):	Output pin Q of instance rom_0_data_out_reg[1] is connected to ground net data_out[1].  Usually it is not right to connect an output signal pin to a P/G net, unless the pin is meant to be the driver of the net. This can create a short circuit if the output is power.  Check the connectivity in the netlist.
**WARN: (IMPDB-2078):	Output pin Y of instance g25068__5107 is connected to ground net data_out[1].  Usually it is not right to connect an output signal pin to a P/G net, unless the pin is meant to be the driver of the net. This can create a short circuit if the output is power.  Check the connectivity in the netlist.
**WARN: (IMPDB-2078):	Output pin Y of instance g24638__6783 is connected to ground net data_out[1].  Usually it is not right to connect an output signal pin to a P/G net, unless the pin is meant to be the driver of the net. This can create a short circuit if the output is power.  Check the connectivity in the netlist.
Deleting old partition specification.
Set FPlanBox to (0 0 350400 350800)
**WARN: (IMPFP-3961):	The techSite 'CornerSite' has no related standard cells in the LEF/OA library. The calculations for this site type cannot be made unless standard cell models of this type exist in the LEF/OA library. Ignore this warning if the SITE is not used by the library. Alternatively, remove the SITE definition for the LEF/OA library to avoid this message.
Type 'man IMPFP-3961' for more detail.
**WARN: (IMPFP-3961):	The techSite 'IOSite' has no related standard cells in the LEF/OA library. The calculations for this site type cannot be made unless standard cell models of this type exist in the LEF/OA library. Ignore this warning if the SITE is not used by the library. Alternatively, remove the SITE definition for the LEF/OA library to avoid this message.
Type 'man IMPFP-3961' for more detail.
Start create_tracks
 ... processed partition successfully.
Reading binary special route file /users/iteso/iteso-s10043/designs/4004/pnr_runs/14_05_25_250kHz/mcs4_bef_hold_fix.dat/mcs4.fp.spr.gz (Created by Innovus v21.12-s106_1 on Wed May 14 04:59:10 2025, version: 1)
Convert 0 swires and 0 svias from compressed groups
4 swires and 10 svias were compressed
4 swires and 10 svias were decompressed from small or sparse groups
Ending "Read special route file" (total cpu=0:00:00.0, real=0:00:00.0, peak res=1015.9M, current mem=1015.9M)
There are 713 nets with weight being set
There are 713 nets with bottomPreferredRoutingLayer being set
There are 713 nets with avoidDetour being set
Extracting standard cell pins and blockage ...... 
Pin and blockage extraction finished
% End Load floorplan data ... (date=05/14 05:06:11, total cpu=0:00:00.1, real=0:00:01.0, peak res=1016.9M, current mem=1016.9M)
% Begin Load SymbolTable ... (date=05/14 05:06:11, mem=1017.3M)
Reading congestion map file /users/iteso/iteso-s10043/designs/4004/pnr_runs/14_05_25_250kHz/mcs4_bef_hold_fix.dat/mcs4.route.congmap.gz ...
% End Load SymbolTable ... (date=05/14 05:06:11, total cpu=0:00:00.0, real=0:00:00.0, peak res=1017.7M, current mem=1017.7M)
Loading place ...
Un-suppress "**WARN ..." messages.
% Begin Load placement data ... (date=05/14 05:06:11, mem=1018.2M)
Reading placement file - /users/iteso/iteso-s10043/designs/4004/pnr_runs/14_05_25_250kHz/mcs4_bef_hold_fix.dat/mcs4.place.gz.
** Reading stdCellPlacement_binary (Created by Innovus v21.12-s106_1 on Wed May 14 04:59:11 2025, version# 2) ...
Read Views for adaptive view pruning ...
Read 0 views from Binary DB for adaptive view pruning
*** Completed restorePlace (cpu=0:00:00.0 real=0:00:00.0 mem=1159.5M) ***
Total net length = 9.395e+04 (3.886e+04 5.508e+04) (ext = 2.980e+02)
% End Load placement data ... (date=05/14 05:06:11, total cpu=0:00:00.1, real=0:00:00.0, peak res=1020.0M, current mem=1019.9M)
Reading PG file /users/iteso/iteso-s10043/designs/4004/pnr_runs/14_05_25_250kHz/mcs4_bef_hold_fix.dat/mcs4.pg.gz, version#2, (Created by Innovus v21.12-s106_1 on       Wed May 14 04:59:10 2025)
*** Completed restorePGFile (cpu=0:00:00.0 real=0:00:00.0 mem=1156.5M) ***
% Begin Load routing data ... (date=05/14 05:06:11, mem=1020.0M)
Reading routing file - /users/iteso/iteso-s10043/designs/4004/pnr_runs/14_05_25_250kHz/mcs4_bef_hold_fix.dat/mcs4.route.gz.
Reading Innovus routing data (Created by Innovus v21.12-s106_1 on Wed May 14 04:59:11 2025 Format: 20.1) ...
*** Total 2829 nets are successfully restored.
*** Completed restoreRoute (cpu=0:00:00.0 real=0:00:01.0 mem=1160.5M) ***
% End Load routing data ... (date=05/14 05:06:12, total cpu=0:00:00.0, real=0:00:01.0, peak res=1025.4M, current mem=1024.4M)
TAT_INFO: restoreCongMap REAL = 0 : CPU = 0 : MEM = 0.
Reading property file /users/iteso/iteso-s10043/designs/4004/pnr_runs/14_05_25_250kHz/mcs4_bef_hold_fix.dat/mcs4.prop
*** Completed restoreProperty (cpu=0:00:00.0 real=0:00:00.0 mem=1164.5M) ***
Reading dirtyarea snapshot file /users/iteso/iteso-s10043/designs/4004/pnr_runs/14_05_25_250kHz/mcs4_bef_hold_fix.dat/mcs4.db.da.gz (Create by Innovus v21.12-s106_1 on Wed May 14 04:59:11 2025, version: 4).
Set Default Input Pin Transition as 0.1 ps.
Loading preRoute extraction data from directory '/users/iteso/iteso-s10043/designs/4004/pnr_runs/14_05_25_250kHz/mcs4_bef_hold_fix.dat/extraction/' ...
Extraction setup Started 
Initializing multi-corner RC extraction with 2 active RC Corners ...
Captable file(s) not specified in multi-corner setup. PreRoute extraction will use technology file. For postRoute extraction, default value for effort level would be 'medium' and effort level 'low' would not be allowed.
Generating auto layer map file.
Loading preRoute extracted patterns from file '/users/iteso/iteso-s10043/designs/4004/pnr_runs/14_05_25_250kHz/mcs4_bef_hold_fix.dat/mcs4.techData.gz' ...
Completed (cpu: 0:00:01.0 real: 0:00:01.0)
Set Shrink Factor to 1.00000
Summary of Active RC-Corners : 
 
 Analysis View: AnalysisView_WC
    RC-Corner Name        : RC_Extraction_WC
    RC-Corner Index       : 0
    RC-Corner Temperature : 25 Celsius
    RC-Corner Cap Table   : ''
    RC-Corner PreRoute Res Factor         : 1
    RC-Corner PreRoute Cap Factor         : 1
    RC-Corner PostRoute Res Factor        : 1 {1 1 1}
    RC-Corner PostRoute Cap Factor        : 1 {1 1 1}
    RC-Corner PostRoute XCap Factor       : 1 {1 1 1}
    RC-Corner PreRoute Clock Res Factor   : 1	[Derived from postRoute_res (effortLevel low)]
    RC-Corner PreRoute Clock Cap Factor   : 1	[Derived from postRoute_cap (effortLevel low)]
    RC-Corner PostRoute Clock Cap Factor  : 1 {1 1 1} 	[Derived from postRoute_cap (effortLevel low)]
    RC-Corner PostRoute Clock Res Factor  : 1 {1 1 1} 	[Derived from postRoute_res (effortLevel low)]
    RC-Corner PostRoute Clock coupling capacitance Factor : 1 {1 1 1} 
    RC-Corner Technology file: '/users/iteso/iteso-s10043/designs/4004/pnr_runs/14_05_25_250kHz/mcs4_bef_hold_fix.dat/libs/mmmc/RC_Extraction_WC/gpdk045.tch'
 
 Analysis View: AnalysisView_BC
    RC-Corner Name        : RC_Extraction_BC
    RC-Corner Index       : 1
    RC-Corner Temperature : 25 Celsius
    RC-Corner Cap Table   : ''
    RC-Corner PreRoute Res Factor         : 1
    RC-Corner PreRoute Cap Factor         : 1
    RC-Corner PostRoute Res Factor        : 1 {1 1 1}
    RC-Corner PostRoute Cap Factor        : 1 {1 1 1}
    RC-Corner PostRoute XCap Factor       : 1 {1 1 1}
    RC-Corner PreRoute Clock Res Factor   : 1	[Derived from postRoute_res (effortLevel low)]
    RC-Corner PreRoute Clock Cap Factor   : 1	[Derived from postRoute_cap (effortLevel low)]
    RC-Corner PostRoute Clock Cap Factor  : 1 {1 1 1} 	[Derived from postRoute_cap (effortLevel low)]
    RC-Corner PostRoute Clock Res Factor  : 1 {1 1 1} 	[Derived from postRoute_res (effortLevel low)]
    RC-Corner PostRoute Clock coupling capacitance Factor : 1 {1 1 1} 
    RC-Corner Technology file: '/users/iteso/iteso-s10043/designs/4004/pnr_runs/14_05_25_250kHz/mcs4_bef_hold_fix.dat/libs/mmmc/RC_Extraction_WC/gpdk045.tch'
Restored RC grid for preRoute extraction.
Initializing multi-corner resistance tables ...
RC corner RC_Extraction_WC not found in the saved preRoute extraction data.
RC corner RC_Extraction_BC not found in the saved preRoute extraction data.
Default value for postRoute extraction mode's effortLevel (-effortLevel option of setExtractRCMode) changed to 'medium'.
Start generating vias ..
#Skip building auto via since it is not turned on.
Extracting standard cell pins and blockage ...... 
Pin and blockage extraction finished
Via generation completed.
% Begin Load power constraints ... (date=05/14 05:06:14, mem=1068.7M)
'set_default_switching_activity' finished successfully.
% End Load power constraints ... (date=05/14 05:06:15, total cpu=0:00:00.0, real=0:00:00.0, peak res=1068.9M, current mem=1068.9M)
DelayCorner_WC DelayCorner_BC
% Begin load AAE data ... (date=05/14 05:06:15, mem=1090.6M)
AAE DB initialization (MEM=1241.96 CPU=0:00:00.1 REAL=0:00:00.0) 
% End load AAE data ... (date=05/14 05:06:15, total cpu=0:00:00.8, real=0:00:00.0, peak res=1096.4M, current mem=1096.4M)
Restoring CCOpt config...
  Extracting original clock gating for 250kHz_CLK...
    clock_tree 250kHz_CLK contains 657 sinks and 0 clock gates.
  Extracting original clock gating for 250kHz_CLK done.
  The skew group 250kHz_CLK/ConstraintMode_BC was created. It contains 657 sinks and 1 sources.
  The skew group 250kHz_CLK/ConstraintMode_WC was created. It contains 657 sinks and 1 sources.
  The skew group 250kHz_CLK/ConstraintMode_BC was created. It contains 657 sinks and 1 sources.
  The skew group 250kHz_CLK/ConstraintMode_WC was created. It contains 657 sinks and 1 sources.
Restoring CCOpt config done.
Total number of combinational cells: 327
Total number of sequential cells: 168
Total number of tristate cells: 10
Total number of level shifter cells: 0
Total number of power gating cells: 0
Total number of isolation cells: 0
Total number of power switch cells: 0
Total number of pulse generator cells: 0
Total number of always on buffers: 0
Total number of retention cells: 0
List of usable buffers: BUFX2 BUFX12 BUFX16 BUFX20 CLKBUFX2 BUFX3 BUFX4 BUFX6 BUFX8 CLKBUFX12 CLKBUFX16 CLKBUFX20 CLKBUFX3 CLKBUFX4 CLKBUFX6 CLKBUFX8
Total number of usable buffers: 16
List of unusable buffers:
Total number of unusable buffers: 0
List of usable inverters: CLKINVX1 CLKINVX2 CLKINVX12 CLKINVX16 CLKINVX20 CLKINVX4 CLKINVX3 CLKINVX6 CLKINVX8 INVX1 INVX2 INVX12 INVX16 INVX20 INVXL INVX3 INVX4 INVX6 INVX8
Total number of usable inverters: 19
List of unusable inverters:
Total number of unusable inverters: 0
List of identified usable delay cells: DLY1X1 DLY1X4 DLY2X1 DLY2X4 DLY3X1 DLY3X4 DLY4X1 DLY4X4
Total number of identified usable delay cells: 8
List of identified unusable delay cells:
Total number of identified unusable delay cells: 0
#% End load design ... (date=05/14 05:06:16, total cpu=0:00:07.9, real=0:00:11.0, peak res=1121.1M, current mem=1099.9M)

*** Summary of all messages that are not suppressed in this session:
Severity  ID               Count  Summary                                  
WARNING   IMPLF-58            16  MACRO '%s' has been found in the databas...
WARNING   IMPLF-61             1  %d duplicated MACRO definitions have bee...
WARNING   IMPLF-200            5  Pin '%s' in macro '%s' has no ANTENNAGAT...
WARNING   IMPFP-3961           4  The techSite '%s' has no related standar...
WARNING   IMPDB-2078          18  Output pin %s of instance %s is connecte...
WARNING   IMPOPT-3602          1  The specified path group name %s is not ...
WARNING   TECHLIB-302         40  No function defined for cell '%s'. The c...
WARNING   TECHLIB-459          2  Appending library '%s' to the previously...
*** Message Summary: 87 warning(s), 0 error(s)

<CMD> setDrawView fplan
<CMD> encMessage warning 1
<CMD> encMessage debug 0
<CMD> zoomBox -106.83550 11.03150 291.89350 175.03050
<CMD> zoomBox -72.74100 27.86300 266.17850 167.26200
<CMD> zoomBox -10.49900 47.77450 234.37050 148.49050
<CMD> zoomBox 80.99550 76.68850 189.64700 121.37750
<CMD> selectInst CTS_ccl_a_buf_00003
<CMD> zoomBox 88.17850 79.09900 180.53300 117.08500
<CMD> zoomBox 94.25050 81.05600 172.75250 113.34450
<CMD> zoomBox 99.39050 82.65600 166.11800 110.10150
<CMD> zoomBox 94.24900 81.06250 172.75300 113.35150
<CMD> zoomBox -7184.77400 -2224.92250 9567.30250 4665.28800
<CMD> deselectAll
<CMD> fit
<CMD> zoomBox 118.20500 91.08500 150.36150 61.18500
<CMD> selectInst CTS_cpc_drv_buf_00732
<CMD> deselectAll
<CMD> selectInst CTS_cpc_drv_buf_00732
<CMD> deselectAll
<CMD> selectInst CTS_cpc_drv_buf_00732
<CMD> deselectAll
<CMD> selectInst CTS_cpc_drv_buf_00732
<CMD> deselectAll
<CMD> selectInst CTS_cpc_drv_buf_00732
<CMD> deselectAll
<CMD> selectInst CTS_cpc_drv_buf_00732
<CMD> setDrawView place
<CMD> setDrawView ameba
<CMD> setDrawView ameba
<CMD> zoomBox 19.89100 41.33650 183.73000 108.72450
<CMD> zoomBox -114.53450 5.31250 199.33100 134.40700
<CMD> setDrawView fplan
<CMD> ui_view_box
<CMD> ui_view_box
<CMD> dbquery -area {-114.5345 5.3125 199.331 134.407} -objType inst
<CMD> dbquery -area {-114.5345 5.3125 199.331 134.407} -objType regular
<CMD> dbquery -area {-114.5345 5.3125 199.331 134.407} -objType special
**WARN: (IMPSYT-13094):	There are more than 20000 objects inside the view box. We do not recommand to use layout 3D.
<CMD> setDrawView place
<CMD> deselectAll
<CMD> fit
<CMD> getAnalysisMode -checkType -quiet
<CMD> setLayerPreference timingMap -isVisible 1
<CMD> ctd_win -side none -id ctd_window
Clock tree timing engine global stage delay update for DelayCorner_WC:both.late...
Clock tree timing engine global stage delay update for DelayCorner_WC:both.late done. (took cpu=0:00:00.3 real=0:00:00.3)
AnalysisView_BC AnalysisView_WC
ConstraintMode_WC ConstraintMode_BC
/dev/null
/dev/null
DelayCorner_WC DelayCorner_BC
Lib_Set_BC Lib_Set_WC
RC_Extraction_WC RC_Extraction_BC
<CMD> setLayerPreference violation -isVisible 1
<CMD> violationBrowser -all -no_display_false -displayByLayer
<CMD> getMultiCpuUsage -localCpu
<CMD> get_verify_drc_mode -disable_rules -quiet
<CMD> get_verify_drc_mode -quiet -area
<CMD> get_verify_drc_mode -quiet -layer_range
<CMD> get_verify_drc_mode -check_ndr_spacing -quiet
<CMD> get_verify_drc_mode -check_only -quiet
<CMD> get_verify_drc_mode -check_same_via_cell -quiet
<CMD> get_verify_drc_mode -exclude_pg_net -quiet
<CMD> get_verify_drc_mode -ignore_trial_route -quiet
<CMD> get_verify_drc_mode -max_wrong_way_halo -quiet
<CMD> get_verify_drc_mode -use_min_spacing_on_block_obs -quiet
<CMD> get_verify_drc_mode -limit -quiet
<CMD> set_verify_drc_mode -check_ndr_spacing auto -check_only default -check_same_via_cell true -exclude_pg_net false -ignore_trial_route false -ignore_cell_blockage false -use_min_spacing_on_block_obs auto -report mcs4.drc.rpt -limit 1000
<CMD> verify_drc
#-check_ndr_spacing auto                 # enums={true false auto}, default=auto,  user setting
#-check_same_via_cell true               # bool, default=false, user setting
#-report mcs4.drc.rpt                    # string, default="", user setting
 *** Starting Verify DRC (MEM: 1436.1) ***

  VERIFY DRC ...... Starting Verification
  VERIFY DRC ...... Initializing
  VERIFY DRC ...... Deleting Existing Violations
  VERIFY DRC ...... Creating Sub-Areas
  VERIFY DRC ...... Using new threading
**WARN: (IMPVFG-1103):	VERIFY DRC did not complete: Number of violations exceeds the Error Limit [1000]

  Verification Complete : 1000 Viols.

 Violation Summary By Layer and Type:

	          MetSpc   MaxStk      Mar    Short   EOLSpc outOfDie   CShort   Others   Totals
	Metal1       217        0        4        9       65        0        0        0      295
	Metal2       133        0       89       60       32        0        0        0      314
	Via2           0        0        0        0        0        0        5        2        7
	Metal3        13        0       31       47        0        9        0        0      100
	Metal4         0        0        8       10        0        2        0        0       20
	Metal5         0        0        0        0        0        2        0        0        2
	Via5           0      146        0        0        0        0        0        0      146
	Metal6         0        0        1        1        0        0        0        0        2
	Via6           0      109        0        0        0        0        0        0      109
	Metal7         0        0        1        0        0        0        0        0        1
	Metal8         0        0        1        0        0        0        0        0        1
	Metal10        0        0        1        0        0        0        0        1        2
	Metal11        0        0        0        0        0        1        0        0        1
	Totals       363      255      136      127       97       14        5        3     1000

 *** End Verify DRC (CPU: 0:00:00.7  ELAPSED TIME: 0.00  MEM: 53.0M) ***

<CMD> set_verify_drc_mode -area {0 0 0 0}
<CMD> violationBrowser -all -no_display_false -displayByLayer
<CMD> zoomBox -6.19050 96.44450 14.40100 73.31400
<CMD> zoomBox 0.97700 93.02900 9.80300 82.85050
<CMD> zoomBox 2.21300 88.26700 9.04300 85.02300
<CMD> zoomBox 6.85400 87.79250 7.44200 86.82050
<CMD> zoomBox 6.89450 87.53250 7.14750 87.15450
<CMD> selectMarker 6.9400 87.2700 6.9700 87.4000 2 1 2
<CMD> zoomBox 6.25550 87.08750 7.75200 87.70300
<CMD> zoomBox 6.11550 87.05550 7.87700 87.78000
<CMD> fit
<CMD> zoomBox 59.81500 91.93100 66.86700 77.82750
<CMD> zoomBox 62.65000 88.71450 65.47500 86.61150
<CMD> zoomBox 63.61200 87.94600 64.13150 87.50000
<CMD> zoomBox 63.69200 87.79750 63.83800 87.65650
<CMD> zoomBox 63.38150 87.61000 64.15700 87.92900
<CMD> zoomBox 63.31400 87.59550 64.22700 87.97100
<CMD> zoomBox 62.75350 87.47400 64.81000 88.32000
<CMD> uiSetTool copy
<CMD> fit
<CMD> zoomBox 65.73900 27.05350 69.68800 23.95100
<CMD> zoomBox 67.53000 25.66550 68.19650 25.13500
<CMD> zoomBox 67.62200 25.59050 67.80750 25.45050
<CMD> zoomBox 67.56500 25.45950 67.85450 25.57850
<CMD> zoomBox 67.58250 25.46700 67.82850 25.56800
<CMD> zoomBox 67.59650 25.47300 67.80600 25.55900
<CMD> zoomBox 66.89700 25.14950 68.93700 25.98850
<CMD> zoomBox 68.03300 25.96500 68.07200 25.93450
<CMD> zoomBox 68.00800 25.93150 68.09550 25.96750
<CMD> zoomBox 67.99950 25.92800 68.10300 25.97050
<CMD> deselectAll
<CMD> selectMarker 68.0350 25.9400 68.0850 25.9750 1 1 6
<CMD> zoomBox 67.94400 25.90350 68.17750 25.99950
<CMD> zoomBox 67.90550 25.88600 68.22900 26.01900
<CMD> zoomBox 67.53450 25.70500 68.72350 26.19400
<CMD> zoomBox 67.06750 25.46900 69.34600 26.40600
<CMD> checkFPlan -reportUtil
Checking routing tracks.....
Checking other grids.....
Checking FINFET Grid is on Manufacture Grid.....
Checking core/die box is on Grid.....
**WARN: (IMPFP-7236):	DIE's corner: (175.2000000000 , 175.4000000000) is NOT on PlacementGrid,  Please use command getFPlanMode to check current Grid settings, use command setFPlanMode to change which grid to snap to. And use command get_snap_grid_info to get grids' offset and pitch. Command floorplan can be used to fix this issue.
Checking snap rule ......
Checking Row is on grid......
Checking AreaIO row.....
Checking row out of die ...
Checking routing blockage.....
Checking components.....
Checking IO Pads out of die...
Checking constraints (guide/region/fence).....

Checking Preroutes.....
No. of regular pre-routes not on tracks : 0 

Reporting Utilizations.....

Core utilization  = 31.982386
Effective Utilizations
Estimated cell power/ground rail width = 0.160 um
Average module density = 0.321.
Density for the design = 0.321.
       = stdcell_area 27034 sites (9246 um^2) / alloc_area 84150 sites (28779 um^2).
Pin Density = 0.1144.
            = total # of pins 9623 / total area 84150.

*** Summary of all messages that are not suppressed in this session:
Severity  ID               Count  Summary                                  
WARNING   IMPFP-7236           1  DIE's corner: %s is NOT on %s,  Please u...
*** Message Summary: 1 warning(s), 0 error(s)

<CMD> zoomBox 58.40850 22.11800 72.02550 27.71850
<CMD> fit
<CMD> zoomBox 173.77400 91.08500 178.00500 76.41700
<CMD> zoomBox 175.04250 88.21150 175.49300 88.01850
<CMD> deselectAll
<CMD> zoomBox 175.00050 88.00150 175.55250 88.22850
<CMD> zoomBox 174.96200 87.98000 175.61100 88.24700
<CMD> zoomBox 174.91650 87.95450 175.68000 88.26850
<CMD> zoomBox 174.27000 87.58900 176.65450 88.57000
<CMD> zoomBox 174.79200 87.96250 175.85100 88.39800
<CMD> zoomBox 174.85450 88.00750 175.75450 88.37750
<CMD> selectObject IO_Pin {io_pad[6]}
<CMD> deselectAll
<CMD> zoomBox 48.09650 57.56450 361.28200 186.37900
<CMD> selectMarker 175.2000 88.2150 175.2650 88.2950 5 1 6
<CMD> fit
<CMD> zoomBox 80.12450 73.59600 92.53600 69.36500
<CMD> zoomBox 85.04300 72.13750 85.88600 71.53300
<CMD> deselectAll
<CMD> selectWire 84.6600 71.6850 86.5400 71.7650 3 CTS_3
<CMD> zoomBox 84.57400 71.48650 86.30300 72.19750
<CMD> zoomBox 84.39100 71.43100 86.42500 72.26750
<CMD> zoomBox 84.17600 71.36500 86.56850 72.34900
<CMD> fit
<CMD_INTERNAL> violationBrowserClose
<CMD> deselectAll
<CMD> zoomBox 110.02500 72.46750 130.61650 50.18350
<CMD> zoomBox 110.01300 60.35000 111.89900 58.39900
<CMD> report_unit_parasitics

Usage: report_unit_parasitics [-help] -layer <string> -rc_corner <string> [-space <float>] [-via_res] [-width <float>]

**ERROR: (IMPTCM-32):	Wrong number of arguments specified for command "report_unit_parasitics".

<CMD> report_clocks
     +----------------------------------------------------------------------------------------------+ 
     |                                      Clock Descriptions                                      | 
     |----------------------------------------------------------------------------------------------| 
     |            |        |                 |          |       |          |       Attributes       | 
     |------------+--------+-----------------+----------+-------+----------+------------------------| 
     | Clock Name | Source |      View       |  Period  |  Lead |  Trail   | Generated | Propagated | 
     |------------+--------+-----------------+----------+-------+----------+-----------+------------| 
     | 250kHz_CLK | sysclk | AnalysisView_BC | 4000.000 | 0.000 | 2000.000 |     n     |     n      | 
     | 250kHz_CLK | sysclk | AnalysisView_WC | 4000.000 | 0.000 | 2000.000 |     n     |     n      | 
     +----------------------------------------------------------------------------------------------+ 
<CMD> fit
<CMD> ctd_win -side none -id ctd_window
<CMD> selectInst CTS_cdb_buf_00028
<CMD> zoomSelected
<CMD> deselectAll
<CMD> fit
<CMD> zoomBox -173.56200 6.17150 326.44650 170.17050
<CMD> zoomBox -7.26050 81.12150 44.12800 97.97650
<CMD> zoomBox -4.51900 82.34950 39.16100 96.67600
<CMD> zoomBox 1.47450 85.03400 28.30000 93.83250
<CMD> zoomBox -0.49150 84.23350 31.06800 94.58500
<CMD> zoomBox -2.83550 83.32700 34.29500 95.50550
<CMD> zoomBox -5.59250 82.26050 38.09150 96.58850
<CMD> zoomBox -12.65150 79.53000 47.81200 99.36150
<CMD> zoomBox -17.14050 77.79350 53.99400 101.12500
<CMD> zoomBox -22.42150 75.75050 61.26650 103.19950
<CMD> zoomBox -28.63400 73.34700 69.82250 105.64000
<CMD> zoomBox -35.95400 70.53050 79.87700 108.52200
<CMD> ctd_win -side none -id ctd_window
<CMD> fit
<CMD> selectObject IO_Pin sysclk
<CMD> selectInst CTS_cdb_buf_00024
<CMD> selectObject Net sysclk
<CMD> selectInst CTS_cdb_buf_00025
<CMD> selectObject Net CTS_710
<CMD> selectInst CTS_cdb_buf_00026
<CMD> selectObject Net CTS_709
<CMD> selectInst CTS_cdb_buf_00027
<CMD> selectObject Net CTS_708
<CMD> selectInst CTS_cdb_buf_00028
<CMD> selectObject Net CTS_707
<CMD> selectInst CTS_cdb_buf_00029
<CMD> selectObject Net CTS_706
<CMD> selectInst CTS_cdb_buf_00030
<CMD> selectObject Net CTS_705
<CMD> selectInst CTS_cdb_buf_00031
<CMD> selectObject Net CTS_704
<CMD> selectInst CTS_cdb_buf_00032
<CMD> selectObject Net CTS_703
<CMD> selectInst CTS_cdb_buf_00033
<CMD> selectObject Net CTS_702
<CMD> selectInst CTS_cdb_buf_00034
<CMD> selectObject Net CTS_701
<CMD> selectInst CTS_cdb_buf_00035
<CMD> selectObject Net CTS_700
<CMD> selectInst CTS_cdb_buf_00036
<CMD> selectObject Net CTS_699
<CMD> selectObject Net CTS_698
<CMD> zoomSelected
<CMD> deselectAll
<CMD> zoomBox -214.67700 -22.73400 115.25350 112.96800
<CMD> zoomBox -178.78750 -12.70500 101.65350 102.64150
<CMD> fit
