###############################################################
#  Generated by:      Cadence Innovus 21.12-s106_1
#  OS:                Linux x86_64(Host ID ip-10-16-10-154.rdius.us)
#  Generated on:      Thu May 15 22:19:26 2025
#  Design:            mcs4_pad_frame
#  Command:           verifyPowerVia
###############################################################
Verify Power Via report created on Thu May 15 22:19:26 2025

Net VDD: Missing orthogonal adjacent via Via2 at (288.320, 412.835) (290.000, 416.185) between layers: Metal2 and  Metal3.
Net VDD: Missing orthogonal adjacent via Via2 at (710.000, 489.710) (713.360, 500.820) between layers: Metal2 and  Metal3.
Net VDD: Missing orthogonal adjacent via Via2 at (710.000, 511.370) (713.360, 522.480) between layers: Metal2 and  Metal3.
Net VDD: Missing orthogonal adjacent via Via2 at (710.000, 472.855) (711.680, 476.205) between layers: Metal2 and  Metal3.
Net VSS: Missing orthogonal adjacent via Via2 at (652.845, 288.320) (656.195, 290.000) between layers: Metal2 and  Metal3.
Net VSS: Missing orthogonal adjacent via Via2 at (652.845, 286.640) (655.115, 290.000) between layers: Metal2 and  Metal3.
Net VSS: Missing orthogonal adjacent via Via3 at (209.760, 299.065) (220.500, 300.065) between layers: Metal3 and  Metal4.
Net VSS: Missing orthogonal adjacent via Via3 at (779.500, 299.065) (785.115, 300.065) between layers: Metal3 and  Metal4.

Begin Summary
    Missing 6 Via(s) between Layers: Metal2 and Metal3.
    Missing 2 Via(s) between Layers: Metal3 and Metal4.
    8 total info(s) created.
End Summary
