###############################################################
#  Generated by:      Cadence Innovus 21.12-s106_1
#  OS:                Linux x86_64(Host ID ip-10-16-10-154.rdius.us)
#  Generated on:      Sat May 17 18:19:36 2025
#  Design:            mcs4_pad_frame
#  Command:           verify_drc
###############################################################
#set_verify_drc_mode -area {0 0 0 0} -check_ndr_spacing auto -check_only default -check_same_via_cell true -exclude_pg_net false -ignore_cell_blockage false -ignore_trial_route false -limit 1000 -report mcs4_pad_frame.drc.rpt -use_min_spacing_on_block_obs auto

SHORT: ( Metal Short ) Regular Wire of Net mcs4_core_n_25390 & Pin of Cell mcs4_core_g31055__7098  ( Metal1 )
Bounds : ( 407.170, 479.845 ) ( 407.230, 479.900 )


CUTSPACING: ( Same Layer Cut Spacing ) Regular Wire of Net mcs4_core_n_25079 & Regular Wire of Net FE_PHN149_mcs4_core_n_26330  ( Via1 )
Bounds : ( 522.865, 483.390 ) ( 522.935, 483.450 )


SHORT: ( Metal Short ) Regular Wire of Net mcs4_core_n_24972 & Pin of Cell mcs4_core_g31559__7482  ( Metal1 )
Bounds : ( 524.770, 482.315 ) ( 524.830, 482.375 )


SHORT: ( Metal Short ) Regular Wire of Net FE_PHN309_mcs4_core_i4004_ip_board_dram_array_3_7 & Pin of Cell mcs4_core_g30550__5107  ( Metal1 )
Bounds : ( 556.160, 498.275 ) ( 556.220, 498.335 )


SHORT: ( Metal Short ) Regular Wire of Net FE_PHN931_mcs4_core_clockgen_clockdiv_4 & Regular Wire of Net FE_PHN1622_mcs4_core_n_25802  ( Metal2 )
Bounds : ( 504.660, 474.705 ) ( 504.740, 474.785 )


SHORT: ( Metal Short ) Regular Wire of Net mcs4_core_n_25079 & Regular Wire of Net FE_PHN149_mcs4_core_n_26330  ( Metal2 )
Bounds : ( 522.860, 483.420 ) ( 522.940, 483.420 )


SHORT: ( Metal Short ) Regular Wire of Net FE_PHN296_mcs4_core_i4004_ip_board_dram_array_2_1 & Regular Wire of Net FE_PHN2706_mcs4_core_i4004_ip_board_dram_array_0_2  ( Metal2 )
Bounds : ( 539.660, 500.355 ) ( 539.740, 500.435 )


SHORT: ( Metal Short ) Regular Wire of Net mcs4_core_n_23521 & Regular Wire of Net FE_PHN377_mcs4_core_i4004_ip_board_dram_array_2_0  ( Metal2 )
Bounds : ( 544.460, 497.125 ) ( 544.540, 497.205 )


SHORT: ( Metal Short ) Regular Wire of Net FE_PHN364_mcs4_core_i4004_ip_board_dram_array_2_9 & Regular Wire of Net FE_PHN1633_mcs4_core_i4004_ip_board_dram_array_2_9  ( Metal2 )
Bounds : ( 556.260, 475.085 ) ( 556.340, 475.165 )


SHORT: ( Metal Short ) Regular Wire of Net FE_PHN2733_mcs4_core_i4004_ip_board_dram_array_0_10 & Regular Wire of Net FE_PHN330_mcs4_core_i4004_ip_board_dram_array_3_11  ( Metal2 )
Bounds : ( 561.060, 485.130 ) ( 561.140, 485.260 )


SHORT: ( Metal Short ) Regular Wire of Net FE_PHN441_mcs4_core_i4004_ip_board_dram_array_0_5 & Regular Wire of Net FE_PHN2770_mcs4_core_i4004_ip_board_dram_array_0_5  ( Metal2 )
Bounds : ( 561.260, 510.590 ) ( 561.340, 510.720 )


SPACING: ( ParallelRunLength Spacing ) Regular Wire of Net mcs4_core_n_25079 & Regular Wire of Net FE_PHN149_mcs4_core_n_26330  ( Metal1 )
Bounds : ( 522.835, 483.395 ) ( 522.965, 483.445 )


SHORT: ( Metal Short ) Regular Wire of Net mcs4_core_n_23510 & Regular Wire of Net FE_PHN2776_mcs4_core_i4004_sp_board_dram_array_1_1  ( Metal2 )
Bounds : ( 601.660, 480.215 ) ( 601.740, 480.320 )


SHORT: ( Metal Short ) Regular Wire of Net FE_PHN1768_mcs4_core_i4004_sp_board_dram_array_6_1 & Regular Wire of Net FE_PHN2769_mcs4_core_i4004_sp_board_dram_array_6_2  ( Metal2 )
Bounds : ( 615.860, 481.900 ) ( 615.940, 482.030 )


SHORT: ( Metal Short ) Special Wire of Net VDD & Pin of Cell pad_vdd_ior  ( Metal4 )
Bounds : ( 470.000, 733.390 ) ( 470.000, 744.500 )


SHORT: ( Metal Short ) Regular Wire of Net mcs4_core_n_24708 & Pin of Cell mcs4_core_g31378__7098  ( Metal1 )
Bounds : ( 472.970, 431.015 ) ( 473.030, 431.075 )


SHORT: ( Metal Short ) Regular Wire of Net FE_PHN1700_mcs4_core_rom_1_srcff & Pin of Cell mcs4_core_g31430__1705  ( Metal1 )
Bounds : ( 473.160, 399.095 ) ( 473.220, 399.155 )


SHORT: ( Metal Short ) Regular Wire of Net FE_OFN0_mcs4_core_clk1_pad & Regular Wire of Net FE_PHN2810_mcs4_core_n_25465  ( Metal2 )
Bounds : ( 485.460, 430.600 ) ( 485.540, 430.730 )


SHORT: ( Metal Short ) Regular Wire of Net FE_PHN2773_mcs4_core_i4004_alu_board_acc_3 & Regular Wire of Net mcs4_core_i4004_alu_board_n_105  ( Metal2 )
Bounds : ( 516.260, 411.625 ) ( 516.340, 411.705 )


SHORT: ( Metal Short ) Regular Wire of Net FE_PHN781_mcs4_core_n_15452 & Regular Wire of Net mcs4_core_n_15458  ( Metal2 )
Bounds : ( 530.460, 416.945 ) ( 530.540, 417.025 )


SHORT: ( Metal Short ) Regular Wire of Net n_49 & Regular Wire of Net FE_PHN1640_mcs4_core_i4004_sp_board_dram_temp_7  ( Metal2 )
Bounds : ( 599.060, 425.090 ) ( 599.140, 425.220 )


SHORT: ( Metal Short ) Regular Wire of Net FE_PHN1642_mcs4_core_i4004_tio_board_L & Regular Wire of Net FE_PHN208_mcs4_core_i4004_tio_board_L  ( Metal2 )
Bounds : ( 501.460, 461.405 ) ( 501.540, 461.485 )


SHORT: ( Metal Short ) Regular Wire of Net FE_PHN180_mcs4_core_i4004_id_board_n_440 & Regular Wire of Net FE_PHN1155_mcs4_core_i4004_id_board_n_445  ( Metal2 )
Bounds : ( 511.860, 447.725 ) ( 511.940, 447.805 )


SHORT: ( Metal Short ) Regular Wire of Net FE_PHN267_mcs4_core_i4004_ip_board_incr_in_3 & Regular Wire of Net FE_PHN2759_mcs4_core_i4004_sp_board_reg_rfsh_0_master  ( Metal2 )
Bounds : ( 559.660, 468.055 ) ( 559.740, 468.135 )


SHORT: ( Metal Short ) Regular Wire of Net mcs4_core_n_15861 & Regular Wire of Net FE_PHN2752_mcs4_core_n_26284  ( Metal2 )
Bounds : ( 565.860, 462.900 ) ( 565.940, 463.030 )


SHORT: ( Metal Short ) Regular Wire of Net FE_PHN868_mcs4_core_n_25841 & Regular Wire of Net FE_PHN1639_mcs4_core_i4004_ip_board_incr_in_3  ( Metal2 )
Bounds : ( 570.260, 445.635 ) ( 570.340, 445.715 )


  Total Violations : 26 Viols.
