###############################################################
#  Generated by:      Cadence Innovus 21.12-s106_1
#  OS:                Linux x86_64(Host ID ip-10-16-10-154.rdius.us)
#  Generated on:      Sat May 17 17:25:37 2025
#  Design:            mcs4_pad_frame
#  Command:           checkPinAssignment -report_violating_pin
###############################################################

Start Checking pins of top cell: [mcs4_pad_frame] 
Summary report for top level: [mcs4_pad_frame] 
	Total Pads                         : 21
	Total Pins                         : 4
	Legally Assigned Pins              : 4
End of Summary report
End Checking pins of top cell: [mcs4_pad_frame] 


================================================================================================================================
                                                   checkPinAssignment Summary
================================================================================================================================
Partition        | pads  | pins   | legal  | illegal | internal | internal illegal | FT     | FT illegal | constant | unplaced |
================================================================================================================================
mcs4_pad_frame   |    21 |      4 |      4 |       0 |        0 |                0 |      0 |          0 |        0 |        0 |
================================================================================================================================
TOTAL            |    21 |      4 |      4 |       0 |        0 |                0 |      0 |          0 |        0 |        0 |
================================================================================================================================
