###############################################################
#  Generated by:      Cadence Innovus 21.12-s106_1
#  OS:                Linux x86_64(Host ID ip-10-16-10-154.rdius.us)
#  Generated on:      Wed May 14 04:15:34 2025
#  Design:            mcs4
#  Command:           report_ccopt_clock_trees -file outputs/reports/clock_trees.rpt
###############################################################

Clock DAG stats:
================

-------------------------------------------------------------
Cell type                     Count    Area       Capacitance
-------------------------------------------------------------
Buffers                        183     391.590       0.068
Inverters                        0       0.000       0.000
Integrated Clock Gates           0       0.000       0.000
Non-Integrated Clock Gates       0       0.000       0.000
Clock Logic                      0       0.000       0.000
All                            183     391.590       0.068
-------------------------------------------------------------


Clock DAG wire lengths:
=======================

--------------------
Type     Wire Length
--------------------
Top           0.000
Trunk     16713.235
Leaf       2592.055
Total     19305.290
--------------------


Clock DAG hp wire lengths:
==========================

-----------------------
Type     hp Wire Length
-----------------------
Top            0.000
Trunk      16559.930
Leaf         678.410
Total      17238.340
-----------------------


Clock DAG capacitances:
=======================

--------------------------------
Type     Gate     Wire     Total
--------------------------------
Top      0.000    0.000    0.000
Trunk    0.068    1.080    1.148
Leaf     0.138    0.193    0.331
Total    0.206    1.273    1.479
--------------------------------


Clock DAG sink capacitances:
============================

--------------------------------------------------------
Count    Total    Average    Std. Dev.    Min      Max
--------------------------------------------------------
 657     0.138     0.000       0.000      0.000    0.000
--------------------------------------------------------


Clock DAG net violations:
=========================

--------------------------------------------------------------------------------------------
Type                    Units    Count    Average    Std. Dev.    Sum      Top 10 violations
--------------------------------------------------------------------------------------------
Remaining Transition    ns         1       0.004       0.000      0.004    [0.004]
--------------------------------------------------------------------------------------------


Clock DAG primary half-corner transition distribution:
======================================================

-----------------------------------------------------------------------------------------------------------------------------------------------------------------------------------------------------------------------------
Net Type    Target    Count    Average    Std. Dev.    Min      Max      Distribution                                                                   Over Target
-----------------------------------------------------------------------------------------------------------------------------------------------------------------------------------------------------------------------------
Trunk       0.100      177      0.080       0.010      0.004    0.100    {2 <= 0.060ns, 115 <= 0.080ns, 27 <= 0.090ns, 16 <= 0.095ns, 17 <= 0.100ns}                                      -
Leaf        0.100        7      0.093       0.006      0.086    0.104    {0 <= 0.060ns, 0 <= 0.080ns, 3 <= 0.090ns, 2 <= 0.095ns, 1 <= 0.100ns}         {1 <= 0.105ns, 0 <= 0.110ns, 0 <= 0.120ns, 0 <= 0.150ns, 0 > 0.150ns}
-----------------------------------------------------------------------------------------------------------------------------------------------------------------------------------------------------------------------------


Clock DAG library cell distribution:
====================================

------------------------------------------
Name         Type      Inst     Inst Area 
                       Count    (um^2)
------------------------------------------
CLKBUFX20    buffer      5        41.040
CLKBUFX16    buffer      2        13.680
CLKBUFX12    buffer      1         5.130
CLKBUFX3     buffer     95       194.940
CLKBUFX2     buffer     80       136.800
------------------------------------------



Please note that the following tables reflect only the defined clock trees, so the flop counts might not include all flops in your design.

Clock Tree Summary:
===================

---------------------------------------------------------------------------------------------------------------------
Clock Tree  Clock  Bufs  Invs  Other  Max       Max     Max     Max          Standard   Wire   Gate   Clock Tree Root
Name        Gates              Clock  Non-leaf  Leaf    Length  Source-sink  cell area  cap    cap    
                               Cells  Fanout    Fanout  (um)    Resistance   (um^2)     (pF)   (pF)   
                                                                (Ohms)                                
---------------------------------------------------------------------------------------------------------------------
1MHz_CLK      0    183    0      0       7        97    154.44    4692.42     391.590   1.273  0.206  sysclk
---------------------------------------------------------------------------------------------------------------------

Clock Sink Summary:
===================

-------------------------------------------------------------------------------------------------------------------------------------------
Clock Tree  Explicit      Implicit      Explicit     Implicit     Explicit   Implicit   Posedge  Negedge  Memory  Enable  Non enable  Other
Name        exclude pins  exclude pins  ignore pins  ignore pins  stop pins  stop pins  Flops    Flops    Clock   Latch   Latch       Sinks
                                                                                                          Pins    Sinks   Sinks       
-------------------------------------------------------------------------------------------------------------------------------------------
1MHz_CLK         0             0             0            0           0          0        657       0       0       0         0         0
-------------------------------------------------------------------------------------------------------------------------------------------

Summary across all clock trees:
===============================

------------------------------------------------------------------------------------------------------------
Clock  Bufs  Invs  Other  Max       Average   Max     Average  Max      Max          Standard   Wire   Gate
Gates              Clock  Non-leaf  Non-leaf  Leaf    Leaf     Length   Source-sink  cell area  cap    cap
                   Cells  Fanout    Fanout    Fanout  Fanout   (um)     Resistance   (um^2)     (pF)   (pF)
                                                                        (Ohms)                         
------------------------------------------------------------------------------------------------------------
  0    183    0      0       7       1.0339     97    93.8571  154.440    469.242     391.590   1.273  0.206
------------------------------------------------------------------------------------------------------------

Clock Sink Summary across all clock trees:
==========================================

-------------------------------------------------------------------------------------------------------------------------------
Explicit      Implicit      Explicit     Implicit     Explicit   Implicit   Posedge  Negedge  Memory  Enable  Non enable  Other
exclude pins  exclude pins  ignore pins  ignore pins  stop pins  stop pins  Flops    Flops    Clock   Latch   Latch       Sinks
                                                                                              Pins    Sinks   Sinks       
-------------------------------------------------------------------------------------------------------------------------------
     0             0             0            0           0          0        657       0       0       0         0         0
-------------------------------------------------------------------------------------------------------------------------------

Physical metrics across all clock trees:
========================================

-----------------------------------------------------------------------
Metric                               Minimum  Average  Maximum  Std.dev
-----------------------------------------------------------------------
Source-sink routed net length (um)   42.285    94.421  154.440  17.496
Source-sink manhattan distance (um)  42.000    92.835  118.430  16.461
Source-sink resistance (Ohm)         71.355   116.792  469.242  47.225
-----------------------------------------------------------------------

Transition distribution for half-corner DelayCorner_WC:both.late:
=================================================================

-----------------------------------------------------------------------------------------------------------------------------------------------------------------------------------------------------------------------------
Net Type    Target    Count    Average    Std. Dev.    Min      Max      Distribution                                                                   Over Target
-----------------------------------------------------------------------------------------------------------------------------------------------------------------------------------------------------------------------------
Trunk       0.100      177      0.080       0.010      0.004    0.100    {2 <= 0.060ns, 115 <= 0.080ns, 27 <= 0.090ns, 16 <= 0.095ns, 17 <= 0.100ns}                                      -
Leaf        0.100        7      0.093       0.006      0.086    0.104    {0 <= 0.060ns, 0 <= 0.080ns, 3 <= 0.090ns, 2 <= 0.095ns, 1 <= 0.100ns}         {1 <= 0.105ns, 0 <= 0.110ns, 0 <= 0.120ns, 0 <= 0.150ns, 0 > 0.150ns}
-----------------------------------------------------------------------------------------------------------------------------------------------------------------------------------------------------------------------------

Count of violations across all clock trees:
===========================================

---------------------------------------------------------------------------------------
Clock Tree  # Max capacitance  # Max resistance  # Max length  # Max fanout  # Slew
Name        violations         violations        violations    violations    violations
---------------------------------------------------------------------------------------
1MHz_CLK            0                 0               0             0            96
---------------------------------------------------------------------------------------
Total               0                 0               0             0            96
---------------------------------------------------------------------------------------

Note the above table per clock tree is based on CCOpt clock tree view. The violations are counted across half corners.

Found a total of 0 clock tree pins with max capacitance violations.
Found a total of 0 clock tree nets with max resistance violations.
Found a total of 0 clock tree nets with max length violations.
Found a total of 0 clock tree nets with max fanout violations.
Found a total of 96 clock tree pins with a slew violation.

Slew violation summary across all clock trees - Top 10 violating pins:
======================================================================

Target and measured clock slews (in ns):

-----------------------------------------------------------------------------------------------------------------
Half corner               Violation  Slew    Slew      Dont   Ideal  Target    Pin
                          amount     target  achieved  touch  net?   source    
                                                       net?                    
-----------------------------------------------------------------------------------------------------------------
DelayCorner_WC:both.late    0.004    0.100    0.104    N      N      explicit  i4004_alu_board_acc_out_reg[0]/CK
DelayCorner_WC:both.late    0.004    0.100    0.104    N      N      explicit  i4004_alu_board_acc_out_reg[1]/CK
DelayCorner_WC:both.late    0.004    0.100    0.104    N      N      explicit  i4004_alu_board_acc_out_reg[2]/CK
DelayCorner_WC:both.late    0.004    0.100    0.104    N      N      explicit  i4004_sp_board_dram_temp_reg[4]/CK
DelayCorner_WC:both.late    0.004    0.100    0.104    N      N      explicit  i4004_sp_board_dram_temp_reg[5]/CK
DelayCorner_WC:both.late    0.004    0.100    0.104    N      N      explicit  i4004_sp_board_dram_temp_reg[7]/CK
DelayCorner_WC:both.late    0.004    0.100    0.104    N      N      explicit  i4004_sp_board_dram_temp_reg[6]/CK
DelayCorner_WC:both.late    0.004    0.100    0.104    N      N      explicit  i4004_alu_board_n0870_reg/CK
DelayCorner_WC:both.late    0.004    0.100    0.104    N      N      explicit  i4004_alu_board_n0871_reg/CK
DelayCorner_WC:both.late    0.004    0.100    0.104    N      N      explicit  i4004_alu_board_n0872_reg/CK
-----------------------------------------------------------------------------------------------------------------

Target sources:
auto extracted - target was extracted from SDC.
auto computed - target was computed when balancing trees.
explicit - target is explicitly set via target_max_trans property.
pin explicit - target is explicitly set for this pin via pin_target_max_trans property.
liberty explicit - target is explicitly set via max_transition from liberty library.

Found 0 pins on nets marked dont_touch that have slew violations.
Found 0 pins on nets marked dont_touch that do not have slew violations.
Found 0 pins on nets marked ideal_network that have slew violations.
Found 0 pins on nets marked ideal_network that do not have slew violations.


Report for clock tree: 1MHz_CLK:
================================

Clock Tree Gating Structure (Logical):

# Full cycle clock gates   : 0
Minimum clock gating depth : 0
Maximum clock gating depth : 0
Clock gate area (um^2)     : 0.000

Clock Tree Buffering Structure (Logical):

# Buffers             : 183
# Inverters           :   0
  Total               : 183
Minimum depth         : 177
Maximum depth         : 177
Buffering area (um^2) : 391.590

Clock Tree Level Structure (Logical):

-----------------------------------------------------------------
Level  Full   Posedge  Negedge  Memory  Enable  Non enable  Other
       Cycle  Flops    Flops    Clock   Latch   Latch       Sinks
                                Pins    Sinks   Sinks       
-----------------------------------------------------------------
root     0      657       0       0       0         0         0
-----------------------------------------------------------------
Total    0      657       0       0       0         0         0
-----------------------------------------------------------------

Target and measured clock slews (in ns):

------------------------------------------------------------------------------------------------------------------------------------
Timing Corner              Worst Rising  Worst Falling  Worst Rising  Worst Falling  Leaf Slew    Leaf Slew  Trunk Slew   Trunk Slew
                           Leaf Slew     Leaf Slew      Trunk Slew    Trunk Slew     Target Type  Target     Target Type  Target
------------------------------------------------------------------------------------------------------------------------------------
DelayCorner_BC:both.early     0.034          0.034         0.021          0.022      ignored          -      ignored          -
DelayCorner_BC:both.late      0.036          0.035         0.021          0.022      ignored          -      ignored          -
DelayCorner_WC:both.early     0.088          0.103         0.085          0.100      ignored          -      ignored          -
DelayCorner_WC:both.late      0.089          0.104         0.085          0.100      explicit     *0.100     explicit      0.100
------------------------------------------------------------------------------------------------------------------------------------

* - indicates that target was not met.

auto extracted - target was extracted from SDC.
auto computed - target was computed when balancing trees.

