============================================================
  Generated by:           Genus(TM) Synthesis Solution 20.11-s111_1
  Generated on:           May 15 2025  09:52:28 pm
  Module:                 mcs4_pad_frame
  Library domain:         TC_mcs4_slow
    Domain index:         0
    Technology libraries: slow_vdd1v0 1.0
                          giolib045 
  Library domain:         TC_mcs4_fast
    Domain index:         1
    Technology libraries: fast_vdd1v2 1.0
                          giolib045 
  Operating conditions:   PVT_0P9V_125C 
  Operating conditions:   PVT_1P32V_0C 
  Interconnect mode:      global
  Area mode:              physical library
============================================================

                                   Leakage                    Library 
   Gate    Instances     Area    Power (mW)      Library       Domain 
----------------------------------------------------------------------
ADDHX1            12      45.144      0.000    slow_vdd1v0          0 
AND2X1            63      86.184      0.000    slow_vdd1v0          0 
AND2X2            38      64.980      0.000    slow_vdd1v0          0 
AND2X4            11      30.096      0.000    slow_vdd1v0          0 
AND2X6            10      37.620      0.000    slow_vdd1v0          0 
AND2XL             2       2.736      0.000    slow_vdd1v0          0 
AND3X1             6      14.364      0.000    slow_vdd1v0          0 
AND3X2             1       2.736      0.000    slow_vdd1v0          0 
AND3X4             2       6.156      0.000    slow_vdd1v0          0 
AND3XL            13      26.676      0.000    slow_vdd1v0          0 
AND4X1            42     100.548      0.000    slow_vdd1v0          0 
AND4X4             2       7.524      0.000    slow_vdd1v0          0 
AO21X1             6      14.364      0.000    slow_vdd1v0          0 
AO21X2             2       5.472      0.000    slow_vdd1v0          0 
AO22X1            26      71.136      0.000    slow_vdd1v0          0 
AO22X2             3       9.234      0.000    slow_vdd1v0          0 
AOI211X2           3      10.260      0.000    slow_vdd1v0          0 
AOI21X1          101     172.710      0.000    slow_vdd1v0          0 
AOI222X2           4      21.888      0.000    slow_vdd1v0          0 
AOI22X2          139     522.918      0.000    slow_vdd1v0          0 
AOI2BB1X1          3       6.156      0.000    slow_vdd1v0          0 
AOI2BB1X2          4      12.312      0.000    slow_vdd1v0          0 
AOI2BB2X2          3      15.390      0.000    slow_vdd1v0          0 
BUFX16             1       6.840      0.000    slow_vdd1v0          0 
BUFX20             3      24.624      0.000    slow_vdd1v0          0 
BUFX3              1       2.052      0.000    slow_vdd1v0          0 
BUFX4              1       2.394      0.000    slow_vdd1v0          0 
BUFX6             13      40.014      0.000    slow_vdd1v0          0 
CLKINVX16          1       5.472      0.000    slow_vdd1v0          0 
CLKINVX3           3       5.130      0.000    slow_vdd1v0          0 
CLKINVX4          11      18.810      0.000    slow_vdd1v0          0 
CLKINVX6           3       7.182      0.000    slow_vdd1v0          0 
CLKMX2X2           1       3.078      0.000    slow_vdd1v0          0 
CLKXOR2X1          8      21.888      0.000    slow_vdd1v0          0 
DFFHQX1           34     186.048      0.000    slow_vdd1v0          0 
DFFQX1             2      11.628      0.000    slow_vdd1v0          0 
DFFQX2            16     103.968      0.000    slow_vdd1v0          0 
DFFQX4             9      64.638      0.000    slow_vdd1v0          0 
DFFSX4             1      10.944      0.000    slow_vdd1v0          0 
DFFTRX2            9      73.872      0.000    slow_vdd1v0          0 
DFFTRXL            1       7.866      0.000    slow_vdd1v0          0 
DFFX1             11      79.002      0.000    slow_vdd1v0          0 
DFFX2              5      41.040      0.000    slow_vdd1v0          0 
DFFX4              1       9.234      0.000    slow_vdd1v0          0 
EDFFHQX1           3      25.650      0.000    slow_vdd1v0          0 
EDFFHQX2           5      44.460      0.000    slow_vdd1v0          0 
EDFFX2             9      83.106      0.000    slow_vdd1v0          0 
EDFFX4             8      87.552      0.000    slow_vdd1v0          0 
INVX1             32      21.888      0.000    slow_vdd1v0          0 
INVX2             20      20.520      0.000    slow_vdd1v0          0 
INVX3             12      16.416      0.000    slow_vdd1v0          0 
INVX6              1       2.394      0.000    slow_vdd1v0          0 
INVXL              1       0.684      0.000    slow_vdd1v0          0 
MX2X1             19      45.486      0.000    slow_vdd1v0          0 
MX3X1              1       5.130      0.000    slow_vdd1v0          0 
MX3X4              1       6.498      0.000    slow_vdd1v0          0 
MXI2X1             6      16.416      0.000    slow_vdd1v0          0 
MXI2X2             1       4.446      0.000    slow_vdd1v0          0 
NAND2BX1          27      36.936      0.000    slow_vdd1v0          0 
NAND2BX2           5      11.970      0.000    slow_vdd1v0          0 
NAND2BX4           1       3.762      0.000    slow_vdd1v0          0 
NAND2X1           46      47.196      0.000    slow_vdd1v0          0 
NAND2X2           11      18.810      0.000    slow_vdd1v0          0 
NAND2X4            1       3.420      0.000    slow_vdd1v0          0 
NAND2XL            4       4.104      0.000    slow_vdd1v0          0 
NAND3BX2           8      24.624      0.000    slow_vdd1v0          0 
NAND3X2            6      16.416      0.000    slow_vdd1v0          0 
NOR2BX1           84     114.912      0.000    slow_vdd1v0          0 
NOR2BX2            9      24.624      0.000    slow_vdd1v0          0 
NOR2BX4            8      30.096      0.000    slow_vdd1v0          0 
NOR2X1            28      28.728      0.000    slow_vdd1v0          0 
NOR2X2            51      87.210      0.000    slow_vdd1v0          0 
NOR2X4             4      12.312      0.000    slow_vdd1v0          0 
NOR3BX2            1       3.420      0.000    slow_vdd1v0          0 
NOR3X2             3       8.208      0.000    slow_vdd1v0          0 
NOR4BX2            2       9.576      0.000    slow_vdd1v0          0 
NOR4X2             2       6.840      0.000    slow_vdd1v0          0 
OA21X1            10      20.520      0.000    slow_vdd1v0          0 
OA21X2             1       3.078      0.000    slow_vdd1v0          0 
OA21X4             1       3.762      0.000    slow_vdd1v0          0 
OA22X1             9      21.546      0.000    slow_vdd1v0          0 
OAI211X2           1       4.104      0.000    slow_vdd1v0          0 
OAI21X1           18      30.780      0.000    slow_vdd1v0          0 
OAI21X2            2       6.156      0.000    slow_vdd1v0          0 
OAI21X4            1       4.788      0.000    slow_vdd1v0          0 
OAI22XL            3       6.156      0.000    slow_vdd1v0          0 
OAI2BB1X1         49      83.790      0.000    slow_vdd1v0          0 
OAI2BB2X2          2      10.944      0.000    slow_vdd1v0          0 
OAI31X2            1       3.762      0.000    slow_vdd1v0          0 
OAI31X4            1       6.840      0.000    slow_vdd1v0          0 
OR2X1             34      46.512      0.000    slow_vdd1v0          0 
OR2X2             86     147.060      0.000    slow_vdd1v0          0 
OR2X4             17      46.512      0.000    slow_vdd1v0          0 
OR3X1             11      22.572      0.000    slow_vdd1v0          0 
OR3X2              3       7.182      0.000    slow_vdd1v0          0 
OR3X4              1       3.078      0.000    slow_vdd1v0          0 
OR4X1             11      22.572      0.000    slow_vdd1v0          0 
OR4X2              1       3.420      0.000    slow_vdd1v0          0 
PADDI              3   43200.000      0.001    giolib045            0 
PADDO             18  259200.000      1.373    giolib045            0 
PADVDD             2   28800.000      0.000    physical_cells       0 
PADVDDIOR          1   14400.000      0.000    physical_cells       0 
PADVSS             1   14400.000      0.000    physical_cells       0 
PADVSSIOR          1   14400.000      0.000    physical_cells       0 
SDFFHQX2          10      92.340      0.000    slow_vdd1v0          0 
SDFFHQX8           1      11.286      0.000    slow_vdd1v0          0 
SDFFQX1          525    3950.100      0.000    slow_vdd1v0          0 
SDFFQX2            8      65.664      0.000    slow_vdd1v0          0 
SDFFQX4            2      18.468      0.000    slow_vdd1v0          0 
SDFFTRX1           1      10.944      0.000    slow_vdd1v0          0 
TBUFX2            20      75.240      0.000    slow_vdd1v0          0 
TBUFX3             4      17.784      0.000    slow_vdd1v0          0 
XNOR2X1            6      14.364      0.000    slow_vdd1v0          0 
----------------------------------------------------------------------
total           1917  382047.462      1.374                   


                                                  Leakage  Leakage 
    Library    Instances Instances %    Area    Power (mW) Power % 
-------------------------------------------------------------------
giolib045             21         1.1 302400.000      1.373   100.0 
physical_cells         5         0.3  72000.000      0.000     0.0 
slow_vdd1v0         1891        98.6   7647.462      0.000     0.0 

                                             Leakage  Leakage 
     Type      Instances    Area    Area % Power (mW) Power % 
--------------------------------------------------------------
timing_model          21 302400.000   79.2      1.373   100.0 
sequential           661   4977.810    1.3      0.000     0.0 
inverter              84     98.496    0.0      0.000     0.0 
buffer                19     75.924    0.0      0.000     0.0 
tristate              24     93.024    0.0      0.000     0.0 
logic               1108  74402.208   19.5      0.000     0.0 
physical_cells         0      0.000    0.0      0.000     0.0 
--------------------------------------------------------------
total               1917 382047.462  100.0      1.374   100.0 

