============================================================
  Generated by:           Genus(TM) Synthesis Solution 20.11-s111_1
  Generated on:           May 13 2025  05:00:26 am
  Module:                 mcs4
  Technology libraries:   slow_vdd1v0 1.0
                          physical_cells 
  Operating conditions:   PVT_0P9V_125C 
  Interconnect mode:      global
  Area mode:              physical library
============================================================

                                        Leakage  Leakage 
     Type      Instances  Area Area % Power (mW) Power % 
---------------------------------------------------------
sequential           655 0.000    0.0      0.000    61.3 
inverter              36 0.000    0.0      0.000     0.4 
tristate              36 0.000    0.0      0.000     1.6 
logic               2494 0.000    0.0      0.000    36.7 
physical_cells         0 0.000    0.0      0.000     0.0 
---------------------------------------------------------
total               3221 0.000    0.0      0.000   100.0 

