============================================================
  Generated by:           Genus(TM) Synthesis Solution 20.11-s111_1
  Generated on:           May 15 2025  08:23:45 pm
  Module:                 mcs4_pad_frame
  Library domain:         TC_mcs4_slow
    Domain index:         0
    Technology libraries: slow_vdd1v0 1.0
                          giolib045 
  Library domain:         TC_mcs4_fast
    Domain index:         1
    Technology libraries: fast_vdd1v2 1.0
                          giolib045 
  Operating conditions:   PVT_0P9V_125C 
  Operating conditions:   PVT_1P32V_0C 
  Interconnect mode:      global
  Area mode:              physical library
============================================================

                                   Leakage                    Library 
   Gate    Instances     Area    Power (mW)      Library       Domain 
----------------------------------------------------------------------
BUFX6              8      24.624      0.000    slow_vdd1v0          0 
PADDI              3   43200.000      0.001    giolib045            0 
PADDO             18  259200.000      1.373    giolib045            0 
PADVDD             2   28800.000      0.000    physical_cells       0 
PADVDDIOR          1   14400.000      0.000    physical_cells       0 
PADVSS             1   14400.000      0.000    physical_cells       0 
PADVSSIOR          1   14400.000      0.000    physical_cells       0 
----------------------------------------------------------------------
total             34  374424.624      1.373                   


                                                  Leakage  Leakage 
    Library    Instances Instances %    Area    Power (mW) Power % 
-------------------------------------------------------------------
giolib045             21        61.8 302400.000      1.373   100.0 
physical_cells         5        14.7  72000.000      0.000     0.0 
slow_vdd1v0            8        23.5     24.624      0.000     0.0 

                                             Leakage  Leakage 
     Type      Instances    Area    Area % Power (mW) Power % 
--------------------------------------------------------------
timing_model          21 302400.000   80.8      1.373   100.0 
sequential           661      0.000    0.0      0.000     0.0 
inverter              34      0.000    0.0      0.000     0.0 
buffer                 8     24.624    0.0      0.000     0.0 
tristate              24      0.000    0.0      0.000     0.0 
logic               2749  72000.000   19.2      0.000     0.0 
physical_cells         0      0.000    0.0      0.000     0.0 
--------------------------------------------------------------
total               3497 374424.624  100.0      1.373   100.0 

