============================================================
  Generated by:           Genus(TM) Synthesis Solution 20.11-s111_1
  Generated on:           May 15 2025  08:24:45 pm
  Module:                 mcs4_pad_frame
  Library domain:         TC_mcs4_slow
    Domain index:         0
    Technology libraries: slow_vdd1v0 1.0
                          giolib045 
  Library domain:         TC_mcs4_fast
    Domain index:         1
    Technology libraries: fast_vdd1v2 1.0
                          giolib045 
  Operating conditions:   PVT_0P9V_125C 
  Operating conditions:   PVT_1P32V_0C 
  Interconnect mode:      global
  Area mode:              physical library
============================================================

   Instance    Module  Cell Count  Cell Area  Net Area   Total Area 
--------------------------------------------------------------------
mcs4_pad_frame               1917 382047.462  2517.860   384565.322 
