============================================================
  Generated by:           Genus(TM) Synthesis Solution 20.11-s111_1
  Generated on:           May 15 2025  08:25:05 pm
  Module:                 mcs4_pad_frame
  Library domain:         TC_mcs4_slow
    Domain index:         0
    Technology libraries: slow_vdd1v0 1.0
                          giolib045 
  Library domain:         TC_mcs4_fast
    Domain index:         1
    Technology libraries: fast_vdd1v2 1.0
                          giolib045 
  Operating conditions:   PVT_0P9V_125C 
  Operating conditions:   PVT_1P32V_0C 
  Interconnect mode:      global
  Area mode:              physical library
============================================================

                                   Leakage                    Library 
   Gate    Instances     Area    Power (mW)      Library       Domain 
----------------------------------------------------------------------
ADDHX1            12      45.144      0.000    slow_vdd1v0          0 
AND2X1            55      75.240      0.000    slow_vdd1v0          0 
AND2X2            42      71.820      0.000    slow_vdd1v0          0 
AND2X4            13      35.568      0.000    slow_vdd1v0          0 
AND2X6            10      37.620      0.000    slow_vdd1v0          0 
AND2XL             2       2.736      0.000    slow_vdd1v0          0 
AND3X1             6      14.364      0.000    slow_vdd1v0          0 
AND3X2             1       2.736      0.000    slow_vdd1v0          0 
AND3X4             2       6.156      0.000    slow_vdd1v0          0 
AND3XL            13      26.676      0.000    slow_vdd1v0          0 
AND4X1            42     100.548      0.000    slow_vdd1v0          0 
AND4X4             2       7.524      0.000    slow_vdd1v0          0 
AO21X1             6      14.364      0.000    slow_vdd1v0          0 
AO21X2             2       5.472      0.000    slow_vdd1v0          0 
AO22X1            22      60.192      0.000    slow_vdd1v0          0 
AO22X2             3       9.234      0.000    slow_vdd1v0          0 
AOI211X2           3      10.260      0.000    slow_vdd1v0          0 
AOI21X1           75     128.250      0.000    slow_vdd1v0          0 
AOI21X2           20      54.720      0.000    slow_vdd1v0          0 
AOI222X2           8      43.776      0.000    slow_vdd1v0          0 
AOI22X2          141     530.442      0.000    slow_vdd1v0          0 
AOI2BB1X1          3       6.156      0.000    slow_vdd1v0          0 
AOI2BB1X2          4      12.312      0.000    slow_vdd1v0          0 
AOI2BB2X2          3      15.390      0.000    slow_vdd1v0          0 
BUFX12            10      51.300      0.000    slow_vdd1v0          0 
BUFX2             30      51.300      0.000    slow_vdd1v0          0 
BUFX3              9      18.468      0.000    slow_vdd1v0          0 
BUFX4              5      11.970      0.000    slow_vdd1v0          0 
BUFX6              9      27.702      0.000    slow_vdd1v0          0 
BUFX8              6      22.572      0.000    slow_vdd1v0          0 
CLKBUFX2           3       5.130      0.000    slow_vdd1v0          0 
CLKINVX3           3       5.130      0.000    slow_vdd1v0          0 
CLKINVX4          12      20.520      0.000    slow_vdd1v0          0 
CLKINVX6           1       2.394      0.000    slow_vdd1v0          0 
CLKINVX8           1       3.078      0.000    slow_vdd1v0          0 
CLKMX2X2           1       3.078      0.000    slow_vdd1v0          0 
CLKXOR2X1          8      21.888      0.000    slow_vdd1v0          0 
DFFHQX1           36     196.992      0.000    slow_vdd1v0          0 
DFFQX2            16     103.968      0.000    slow_vdd1v0          0 
DFFQX4             9      64.638      0.000    slow_vdd1v0          0 
DFFSX4             1      10.944      0.000    slow_vdd1v0          0 
DFFTRX2            9      73.872      0.000    slow_vdd1v0          0 
DFFTRXL            1       7.866      0.000    slow_vdd1v0          0 
DFFX1             11      79.002      0.000    slow_vdd1v0          0 
DFFX2              6      49.248      0.000    slow_vdd1v0          0 
EDFFHQX2           5      44.460      0.000    slow_vdd1v0          0 
EDFFX2            14     129.276      0.000    slow_vdd1v0          0 
EDFFX4             3      32.832      0.000    slow_vdd1v0          0 
INVX1             53      36.252      0.000    slow_vdd1v0          0 
INVX2             19      19.494      0.000    slow_vdd1v0          0 
INVX3              3       4.104      0.000    slow_vdd1v0          0 
INVX6              1       2.394      0.000    slow_vdd1v0          0 
INVXL              1       0.684      0.000    slow_vdd1v0          0 
MX2X1             19      45.486      0.000    slow_vdd1v0          0 
MX3X1              1       5.130      0.000    slow_vdd1v0          0 
MX3X4              1       6.498      0.000    slow_vdd1v0          0 
MXI2X2             7      31.122      0.000    slow_vdd1v0          0 
NAND2BX1          23      31.464      0.000    slow_vdd1v0          0 
NAND2BX2           5      11.970      0.000    slow_vdd1v0          0 
NAND2BX4           1       3.762      0.000    slow_vdd1v0          0 
NAND2X1           42      43.092      0.000    slow_vdd1v0          0 
NAND2X2           11      18.810      0.000    slow_vdd1v0          0 
NAND2X4            1       3.420      0.000    slow_vdd1v0          0 
NAND2XL            4       4.104      0.000    slow_vdd1v0          0 
NAND3BX2           8      24.624      0.000    slow_vdd1v0          0 
NAND3X2           10      27.360      0.000    slow_vdd1v0          0 
NOR2BX1           84     114.912      0.000    slow_vdd1v0          0 
NOR2BX2            8      21.888      0.000    slow_vdd1v0          0 
NOR2BX4            9      33.858      0.000    slow_vdd1v0          0 
NOR2X1            28      28.728      0.000    slow_vdd1v0          0 
NOR2X2            34      58.140      0.000    slow_vdd1v0          0 
NOR2X4            21      64.638      0.000    slow_vdd1v0          0 
NOR3BX2            1       3.420      0.000    slow_vdd1v0          0 
NOR3X2             3       8.208      0.000    slow_vdd1v0          0 
NOR4BX2            2       9.576      0.000    slow_vdd1v0          0 
NOR4X2             2       6.840      0.000    slow_vdd1v0          0 
OA21X1            10      20.520      0.000    slow_vdd1v0          0 
OA21X2             2       6.156      0.000    slow_vdd1v0          0 
OA22X1             9      21.546      0.000    slow_vdd1v0          0 
OAI211X2           1       4.104      0.000    slow_vdd1v0          0 
OAI21X1           16      27.360      0.000    slow_vdd1v0          0 
OAI21X2            1       3.078      0.000    slow_vdd1v0          0 
OAI21X4            4      19.152      0.000    slow_vdd1v0          0 
OAI22XL            3       6.156      0.000    slow_vdd1v0          0 
OAI2BB1X1         47      80.370      0.000    slow_vdd1v0          0 
OAI2BB1X2          2       6.156      0.000    slow_vdd1v0          0 
OAI2BB2X2          2      10.944      0.000    slow_vdd1v0          0 
OAI31X2            1       3.762      0.000    slow_vdd1v0          0 
OAI31X4            1       6.840      0.000    slow_vdd1v0          0 
OR2X1             33      45.144      0.000    slow_vdd1v0          0 
OR2X2             84     143.640      0.000    slow_vdd1v0          0 
OR2X4             20      54.720      0.000    slow_vdd1v0          0 
OR3X1             11      22.572      0.000    slow_vdd1v0          0 
OR3X2              3       7.182      0.000    slow_vdd1v0          0 
OR3X4              1       3.078      0.000    slow_vdd1v0          0 
OR4X1             11      22.572      0.000    slow_vdd1v0          0 
OR4X2              1       3.420      0.000    slow_vdd1v0          0 
PADDI              3   43200.000      0.001    giolib045            0 
PADDO             18  259200.000      1.373    giolib045            0 
PADVDD             2   28800.000      0.000    physical_cells       0 
PADVDDIOR          1   14400.000      0.000    physical_cells       0 
PADVSS             1   14400.000      0.000    physical_cells       0 
PADVSSIOR          1   14400.000      0.000    physical_cells       0 
SDFFHQX4           1       9.234      0.000    slow_vdd1v0          0 
SDFFQX1          529    3980.196      0.000    slow_vdd1v0          0 
SDFFQX2           17     139.536      0.000    slow_vdd1v0          0 
SDFFQX4            2      18.468      0.000    slow_vdd1v0          0 
SDFFTRX1           1      10.944      0.000    slow_vdd1v0          0 
TBUFX2            21      79.002      0.000    slow_vdd1v0          0 
TBUFX3             3      13.338      0.000    slow_vdd1v0          0 
XNOR2X1            6      14.364      0.000    slow_vdd1v0          0 
----------------------------------------------------------------------
total           1970  382207.860      1.374                   


                                                  Leakage  Leakage 
    Library    Instances Instances %    Area    Power (mW) Power % 
-------------------------------------------------------------------
giolib045             21         1.1 302400.000      1.373   100.0 
physical_cells         5         0.3  72000.000      0.000     0.0 
slow_vdd1v0         1944        98.7   7807.860      0.000     0.0 

                                             Leakage  Leakage 
     Type      Instances    Area    Area % Power (mW) Power % 
--------------------------------------------------------------
timing_model          21 302400.000   79.1      1.373   100.0 
sequential           661   4951.476    1.3      0.000     0.0 
inverter              94     94.050    0.0      0.000     0.0 
buffer                72    188.442    0.0      0.000     0.0 
tristate              24     92.340    0.0      0.000     0.0 
logic               1098  74481.552   19.5      0.000     0.0 
physical_cells         0      0.000    0.0      0.000     0.0 
--------------------------------------------------------------
total               1970 382207.860  100.0      1.374   100.0 

