###############################################################
#  Generated by:      Cadence Innovus 21.12-s106_1
#  OS:                Linux x86_64(Host ID ip-10-16-10-154.rdius.us)
#  Generated on:      Wed May 14 04:55:55 2025
#  Design:            mcs4
#  Command:           report_ccopt_clock_trees -file outputs/reports/clock_trees.rpt
###############################################################

Clock DAG stats:
================

--------------------------------------------------------------
Cell type                     Count    Area        Capacitance
--------------------------------------------------------------
Buffers                        712     1449.396       0.258
Inverters                        0        0.000       0.000
Integrated Clock Gates           0        0.000       0.000
Non-Integrated Clock Gates       0        0.000       0.000
Clock Logic                      0        0.000       0.000
All                            712     1449.396       0.258
--------------------------------------------------------------


Clock DAG wire lengths:
=======================

--------------------
Type     Wire Length
--------------------
Top           0.000
Trunk     67338.930
Leaf       2657.310
Total     69996.240
--------------------


Clock DAG hp wire lengths:
==========================

-----------------------
Type     hp Wire Length
-----------------------
Top            0.000
Trunk      66783.040
Leaf         768.470
Total      67551.510
-----------------------


Clock DAG capacitances:
=======================

--------------------------------
Type     Gate     Wire     Total
--------------------------------
Top      0.000    0.000    0.000
Trunk    0.258    4.647    4.905
Leaf     0.138    0.211    0.349
Total    0.396    4.857    5.254
--------------------------------


Clock DAG sink capacitances:
============================

--------------------------------------------------------
Count    Total    Average    Std. Dev.    Min      Max
--------------------------------------------------------
 657     0.138     0.000       0.000      0.000    0.000
--------------------------------------------------------


Clock DAG net violations:
=========================

--------------------------------------------------------------------------------------------
Type                    Units    Count    Average    Std. Dev.    Sum      Top 10 violations
--------------------------------------------------------------------------------------------
Remaining Transition    ns         1       0.001       0.000      0.001    [0.001]
--------------------------------------------------------------------------------------------


Clock DAG primary half-corner transition distribution:
======================================================

------------------------------------------------------------------------------------------------------------------------------------------------------------------------------------------------------------------------------
Net Type    Target    Count    Average    Std. Dev.    Min      Max      Distribution                                                                    Over Target
------------------------------------------------------------------------------------------------------------------------------------------------------------------------------------------------------------------------------
Trunk       0.100      706      0.080       0.008      0.004    0.100    {6 <= 0.060ns, 371 <= 0.080ns, 249 <= 0.090ns, 27 <= 0.095ns, 53 <= 0.100ns}                                      -
Leaf        0.100        7      0.095       0.004      0.090    0.101    {0 <= 0.060ns, 0 <= 0.080ns, 0 <= 0.090ns, 4 <= 0.095ns, 2 <= 0.100ns}          {1 <= 0.105ns, 0 <= 0.110ns, 0 <= 0.120ns, 0 <= 0.150ns, 0 > 0.150ns}
------------------------------------------------------------------------------------------------------------------------------------------------------------------------------------------------------------------------------


Clock DAG library cell distribution:
====================================

------------------------------------------
Name         Type      Inst     Inst Area 
                       Count    (um^2)
------------------------------------------
CLKBUFX20    buffer       7        57.456
CLKBUFX16    buffer       1         6.840
CLKBUFX6     buffer       1         3.078
CLKBUFX3     buffer     526      1079.352
CLKBUFX2     buffer     177       302.670
------------------------------------------



Please note that the following tables reflect only the defined clock trees, so the flop counts might not include all flops in your design.

Clock Tree Summary:
===================

---------------------------------------------------------------------------------------------------------------------
Clock Tree  Clock  Bufs  Invs  Other  Max       Max     Max     Max          Standard   Wire   Gate   Clock Tree Root
Name        Gates              Clock  Non-leaf  Leaf    Length  Source-sink  cell area  cap    cap    
                               Cells  Fanout    Fanout  (um)    Resistance   (um^2)     (pF)   (pF)   
                                                                (Ohms)                                
---------------------------------------------------------------------------------------------------------------------
250kHz_CLK    0    712    0      0       7        99    168.65    5027.62    1449.396   4.857  0.396  sysclk
---------------------------------------------------------------------------------------------------------------------

Clock Sink Summary:
===================

-------------------------------------------------------------------------------------------------------------------------------------------
Clock Tree  Explicit      Implicit      Explicit     Implicit     Explicit   Implicit   Posedge  Negedge  Memory  Enable  Non enable  Other
Name        exclude pins  exclude pins  ignore pins  ignore pins  stop pins  stop pins  Flops    Flops    Clock   Latch   Latch       Sinks
                                                                                                          Pins    Sinks   Sinks       
-------------------------------------------------------------------------------------------------------------------------------------------
250kHz_CLK       0             0             0            0           0          0        657       0       0       0         0         0
-------------------------------------------------------------------------------------------------------------------------------------------

Summary across all clock trees:
===============================

------------------------------------------------------------------------------------------------------------
Clock  Bufs  Invs  Other  Max       Average   Max     Average  Max      Max          Standard   Wire   Gate
Gates              Clock  Non-leaf  Non-leaf  Leaf    Leaf     Length   Source-sink  cell area  cap    cap
                   Cells  Fanout    Fanout    Fanout  Fanout   (um)     Resistance   (um^2)     (pF)   (pF)
                                                                        (Ohms)                         
------------------------------------------------------------------------------------------------------------
  0    712    0      0       7       1.0085     99    93.8571  168.650    502.762    1449.396   4.857  0.396
------------------------------------------------------------------------------------------------------------

Clock Sink Summary across all clock trees:
==========================================

-------------------------------------------------------------------------------------------------------------------------------
Explicit      Implicit      Explicit     Implicit     Explicit   Implicit   Posedge  Negedge  Memory  Enable  Non enable  Other
exclude pins  exclude pins  ignore pins  ignore pins  stop pins  stop pins  Flops    Flops    Clock   Latch   Latch       Sinks
                                                                                              Pins    Sinks   Sinks       
-------------------------------------------------------------------------------------------------------------------------------
     0             0             0            0           0          0        657       0       0       0         0         0
-------------------------------------------------------------------------------------------------------------------------------

Physical metrics across all clock trees:
========================================

-----------------------------------------------------------------------
Metric                               Minimum  Average  Maximum  Std.dev
-----------------------------------------------------------------------
Source-sink routed net length (um)   19.145    95.667  168.650  16.649
Source-sink manhattan distance (um)  18.980    94.438  123.460  16.126
Source-sink resistance (Ohm)         59.411   137.070  502.762  32.622
-----------------------------------------------------------------------

Transition distribution for half-corner DelayCorner_WC:both.late:
=================================================================

------------------------------------------------------------------------------------------------------------------------------------------------------------------------------------------------------------------------------
Net Type    Target    Count    Average    Std. Dev.    Min      Max      Distribution                                                                    Over Target
------------------------------------------------------------------------------------------------------------------------------------------------------------------------------------------------------------------------------
Trunk       0.100      706      0.080       0.008      0.004    0.100    {6 <= 0.060ns, 371 <= 0.080ns, 249 <= 0.090ns, 27 <= 0.095ns, 53 <= 0.100ns}                                      -
Leaf        0.100        7      0.095       0.004      0.090    0.101    {0 <= 0.060ns, 0 <= 0.080ns, 0 <= 0.090ns, 4 <= 0.095ns, 2 <= 0.100ns}          {1 <= 0.105ns, 0 <= 0.110ns, 0 <= 0.120ns, 0 <= 0.150ns, 0 > 0.150ns}
------------------------------------------------------------------------------------------------------------------------------------------------------------------------------------------------------------------------------

Count of violations across all clock trees:
===========================================

---------------------------------------------------------------------------------------
Clock Tree  # Max capacitance  # Max resistance  # Max length  # Max fanout  # Slew
Name        violations         violations        violations    violations    violations
---------------------------------------------------------------------------------------
250kHz_CLK          0                 0               0             0            84
---------------------------------------------------------------------------------------
Total               0                 0               0             0            84
---------------------------------------------------------------------------------------

Note the above table per clock tree is based on CCOpt clock tree view. The violations are counted across half corners.

Found a total of 0 clock tree pins with max capacitance violations.
Found a total of 0 clock tree nets with max resistance violations.
Found a total of 0 clock tree nets with max length violations.
Found a total of 0 clock tree nets with max fanout violations.
Found a total of 84 clock tree pins with a slew violation.

Slew violation summary across all clock trees - Top 10 violating pins:
======================================================================

Target and measured clock slews (in ns):

----------------------------------------------------------------------------------------------------------
Half corner               Violation  Slew    Slew      Dont   Ideal  Target    Pin
                          amount     target  achieved  touch  net?   source    
                                                       net?                    
----------------------------------------------------------------------------------------------------------
DelayCorner_WC:both.late    0.001    0.100    0.101    N      N      explicit  shiftreg_shifter_reg[1]/CK
DelayCorner_WC:both.late    0.001    0.100    0.101    N      N      explicit  shiftreg_shifter_reg[2]/CK
DelayCorner_WC:both.late    0.001    0.100    0.101    N      N      explicit  shiftreg_shifter_reg[3]/CK
DelayCorner_WC:both.late    0.001    0.100    0.101    N      N      explicit  shiftreg_shifter_reg[4]/CK
DelayCorner_WC:both.late    0.001    0.100    0.101    N      N      explicit  shiftreg_shifter_reg[5]/CK
DelayCorner_WC:both.late    0.001    0.100    0.101    N      N      explicit  shiftreg_shifter_reg[6]/CK
DelayCorner_WC:both.late    0.001    0.100    0.101    N      N      explicit  shiftreg_shifter_reg[7]/CK
DelayCorner_WC:both.late    0.001    0.100    0.101    N      N      explicit  shiftreg_shifter_reg[8]/CK
DelayCorner_WC:both.late    0.001    0.100    0.101    N      N      explicit  shiftreg_shifter_reg[9]/CK
DelayCorner_WC:both.late    0.001    0.100    0.101    N      N      explicit  shiftreg_cp_delay_reg[0]/CK
----------------------------------------------------------------------------------------------------------

Target sources:
auto extracted - target was extracted from SDC.
auto computed - target was computed when balancing trees.
explicit - target is explicitly set via target_max_trans property.
pin explicit - target is explicitly set for this pin via pin_target_max_trans property.
liberty explicit - target is explicitly set via max_transition from liberty library.

Found 0 pins on nets marked dont_touch that have slew violations.
Found 0 pins on nets marked dont_touch that do not have slew violations.
Found 0 pins on nets marked ideal_network that have slew violations.
Found 0 pins on nets marked ideal_network that do not have slew violations.


Report for clock tree: 250kHz_CLK:
==================================

Clock Tree Gating Structure (Logical):

# Full cycle clock gates   : 0
Minimum clock gating depth : 0
Maximum clock gating depth : 0
Clock gate area (um^2)     : 0.000

Clock Tree Buffering Structure (Logical):

# Buffers             :  712
# Inverters           :    0
  Total               :  712
Minimum depth         :  705
Maximum depth         :  706
Buffering area (um^2) : 1449.396

Clock Tree Level Structure (Logical):

-----------------------------------------------------------------
Level  Full   Posedge  Negedge  Memory  Enable  Non enable  Other
       Cycle  Flops    Flops    Clock   Latch   Latch       Sinks
                                Pins    Sinks   Sinks       
-----------------------------------------------------------------
root     0      657       0       0       0         0         0
-----------------------------------------------------------------
Total    0      657       0       0       0         0         0
-----------------------------------------------------------------

Target and measured clock slews (in ns):

------------------------------------------------------------------------------------------------------------------------------------
Timing Corner              Worst Rising  Worst Falling  Worst Rising  Worst Falling  Leaf Slew    Leaf Slew  Trunk Slew   Trunk Slew
                           Leaf Slew     Leaf Slew      Trunk Slew    Trunk Slew     Target Type  Target     Target Type  Target
------------------------------------------------------------------------------------------------------------------------------------
DelayCorner_BC:both.early     0.035          0.035         0.021          0.022      ignored          -      ignored          -
DelayCorner_BC:both.late      0.037          0.036         0.022          0.022      ignored          -      ignored          -
DelayCorner_WC:both.early     0.085          0.101         0.084          0.100      ignored          -      ignored          -
DelayCorner_WC:both.late      0.086          0.101         0.085          0.100      explicit     *0.100     explicit      0.100
------------------------------------------------------------------------------------------------------------------------------------

* - indicates that target was not met.

auto extracted - target was extracted from SDC.
auto computed - target was computed when balancing trees.

