
Cadence Innovus(TM) Implementation System.
Copyright 2021 Cadence Design Systems, Inc. All rights reserved worldwide.

Version:	v21.12-s106_1, built Wed Dec 8 18:19:02 PST 2021
Options:	
Date:		Wed May 14 03:57:12 2025
Host:		ip-10-16-10-154.rdius.us (x86_64 w/Linux 3.10.0-1160.119.1.el7.x86_64) (2cores*4cpus*Intel(R) Xeon(R) Platinum 8259CL CPU @ 2.50GHz 36608KB)
OS:		Red Hat Enterprise Linux Server release 7.9 (Maipo)

License:
		[03:57:12.302481] Configured Lic search path (20.02-s004): 50009@10.16.0.85

		invs	Innovus Implementation System	21.1	checkout succeeded
		8 CPU jobs allowed with the current license(s). Use setMultiCpuUsage to set your required CPU count.
Change the soft stacksize limit to 0.2%RAM (31 mbytes). Set global soft_stack_size_limit to change the value.

**INFO:  MMMC transition support version v31-84 

<CMD> set_global _enable_mmmc_by_default_flow      $CTE::mmmc_default
<CMD> suppressMessage ENCEXT-2799
<CMD> win
<CMD> save_global mcs4.globals
<CMD> set init_lef_file {/CMC/kits/cadence/GPDK045/gsclib045_all_v4.4/gsclib045/lef/gsclib045_tech.lef /CMC/kits/cadence/GPDK045/gsclib045_all_v4.4/gsclib045/lef/gsclib045_macro.lef /CMC/kits/cadence/GPDK045/gsclib045_all_v4.4/gsclib045/lef/gsclib045_multibitsDFF.lef}
<CMD> set init_verilog ../../release/v0.0.2/mcs4_opt.v
<CMD> set init_mmmc_file ../../release/v0.0.2/WC_BC_GPDK045_mcs4_Analysis.view
<CMD> set init_top_cell mcs4
<CMD> init_design
#% Begin Load MMMC data ... (date=05/14 03:58:44, mem=649.4M)
#% End Load MMMC data ... (date=05/14 03:58:44, total cpu=0:00:00.0, real=0:00:00.0, peak res=649.9M, current mem=649.9M)
RC_Extraction_WC RC_Extraction_BC

Loading LEF file /CMC/kits/cadence/GPDK045/gsclib045_all_v4.4/gsclib045/lef/gsclib045_tech.lef ...

Loading LEF file /CMC/kits/cadence/GPDK045/gsclib045_all_v4.4/gsclib045/lef/gsclib045_macro.lef ...
Set DBUPerIGU to M2 pitch 400.

Loading LEF file /CMC/kits/cadence/GPDK045/gsclib045_all_v4.4/gsclib045/lef/gsclib045_multibitsDFF.lef ...
**WARN: (IMPLF-58):	MACRO 'DFF2RX1' has been found in the database. Its content except DENSITY and PIN ANTENNA* data, and certain properties, will be ignored.
Review the LEF files specified in the init_lef_file variable and remove redundant definitions.
Type 'man IMPLF-58' for more detail.
**WARN: (IMPLF-58):	MACRO 'DFF2RX2' has been found in the database. Its content except DENSITY and PIN ANTENNA* data, and certain properties, will be ignored.
Review the LEF files specified in the init_lef_file variable and remove redundant definitions.
Type 'man IMPLF-58' for more detail.
**WARN: (IMPLF-58):	MACRO 'DFF2X1' has been found in the database. Its content except DENSITY and PIN ANTENNA* data, and certain properties, will be ignored.
Review the LEF files specified in the init_lef_file variable and remove redundant definitions.
Type 'man IMPLF-58' for more detail.
**WARN: (IMPLF-58):	MACRO 'DFF2X2' has been found in the database. Its content except DENSITY and PIN ANTENNA* data, and certain properties, will be ignored.
Review the LEF files specified in the init_lef_file variable and remove redundant definitions.
Type 'man IMPLF-58' for more detail.
**WARN: (IMPLF-58):	MACRO 'DFF4RX1' has been found in the database. Its content except DENSITY and PIN ANTENNA* data, and certain properties, will be ignored.
Review the LEF files specified in the init_lef_file variable and remove redundant definitions.
Type 'man IMPLF-58' for more detail.
**WARN: (IMPLF-58):	MACRO 'DFF4RX2' has been found in the database. Its content except DENSITY and PIN ANTENNA* data, and certain properties, will be ignored.
Review the LEF files specified in the init_lef_file variable and remove redundant definitions.
Type 'man IMPLF-58' for more detail.
**WARN: (IMPLF-58):	MACRO 'DFF4X1' has been found in the database. Its content except DENSITY and PIN ANTENNA* data, and certain properties, will be ignored.
Review the LEF files specified in the init_lef_file variable and remove redundant definitions.
Type 'man IMPLF-58' for more detail.
**WARN: (IMPLF-58):	MACRO 'DFF4X2' has been found in the database. Its content except DENSITY and PIN ANTENNA* data, and certain properties, will be ignored.
Review the LEF files specified in the init_lef_file variable and remove redundant definitions.
Type 'man IMPLF-58' for more detail.
**WARN: (IMPLF-58):	MACRO 'SDFF2RX1' has been found in the database. Its content except DENSITY and PIN ANTENNA* data, and certain properties, will be ignored.
Review the LEF files specified in the init_lef_file variable and remove redundant definitions.
Type 'man IMPLF-58' for more detail.
**WARN: (IMPLF-58):	MACRO 'SDFF2RX2' has been found in the database. Its content except DENSITY and PIN ANTENNA* data, and certain properties, will be ignored.
Review the LEF files specified in the init_lef_file variable and remove redundant definitions.
Type 'man IMPLF-58' for more detail.
**WARN: (IMPLF-58):	MACRO 'SDFF4RX1' has been found in the database. Its content except DENSITY and PIN ANTENNA* data, and certain properties, will be ignored.
Review the LEF files specified in the init_lef_file variable and remove redundant definitions.
Type 'man IMPLF-58' for more detail.
**WARN: (IMPLF-58):	MACRO 'SDFF4RX2' has been found in the database. Its content except DENSITY and PIN ANTENNA* data, and certain properties, will be ignored.
Review the LEF files specified in the init_lef_file variable and remove redundant definitions.
Type 'man IMPLF-58' for more detail.
**WARN: (IMPLF-58):	MACRO 'SPDFF2RX1' has been found in the database. Its content except DENSITY and PIN ANTENNA* data, and certain properties, will be ignored.
Review the LEF files specified in the init_lef_file variable and remove redundant definitions.
Type 'man IMPLF-58' for more detail.
**WARN: (IMPLF-58):	MACRO 'SPDFF2RX2' has been found in the database. Its content except DENSITY and PIN ANTENNA* data, and certain properties, will be ignored.
Review the LEF files specified in the init_lef_file variable and remove redundant definitions.
Type 'man IMPLF-58' for more detail.
**WARN: (IMPLF-58):	MACRO 'SPDFF4RX1' has been found in the database. Its content except DENSITY and PIN ANTENNA* data, and certain properties, will be ignored.
Review the LEF files specified in the init_lef_file variable and remove redundant definitions.
Type 'man IMPLF-58' for more detail.
**WARN: (IMPLF-58):	MACRO 'SPDFF4RX2' has been found in the database. Its content except DENSITY and PIN ANTENNA* data, and certain properties, will be ignored.
Review the LEF files specified in the init_lef_file variable and remove redundant definitions.
Type 'man IMPLF-58' for more detail.
**WARN: (IMPLF-61):	16 duplicated MACRO definitions have been found in the LEF file(s). Their content except DENSITY and PIN ANTENNA* data, and certain properties, have been ignored.
Review the LEF files specified in the init_lef_file variable and remove redundant definitions.
Type 'man IMPLF-61' for more detail.
**WARN: (IMPLF-200):	Pin 'VDD' in macro 'SDFF4RX2' has no ANTENNAGATEAREA value defined. The library data is incomplete and some process antenna rules will not be checked correctly.
Type 'man IMPLF-200' for more detail.
**WARN: (IMPLF-200):	Pin 'VSS' in macro 'SDFF4RX2' has no ANTENNAGATEAREA value defined. The library data is incomplete and some process antenna rules will not be checked correctly.
Type 'man IMPLF-200' for more detail.
**WARN: (IMPLF-200):	Pin 'VDD' in macro 'SDFF4RX1' has no ANTENNAGATEAREA value defined. The library data is incomplete and some process antenna rules will not be checked correctly.
Type 'man IMPLF-200' for more detail.
**WARN: (IMPLF-200):	Pin 'VSS' in macro 'SDFF4RX1' has no ANTENNAGATEAREA value defined. The library data is incomplete and some process antenna rules will not be checked correctly.
Type 'man IMPLF-200' for more detail.
**WARN: (IMPLF-200):	Pin 'A' in macro 'ANTENNA' has no ANTENNAGATEAREA value defined. The library data is incomplete and some process antenna rules will not be checked correctly.
Type 'man IMPLF-200' for more detail.

viaInitial starts at Wed May 14 03:58:44 2025
viaInitial ends at Wed May 14 03:58:44 2025

##  Check design process and node:  
##  Both design process and tech node are not set.

Loading view definition file from ../../release/v0.0.2/WC_BC_GPDK045_mcs4_Analysis.view
Reading Lib_Set_WC timing library '/CMC/kits/cadence/GPDK045/gsclib045_all_v4.4/gsclib045/timing/slow_vdd1v0_basicCells.lib' ...
**WARN: (TECHLIB-302):	No function defined for cell 'DECAP9'. The cell will only be used for analysis. (File /CMC/kits/cadence/GPDK045/gsclib045_all_v4.4/gsclib045/timing/slow_vdd1v0_basicCells.lib)
**WARN: (TECHLIB-302):	No function defined for cell 'DECAP8'. The cell will only be used for analysis. (File /CMC/kits/cadence/GPDK045/gsclib045_all_v4.4/gsclib045/timing/slow_vdd1v0_basicCells.lib)
**WARN: (TECHLIB-302):	No function defined for cell 'DECAP7'. The cell will only be used for analysis. (File /CMC/kits/cadence/GPDK045/gsclib045_all_v4.4/gsclib045/timing/slow_vdd1v0_basicCells.lib)
**WARN: (TECHLIB-302):	No function defined for cell 'DECAP6'. The cell will only be used for analysis. (File /CMC/kits/cadence/GPDK045/gsclib045_all_v4.4/gsclib045/timing/slow_vdd1v0_basicCells.lib)
**WARN: (TECHLIB-302):	No function defined for cell 'DECAP5'. The cell will only be used for analysis. (File /CMC/kits/cadence/GPDK045/gsclib045_all_v4.4/gsclib045/timing/slow_vdd1v0_basicCells.lib)
**WARN: (TECHLIB-302):	No function defined for cell 'DECAP4'. The cell will only be used for analysis. (File /CMC/kits/cadence/GPDK045/gsclib045_all_v4.4/gsclib045/timing/slow_vdd1v0_basicCells.lib)
**WARN: (TECHLIB-302):	No function defined for cell 'DECAP3'. The cell will only be used for analysis. (File /CMC/kits/cadence/GPDK045/gsclib045_all_v4.4/gsclib045/timing/slow_vdd1v0_basicCells.lib)
**WARN: (TECHLIB-302):	No function defined for cell 'DECAP2'. The cell will only be used for analysis. (File /CMC/kits/cadence/GPDK045/gsclib045_all_v4.4/gsclib045/timing/slow_vdd1v0_basicCells.lib)
**WARN: (TECHLIB-302):	No function defined for cell 'DECAP10'. The cell will only be used for analysis. (File /CMC/kits/cadence/GPDK045/gsclib045_all_v4.4/gsclib045/timing/slow_vdd1v0_basicCells.lib)
**WARN: (TECHLIB-302):	No function defined for cell 'ANTENNA'. The cell will only be used for analysis. (File /CMC/kits/cadence/GPDK045/gsclib045_all_v4.4/gsclib045/timing/slow_vdd1v0_basicCells.lib)
Read 489 cells in library 'slow_vdd1v0' 
Reading Lib_Set_WC timing library '/CMC/kits/cadence/GPDK045/gsclib045_all_v4.4/gsclib045/timing/slow_vdd1v0_multibitsDFF.lib' ...
**WARN: (TECHLIB-459):	Appending library 'slow_vdd1v0' to the previously read library of the same name and nominal PVT. Cell definitions from the previously read library will not be overridden. (File /CMC/kits/cadence/GPDK045/gsclib045_all_v4.4/gsclib045/timing/slow_vdd1v0_multibitsDFF.lib)
**WARN: (TECHLIB-302):	No function defined for cell 'DECAP9'. The cell will only be used for analysis. (File /CMC/kits/cadence/GPDK045/gsclib045_all_v4.4/gsclib045/timing/slow_vdd1v0_multibitsDFF.lib)
**WARN: (TECHLIB-302):	No function defined for cell 'DECAP8'. The cell will only be used for analysis. (File /CMC/kits/cadence/GPDK045/gsclib045_all_v4.4/gsclib045/timing/slow_vdd1v0_multibitsDFF.lib)
**WARN: (TECHLIB-302):	No function defined for cell 'DECAP7'. The cell will only be used for analysis. (File /CMC/kits/cadence/GPDK045/gsclib045_all_v4.4/gsclib045/timing/slow_vdd1v0_multibitsDFF.lib)
**WARN: (TECHLIB-302):	No function defined for cell 'DECAP6'. The cell will only be used for analysis. (File /CMC/kits/cadence/GPDK045/gsclib045_all_v4.4/gsclib045/timing/slow_vdd1v0_multibitsDFF.lib)
**WARN: (TECHLIB-302):	No function defined for cell 'DECAP5'. The cell will only be used for analysis. (File /CMC/kits/cadence/GPDK045/gsclib045_all_v4.4/gsclib045/timing/slow_vdd1v0_multibitsDFF.lib)
**WARN: (TECHLIB-302):	No function defined for cell 'DECAP4'. The cell will only be used for analysis. (File /CMC/kits/cadence/GPDK045/gsclib045_all_v4.4/gsclib045/timing/slow_vdd1v0_multibitsDFF.lib)
**WARN: (TECHLIB-302):	No function defined for cell 'DECAP3'. The cell will only be used for analysis. (File /CMC/kits/cadence/GPDK045/gsclib045_all_v4.4/gsclib045/timing/slow_vdd1v0_multibitsDFF.lib)
**WARN: (TECHLIB-302):	No function defined for cell 'DECAP2'. The cell will only be used for analysis. (File /CMC/kits/cadence/GPDK045/gsclib045_all_v4.4/gsclib045/timing/slow_vdd1v0_multibitsDFF.lib)
**WARN: (TECHLIB-302):	No function defined for cell 'DECAP10'. The cell will only be used for analysis. (File /CMC/kits/cadence/GPDK045/gsclib045_all_v4.4/gsclib045/timing/slow_vdd1v0_multibitsDFF.lib)
**WARN: (TECHLIB-302):	No function defined for cell 'ANTENNA'. The cell will only be used for analysis. (File /CMC/kits/cadence/GPDK045/gsclib045_all_v4.4/gsclib045/timing/slow_vdd1v0_multibitsDFF.lib)
Read 16 cells in library 'slow_vdd1v0' 
*** End library_loading (cpu=0.01min, real=0.02min, mem=22.5M, fe_cpu=0.54min, fe_real=1.55min, fe_mem=829.1M) ***
#% Begin Load netlist data ... (date=05/14 03:58:45, mem=670.0M)
*** Begin netlist parsing (mem=829.1M) ***
Pin 'VDD' of cell 'SDFF4RX2' is declared as power/ground in timing library but as signal in LEF.  Treat it as power/ground.
Pin 'VSS' of cell 'SDFF4RX2' is declared as power/ground in timing library but as signal in LEF.  Treat it as power/ground.
Pin 'VDD' of cell 'SDFF4RX1' is declared as power/ground in timing library but as signal in LEF.  Treat it as power/ground.
Pin 'VSS' of cell 'SDFF4RX1' is declared as power/ground in timing library but as signal in LEF.  Treat it as power/ground.
Created 505 new cells from 1 timing libraries.
Reading netlist ...
Backslashed names will retain backslash and a trailing blank character.
Reading verilog netlist '../../release/v0.0.2/mcs4_opt.v'

*** Memory Usage v#1 (Current mem = 829.148M, initial mem = 311.355M) ***
*** End netlist parsing (cpu=0:00:00.1, real=0:00:00.0, mem=829.1M) ***
#% End Load netlist data ... (date=05/14 03:58:45, total cpu=0:00:00.1, real=0:00:00.0, peak res=678.4M, current mem=678.4M)
Set top cell to mcs4.
Hooked 505 DB cells to tlib cells.
Starting recursive module instantiation check.
No recursion found.
Building hierarchical netlist for Cell mcs4 ...
*** Netlist is unique.
** info: there are 584 modules.
** info: there are 2173 stdCell insts.

*** Memory Usage v#1 (Current mem = 883.574M, initial mem = 311.355M) ***
**WARN: (IMPFP-3961):	The techSite 'CornerSite' has no related standard cells in the LEF/OA library. The calculations for this site type cannot be made unless standard cell models of this type exist in the LEF/OA library. Ignore this warning if the SITE is not used by the library. Alternatively, remove the SITE definition for the LEF/OA library to avoid this message.
Type 'man IMPFP-3961' for more detail.
**WARN: (IMPFP-3961):	The techSite 'IOSite' has no related standard cells in the LEF/OA library. The calculations for this site type cannot be made unless standard cell models of this type exist in the LEF/OA library. Ignore this warning if the SITE is not used by the library. Alternatively, remove the SITE definition for the LEF/OA library to avoid this message.
Type 'man IMPFP-3961' for more detail.
Start create_tracks
Set Default Net Delay as 1000 ps.
Set Default Net Load as 0.5 pF. 
Set Default Input Pin Transition as 0.1 ps.
Extraction setup Started 
Initializing multi-corner RC extraction with 2 active RC Corners ...
Captable file(s) not specified in multi-corner setup. PreRoute extraction will use technology file. For postRoute extraction, default value for effort level would be 'medium' and effort level 'low' would not be allowed.
Generating auto layer map file.
Importing multi-corner technology file(s) for preRoute extraction...
/CMC/kits/cadence/GPDK045/gsclib045_all_v4.4/gsclib045/qrc/qx/gpdk045.tch
Generating auto layer map file.
Completed (cpu: 0:00:05.9 real: 0:00:06.0)
Set Shrink Factor to 1.00000
Summary of Active RC-Corners : 
 
 Analysis View: AnalysisView_WC
    RC-Corner Name        : RC_Extraction_WC
    RC-Corner Index       : 0
    RC-Corner Temperature : 25 Celsius
    RC-Corner Cap Table   : ''
    RC-Corner PreRoute Res Factor         : 1
    RC-Corner PreRoute Cap Factor         : 1
    RC-Corner PostRoute Res Factor        : 1 {1 1 1}
    RC-Corner PostRoute Cap Factor        : 1 {1 1 1}
    RC-Corner PostRoute XCap Factor       : 1 {1 1 1}
    RC-Corner PreRoute Clock Res Factor   : 1	[Derived from postRoute_res (effortLevel low)]
    RC-Corner PreRoute Clock Cap Factor   : 1	[Derived from postRoute_cap (effortLevel low)]
    RC-Corner PostRoute Clock Cap Factor  : 1 {1 1 1} 	[Derived from postRoute_cap (effortLevel low)]
    RC-Corner PostRoute Clock Res Factor  : 1 {1 1 1} 	[Derived from postRoute_res (effortLevel low)]
    RC-Corner PostRoute Clock coupling capacitance Factor : 1 {1 1 1} 
    RC-Corner Technology file: '/CMC/kits/cadence/GPDK045/gsclib045_all_v4.4/gsclib045/qrc/qx/gpdk045.tch'
 
 Analysis View: AnalysisView_BC
    RC-Corner Name        : RC_Extraction_BC
    RC-Corner Index       : 1
    RC-Corner Temperature : 25 Celsius
    RC-Corner Cap Table   : ''
    RC-Corner PreRoute Res Factor         : 1
    RC-Corner PreRoute Cap Factor         : 1
    RC-Corner PostRoute Res Factor        : 1 {1 1 1}
    RC-Corner PostRoute Cap Factor        : 1 {1 1 1}
    RC-Corner PostRoute XCap Factor       : 1 {1 1 1}
    RC-Corner PreRoute Clock Res Factor   : 1	[Derived from postRoute_res (effortLevel low)]
    RC-Corner PreRoute Clock Cap Factor   : 1	[Derived from postRoute_cap (effortLevel low)]
    RC-Corner PostRoute Clock Cap Factor  : 1 {1 1 1} 	[Derived from postRoute_cap (effortLevel low)]
    RC-Corner PostRoute Clock Res Factor  : 1 {1 1 1} 	[Derived from postRoute_res (effortLevel low)]
    RC-Corner PostRoute Clock coupling capacitance Factor : 1 {1 1 1} 
    RC-Corner Technology file: '/CMC/kits/cadence/GPDK045/gsclib045_all_v4.4/gsclib045/qrc/qx/gpdk045.tch'
Updating RC grid for preRoute extraction ...
Initializing multi-corner resistance tables ...
Default value for postRoute extraction mode's effortLevel (-effortLevel option of setExtractRCMode) changed to 'medium'.
*Info: initialize multi-corner CTS.
Reading Lib_Set_BC timing library '/CMC/kits/cadence/GPDK045/gsclib045_all_v4.4/gsclib045/timing/fast_vdd1v2_basicCells.lib' ...
Message <TECHLIB-302> has exceeded the message display limit of '20'. Use 'set_message -no_limit -id list_of_msgIDs' to reset the message limit.
Read 489 cells in library 'fast_vdd1v2' 
Reading Lib_Set_BC timing library '/CMC/kits/cadence/GPDK045/gsclib045_all_v4.4/gsclib045/timing/fast_vdd1v2_multibitsDFF.lib' ...
**WARN: (TECHLIB-459):	Appending library 'fast_vdd1v2' to the previously read library of the same name and nominal PVT. Cell definitions from the previously read library will not be overridden. (File /CMC/kits/cadence/GPDK045/gsclib045_all_v4.4/gsclib045/timing/fast_vdd1v2_multibitsDFF.lib)
Read 16 cells in library 'fast_vdd1v2' 
Reading timing constraints file '../../release/v0.0.1/mcs4_opt.CM_mcs4_slow.sdc' ...
Current (total cpu=0:00:40.5, real=0:01:42, peak res=1029.4M, current mem=1029.4M)
**WARN: (TCLCMD-1461):	Skipped unsupported command: set_units (File ../../release/v0.0.1/mcs4_opt.CM_mcs4_slow.sdc, Line 9).

**WARN: (TCLCMD-1461):	Skipped unsupported command: set_units (File ../../release/v0.0.1/mcs4_opt.CM_mcs4_slow.sdc, Line 10).

mcs4
INFO (CTE): Reading of timing constraints file ../../release/v0.0.1/mcs4_opt.CM_mcs4_slow.sdc completed, with 2 WARNING
Ending "Constraint file reading stats" (total cpu=0:00:00.1, real=0:00:00.0, peak res=1041.3M, current mem=1041.3M)
Current (total cpu=0:00:40.6, real=0:01:42, peak res=1041.3M, current mem=1041.3M)
Reading timing constraints file '../../release/v0.0.1/mcs4_opt.CM_mcs4_fast.sdc' ...
Current (total cpu=0:00:40.7, real=0:01:42, peak res=1041.3M, current mem=1041.3M)
**WARN: (TCLCMD-1461):	Skipped unsupported command: set_units (File ../../release/v0.0.1/mcs4_opt.CM_mcs4_fast.sdc, Line 9).

**WARN: (TCLCMD-1461):	Skipped unsupported command: set_units (File ../../release/v0.0.1/mcs4_opt.CM_mcs4_fast.sdc, Line 10).

mcs4
INFO (CTE): Reading of timing constraints file ../../release/v0.0.1/mcs4_opt.CM_mcs4_fast.sdc completed, with 2 WARNING
Ending "Constraint file reading stats" (total cpu=0:00:00.1, real=0:00:00.0, peak res=1041.6M, current mem=1041.6M)
Current (total cpu=0:00:40.8, real=0:01:42, peak res=1041.6M, current mem=1041.6M)
Total number of combinational cells: 327
Total number of sequential cells: 168
Total number of tristate cells: 10
Total number of level shifter cells: 0
Total number of power gating cells: 0
Total number of isolation cells: 0
Total number of power switch cells: 0
Total number of pulse generator cells: 0
Total number of always on buffers: 0
Total number of retention cells: 0
List of usable buffers: BUFX2 BUFX12 BUFX16 BUFX20 CLKBUFX2 BUFX3 BUFX4 BUFX6 BUFX8 CLKBUFX12 CLKBUFX16 CLKBUFX20 CLKBUFX3 CLKBUFX4 CLKBUFX6 CLKBUFX8
Total number of usable buffers: 16
List of unusable buffers:
Total number of unusable buffers: 0
List of usable inverters: CLKINVX1 CLKINVX2 CLKINVX12 CLKINVX16 CLKINVX20 CLKINVX4 CLKINVX3 CLKINVX6 CLKINVX8 INVX1 INVX2 INVX12 INVX16 INVX20 INVXL INVX3 INVX4 INVX6 INVX8
Total number of usable inverters: 19
List of unusable inverters:
Total number of unusable inverters: 0
List of identified usable delay cells: DLY1X1 DLY1X4 DLY2X1 DLY2X4 DLY3X1 DLY3X4 DLY4X1 DLY4X4
Total number of identified usable delay cells: 8
List of identified unusable delay cells:
Total number of identified unusable delay cells: 0
AnalysisView_BC AnalysisView_WC

*** Summary of all messages that are not suppressed in this session:
Severity  ID               Count  Summary                                  
WARNING   IMPLF-58            16  MACRO '%s' has been found in the databas...
WARNING   IMPLF-61             1  %d duplicated MACRO definitions have bee...
WARNING   IMPLF-200            5  Pin '%s' in macro '%s' has no ANTENNAGAT...
WARNING   IMPFP-3961           2  The techSite '%s' has no related standar...
WARNING   TCLCMD-1461          4  Skipped unsupported command: %s          
WARNING   TECHLIB-302         40  No function defined for cell '%s'. The c...
WARNING   TECHLIB-459          2  Appending library '%s' to the previously...
*** Message Summary: 70 warning(s), 0 error(s)

<CMD> report_clocks 
     +-----------------------------------------------------------------------------------------+ 
     |                                   Clock Descriptions                                    | 
     |-----------------------------------------------------------------------------------------| 
     |           |        |                 |        |       |        |       Attributes       | 
     |-----------+--------+-----------------+--------+-------+--------+------------------------| 
     |   Clock   | Source |      View       | Period |  Lead |  Trail | Generated | Propagated | 
     |   Name    |        |                 |        |       |        |           |            | 
     |-----------+--------+-----------------+--------+-------+--------+-----------+------------| 
     | 20MHz_CLK | sysclk | AnalysisView_BC | 50.000 | 0.000 | 25.000 |     n     |     n      | 
     | 20MHz_CLK | sysclk | AnalysisView_WC | 50.000 | 0.000 | 25.000 |     n     |     n      | 
     +-----------------------------------------------------------------------------------------+ 

*** Memory Usage v#1 (Current mem = 1257.566M, initial mem = 311.355M) ***
*** Message Summary: 70 warning(s), 0 error(s)

--- Ending "Innovus" (totcpu=0:00:47.4, real=0:03:00, mem=1257.6M) ---
