============================================================
  Generated by:           Genus(TM) Synthesis Solution 20.11-s111_1
  Generated on:           May 14 2025  12:23:35 am
  Module:                 mcs4
  Library domain:         TC_mcs4_slow
    Domain index:         0
    Technology library:   slow_vdd1v0 1.0
  Library domain:         TC_mcs4_fast
    Domain index:         1
    Technology library:   fast_vdd1v2 1.0
  Operating conditions:   PVT_0P9V_125C 
  Operating conditions:   PVT_1P32V_0C 
  Interconnect mode:      global
  Area mode:              physical library
============================================================

Timing
--------

 Analysis view   Clock    Period 
---------------------------------
view_mcs4_slow 20MHz_CLK 50000.0 
view_mcs4_fast 20MHz_CLK 50000.0 


   Analysis       Cost    Critical        Violating 
     View        Group   Path Slack  TNS    Paths   
----------------------------------------------------
view_mcs4_slow 20MHz_CLK    45156.4  0.0          0 
                 default   No paths  0.0          0 
----------------------------------------------------
Total                               -0.0          0 
                                                    
view_mcs4_fast 20MHz_CLK    34775.7  0.0          0 
                 default   No paths  0.0          0 
----------------------------------------------------
Total                               -0.0          0 
                                                    

Instance Count
--------------
Leaf Instance Count             3716 
Physical Instance count            0 
Sequential Instance Count        657 
Combinational Instance Count    3059 
Hierarchical Instance Count        0 

Area
----
Cell Area                          14648.192
Physical Cell Area                 0.000
Total Cell Area (Cell+Physical)    14648.192
Net Area                           11.480
Total Area (Cell+Physical+Net)     14659.672

Runtime                            0.0 seconds
Elapsed Runtime                    96 seconds
Genus peak memory usage            1228.48 
Innovus peak memory usage          no_value 
Hostname                           ip-10-16-10-154.rdius.us
