============================================================
  Generated by:           Genus(TM) Synthesis Solution 20.11-s111_1
  Generated on:           May 14 2025  12:25:27 am
  Module:                 mcs4
  Library domain:         TC_mcs4_slow
    Domain index:         0
    Technology library:   slow_vdd1v0 1.0
  Library domain:         TC_mcs4_fast
    Domain index:         1
    Technology library:   fast_vdd1v2 1.0
  Operating conditions:   PVT_0P9V_125C 
  Operating conditions:   PVT_1P32V_0C 
  Interconnect mode:      global
  Area mode:              physical library
============================================================

                                  Leakage                 Library 
   Gate     Instances    Area   Power (mW)     Library     Domain 
------------------------------------------------------------------
ADDHX1              9    33.858      0.000    slow_vdd1v0       0 
AND2X1            158   216.144      0.000    slow_vdd1v0       0 
AND2X2              1     1.710      0.000    slow_vdd1v0       0 
AND2X4              1     2.736      0.000    slow_vdd1v0       0 
AND2XL              1     1.368      0.000    slow_vdd1v0       0 
AND3X4              1     3.078      0.000    slow_vdd1v0       0 
AND3XL             11    22.572      0.000    slow_vdd1v0       0 
AND4X1              7    16.758      0.000    slow_vdd1v0       0 
AND4X4              2     7.524      0.000    slow_vdd1v0       0 
AO21X1              9    21.546      0.000    slow_vdd1v0       0 
AO22X1             29    79.344      0.000    slow_vdd1v0       0 
AOI211XL            3     6.156      0.000    slow_vdd1v0       0 
AOI21X1            54    92.340      0.000    slow_vdd1v0       0 
AOI21X2             1     2.736      0.000    slow_vdd1v0       0 
AOI221X1            2     4.788      0.000    slow_vdd1v0       0 
AOI222X1            3     9.234      0.000    slow_vdd1v0       0 
AOI22X1            42    86.184      0.000    slow_vdd1v0       0 
AOI22X2           167   628.254      0.000    slow_vdd1v0       0 
AOI2BB1X1           9    18.468      0.000    slow_vdd1v0       0 
AOI32X1             1     2.394      0.000    slow_vdd1v0       0 
BUFX16              2    13.680      0.000    slow_vdd1v0       0 
BUFX2              11    18.810      0.000    slow_vdd1v0       0 
BUFX6               9    27.702      0.000    slow_vdd1v0       0 
CLKAND2X12          4    30.096      0.000    slow_vdd1v0       0 
CLKBUFX16          20   136.800      0.000    slow_vdd1v0       0 
CLKINVX12           8    32.832      0.000    slow_vdd1v0       0 
CLKINVX16           1     5.472      0.000    slow_vdd1v0       0 
CLKINVX3            4     6.840      0.000    slow_vdd1v0       0 
CLKINVX4           16    27.360      0.000    slow_vdd1v0       0 
CLKINVX6            2     4.788      0.000    slow_vdd1v0       0 
CLKXOR2X1           6    16.416      0.000    slow_vdd1v0       0 
DFFHQX1            54   295.488      0.000    slow_vdd1v0       0 
DFFQXL              1     5.472      0.000    slow_vdd1v0       0 
DFFSX1              1     7.524      0.000    slow_vdd1v0       0 
DFFTRXL             6    47.196      0.000    slow_vdd1v0       0 
DFFX1              20   143.640      0.000    slow_vdd1v0       0 
EDFFX2             16   147.744      0.000    slow_vdd1v0       0 
INVX1              64    43.776      0.000    slow_vdd1v0       0 
INVX2               1     1.026      0.000    slow_vdd1v0       0 
MX2X1              18    43.092      0.000    slow_vdd1v0       0 
MXI2XL              8    19.152      0.000    slow_vdd1v0       0 
NAND2BX1           35    47.880      0.000    slow_vdd1v0       0 
NAND2BX2            3     7.182      0.000    slow_vdd1v0       0 
NAND2X1            61    62.586      0.000    slow_vdd1v0       0 
NAND2X4             1     3.420      0.000    slow_vdd1v0       0 
NAND2XL             4     4.104      0.000    slow_vdd1v0       0 
NAND3BXL            4     6.840      0.000    slow_vdd1v0       0 
NAND3X1             5     8.550      0.000    slow_vdd1v0       0 
NAND4BX1            1     2.394      0.000    slow_vdd1v0       0 
NOR2BX1            37    50.616      0.000    slow_vdd1v0       0 
NOR2BX2             2     5.472      0.000    slow_vdd1v0       0 
NOR2X1            133   136.458      0.000    slow_vdd1v0       0 
NOR2X2              7    11.970      0.000    slow_vdd1v0       0 
NOR2X4              1     3.078      0.000    slow_vdd1v0       0 
NOR3BX1             1     2.052      0.000    slow_vdd1v0       0 
NOR3BX2             1     3.420      0.000    slow_vdd1v0       0 
NOR3X1              1     1.710      0.000    slow_vdd1v0       0 
NOR3X2              3     8.208      0.000    slow_vdd1v0       0 
NOR4BX1             2     4.788      0.000    slow_vdd1v0       0 
NOR4X1              2     3.420      0.000    slow_vdd1v0       0 
NOR4X2              1     3.420      0.000    slow_vdd1v0       0 
OA21X1             16    32.832      0.000    slow_vdd1v0       0 
OA21X2              1     3.078      0.000    slow_vdd1v0       0 
OA22X1              9    21.546      0.000    slow_vdd1v0       0 
OAI211X1            4     6.840      0.000    slow_vdd1v0       0 
OAI21X1            23    39.330      0.000    slow_vdd1v0       0 
OAI21X2             2     6.156      0.000    slow_vdd1v0       0 
OAI221X1            1     2.394      0.000    slow_vdd1v0       0 
OAI22X2            68   232.560      0.000    slow_vdd1v0       0 
OAI2BB1X1          43    73.530      0.000    slow_vdd1v0       0 
OAI31X2             2     7.524      0.000    slow_vdd1v0       0 
OAI32X1             1     2.394      0.000    slow_vdd1v0       0 
OAI32X2             8    35.568      0.000    slow_vdd1v0       0 
OR2X1              98   134.064      0.000    slow_vdd1v0       0 
OR2X2               5     8.550      0.000    slow_vdd1v0       0 
OR2X6               5    18.810      0.000    slow_vdd1v0       0 
OR3X1              19    38.988      0.000    slow_vdd1v0       0 
OR3X2               4     9.576      0.000    slow_vdd1v0       0 
OR4X1              10    20.520      0.000    slow_vdd1v0       0 
OR4X2               1     3.420      0.000    slow_vdd1v0       0 
SDFFQX1           558  4198.392      0.000    slow_vdd1v0       0 
SDFFTRX1            1    10.944      0.000    slow_vdd1v0       0 
TBUFX1              4    13.680      0.000    slow_vdd1v0       0 
TBUFX2             20    75.240      0.000    slow_vdd1v0       0 
XNOR2X1             7    16.758      0.000    slow_vdd1v0       0 
------------------------------------------------------------------
total            1998  7722.360      0.000                


                                           Leakage  Leakage 
     Type      Instances   Area   Area % Power (mW) Power % 
------------------------------------------------------------
sequential           657 4856.400   62.9      0.000    50.2 
inverter              96  122.094    1.6      0.000     3.9 
buffer                42  196.992    2.6      0.000     8.3 
tristate              24   88.920    1.2      0.000     0.9 
logic               1179 2457.954   31.8      0.000    36.7 
physical_cells         0    0.000    0.0      0.000     0.0 
------------------------------------------------------------
total               1998 7722.360  100.0      0.000   100.0 

