============================================================
  Generated by:           Genus(TM) Synthesis Solution 20.11-s111_1
  Generated on:           May 14 2025  12:26:19 am
  Module:                 mcs4
  Library domain:         TC_mcs4_slow
    Domain index:         0
    Technology library:   slow_vdd1v0 1.0
  Library domain:         TC_mcs4_fast
    Domain index:         1
    Technology library:   fast_vdd1v2 1.0
  Operating conditions:   PVT_0P9V_125C 
  Operating conditions:   PVT_1P32V_0C 
  Interconnect mode:      global
  Area mode:              physical library
============================================================

Timing
--------

 Analysis view   Clock    Period 
---------------------------------
view_mcs4_slow 20MHz_CLK 50000.0 
view_mcs4_fast 20MHz_CLK 50000.0 


   Analysis       Cost    Critical        Violating 
     View        Group   Path Slack  TNS    Paths   
----------------------------------------------------
view_mcs4_slow 20MHz_CLK    43110.9  0.0          0 
                 default   No paths  0.0          0 
----------------------------------------------------
Total                               -0.0          0 
                                                    
view_mcs4_fast 20MHz_CLK    34412.1  0.0          0 
                 default   No paths  0.0          0 
----------------------------------------------------
Total                               -0.0          0 
                                                    

Instance Count
--------------
Leaf Instance Count             2165 
Physical Instance count            0 
Sequential Instance Count        657 
Combinational Instance Count    1508 
Hierarchical Instance Count        0 

Area
----
Cell Area                          8410.464
Physical Cell Area                 0.000
Total Cell Area (Cell+Physical)    8410.464
Net Area                           2819.731
Total Area (Cell+Physical+Net)     11230.195

Runtime                            0.0 seconds
Elapsed Runtime                    260 seconds
Genus peak memory usage            1231.16 
Innovus peak memory usage          no_value 
Hostname                           ip-10-16-10-154.rdius.us
