============================================================
  Generated by:           Genus(TM) Synthesis Solution 20.11-s111_1
  Generated on:           May 14 2025  12:26:21 am
  Module:                 mcs4
  Library domain:         TC_mcs4_slow
    Domain index:         0
    Technology library:   slow_vdd1v0 1.0
  Library domain:         TC_mcs4_fast
    Domain index:         1
    Technology library:   fast_vdd1v2 1.0
  Operating conditions:   PVT_0P9V_125C 
  Operating conditions:   PVT_1P32V_0C 
  Interconnect mode:      global
  Area mode:              physical library
============================================================

                                  Leakage                 Library 
   Gate     Instances    Area   Power (mW)     Library     Domain 
------------------------------------------------------------------
ADDHX1              9    33.858      0.000    slow_vdd1v0       0 
AND2X1            132   180.576      0.000    slow_vdd1v0       0 
AND2X2             24    41.040      0.000    slow_vdd1v0       0 
AND2X4              3     8.208      0.000    slow_vdd1v0       0 
AND2XL              1     1.368      0.000    slow_vdd1v0       0 
AND3X1              2     4.788      0.000    slow_vdd1v0       0 
AND3X2              1     2.736      0.000    slow_vdd1v0       0 
AND3X4              3     9.234      0.000    slow_vdd1v0       0 
AND3XL              6    12.312      0.000    slow_vdd1v0       0 
AND4X1              6    14.364      0.000    slow_vdd1v0       0 
AND4X4              2     7.524      0.000    slow_vdd1v0       0 
AND4X6              1     5.814      0.000    slow_vdd1v0       0 
AO21X1             10    23.940      0.000    slow_vdd1v0       0 
AO21X2              2     5.472      0.000    slow_vdd1v0       0 
AO22X1             22    60.192      0.000    slow_vdd1v0       0 
AO22X2              2     6.156      0.000    slow_vdd1v0       0 
AO22X4              1     3.762      0.000    slow_vdd1v0       0 
AOI211X2            2     6.840      0.000    slow_vdd1v0       0 
AOI211X4            1     6.498      0.000    slow_vdd1v0       0 
AOI21X1            46    78.660      0.000    slow_vdd1v0       0 
AOI21X2             2     5.472      0.000    slow_vdd1v0       0 
AOI21X4             1     5.130      0.000    slow_vdd1v0       0 
AOI221X2            2     8.892      0.000    slow_vdd1v0       0 
AOI222X2            7    38.304      0.000    slow_vdd1v0       0 
AOI22X2           208   782.496      0.000    slow_vdd1v0       0 
AOI22X4             1     6.156      0.000    slow_vdd1v0       0 
AOI2BB1X1           5    10.260      0.000    slow_vdd1v0       0 
AOI2BB1X2           4    12.312      0.000    slow_vdd1v0       0 
AOI32X4             1     7.866      0.000    slow_vdd1v0       0 
BUFX12             27   138.510      0.000    slow_vdd1v0       0 
BUFX2              38    64.980      0.000    slow_vdd1v0       0 
BUFX3              17    34.884      0.000    slow_vdd1v0       0 
BUFX4               1     2.394      0.000    slow_vdd1v0       0 
BUFX6              10    30.780      0.000    slow_vdd1v0       0 
CLKAND2X12          4    30.096      0.000    slow_vdd1v0       0 
CLKAND2X2           2     4.104      0.000    slow_vdd1v0       0 
CLKBUFX2            1     1.710      0.000    slow_vdd1v0       0 
CLKINVX1            1     1.026      0.000    slow_vdd1v0       0 
CLKINVX16           1     5.472      0.000    slow_vdd1v0       0 
CLKINVX2            3     4.104      0.000    slow_vdd1v0       0 
CLKINVX3            6    10.260      0.000    slow_vdd1v0       0 
CLKINVX4            9    15.390      0.000    slow_vdd1v0       0 
CLKINVX6            1     2.394      0.000    slow_vdd1v0       0 
CLKMX2X2            1     3.078      0.000    slow_vdd1v0       0 
CLKXOR2X1           6    16.416      0.000    slow_vdd1v0       0 
DFFHQX1            31   169.632      0.000    slow_vdd1v0       0 
DFFQX1              1     5.814      0.000    slow_vdd1v0       0 
DFFQX2              3    19.494      0.000    slow_vdd1v0       0 
DFFSX4              1    10.944      0.000    slow_vdd1v0       0 
DFFTRX1             4    32.832      0.000    slow_vdd1v0       0 
DFFTRXL             2    15.732      0.000    slow_vdd1v0       0 
DFFX1              37   265.734      0.000    slow_vdd1v0       0 
DFFX2               3    24.624      0.000    slow_vdd1v0       0 
EDFFX2             15   138.510      0.000    slow_vdd1v0       0 
EDFFX4              1    10.944      0.000    slow_vdd1v0       0 
INVX1              99    67.716      0.000    slow_vdd1v0       0 
INVX2              58    59.508      0.000    slow_vdd1v0       0 
INVX3              35    47.880      0.000    slow_vdd1v0       0 
INVX4               3     5.130      0.000    slow_vdd1v0       0 
MX2X1              17    40.698      0.000    slow_vdd1v0       0 
MXI2X2              9    40.014      0.000    slow_vdd1v0       0 
NAND2BX1           26    35.568      0.000    slow_vdd1v0       0 
NAND2BX2            8    19.152      0.000    slow_vdd1v0       0 
NAND2BX4            3    11.286      0.000    slow_vdd1v0       0 
NAND2X1            46    47.196      0.000    slow_vdd1v0       0 
NAND2X2            14    23.940      0.000    slow_vdd1v0       0 
NAND2X4             2     6.840      0.000    slow_vdd1v0       0 
NAND2XL             4     4.104      0.000    slow_vdd1v0       0 
NAND3BX2            4    12.312      0.000    slow_vdd1v0       0 
NAND3X2             4    10.944      0.000    slow_vdd1v0       0 
NAND4BX4            1     7.524      0.000    slow_vdd1v0       0 
NOR2BX1            30    41.040      0.000    slow_vdd1v0       0 
NOR2BX2             4    10.944      0.000    slow_vdd1v0       0 
NOR2BX4             6    22.572      0.000    slow_vdd1v0       0 
NOR2X1             29    29.754      0.000    slow_vdd1v0       0 
NOR2X2             27    46.170      0.000    slow_vdd1v0       0 
NOR2X4             80   246.240      0.000    slow_vdd1v0       0 
NOR3BX2             1     3.420      0.000    slow_vdd1v0       0 
NOR3BX4             1     5.814      0.000    slow_vdd1v0       0 
NOR3X2              5    13.680      0.000    slow_vdd1v0       0 
NOR4BX2             1     4.788      0.000    slow_vdd1v0       0 
NOR4BX4             1     7.524      0.000    slow_vdd1v0       0 
NOR4X2              3    10.260      0.000    slow_vdd1v0       0 
OA21X1             16    32.832      0.000    slow_vdd1v0       0 
OA21X2              2     6.156      0.000    slow_vdd1v0       0 
OA22X1              8    19.152      0.000    slow_vdd1v0       0 
OA22X2              1     3.420      0.000    slow_vdd1v0       0 
OAI211X1            3     5.130      0.000    slow_vdd1v0       0 
OAI211X2            1     4.104      0.000    slow_vdd1v0       0 
OAI21X1            17    29.070      0.000    slow_vdd1v0       0 
OAI21X2             3     9.234      0.000    slow_vdd1v0       0 
OAI21X4             3    14.364      0.000    slow_vdd1v0       0 
OAI221X1            1     2.394      0.000    slow_vdd1v0       0 
OAI22X2            68   232.560      0.000    slow_vdd1v0       0 
OAI2BB1X1          39    66.690      0.000    slow_vdd1v0       0 
OAI2BB1X2           3     9.234      0.000    slow_vdd1v0       0 
OAI31X2             1     3.762      0.000    slow_vdd1v0       0 
OAI31X4             1     6.840      0.000    slow_vdd1v0       0 
OAI32X2             9    40.014      0.000    slow_vdd1v0       0 
OR2X1              61    83.448      0.000    slow_vdd1v0       0 
OR2X2              25    42.750      0.000    slow_vdd1v0       0 
OR2X4              20    54.720      0.000    slow_vdd1v0       0 
OR2X6               5    18.810      0.000    slow_vdd1v0       0 
OR3X1              15    30.780      0.000    slow_vdd1v0       0 
OR3X2               7    16.758      0.000    slow_vdd1v0       0 
OR3X4               1     3.078      0.000    slow_vdd1v0       0 
OR4X1              10    20.520      0.000    slow_vdd1v0       0 
OR4X2               1     3.420      0.000    slow_vdd1v0       0 
SDFFQX1           556  4183.344      0.000    slow_vdd1v0       0 
SDFFQX2             2    16.416      0.000    slow_vdd1v0       0 
SDFFTRX1            1    10.944      0.000    slow_vdd1v0       0 
TBUFX2             23    86.526      0.000    slow_vdd1v0       0 
TBUFX3              1     4.446      0.000    slow_vdd1v0       0 
XNOR2X1             6    14.364      0.000    slow_vdd1v0       0 
XNOR2X2             1     3.078      0.000    slow_vdd1v0       0 
------------------------------------------------------------------
total            2165  8410.464      0.000                


                                           Leakage  Leakage 
     Type      Instances   Area   Area % Power (mW) Power % 
------------------------------------------------------------
sequential           657 4904.964   58.3      0.000    44.6 
inverter             216  218.880    2.6      0.000     5.1 
buffer                94  273.258    3.2      0.000     8.6 
tristate              24   90.972    1.1      0.000     0.9 
logic               1174 2922.390   34.7      0.000    40.9 
physical_cells         0    0.000    0.0      0.000     0.0 
------------------------------------------------------------
total               2165 8410.464  100.0      0.000   100.0 

