###############################################################
#  Generated by:      Cadence Innovus 21.12-s106_1
#  OS:                Linux x86_64(Host ID ip-10-16-10-154.rdius.us)
#  Generated on:      Sat May 17 17:28:29 2025
#  Design:            mcs4_pad_frame
#  Command:           report_ccopt_skew_groups -file outputs/reports/skew_groups.rpt
###############################################################

Skew Group Structure:
=====================

-------------------------------------------------------------------------------
Skew Group                  Sources    Constrained Sinks    Unconstrained Sinks
-------------------------------------------------------------------------------
My_CLK/ConstraintMode_BC       1              661                    0
My_CLK/ConstraintMode_WC       1              661                    0
-------------------------------------------------------------------------------

Skew Group Summary:
===================

------------------------------------------------------------------------------------------------------------------------------------------------------------------------------------
Timing Corner                Skew Group                  ID Target    Min ID    Max ID    Avg ID    Std.Dev. ID    Skew Target Type    Skew Target    Skew     Skew window occupancy
------------------------------------------------------------------------------------------------------------------------------------------------------------------------------------
DelayCorner_WC:both.early    My_CLK/ConstraintMode_BC        -        2.675     2.692     2.683        0.004       ignored                  -         0.017              -
                             My_CLK/ConstraintMode_WC        -        2.675     2.692     2.683        0.004       ignored                  -         0.017              -
DelayCorner_WC:both.late     My_CLK/ConstraintMode_BC    none         2.684     2.701     2.692        0.004       auto computed        0.105         0.017    100% {2.684, 2.701}
                             My_CLK/ConstraintMode_WC    *3.000       2.684     2.701     2.692        0.004       auto computed        0.105         0.017    100% {2.684, 2.701}
DelayCorner_BC:both.early    My_CLK/ConstraintMode_BC        -        1.618     1.635     1.627        0.004       ignored                  -         0.017              -
                             My_CLK/ConstraintMode_WC        -        1.618     1.635     1.627        0.004       ignored                  -         0.017              -
DelayCorner_BC:both.late     My_CLK/ConstraintMode_BC        -        1.625     1.642     1.634        0.004       ignored                  -         0.017              -
                             My_CLK/ConstraintMode_WC        -        1.625     1.642     1.634        0.004       ignored                  -         0.017              -
------------------------------------------------------------------------------------------------------------------------------------------------------------------------------------

* - indicates that target was not met.

Skew Group Min/Max path pins:
=============================

---------------------------------------------------------------------------------------------
Timing Corner                Skew Group                  Min ID    PathID    Max ID    PathID
---------------------------------------------------------------------------------------------
DelayCorner_WC:both.early    My_CLK/ConstraintMode_BC    2.675        1      2.692        2
-    min mcs4_core_ram_0_ram2_ram_array_reg[9][2]/CK
-    max mcs4_core_i4004_sp_board_dram_temp_reg[0]/CK
                             My_CLK/ConstraintMode_WC    2.675        9      2.692       10
-    min mcs4_core_ram_0_ram2_ram_array_reg[9][2]/CK
-    max mcs4_core_i4004_sp_board_dram_temp_reg[0]/CK
DelayCorner_WC:both.late     My_CLK/ConstraintMode_BC    2.684        3      2.701        4
-    min mcs4_core_ram_0_ram2_ram_array_reg[9][2]/CK
-    max mcs4_core_i4004_sp_board_dram_temp_reg[6]/CK
                             My_CLK/ConstraintMode_WC    2.684       11      2.701       12
-    min mcs4_core_ram_0_ram2_ram_array_reg[9][2]/CK
-    max mcs4_core_i4004_sp_board_dram_temp_reg[6]/CK
DelayCorner_BC:both.early    My_CLK/ConstraintMode_BC    1.618        5      1.635        6
-    min mcs4_core_ram_0_ram2_ram_array_reg[9][2]/CK
-    max mcs4_core_i4004_sp_board_dram_temp_reg[6]/CK
                             My_CLK/ConstraintMode_WC    1.618       13      1.635       14
-    min mcs4_core_ram_0_ram2_ram_array_reg[9][2]/CK
-    max mcs4_core_i4004_sp_board_dram_temp_reg[6]/CK
DelayCorner_BC:both.late     My_CLK/ConstraintMode_BC    1.625        7      1.642        8
-    min mcs4_core_ram_0_ram2_ram_array_reg[9][2]/CK
-    max mcs4_core_i4004_sp_board_dram_temp_reg[0]/CK
                             My_CLK/ConstraintMode_WC    1.625       15      1.642       16
-    min mcs4_core_ram_0_ram2_ram_array_reg[9][2]/CK
-    max mcs4_core_i4004_sp_board_dram_temp_reg[0]/CK
---------------------------------------------------------------------------------------------

Timing for timing corner DelayCorner_WC:both.early, min clock_path:
===================================================================

PathID    : 1
Path type : skew group My_CLK/ConstraintMode_BC (path 1 of 1)
Start     : sysclk
End       : mcs4_core_ram_0_ram2_ram_array_reg[9][2]/CK
Delay     : 2.675

-------------------------------------------------------------------------------------------------
Name  Lib cell   Event  Incr   Arrival  Slew   Cap    Location           Distance  Fanout  Status
                        (ns)   (ns)     (ns)   (pF)                      (um)              
-- Clockpath trace ------------------------------------------------------------------------------
sysclk
-     -          rise   -       1.000   0.000  2.387  (130.710,500.000)  -            1    
pad_sysclk/PAD
-     PADDI      rise   0.000   1.000   0.003  -      (130.710,500.000)    0.000   -       
pad_sysclk/Y
-     PADDI      rise   0.088   1.088   0.025  0.003  (289.637,502.087)  161.015      1    
CTS_cdb_buf_00018/A
-     CLKBUFX3   rise   0.000   1.089   0.031  -      (310.900,531.365)   50.540   -       
CTS_cdb_buf_00018/Y
-     CLKBUFX3   rise   0.099   1.187   0.062  0.007  (310.685,530.780)    0.800      1    
CTS_cdb_buf_00019/A
-     CLKBUFX3   rise   0.000   1.188   0.062  -      (308.900,415.085)  117.480   -       
CTS_cdb_buf_00019/Y
-     CLKBUFX3   rise   0.114   1.302   0.063  0.007  (308.685,414.500)    0.800      1    
CTS_cdb_buf_00020/A
-     CLKBUFX3   rise   0.001   1.303   0.063  -      (308.900,533.075)  118.790   -       
CTS_cdb_buf_00020/Y
-     CLKBUFX3   rise   0.115   1.417   0.063  0.007  (308.685,533.660)    0.800      1    
CTS_cdb_buf_00021/A
-     CLKBUFX3   rise   0.001   1.418   0.063  -      (320.500,427.055)  118.420   -       
CTS_cdb_buf_00021/Y
-     CLKBUFX3   rise   0.115   1.532   0.062  0.007  (320.285,427.640)    0.800      1    
CTS_cdb_buf_00022/A
-     CLKBUFX3   rise   0.001   1.533   0.062  -      (318.300,543.335)  117.680   -       
CTS_cdb_buf_00022/Y
-     CLKBUFX3   rise   0.115   1.648   0.063  0.007  (318.085,543.920)    0.800      1    
CTS_cdb_buf_00023/A
-     CLKBUFX3   rise   0.001   1.648   0.063  -      (308.900,433.895)  119.210   -       
CTS_cdb_buf_00023/Y
-     CLKBUFX3   rise   0.114   1.762   0.062  0.007  (308.685,434.480)    0.800      1    
CTS_cdb_buf_00024/A
-     CLKBUFX2   rise   0.000   1.763   0.062  -      (308.765,551.655)  117.255   -       
CTS_cdb_buf_00024/Y
-     CLKBUFX2   rise   0.134   1.897   0.081  0.006  (308.410,552.125)    0.825      1    
CTS_cdb_buf_00025/A
-     CLKBUFX3   rise   0.000   1.898   0.081  -      (321.500,459.545)  105.670   -       
CTS_cdb_buf_00025/Y
-     CLKBUFX3   rise   0.123   2.021   0.062  0.007  (321.285,458.960)    0.800      1    
CTS_cdb_buf_00026/A
-     CLKBUFX3   rise   0.000   2.021   0.062  -      (334.300,563.855)  117.910   -       
CTS_cdb_buf_00026/Y
-     CLKBUFX3   rise   0.113   2.134   0.061  0.007  (334.085,564.440)    0.800      1    
CTS_cdb_buf_00027/A
-     CLKBUFX2   rise   0.000   2.135   0.061  -      (330.965,447.805)  119.755   -       
CTS_cdb_buf_00027/Y
-     CLKBUFX2   rise   0.136   2.270   0.084  0.007  (330.610,447.335)    0.825      1    
CTS_cdb_buf_00028/A
-     CLKBUFX2   rise   0.001   2.271   0.084  -      (349.765,544.815)  116.635   -       
CTS_cdb_buf_00028/Y
-     CLKBUFX2   rise   0.143   2.414   0.076  0.006  (349.410,545.285)    0.825      1    
CTS_ccl_buf_00009/A
-     CLKBUFX20  rise   0.000   2.414   0.076  -      (376.700,500.585)   71.990   -       
CTS_ccl_buf_00009/Y
-     CLKBUFX20  rise   0.130   2.544   0.064  0.036  (376.210,500.785)    0.690      8    
CTS_ccl_a_buf_00005/A
-     CLKBUFX16  rise   0.000   2.545   0.064  -      (375.100,507.425)    7.750   -       
CTS_ccl_a_buf_00005/Y
-     CLKBUFX16  rise   0.129   2.674   0.080  0.042  (374.625,507.650)    0.700     52    
mcs4_core_ram_0_ram2_ram_array_reg[9][2]/CK
-     SDFFQX1    rise   0.001   2.675   0.081  -      (374.505,505.860)    1.910   -       
-------------------------------------------------------------------------------------------------

Timing for timing corner DelayCorner_WC:both.early, max clock_path:
===================================================================

PathID    : 2
Path type : skew group My_CLK/ConstraintMode_BC (path 1 of 1)
Start     : sysclk
End       : mcs4_core_i4004_sp_board_dram_array_reg[3][0]/CK
Delay     : 2.692

-------------------------------------------------------------------------------------------------
Name  Lib cell   Event  Incr   Arrival  Slew   Cap    Location           Distance  Fanout  Status
                        (ns)   (ns)     (ns)   (pF)                      (um)              
-- Clockpath trace ------------------------------------------------------------------------------
sysclk
-     -          rise   -       1.000   0.000  2.387  (130.710,500.000)  -            1    
pad_sysclk/PAD
-     PADDI      rise   0.000   1.000   0.003  -      (130.710,500.000)    0.000   -       
pad_sysclk/Y
-     PADDI      rise   0.088   1.088   0.025  0.003  (289.637,502.087)  161.015      1    
CTS_cdb_buf_00018/A
-     CLKBUFX3   rise   0.000   1.089   0.031  -      (310.900,531.365)   50.540   -       
CTS_cdb_buf_00018/Y
-     CLKBUFX3   rise   0.099   1.187   0.062  0.007  (310.685,530.780)    0.800      1    
CTS_cdb_buf_00019/A
-     CLKBUFX3   rise   0.000   1.188   0.062  -      (308.900,415.085)  117.480   -       
CTS_cdb_buf_00019/Y
-     CLKBUFX3   rise   0.114   1.302   0.063  0.007  (308.685,414.500)    0.800      1    
CTS_cdb_buf_00020/A
-     CLKBUFX3   rise   0.001   1.303   0.063  -      (308.900,533.075)  118.790   -       
CTS_cdb_buf_00020/Y
-     CLKBUFX3   rise   0.115   1.417   0.063  0.007  (308.685,533.660)    0.800      1    
CTS_cdb_buf_00021/A
-     CLKBUFX3   rise   0.001   1.418   0.063  -      (320.500,427.055)  118.420   -       
CTS_cdb_buf_00021/Y
-     CLKBUFX3   rise   0.115   1.532   0.062  0.007  (320.285,427.640)    0.800      1    
CTS_cdb_buf_00022/A
-     CLKBUFX3   rise   0.001   1.533   0.062  -      (318.300,543.335)  117.680   -       
CTS_cdb_buf_00022/Y
-     CLKBUFX3   rise   0.115   1.648   0.063  0.007  (318.085,543.920)    0.800      1    
CTS_cdb_buf_00023/A
-     CLKBUFX3   rise   0.001   1.648   0.063  -      (308.900,433.895)  119.210   -       
CTS_cdb_buf_00023/Y
-     CLKBUFX3   rise   0.114   1.762   0.062  0.007  (308.685,434.480)    0.800      1    
CTS_cdb_buf_00024/A
-     CLKBUFX2   rise   0.000   1.763   0.062  -      (308.765,551.655)  117.255   -       
CTS_cdb_buf_00024/Y
-     CLKBUFX2   rise   0.134   1.897   0.081  0.006  (308.410,552.125)    0.825      1    
CTS_cdb_buf_00025/A
-     CLKBUFX3   rise   0.000   1.898   0.081  -      (321.500,459.545)  105.670   -       
CTS_cdb_buf_00025/Y
-     CLKBUFX3   rise   0.123   2.021   0.062  0.007  (321.285,458.960)    0.800      1    
CTS_cdb_buf_00026/A
-     CLKBUFX3   rise   0.000   2.021   0.062  -      (334.300,563.855)  117.910   -       
CTS_cdb_buf_00026/Y
-     CLKBUFX3   rise   0.113   2.134   0.061  0.007  (334.085,564.440)    0.800      1    
CTS_cdb_buf_00027/A
-     CLKBUFX2   rise   0.000   2.135   0.061  -      (330.965,447.805)  119.755   -       
CTS_cdb_buf_00027/Y
-     CLKBUFX2   rise   0.136   2.270   0.084  0.007  (330.610,447.335)    0.825      1    
CTS_cdb_buf_00028/A
-     CLKBUFX2   rise   0.001   2.271   0.084  -      (349.765,544.815)  116.635   -       
CTS_cdb_buf_00028/Y
-     CLKBUFX2   rise   0.143   2.414   0.076  0.006  (349.410,545.285)    0.825      1    
CTS_ccl_buf_00009/A
-     CLKBUFX20  rise   0.000   2.414   0.076  -      (376.700,500.585)   71.990   -       
CTS_ccl_buf_00009/Y
-     CLKBUFX20  rise   0.130   2.544   0.064  0.036  (376.210,500.785)    0.690      8    
CTS_ccl_a_buf_00002/A
-     CLKBUFX20  rise   0.003   2.547   0.064  -      (550.900,468.095)  207.380   -       
CTS_ccl_a_buf_00002/Y
-     CLKBUFX20  rise   0.132   2.680   0.087  0.056  (550.410,467.895)    0.690     98    
mcs4_core_i4004_sp_board_dram_array_reg[3][0]/CK
-     SDFFQX1    rise   0.012   2.692   0.088  -      (618.705,455.980)   80.210   -       
-------------------------------------------------------------------------------------------------

Timing for timing corner DelayCorner_WC:both.late, min clock_path:
==================================================================

PathID    : 3
Path type : skew group My_CLK/ConstraintMode_BC (path 1 of 1)
Start     : sysclk
End       : mcs4_core_ram_0_ram2_ram_array_reg[9][2]/CK
Delay     : 2.684

-------------------------------------------------------------------------------------------------
Name  Lib cell   Event  Incr   Arrival  Slew   Cap    Location           Distance  Fanout  Status
                        (ns)   (ns)     (ns)   (pF)                      (um)              
-- Clockpath trace ------------------------------------------------------------------------------
sysclk
-     -          rise   -       1.000   0.000  2.387  (130.710,500.000)  -            1    
pad_sysclk/PAD
-     PADDI      rise   0.000   1.000   0.003  -      (130.710,500.000)    0.000   -       
pad_sysclk/Y
-     PADDI      rise   0.088   1.088   0.025  0.003  (289.637,502.087)  161.015      1    
CTS_cdb_buf_00018/A
-     CLKBUFX3   rise   0.000   1.089   0.031  -      (310.900,531.365)   50.540   -       
CTS_cdb_buf_00018/Y
-     CLKBUFX3   rise   0.099   1.187   0.062  0.007  (310.685,530.780)    0.800      1    
CTS_cdb_buf_00019/A
-     CLKBUFX3   rise   0.001   1.188   0.062  -      (308.900,415.085)  117.480   -       
CTS_cdb_buf_00019/Y
-     CLKBUFX3   rise   0.114   1.303   0.063  0.007  (308.685,414.500)    0.800      1    
CTS_cdb_buf_00020/A
-     CLKBUFX3   rise   0.001   1.304   0.063  -      (308.900,533.075)  118.790   -       
CTS_cdb_buf_00020/Y
-     CLKBUFX3   rise   0.115   1.418   0.063  0.007  (308.685,533.660)    0.800      1    
CTS_cdb_buf_00021/A
-     CLKBUFX3   rise   0.001   1.419   0.063  -      (320.500,427.055)  118.420   -       
CTS_cdb_buf_00021/Y
-     CLKBUFX3   rise   0.115   1.534   0.063  0.007  (320.285,427.640)    0.800      1    
CTS_cdb_buf_00022/A
-     CLKBUFX3   rise   0.001   1.535   0.063  -      (318.300,543.335)  117.680   -       
CTS_cdb_buf_00022/Y
-     CLKBUFX3   rise   0.115   1.650   0.063  0.007  (318.085,543.920)    0.800      1    
CTS_cdb_buf_00023/A
-     CLKBUFX3   rise   0.001   1.651   0.063  -      (308.900,433.895)  119.210   -       
CTS_cdb_buf_00023/Y
-     CLKBUFX3   rise   0.114   1.765   0.062  0.007  (308.685,434.480)    0.800      1    
CTS_cdb_buf_00024/A
-     CLKBUFX2   rise   0.001   1.766   0.062  -      (308.765,551.655)  117.255   -       
CTS_cdb_buf_00024/Y
-     CLKBUFX2   rise   0.134   1.900   0.081  0.006  (308.410,552.125)    0.825      1    
CTS_cdb_buf_00025/A
-     CLKBUFX3   rise   0.001   1.901   0.081  -      (321.500,459.545)  105.670   -       
CTS_cdb_buf_00025/Y
-     CLKBUFX3   rise   0.123   2.024   0.062  0.007  (321.285,458.960)    0.800      1    
CTS_cdb_buf_00026/A
-     CLKBUFX3   rise   0.001   2.025   0.062  -      (334.300,563.855)  117.910   -       
CTS_cdb_buf_00026/Y
-     CLKBUFX3   rise   0.113   2.138   0.061  0.007  (334.085,564.440)    0.800      1    
CTS_cdb_buf_00027/A
-     CLKBUFX2   rise   0.001   2.139   0.061  -      (330.965,447.805)  119.755   -       
CTS_cdb_buf_00027/Y
-     CLKBUFX2   rise   0.136   2.275   0.084  0.007  (330.610,447.335)    0.825      1    
CTS_cdb_buf_00028/A
-     CLKBUFX2   rise   0.001   2.275   0.084  -      (349.765,544.815)  116.635   -       
CTS_cdb_buf_00028/Y
-     CLKBUFX2   rise   0.144   2.420   0.078  0.006  (349.410,545.285)    0.825      1    
CTS_ccl_buf_00009/A
-     CLKBUFX20  rise   0.001   2.420   0.078  -      (376.700,500.585)   71.990   -       
CTS_ccl_buf_00009/Y
-     CLKBUFX20  rise   0.132   2.552   0.066  0.036  (376.210,500.785)    0.690      8    
CTS_ccl_a_buf_00005/A
-     CLKBUFX16  rise   0.000   2.552   0.066  -      (375.100,507.425)    7.750   -       
CTS_ccl_a_buf_00005/Y
-     CLKBUFX16  rise   0.131   2.683   0.081  0.042  (374.625,507.650)    0.700     52    
mcs4_core_ram_0_ram2_ram_array_reg[9][2]/CK
-     SDFFQX1    rise   0.001   2.684   0.081  -      (374.505,505.860)    1.910   -       
-------------------------------------------------------------------------------------------------

Timing for timing corner DelayCorner_WC:both.late, max clock_path:
==================================================================

PathID    : 4
Path type : skew group My_CLK/ConstraintMode_BC (path 1 of 1)
Start     : sysclk
End       : mcs4_core_i4004_sp_board_dram_array_reg[3][0]/CK
Delay     : 2.701

-------------------------------------------------------------------------------------------------
Name  Lib cell   Event  Incr   Arrival  Slew   Cap    Location           Distance  Fanout  Status
                        (ns)   (ns)     (ns)   (pF)                      (um)              
-- Clockpath trace ------------------------------------------------------------------------------
sysclk
-     -          rise   -       1.000   0.000  2.387  (130.710,500.000)  -            1    
pad_sysclk/PAD
-     PADDI      rise   0.000   1.000   0.003  -      (130.710,500.000)    0.000   -       
pad_sysclk/Y
-     PADDI      rise   0.088   1.088   0.025  0.003  (289.637,502.087)  161.015      1    
CTS_cdb_buf_00018/A
-     CLKBUFX3   rise   0.000   1.089   0.031  -      (310.900,531.365)   50.540   -       
CTS_cdb_buf_00018/Y
-     CLKBUFX3   rise   0.099   1.187   0.062  0.007  (310.685,530.780)    0.800      1    
CTS_cdb_buf_00019/A
-     CLKBUFX3   rise   0.001   1.188   0.062  -      (308.900,415.085)  117.480   -       
CTS_cdb_buf_00019/Y
-     CLKBUFX3   rise   0.114   1.303   0.063  0.007  (308.685,414.500)    0.800      1    
CTS_cdb_buf_00020/A
-     CLKBUFX3   rise   0.001   1.304   0.063  -      (308.900,533.075)  118.790   -       
CTS_cdb_buf_00020/Y
-     CLKBUFX3   rise   0.115   1.418   0.063  0.007  (308.685,533.660)    0.800      1    
CTS_cdb_buf_00021/A
-     CLKBUFX3   rise   0.001   1.419   0.063  -      (320.500,427.055)  118.420   -       
CTS_cdb_buf_00021/Y
-     CLKBUFX3   rise   0.115   1.534   0.063  0.007  (320.285,427.640)    0.800      1    
CTS_cdb_buf_00022/A
-     CLKBUFX3   rise   0.001   1.535   0.063  -      (318.300,543.335)  117.680   -       
CTS_cdb_buf_00022/Y
-     CLKBUFX3   rise   0.115   1.650   0.063  0.007  (318.085,543.920)    0.800      1    
CTS_cdb_buf_00023/A
-     CLKBUFX3   rise   0.001   1.651   0.063  -      (308.900,433.895)  119.210   -       
CTS_cdb_buf_00023/Y
-     CLKBUFX3   rise   0.114   1.765   0.062  0.007  (308.685,434.480)    0.800      1    
CTS_cdb_buf_00024/A
-     CLKBUFX2   rise   0.001   1.766   0.062  -      (308.765,551.655)  117.255   -       
CTS_cdb_buf_00024/Y
-     CLKBUFX2   rise   0.134   1.900   0.081  0.006  (308.410,552.125)    0.825      1    
CTS_cdb_buf_00025/A
-     CLKBUFX3   rise   0.001   1.901   0.081  -      (321.500,459.545)  105.670   -       
CTS_cdb_buf_00025/Y
-     CLKBUFX3   rise   0.123   2.024   0.062  0.007  (321.285,458.960)    0.800      1    
CTS_cdb_buf_00026/A
-     CLKBUFX3   rise   0.001   2.025   0.062  -      (334.300,563.855)  117.910   -       
CTS_cdb_buf_00026/Y
-     CLKBUFX3   rise   0.113   2.138   0.061  0.007  (334.085,564.440)    0.800      1    
CTS_cdb_buf_00027/A
-     CLKBUFX2   rise   0.001   2.139   0.061  -      (330.965,447.805)  119.755   -       
CTS_cdb_buf_00027/Y
-     CLKBUFX2   rise   0.136   2.275   0.084  0.007  (330.610,447.335)    0.825      1    
CTS_cdb_buf_00028/A
-     CLKBUFX2   rise   0.001   2.275   0.084  -      (349.765,544.815)  116.635   -       
CTS_cdb_buf_00028/Y
-     CLKBUFX2   rise   0.144   2.420   0.078  0.006  (349.410,545.285)    0.825      1    
CTS_ccl_buf_00009/A
-     CLKBUFX20  rise   0.001   2.420   0.078  -      (376.700,500.585)   71.990   -       
CTS_ccl_buf_00009/Y
-     CLKBUFX20  rise   0.132   2.552   0.066  0.036  (376.210,500.785)    0.690      8    
CTS_ccl_a_buf_00002/A
-     CLKBUFX20  rise   0.003   2.555   0.066  -      (550.900,468.095)  207.380   -       
CTS_ccl_a_buf_00002/Y
-     CLKBUFX20  rise   0.134   2.689   0.087  0.056  (550.410,467.895)    0.690     98    
mcs4_core_i4004_sp_board_dram_array_reg[3][0]/CK
-     SDFFQX1    rise   0.012   2.701   0.089  -      (618.705,455.980)   80.210   -       
-------------------------------------------------------------------------------------------------

Timing for timing corner DelayCorner_BC:both.early, min clock_path:
===================================================================

PathID    : 5
Path type : skew group My_CLK/ConstraintMode_BC (path 1 of 1)
Start     : sysclk
End       : mcs4_core_ram_0_ram2_ram_array_reg[9][2]/CK
Delay     : 1.618

-------------------------------------------------------------------------------------------------
Name  Lib cell   Event  Incr   Arrival  Slew   Cap    Location           Distance  Fanout  Status
                        (ns)   (ns)     (ns)   (pF)                      (um)              
-- Clockpath trace ------------------------------------------------------------------------------
sysclk
-     -          rise   -       1.200   0.000  2.387  (130.710,500.000)  -            1    
pad_sysclk/PAD
-     PADDI      rise   0.000   1.200   0.003  -      (130.710,500.000)    0.000   -       
pad_sysclk/Y
-     PADDI      rise   0.089   1.289   0.025  0.003  (289.637,502.087)  161.015      1    
CTS_cdb_buf_00018/A
-     CLKBUFX3   rise   0.010   1.298   0.064  -      (310.900,531.365)   50.540   -       
CTS_cdb_buf_00018/Y
-     CLKBUFX3   rise   0.028   1.326   0.017  0.007  (310.685,530.780)    0.800      1    
CTS_cdb_buf_00019/A
-     CLKBUFX3   rise   0.001   1.327   0.017  -      (308.900,415.085)  117.480   -       
CTS_cdb_buf_00019/Y
-     CLKBUFX3   rise   0.022   1.349   0.016  0.007  (308.685,414.500)    0.800      1    
CTS_cdb_buf_00020/A
-     CLKBUFX3   rise   0.001   1.350   0.016  -      (308.900,533.075)  118.790   -       
CTS_cdb_buf_00020/Y
-     CLKBUFX3   rise   0.022   1.372   0.016  0.007  (308.685,533.660)    0.800      1    
CTS_cdb_buf_00021/A
-     CLKBUFX3   rise   0.000   1.372   0.016  -      (320.500,427.055)  118.420   -       
CTS_cdb_buf_00021/Y
-     CLKBUFX3   rise   0.022   1.395   0.016  0.007  (320.285,427.640)    0.800      1    
CTS_cdb_buf_00022/A
-     CLKBUFX3   rise   0.000   1.395   0.016  -      (318.300,543.335)  117.680   -       
CTS_cdb_buf_00022/Y
-     CLKBUFX3   rise   0.022   1.418   0.016  0.007  (318.085,543.920)    0.800      1    
CTS_cdb_buf_00023/A
-     CLKBUFX3   rise   0.001   1.418   0.016  -      (308.900,433.895)  119.210   -       
CTS_cdb_buf_00023/Y
-     CLKBUFX3   rise   0.022   1.440   0.016  0.007  (308.685,434.480)    0.800      1    
CTS_cdb_buf_00024/A
-     CLKBUFX2   rise   0.001   1.441   0.016  -      (308.765,551.655)  117.255   -       
CTS_cdb_buf_00024/Y
-     CLKBUFX2   rise   0.025   1.466   0.021  0.006  (308.410,552.125)    0.825      1    
CTS_cdb_buf_00025/A
-     CLKBUFX3   rise   0.000   1.466   0.021  -      (321.500,459.545)  105.670   -       
CTS_cdb_buf_00025/Y
-     CLKBUFX3   rise   0.023   1.489   0.016  0.007  (321.285,458.960)    0.800      1    
CTS_cdb_buf_00026/A
-     CLKBUFX3   rise   0.000   1.490   0.016  -      (334.300,563.855)  117.910   -       
CTS_cdb_buf_00026/Y
-     CLKBUFX3   rise   0.022   1.511   0.016  0.007  (334.085,564.440)    0.800      1    
CTS_cdb_buf_00027/A
-     CLKBUFX2   rise   0.000   1.512   0.016  -      (330.965,447.805)  119.755   -       
CTS_cdb_buf_00027/Y
-     CLKBUFX2   rise   0.026   1.538   0.021  0.007  (330.610,447.335)    0.825      1    
CTS_cdb_buf_00028/A
-     CLKBUFX2   rise   0.000   1.538   0.021  -      (349.765,544.815)  116.635   -       
CTS_cdb_buf_00028/Y
-     CLKBUFX2   rise   0.026   1.564   0.020  0.007  (349.410,545.285)    0.825      1    
CTS_ccl_buf_00009/A
-     CLKBUFX20  rise   0.000   1.564   0.020  -      (376.700,500.585)   71.990   -       
CTS_ccl_buf_00009/Y
-     CLKBUFX20  rise   0.027   1.591   0.019  0.040  (376.210,500.785)    0.690      8    
CTS_ccl_a_buf_00005/A
-     CLKBUFX16  rise   0.000   1.591   0.019  -      (375.100,507.425)    7.750   -       
CTS_ccl_a_buf_00005/Y
-     CLKBUFX16  rise   0.026   1.617   0.023  0.047  (374.625,507.650)    0.700     52    
mcs4_core_ram_0_ram2_ram_array_reg[9][2]/CK
-     SDFFQX1    rise   0.001   1.618   0.024  -      (374.505,505.860)    1.910   -       
-------------------------------------------------------------------------------------------------

Timing for timing corner DelayCorner_BC:both.early, max clock_path:
===================================================================

PathID    : 6
Path type : skew group My_CLK/ConstraintMode_BC (path 1 of 1)
Start     : sysclk
End       : mcs4_core_i4004_sp_board_dram_array_reg[3][0]/CK
Delay     : 1.635

-------------------------------------------------------------------------------------------------
Name  Lib cell   Event  Incr   Arrival  Slew   Cap    Location           Distance  Fanout  Status
                        (ns)   (ns)     (ns)   (pF)                      (um)              
-- Clockpath trace ------------------------------------------------------------------------------
sysclk
-     -          rise   -       1.200   0.000  2.387  (130.710,500.000)  -            1    
pad_sysclk/PAD
-     PADDI      rise   0.000   1.200   0.003  -      (130.710,500.000)    0.000   -       
pad_sysclk/Y
-     PADDI      rise   0.089   1.289   0.025  0.003  (289.637,502.087)  161.015      1    
CTS_cdb_buf_00018/A
-     CLKBUFX3   rise   0.010   1.298   0.064  -      (310.900,531.365)   50.540   -       
CTS_cdb_buf_00018/Y
-     CLKBUFX3   rise   0.028   1.326   0.017  0.007  (310.685,530.780)    0.800      1    
CTS_cdb_buf_00019/A
-     CLKBUFX3   rise   0.001   1.327   0.017  -      (308.900,415.085)  117.480   -       
CTS_cdb_buf_00019/Y
-     CLKBUFX3   rise   0.022   1.349   0.016  0.007  (308.685,414.500)    0.800      1    
CTS_cdb_buf_00020/A
-     CLKBUFX3   rise   0.001   1.350   0.016  -      (308.900,533.075)  118.790   -       
CTS_cdb_buf_00020/Y
-     CLKBUFX3   rise   0.022   1.372   0.016  0.007  (308.685,533.660)    0.800      1    
CTS_cdb_buf_00021/A
-     CLKBUFX3   rise   0.000   1.372   0.016  -      (320.500,427.055)  118.420   -       
CTS_cdb_buf_00021/Y
-     CLKBUFX3   rise   0.022   1.395   0.016  0.007  (320.285,427.640)    0.800      1    
CTS_cdb_buf_00022/A
-     CLKBUFX3   rise   0.000   1.395   0.016  -      (318.300,543.335)  117.680   -       
CTS_cdb_buf_00022/Y
-     CLKBUFX3   rise   0.022   1.418   0.016  0.007  (318.085,543.920)    0.800      1    
CTS_cdb_buf_00023/A
-     CLKBUFX3   rise   0.001   1.418   0.016  -      (308.900,433.895)  119.210   -       
CTS_cdb_buf_00023/Y
-     CLKBUFX3   rise   0.022   1.440   0.016  0.007  (308.685,434.480)    0.800      1    
CTS_cdb_buf_00024/A
-     CLKBUFX2   rise   0.001   1.441   0.016  -      (308.765,551.655)  117.255   -       
CTS_cdb_buf_00024/Y
-     CLKBUFX2   rise   0.025   1.466   0.021  0.006  (308.410,552.125)    0.825      1    
CTS_cdb_buf_00025/A
-     CLKBUFX3   rise   0.000   1.466   0.021  -      (321.500,459.545)  105.670   -       
CTS_cdb_buf_00025/Y
-     CLKBUFX3   rise   0.023   1.489   0.016  0.007  (321.285,458.960)    0.800      1    
CTS_cdb_buf_00026/A
-     CLKBUFX3   rise   0.000   1.490   0.016  -      (334.300,563.855)  117.910   -       
CTS_cdb_buf_00026/Y
-     CLKBUFX3   rise   0.022   1.511   0.016  0.007  (334.085,564.440)    0.800      1    
CTS_cdb_buf_00027/A
-     CLKBUFX2   rise   0.000   1.512   0.016  -      (330.965,447.805)  119.755   -       
CTS_cdb_buf_00027/Y
-     CLKBUFX2   rise   0.026   1.538   0.021  0.007  (330.610,447.335)    0.825      1    
CTS_cdb_buf_00028/A
-     CLKBUFX2   rise   0.000   1.538   0.021  -      (349.765,544.815)  116.635   -       
CTS_cdb_buf_00028/Y
-     CLKBUFX2   rise   0.026   1.564   0.020  0.007  (349.410,545.285)    0.825      1    
CTS_ccl_buf_00009/A
-     CLKBUFX20  rise   0.000   1.564   0.020  -      (376.700,500.585)   71.990   -       
CTS_ccl_buf_00009/Y
-     CLKBUFX20  rise   0.027   1.591   0.019  0.040  (376.210,500.785)    0.690      8    
CTS_ccl_a_buf_00002/A
-     CLKBUFX20  rise   0.003   1.594   0.020  -      (550.900,468.095)  207.380   -       
CTS_ccl_a_buf_00002/Y
-     CLKBUFX20  rise   0.027   1.621   0.024  0.066  (550.410,467.895)    0.690     98    
mcs4_core_i4004_sp_board_dram_array_reg[3][0]/CK
-     SDFFQX1    rise   0.013   1.635   0.034  -      (618.705,455.980)   80.210   -       
-------------------------------------------------------------------------------------------------

Timing for timing corner DelayCorner_BC:both.late, min clock_path:
==================================================================

PathID    : 7
Path type : skew group My_CLK/ConstraintMode_BC (path 1 of 1)
Start     : sysclk
End       : mcs4_core_ram_0_ram2_ram_array_reg[9][2]/CK
Delay     : 1.625

-------------------------------------------------------------------------------------------------
Name  Lib cell   Event  Incr   Arrival  Slew   Cap    Location           Distance  Fanout  Status
                        (ns)   (ns)     (ns)   (pF)                      (um)              
-- Clockpath trace ------------------------------------------------------------------------------
sysclk
-     -          rise   -       1.200   0.000  2.387  (130.710,500.000)  -            1    
pad_sysclk/PAD
-     PADDI      rise   0.000   1.200   0.003  -      (130.710,500.000)    0.000   -       
pad_sysclk/Y
-     PADDI      rise   0.089   1.289   0.025  0.003  (289.637,502.087)  161.015      1    
CTS_cdb_buf_00018/A
-     CLKBUFX3   rise   0.010   1.299   0.064  -      (310.900,531.365)   50.540   -       
CTS_cdb_buf_00018/Y
-     CLKBUFX3   rise   0.028   1.327   0.017  0.007  (310.685,530.780)    0.800      1    
CTS_cdb_buf_00019/A
-     CLKBUFX3   rise   0.001   1.327   0.017  -      (308.900,415.085)  117.480   -       
CTS_cdb_buf_00019/Y
-     CLKBUFX3   rise   0.022   1.350   0.016  0.007  (308.685,414.500)    0.800      1    
CTS_cdb_buf_00020/A
-     CLKBUFX3   rise   0.001   1.351   0.016  -      (308.900,533.075)  118.790   -       
CTS_cdb_buf_00020/Y
-     CLKBUFX3   rise   0.022   1.373   0.016  0.007  (308.685,533.660)    0.800      1    
CTS_cdb_buf_00021/A
-     CLKBUFX3   rise   0.001   1.374   0.016  -      (320.500,427.055)  118.420   -       
CTS_cdb_buf_00021/Y
-     CLKBUFX3   rise   0.022   1.397   0.016  0.007  (320.285,427.640)    0.800      1    
CTS_cdb_buf_00022/A
-     CLKBUFX3   rise   0.001   1.397   0.016  -      (318.300,543.335)  117.680   -       
CTS_cdb_buf_00022/Y
-     CLKBUFX3   rise   0.022   1.420   0.017  0.007  (318.085,543.920)    0.800      1    
CTS_cdb_buf_00023/A
-     CLKBUFX3   rise   0.001   1.421   0.017  -      (308.900,433.895)  119.210   -       
CTS_cdb_buf_00023/Y
-     CLKBUFX3   rise   0.022   1.443   0.016  0.007  (308.685,434.480)    0.800      1    
CTS_cdb_buf_00024/A
-     CLKBUFX2   rise   0.001   1.444   0.016  -      (308.765,551.655)  117.255   -       
CTS_cdb_buf_00024/Y
-     CLKBUFX2   rise   0.025   1.469   0.021  0.006  (308.410,552.125)    0.825      1    
CTS_cdb_buf_00025/A
-     CLKBUFX3   rise   0.001   1.470   0.021  -      (321.500,459.545)  105.670   -       
CTS_cdb_buf_00025/Y
-     CLKBUFX3   rise   0.023   1.493   0.016  0.007  (321.285,458.960)    0.800      1    
CTS_cdb_buf_00026/A
-     CLKBUFX3   rise   0.001   1.494   0.016  -      (334.300,563.855)  117.910   -       
CTS_cdb_buf_00026/Y
-     CLKBUFX3   rise   0.022   1.516   0.016  0.007  (334.085,564.440)    0.800      1    
CTS_cdb_buf_00027/A
-     CLKBUFX2   rise   0.001   1.517   0.016  -      (330.965,447.805)  119.755   -       
CTS_cdb_buf_00027/Y
-     CLKBUFX2   rise   0.026   1.542   0.021  0.007  (330.610,447.335)    0.825      1    
CTS_cdb_buf_00028/A
-     CLKBUFX2   rise   0.001   1.543   0.021  -      (349.765,544.815)  116.635   -       
CTS_cdb_buf_00028/Y
-     CLKBUFX2   rise   0.026   1.569   0.021  0.007  (349.410,545.285)    0.825      1    
CTS_ccl_buf_00009/A
-     CLKBUFX20  rise   0.001   1.570   0.021  -      (376.700,500.585)   71.990   -       
CTS_ccl_buf_00009/Y
-     CLKBUFX20  rise   0.028   1.598   0.020  0.040  (376.210,500.785)    0.690      8    
CTS_ccl_a_buf_00005/A
-     CLKBUFX16  rise   0.000   1.598   0.020  -      (375.100,507.425)    7.750   -       
CTS_ccl_a_buf_00005/Y
-     CLKBUFX16  rise   0.026   1.624   0.024  0.047  (374.625,507.650)    0.700     52    
mcs4_core_ram_0_ram2_ram_array_reg[9][2]/CK
-     SDFFQX1    rise   0.001   1.625   0.025  -      (374.505,505.860)    1.910   -       
-------------------------------------------------------------------------------------------------

Timing for timing corner DelayCorner_BC:both.late, max clock_path:
==================================================================

PathID    : 8
Path type : skew group My_CLK/ConstraintMode_BC (path 1 of 1)
Start     : sysclk
End       : mcs4_core_i4004_sp_board_dram_array_reg[3][0]/CK
Delay     : 1.642

-------------------------------------------------------------------------------------------------
Name  Lib cell   Event  Incr   Arrival  Slew   Cap    Location           Distance  Fanout  Status
                        (ns)   (ns)     (ns)   (pF)                      (um)              
-- Clockpath trace ------------------------------------------------------------------------------
sysclk
-     -          rise   -       1.200   0.000  2.387  (130.710,500.000)  -            1    
pad_sysclk/PAD
-     PADDI      rise   0.000   1.200   0.003  -      (130.710,500.000)    0.000   -       
pad_sysclk/Y
-     PADDI      rise   0.089   1.289   0.025  0.003  (289.637,502.087)  161.015      1    
CTS_cdb_buf_00018/A
-     CLKBUFX3   rise   0.010   1.299   0.064  -      (310.900,531.365)   50.540   -       
CTS_cdb_buf_00018/Y
-     CLKBUFX3   rise   0.028   1.327   0.017  0.007  (310.685,530.780)    0.800      1    
CTS_cdb_buf_00019/A
-     CLKBUFX3   rise   0.001   1.327   0.017  -      (308.900,415.085)  117.480   -       
CTS_cdb_buf_00019/Y
-     CLKBUFX3   rise   0.022   1.350   0.016  0.007  (308.685,414.500)    0.800      1    
CTS_cdb_buf_00020/A
-     CLKBUFX3   rise   0.001   1.351   0.016  -      (308.900,533.075)  118.790   -       
CTS_cdb_buf_00020/Y
-     CLKBUFX3   rise   0.022   1.373   0.016  0.007  (308.685,533.660)    0.800      1    
CTS_cdb_buf_00021/A
-     CLKBUFX3   rise   0.001   1.374   0.016  -      (320.500,427.055)  118.420   -       
CTS_cdb_buf_00021/Y
-     CLKBUFX3   rise   0.022   1.397   0.016  0.007  (320.285,427.640)    0.800      1    
CTS_cdb_buf_00022/A
-     CLKBUFX3   rise   0.001   1.397   0.016  -      (318.300,543.335)  117.680   -       
CTS_cdb_buf_00022/Y
-     CLKBUFX3   rise   0.022   1.420   0.017  0.007  (318.085,543.920)    0.800      1    
CTS_cdb_buf_00023/A
-     CLKBUFX3   rise   0.001   1.421   0.017  -      (308.900,433.895)  119.210   -       
CTS_cdb_buf_00023/Y
-     CLKBUFX3   rise   0.022   1.443   0.016  0.007  (308.685,434.480)    0.800      1    
CTS_cdb_buf_00024/A
-     CLKBUFX2   rise   0.001   1.444   0.016  -      (308.765,551.655)  117.255   -       
CTS_cdb_buf_00024/Y
-     CLKBUFX2   rise   0.025   1.469   0.021  0.006  (308.410,552.125)    0.825      1    
CTS_cdb_buf_00025/A
-     CLKBUFX3   rise   0.001   1.470   0.021  -      (321.500,459.545)  105.670   -       
CTS_cdb_buf_00025/Y
-     CLKBUFX3   rise   0.023   1.493   0.016  0.007  (321.285,458.960)    0.800      1    
CTS_cdb_buf_00026/A
-     CLKBUFX3   rise   0.001   1.494   0.016  -      (334.300,563.855)  117.910   -       
CTS_cdb_buf_00026/Y
-     CLKBUFX3   rise   0.022   1.516   0.016  0.007  (334.085,564.440)    0.800      1    
CTS_cdb_buf_00027/A
-     CLKBUFX2   rise   0.001   1.517   0.016  -      (330.965,447.805)  119.755   -       
CTS_cdb_buf_00027/Y
-     CLKBUFX2   rise   0.026   1.542   0.021  0.007  (330.610,447.335)    0.825      1    
CTS_cdb_buf_00028/A
-     CLKBUFX2   rise   0.001   1.543   0.021  -      (349.765,544.815)  116.635   -       
CTS_cdb_buf_00028/Y
-     CLKBUFX2   rise   0.026   1.569   0.021  0.007  (349.410,545.285)    0.825      1    
CTS_ccl_buf_00009/A
-     CLKBUFX20  rise   0.001   1.570   0.021  -      (376.700,500.585)   71.990   -       
CTS_ccl_buf_00009/Y
-     CLKBUFX20  rise   0.028   1.598   0.020  0.040  (376.210,500.785)    0.690      8    
CTS_ccl_a_buf_00002/A
-     CLKBUFX20  rise   0.003   1.601   0.020  -      (550.900,468.095)  207.380   -       
CTS_ccl_a_buf_00002/Y
-     CLKBUFX20  rise   0.027   1.629   0.025  0.066  (550.410,467.895)    0.690     98    
mcs4_core_i4004_sp_board_dram_array_reg[3][0]/CK
-     SDFFQX1    rise   0.014   1.642   0.035  -      (618.705,455.980)   80.210   -       
-------------------------------------------------------------------------------------------------

Timing for timing corner DelayCorner_WC:both.early, min clock_path:
===================================================================

PathID    : 9
Path type : skew group My_CLK/ConstraintMode_WC (path 1 of 1)
Start     : sysclk
End       : mcs4_core_ram_0_ram2_ram_array_reg[9][2]/CK
Delay     : 2.675

-------------------------------------------------------------------------------------------------
Name  Lib cell   Event  Incr   Arrival  Slew   Cap    Location           Distance  Fanout  Status
                        (ns)   (ns)     (ns)   (pF)                      (um)              
-- Clockpath trace ------------------------------------------------------------------------------
sysclk
-     -          rise   -       1.000   0.000  2.387  (130.710,500.000)  -            1    
pad_sysclk/PAD
-     PADDI      rise   0.000   1.000   0.003  -      (130.710,500.000)    0.000   -       
pad_sysclk/Y
-     PADDI      rise   0.088   1.088   0.025  0.003  (289.637,502.087)  161.015      1    
CTS_cdb_buf_00018/A
-     CLKBUFX3   rise   0.000   1.089   0.031  -      (310.900,531.365)   50.540   -       
CTS_cdb_buf_00018/Y
-     CLKBUFX3   rise   0.099   1.187   0.062  0.007  (310.685,530.780)    0.800      1    
CTS_cdb_buf_00019/A
-     CLKBUFX3   rise   0.000   1.188   0.062  -      (308.900,415.085)  117.480   -       
CTS_cdb_buf_00019/Y
-     CLKBUFX3   rise   0.114   1.302   0.063  0.007  (308.685,414.500)    0.800      1    
CTS_cdb_buf_00020/A
-     CLKBUFX3   rise   0.001   1.303   0.063  -      (308.900,533.075)  118.790   -       
CTS_cdb_buf_00020/Y
-     CLKBUFX3   rise   0.115   1.417   0.063  0.007  (308.685,533.660)    0.800      1    
CTS_cdb_buf_00021/A
-     CLKBUFX3   rise   0.001   1.418   0.063  -      (320.500,427.055)  118.420   -       
CTS_cdb_buf_00021/Y
-     CLKBUFX3   rise   0.115   1.532   0.062  0.007  (320.285,427.640)    0.800      1    
CTS_cdb_buf_00022/A
-     CLKBUFX3   rise   0.001   1.533   0.062  -      (318.300,543.335)  117.680   -       
CTS_cdb_buf_00022/Y
-     CLKBUFX3   rise   0.115   1.648   0.063  0.007  (318.085,543.920)    0.800      1    
CTS_cdb_buf_00023/A
-     CLKBUFX3   rise   0.001   1.648   0.063  -      (308.900,433.895)  119.210   -       
CTS_cdb_buf_00023/Y
-     CLKBUFX3   rise   0.114   1.762   0.062  0.007  (308.685,434.480)    0.800      1    
CTS_cdb_buf_00024/A
-     CLKBUFX2   rise   0.000   1.763   0.062  -      (308.765,551.655)  117.255   -       
CTS_cdb_buf_00024/Y
-     CLKBUFX2   rise   0.134   1.897   0.081  0.006  (308.410,552.125)    0.825      1    
CTS_cdb_buf_00025/A
-     CLKBUFX3   rise   0.000   1.898   0.081  -      (321.500,459.545)  105.670   -       
CTS_cdb_buf_00025/Y
-     CLKBUFX3   rise   0.123   2.021   0.062  0.007  (321.285,458.960)    0.800      1    
CTS_cdb_buf_00026/A
-     CLKBUFX3   rise   0.000   2.021   0.062  -      (334.300,563.855)  117.910   -       
CTS_cdb_buf_00026/Y
-     CLKBUFX3   rise   0.113   2.134   0.061  0.007  (334.085,564.440)    0.800      1    
CTS_cdb_buf_00027/A
-     CLKBUFX2   rise   0.000   2.135   0.061  -      (330.965,447.805)  119.755   -       
CTS_cdb_buf_00027/Y
-     CLKBUFX2   rise   0.136   2.270   0.084  0.007  (330.610,447.335)    0.825      1    
CTS_cdb_buf_00028/A
-     CLKBUFX2   rise   0.001   2.271   0.084  -      (349.765,544.815)  116.635   -       
CTS_cdb_buf_00028/Y
-     CLKBUFX2   rise   0.143   2.414   0.076  0.006  (349.410,545.285)    0.825      1    
CTS_ccl_buf_00009/A
-     CLKBUFX20  rise   0.000   2.414   0.076  -      (376.700,500.585)   71.990   -       
CTS_ccl_buf_00009/Y
-     CLKBUFX20  rise   0.130   2.544   0.064  0.036  (376.210,500.785)    0.690      8    
CTS_ccl_a_buf_00005/A
-     CLKBUFX16  rise   0.000   2.545   0.064  -      (375.100,507.425)    7.750   -       
CTS_ccl_a_buf_00005/Y
-     CLKBUFX16  rise   0.129   2.674   0.080  0.042  (374.625,507.650)    0.700     52    
mcs4_core_ram_0_ram2_ram_array_reg[9][2]/CK
-     SDFFQX1    rise   0.001   2.675   0.081  -      (374.505,505.860)    1.910   -       
-------------------------------------------------------------------------------------------------

Timing for timing corner DelayCorner_WC:both.early, max clock_path:
===================================================================

PathID    : 10
Path type : skew group My_CLK/ConstraintMode_WC (path 1 of 1)
Start     : sysclk
End       : mcs4_core_i4004_sp_board_dram_array_reg[3][0]/CK
Delay     :  2.692

-------------------------------------------------------------------------------------------------
Name  Lib cell   Event  Incr   Arrival  Slew   Cap    Location           Distance  Fanout  Status
                        (ns)   (ns)     (ns)   (pF)                      (um)              
-- Clockpath trace ------------------------------------------------------------------------------
sysclk
-     -          rise   -       1.000   0.000  2.387  (130.710,500.000)  -            1    
pad_sysclk/PAD
-     PADDI      rise   0.000   1.000   0.003  -      (130.710,500.000)    0.000   -       
pad_sysclk/Y
-     PADDI      rise   0.088   1.088   0.025  0.003  (289.637,502.087)  161.015      1    
CTS_cdb_buf_00018/A
-     CLKBUFX3   rise   0.000   1.089   0.031  -      (310.900,531.365)   50.540   -       
CTS_cdb_buf_00018/Y
-     CLKBUFX3   rise   0.099   1.187   0.062  0.007  (310.685,530.780)    0.800      1    
CTS_cdb_buf_00019/A
-     CLKBUFX3   rise   0.000   1.188   0.062  -      (308.900,415.085)  117.480   -       
CTS_cdb_buf_00019/Y
-     CLKBUFX3   rise   0.114   1.302   0.063  0.007  (308.685,414.500)    0.800      1    
CTS_cdb_buf_00020/A
-     CLKBUFX3   rise   0.001   1.303   0.063  -      (308.900,533.075)  118.790   -       
CTS_cdb_buf_00020/Y
-     CLKBUFX3   rise   0.115   1.417   0.063  0.007  (308.685,533.660)    0.800      1    
CTS_cdb_buf_00021/A
-     CLKBUFX3   rise   0.001   1.418   0.063  -      (320.500,427.055)  118.420   -       
CTS_cdb_buf_00021/Y
-     CLKBUFX3   rise   0.115   1.532   0.062  0.007  (320.285,427.640)    0.800      1    
CTS_cdb_buf_00022/A
-     CLKBUFX3   rise   0.001   1.533   0.062  -      (318.300,543.335)  117.680   -       
CTS_cdb_buf_00022/Y
-     CLKBUFX3   rise   0.115   1.648   0.063  0.007  (318.085,543.920)    0.800      1    
CTS_cdb_buf_00023/A
-     CLKBUFX3   rise   0.001   1.648   0.063  -      (308.900,433.895)  119.210   -       
CTS_cdb_buf_00023/Y
-     CLKBUFX3   rise   0.114   1.762   0.062  0.007  (308.685,434.480)    0.800      1    
CTS_cdb_buf_00024/A
-     CLKBUFX2   rise   0.000   1.763   0.062  -      (308.765,551.655)  117.255   -       
CTS_cdb_buf_00024/Y
-     CLKBUFX2   rise   0.134   1.897   0.081  0.006  (308.410,552.125)    0.825      1    
CTS_cdb_buf_00025/A
-     CLKBUFX3   rise   0.000   1.898   0.081  -      (321.500,459.545)  105.670   -       
CTS_cdb_buf_00025/Y
-     CLKBUFX3   rise   0.123   2.021   0.062  0.007  (321.285,458.960)    0.800      1    
CTS_cdb_buf_00026/A
-     CLKBUFX3   rise   0.000   2.021   0.062  -      (334.300,563.855)  117.910   -       
CTS_cdb_buf_00026/Y
-     CLKBUFX3   rise   0.113   2.134   0.061  0.007  (334.085,564.440)    0.800      1    
CTS_cdb_buf_00027/A
-     CLKBUFX2   rise   0.000   2.135   0.061  -      (330.965,447.805)  119.755   -       
CTS_cdb_buf_00027/Y
-     CLKBUFX2   rise   0.136   2.270   0.084  0.007  (330.610,447.335)    0.825      1    
CTS_cdb_buf_00028/A
-     CLKBUFX2   rise   0.001   2.271   0.084  -      (349.765,544.815)  116.635   -       
CTS_cdb_buf_00028/Y
-     CLKBUFX2   rise   0.143   2.414   0.076  0.006  (349.410,545.285)    0.825      1    
CTS_ccl_buf_00009/A
-     CLKBUFX20  rise   0.000   2.414   0.076  -      (376.700,500.585)   71.990   -       
CTS_ccl_buf_00009/Y
-     CLKBUFX20  rise   0.130   2.544   0.064  0.036  (376.210,500.785)    0.690      8    
CTS_ccl_a_buf_00002/A
-     CLKBUFX20  rise   0.003   2.547   0.064  -      (550.900,468.095)  207.380   -       
CTS_ccl_a_buf_00002/Y
-     CLKBUFX20  rise   0.132   2.680   0.087  0.056  (550.410,467.895)    0.690     98    
mcs4_core_i4004_sp_board_dram_array_reg[3][0]/CK
-     SDFFQX1    rise   0.012   2.692   0.088  -      (618.705,455.980)   80.210   -       
-------------------------------------------------------------------------------------------------

Timing for timing corner DelayCorner_WC:both.late, min clock_path:
==================================================================

PathID    : 11
Path type : skew group My_CLK/ConstraintMode_WC (path 1 of 1)
Start     : sysclk
End       : mcs4_core_ram_0_ram2_ram_array_reg[9][2]/CK
Delay     :  2.684

-------------------------------------------------------------------------------------------------
Name  Lib cell   Event  Incr   Arrival  Slew   Cap    Location           Distance  Fanout  Status
                        (ns)   (ns)     (ns)   (pF)                      (um)              
-- Clockpath trace ------------------------------------------------------------------------------
sysclk
-     -          rise   -       1.000   0.000  2.387  (130.710,500.000)  -            1    
pad_sysclk/PAD
-     PADDI      rise   0.000   1.000   0.003  -      (130.710,500.000)    0.000   -       
pad_sysclk/Y
-     PADDI      rise   0.088   1.088   0.025  0.003  (289.637,502.087)  161.015      1    
CTS_cdb_buf_00018/A
-     CLKBUFX3   rise   0.000   1.089   0.031  -      (310.900,531.365)   50.540   -       
CTS_cdb_buf_00018/Y
-     CLKBUFX3   rise   0.099   1.187   0.062  0.007  (310.685,530.780)    0.800      1    
CTS_cdb_buf_00019/A
-     CLKBUFX3   rise   0.001   1.188   0.062  -      (308.900,415.085)  117.480   -       
CTS_cdb_buf_00019/Y
-     CLKBUFX3   rise   0.114   1.303   0.063  0.007  (308.685,414.500)    0.800      1    
CTS_cdb_buf_00020/A
-     CLKBUFX3   rise   0.001   1.304   0.063  -      (308.900,533.075)  118.790   -       
CTS_cdb_buf_00020/Y
-     CLKBUFX3   rise   0.115   1.418   0.063  0.007  (308.685,533.660)    0.800      1    
CTS_cdb_buf_00021/A
-     CLKBUFX3   rise   0.001   1.419   0.063  -      (320.500,427.055)  118.420   -       
CTS_cdb_buf_00021/Y
-     CLKBUFX3   rise   0.115   1.534   0.063  0.007  (320.285,427.640)    0.800      1    
CTS_cdb_buf_00022/A
-     CLKBUFX3   rise   0.001   1.535   0.063  -      (318.300,543.335)  117.680   -       
CTS_cdb_buf_00022/Y
-     CLKBUFX3   rise   0.115   1.650   0.063  0.007  (318.085,543.920)    0.800      1    
CTS_cdb_buf_00023/A
-     CLKBUFX3   rise   0.001   1.651   0.063  -      (308.900,433.895)  119.210   -       
CTS_cdb_buf_00023/Y
-     CLKBUFX3   rise   0.114   1.765   0.062  0.007  (308.685,434.480)    0.800      1    
CTS_cdb_buf_00024/A
-     CLKBUFX2   rise   0.001   1.766   0.062  -      (308.765,551.655)  117.255   -       
CTS_cdb_buf_00024/Y
-     CLKBUFX2   rise   0.134   1.900   0.081  0.006  (308.410,552.125)    0.825      1    
CTS_cdb_buf_00025/A
-     CLKBUFX3   rise   0.001   1.901   0.081  -      (321.500,459.545)  105.670   -       
CTS_cdb_buf_00025/Y
-     CLKBUFX3   rise   0.123   2.024   0.062  0.007  (321.285,458.960)    0.800      1    
CTS_cdb_buf_00026/A
-     CLKBUFX3   rise   0.001   2.025   0.062  -      (334.300,563.855)  117.910   -       
CTS_cdb_buf_00026/Y
-     CLKBUFX3   rise   0.113   2.138   0.061  0.007  (334.085,564.440)    0.800      1    
CTS_cdb_buf_00027/A
-     CLKBUFX2   rise   0.001   2.139   0.061  -      (330.965,447.805)  119.755   -       
CTS_cdb_buf_00027/Y
-     CLKBUFX2   rise   0.136   2.275   0.084  0.007  (330.610,447.335)    0.825      1    
CTS_cdb_buf_00028/A
-     CLKBUFX2   rise   0.001   2.275   0.084  -      (349.765,544.815)  116.635   -       
CTS_cdb_buf_00028/Y
-     CLKBUFX2   rise   0.144   2.420   0.078  0.006  (349.410,545.285)    0.825      1    
CTS_ccl_buf_00009/A
-     CLKBUFX20  rise   0.001   2.420   0.078  -      (376.700,500.585)   71.990   -       
CTS_ccl_buf_00009/Y
-     CLKBUFX20  rise   0.132   2.552   0.066  0.036  (376.210,500.785)    0.690      8    
CTS_ccl_a_buf_00005/A
-     CLKBUFX16  rise   0.000   2.552   0.066  -      (375.100,507.425)    7.750   -       
CTS_ccl_a_buf_00005/Y
-     CLKBUFX16  rise   0.131   2.683   0.081  0.042  (374.625,507.650)    0.700     52    
mcs4_core_ram_0_ram2_ram_array_reg[9][2]/CK
-     SDFFQX1    rise   0.001   2.684   0.081  -      (374.505,505.860)    1.910   -       
-------------------------------------------------------------------------------------------------

Timing for timing corner DelayCorner_WC:both.late, max clock_path:
==================================================================

PathID    : 12
Path type : skew group My_CLK/ConstraintMode_WC (path 1 of 1)
Start     : sysclk
End       : mcs4_core_i4004_sp_board_dram_array_reg[3][0]/CK
Delay     :  2.701

-------------------------------------------------------------------------------------------------
Name  Lib cell   Event  Incr   Arrival  Slew   Cap    Location           Distance  Fanout  Status
                        (ns)   (ns)     (ns)   (pF)                      (um)              
-- Clockpath trace ------------------------------------------------------------------------------
sysclk
-     -          rise   -       1.000   0.000  2.387  (130.710,500.000)  -            1    
pad_sysclk/PAD
-     PADDI      rise   0.000   1.000   0.003  -      (130.710,500.000)    0.000   -       
pad_sysclk/Y
-     PADDI      rise   0.088   1.088   0.025  0.003  (289.637,502.087)  161.015      1    
CTS_cdb_buf_00018/A
-     CLKBUFX3   rise   0.000   1.089   0.031  -      (310.900,531.365)   50.540   -       
CTS_cdb_buf_00018/Y
-     CLKBUFX3   rise   0.099   1.187   0.062  0.007  (310.685,530.780)    0.800      1    
CTS_cdb_buf_00019/A
-     CLKBUFX3   rise   0.001   1.188   0.062  -      (308.900,415.085)  117.480   -       
CTS_cdb_buf_00019/Y
-     CLKBUFX3   rise   0.114   1.303   0.063  0.007  (308.685,414.500)    0.800      1    
CTS_cdb_buf_00020/A
-     CLKBUFX3   rise   0.001   1.304   0.063  -      (308.900,533.075)  118.790   -       
CTS_cdb_buf_00020/Y
-     CLKBUFX3   rise   0.115   1.418   0.063  0.007  (308.685,533.660)    0.800      1    
CTS_cdb_buf_00021/A
-     CLKBUFX3   rise   0.001   1.419   0.063  -      (320.500,427.055)  118.420   -       
CTS_cdb_buf_00021/Y
-     CLKBUFX3   rise   0.115   1.534   0.063  0.007  (320.285,427.640)    0.800      1    
CTS_cdb_buf_00022/A
-     CLKBUFX3   rise   0.001   1.535   0.063  -      (318.300,543.335)  117.680   -       
CTS_cdb_buf_00022/Y
-     CLKBUFX3   rise   0.115   1.650   0.063  0.007  (318.085,543.920)    0.800      1    
CTS_cdb_buf_00023/A
-     CLKBUFX3   rise   0.001   1.651   0.063  -      (308.900,433.895)  119.210   -       
CTS_cdb_buf_00023/Y
-     CLKBUFX3   rise   0.114   1.765   0.062  0.007  (308.685,434.480)    0.800      1    
CTS_cdb_buf_00024/A
-     CLKBUFX2   rise   0.001   1.766   0.062  -      (308.765,551.655)  117.255   -       
CTS_cdb_buf_00024/Y
-     CLKBUFX2   rise   0.134   1.900   0.081  0.006  (308.410,552.125)    0.825      1    
CTS_cdb_buf_00025/A
-     CLKBUFX3   rise   0.001   1.901   0.081  -      (321.500,459.545)  105.670   -       
CTS_cdb_buf_00025/Y
-     CLKBUFX3   rise   0.123   2.024   0.062  0.007  (321.285,458.960)    0.800      1    
CTS_cdb_buf_00026/A
-     CLKBUFX3   rise   0.001   2.025   0.062  -      (334.300,563.855)  117.910   -       
CTS_cdb_buf_00026/Y
-     CLKBUFX3   rise   0.113   2.138   0.061  0.007  (334.085,564.440)    0.800      1    
CTS_cdb_buf_00027/A
-     CLKBUFX2   rise   0.001   2.139   0.061  -      (330.965,447.805)  119.755   -       
CTS_cdb_buf_00027/Y
-     CLKBUFX2   rise   0.136   2.275   0.084  0.007  (330.610,447.335)    0.825      1    
CTS_cdb_buf_00028/A
-     CLKBUFX2   rise   0.001   2.275   0.084  -      (349.765,544.815)  116.635   -       
CTS_cdb_buf_00028/Y
-     CLKBUFX2   rise   0.144   2.420   0.078  0.006  (349.410,545.285)    0.825      1    
CTS_ccl_buf_00009/A
-     CLKBUFX20  rise   0.001   2.420   0.078  -      (376.700,500.585)   71.990   -       
CTS_ccl_buf_00009/Y
-     CLKBUFX20  rise   0.132   2.552   0.066  0.036  (376.210,500.785)    0.690      8    
CTS_ccl_a_buf_00002/A
-     CLKBUFX20  rise   0.003   2.555   0.066  -      (550.900,468.095)  207.380   -       
CTS_ccl_a_buf_00002/Y
-     CLKBUFX20  rise   0.134   2.689   0.087  0.056  (550.410,467.895)    0.690     98    
mcs4_core_i4004_sp_board_dram_array_reg[3][0]/CK
-     SDFFQX1    rise   0.012   2.701   0.089  -      (618.705,455.980)   80.210   -       
-------------------------------------------------------------------------------------------------

Timing for timing corner DelayCorner_BC:both.early, min clock_path:
===================================================================

PathID    : 13
Path type : skew group My_CLK/ConstraintMode_WC (path 1 of 1)
Start     : sysclk
End       : mcs4_core_ram_0_ram2_ram_array_reg[9][2]/CK
Delay     :  1.618

-------------------------------------------------------------------------------------------------
Name  Lib cell   Event  Incr   Arrival  Slew   Cap    Location           Distance  Fanout  Status
                        (ns)   (ns)     (ns)   (pF)                      (um)              
-- Clockpath trace ------------------------------------------------------------------------------
sysclk
-     -          rise   -       1.200   0.000  2.387  (130.710,500.000)  -            1    
pad_sysclk/PAD
-     PADDI      rise   0.000   1.200   0.003  -      (130.710,500.000)    0.000   -       
pad_sysclk/Y
-     PADDI      rise   0.089   1.289   0.025  0.003  (289.637,502.087)  161.015      1    
CTS_cdb_buf_00018/A
-     CLKBUFX3   rise   0.010   1.298   0.064  -      (310.900,531.365)   50.540   -       
CTS_cdb_buf_00018/Y
-     CLKBUFX3   rise   0.028   1.326   0.017  0.007  (310.685,530.780)    0.800      1    
CTS_cdb_buf_00019/A
-     CLKBUFX3   rise   0.001   1.327   0.017  -      (308.900,415.085)  117.480   -       
CTS_cdb_buf_00019/Y
-     CLKBUFX3   rise   0.022   1.349   0.016  0.007  (308.685,414.500)    0.800      1    
CTS_cdb_buf_00020/A
-     CLKBUFX3   rise   0.001   1.350   0.016  -      (308.900,533.075)  118.790   -       
CTS_cdb_buf_00020/Y
-     CLKBUFX3   rise   0.022   1.372   0.016  0.007  (308.685,533.660)    0.800      1    
CTS_cdb_buf_00021/A
-     CLKBUFX3   rise   0.000   1.372   0.016  -      (320.500,427.055)  118.420   -       
CTS_cdb_buf_00021/Y
-     CLKBUFX3   rise   0.022   1.395   0.016  0.007  (320.285,427.640)    0.800      1    
CTS_cdb_buf_00022/A
-     CLKBUFX3   rise   0.000   1.395   0.016  -      (318.300,543.335)  117.680   -       
CTS_cdb_buf_00022/Y
-     CLKBUFX3   rise   0.022   1.418   0.016  0.007  (318.085,543.920)    0.800      1    
CTS_cdb_buf_00023/A
-     CLKBUFX3   rise   0.001   1.418   0.016  -      (308.900,433.895)  119.210   -       
CTS_cdb_buf_00023/Y
-     CLKBUFX3   rise   0.022   1.440   0.016  0.007  (308.685,434.480)    0.800      1    
CTS_cdb_buf_00024/A
-     CLKBUFX2   rise   0.001   1.441   0.016  -      (308.765,551.655)  117.255   -       
CTS_cdb_buf_00024/Y
-     CLKBUFX2   rise   0.025   1.466   0.021  0.006  (308.410,552.125)    0.825      1    
CTS_cdb_buf_00025/A
-     CLKBUFX3   rise   0.000   1.466   0.021  -      (321.500,459.545)  105.670   -       
CTS_cdb_buf_00025/Y
-     CLKBUFX3   rise   0.023   1.489   0.016  0.007  (321.285,458.960)    0.800      1    
CTS_cdb_buf_00026/A
-     CLKBUFX3   rise   0.000   1.490   0.016  -      (334.300,563.855)  117.910   -       
CTS_cdb_buf_00026/Y
-     CLKBUFX3   rise   0.022   1.511   0.016  0.007  (334.085,564.440)    0.800      1    
CTS_cdb_buf_00027/A
-     CLKBUFX2   rise   0.000   1.512   0.016  -      (330.965,447.805)  119.755   -       
CTS_cdb_buf_00027/Y
-     CLKBUFX2   rise   0.026   1.538   0.021  0.007  (330.610,447.335)    0.825      1    
CTS_cdb_buf_00028/A
-     CLKBUFX2   rise   0.000   1.538   0.021  -      (349.765,544.815)  116.635   -       
CTS_cdb_buf_00028/Y
-     CLKBUFX2   rise   0.026   1.564   0.020  0.007  (349.410,545.285)    0.825      1    
CTS_ccl_buf_00009/A
-     CLKBUFX20  rise   0.000   1.564   0.020  -      (376.700,500.585)   71.990   -       
CTS_ccl_buf_00009/Y
-     CLKBUFX20  rise   0.027   1.591   0.019  0.040  (376.210,500.785)    0.690      8    
CTS_ccl_a_buf_00005/A
-     CLKBUFX16  rise   0.000   1.591   0.019  -      (375.100,507.425)    7.750   -       
CTS_ccl_a_buf_00005/Y
-     CLKBUFX16  rise   0.026   1.617   0.023  0.047  (374.625,507.650)    0.700     52    
mcs4_core_ram_0_ram2_ram_array_reg[9][2]/CK
-     SDFFQX1    rise   0.001   1.618   0.024  -      (374.505,505.860)    1.910   -       
-------------------------------------------------------------------------------------------------

Timing for timing corner DelayCorner_BC:both.early, max clock_path:
===================================================================

PathID    : 14
Path type : skew group My_CLK/ConstraintMode_WC (path 1 of 1)
Start     : sysclk
End       : mcs4_core_i4004_sp_board_dram_array_reg[3][0]/CK
Delay     :  1.635

-------------------------------------------------------------------------------------------------
Name  Lib cell   Event  Incr   Arrival  Slew   Cap    Location           Distance  Fanout  Status
                        (ns)   (ns)     (ns)   (pF)                      (um)              
-- Clockpath trace ------------------------------------------------------------------------------
sysclk
-     -          rise   -       1.200   0.000  2.387  (130.710,500.000)  -            1    
pad_sysclk/PAD
-     PADDI      rise   0.000   1.200   0.003  -      (130.710,500.000)    0.000   -       
pad_sysclk/Y
-     PADDI      rise   0.089   1.289   0.025  0.003  (289.637,502.087)  161.015      1    
CTS_cdb_buf_00018/A
-     CLKBUFX3   rise   0.010   1.298   0.064  -      (310.900,531.365)   50.540   -       
CTS_cdb_buf_00018/Y
-     CLKBUFX3   rise   0.028   1.326   0.017  0.007  (310.685,530.780)    0.800      1    
CTS_cdb_buf_00019/A
-     CLKBUFX3   rise   0.001   1.327   0.017  -      (308.900,415.085)  117.480   -       
CTS_cdb_buf_00019/Y
-     CLKBUFX3   rise   0.022   1.349   0.016  0.007  (308.685,414.500)    0.800      1    
CTS_cdb_buf_00020/A
-     CLKBUFX3   rise   0.001   1.350   0.016  -      (308.900,533.075)  118.790   -       
CTS_cdb_buf_00020/Y
-     CLKBUFX3   rise   0.022   1.372   0.016  0.007  (308.685,533.660)    0.800      1    
CTS_cdb_buf_00021/A
-     CLKBUFX3   rise   0.000   1.372   0.016  -      (320.500,427.055)  118.420   -       
CTS_cdb_buf_00021/Y
-     CLKBUFX3   rise   0.022   1.395   0.016  0.007  (320.285,427.640)    0.800      1    
CTS_cdb_buf_00022/A
-     CLKBUFX3   rise   0.000   1.395   0.016  -      (318.300,543.335)  117.680   -       
CTS_cdb_buf_00022/Y
-     CLKBUFX3   rise   0.022   1.418   0.016  0.007  (318.085,543.920)    0.800      1    
CTS_cdb_buf_00023/A
-     CLKBUFX3   rise   0.001   1.418   0.016  -      (308.900,433.895)  119.210   -       
CTS_cdb_buf_00023/Y
-     CLKBUFX3   rise   0.022   1.440   0.016  0.007  (308.685,434.480)    0.800      1    
CTS_cdb_buf_00024/A
-     CLKBUFX2   rise   0.001   1.441   0.016  -      (308.765,551.655)  117.255   -       
CTS_cdb_buf_00024/Y
-     CLKBUFX2   rise   0.025   1.466   0.021  0.006  (308.410,552.125)    0.825      1    
CTS_cdb_buf_00025/A
-     CLKBUFX3   rise   0.000   1.466   0.021  -      (321.500,459.545)  105.670   -       
CTS_cdb_buf_00025/Y
-     CLKBUFX3   rise   0.023   1.489   0.016  0.007  (321.285,458.960)    0.800      1    
CTS_cdb_buf_00026/A
-     CLKBUFX3   rise   0.000   1.490   0.016  -      (334.300,563.855)  117.910   -       
CTS_cdb_buf_00026/Y
-     CLKBUFX3   rise   0.022   1.511   0.016  0.007  (334.085,564.440)    0.800      1    
CTS_cdb_buf_00027/A
-     CLKBUFX2   rise   0.000   1.512   0.016  -      (330.965,447.805)  119.755   -       
CTS_cdb_buf_00027/Y
-     CLKBUFX2   rise   0.026   1.538   0.021  0.007  (330.610,447.335)    0.825      1    
CTS_cdb_buf_00028/A
-     CLKBUFX2   rise   0.000   1.538   0.021  -      (349.765,544.815)  116.635   -       
CTS_cdb_buf_00028/Y
-     CLKBUFX2   rise   0.026   1.564   0.020  0.007  (349.410,545.285)    0.825      1    
CTS_ccl_buf_00009/A
-     CLKBUFX20  rise   0.000   1.564   0.020  -      (376.700,500.585)   71.990   -       
CTS_ccl_buf_00009/Y
-     CLKBUFX20  rise   0.027   1.591   0.019  0.040  (376.210,500.785)    0.690      8    
CTS_ccl_a_buf_00002/A
-     CLKBUFX20  rise   0.003   1.594   0.020  -      (550.900,468.095)  207.380   -       
CTS_ccl_a_buf_00002/Y
-     CLKBUFX20  rise   0.027   1.621   0.024  0.066  (550.410,467.895)    0.690     98    
mcs4_core_i4004_sp_board_dram_array_reg[3][0]/CK
-     SDFFQX1    rise   0.013   1.635   0.034  -      (618.705,455.980)   80.210   -       
-------------------------------------------------------------------------------------------------

Timing for timing corner DelayCorner_BC:both.late, min clock_path:
==================================================================

PathID    : 15
Path type : skew group My_CLK/ConstraintMode_WC (path 1 of 1)
Start     : sysclk
End       : mcs4_core_ram_0_ram2_ram_array_reg[9][2]/CK
Delay     :  1.625

-------------------------------------------------------------------------------------------------
Name  Lib cell   Event  Incr   Arrival  Slew   Cap    Location           Distance  Fanout  Status
                        (ns)   (ns)     (ns)   (pF)                      (um)              
-- Clockpath trace ------------------------------------------------------------------------------
sysclk
-     -          rise   -       1.200   0.000  2.387  (130.710,500.000)  -            1    
pad_sysclk/PAD
-     PADDI      rise   0.000   1.200   0.003  -      (130.710,500.000)    0.000   -       
pad_sysclk/Y
-     PADDI      rise   0.089   1.289   0.025  0.003  (289.637,502.087)  161.015      1    
CTS_cdb_buf_00018/A
-     CLKBUFX3   rise   0.010   1.299   0.064  -      (310.900,531.365)   50.540   -       
CTS_cdb_buf_00018/Y
-     CLKBUFX3   rise   0.028   1.327   0.017  0.007  (310.685,530.780)    0.800      1    
CTS_cdb_buf_00019/A
-     CLKBUFX3   rise   0.001   1.327   0.017  -      (308.900,415.085)  117.480   -       
CTS_cdb_buf_00019/Y
-     CLKBUFX3   rise   0.022   1.350   0.016  0.007  (308.685,414.500)    0.800      1    
CTS_cdb_buf_00020/A
-     CLKBUFX3   rise   0.001   1.351   0.016  -      (308.900,533.075)  118.790   -       
CTS_cdb_buf_00020/Y
-     CLKBUFX3   rise   0.022   1.373   0.016  0.007  (308.685,533.660)    0.800      1    
CTS_cdb_buf_00021/A
-     CLKBUFX3   rise   0.001   1.374   0.016  -      (320.500,427.055)  118.420   -       
CTS_cdb_buf_00021/Y
-     CLKBUFX3   rise   0.022   1.397   0.016  0.007  (320.285,427.640)    0.800      1    
CTS_cdb_buf_00022/A
-     CLKBUFX3   rise   0.001   1.397   0.016  -      (318.300,543.335)  117.680   -       
CTS_cdb_buf_00022/Y
-     CLKBUFX3   rise   0.022   1.420   0.017  0.007  (318.085,543.920)    0.800      1    
CTS_cdb_buf_00023/A
-     CLKBUFX3   rise   0.001   1.421   0.017  -      (308.900,433.895)  119.210   -       
CTS_cdb_buf_00023/Y
-     CLKBUFX3   rise   0.022   1.443   0.016  0.007  (308.685,434.480)    0.800      1    
CTS_cdb_buf_00024/A
-     CLKBUFX2   rise   0.001   1.444   0.016  -      (308.765,551.655)  117.255   -       
CTS_cdb_buf_00024/Y
-     CLKBUFX2   rise   0.025   1.469   0.021  0.006  (308.410,552.125)    0.825      1    
CTS_cdb_buf_00025/A
-     CLKBUFX3   rise   0.001   1.470   0.021  -      (321.500,459.545)  105.670   -       
CTS_cdb_buf_00025/Y
-     CLKBUFX3   rise   0.023   1.493   0.016  0.007  (321.285,458.960)    0.800      1    
CTS_cdb_buf_00026/A
-     CLKBUFX3   rise   0.001   1.494   0.016  -      (334.300,563.855)  117.910   -       
CTS_cdb_buf_00026/Y
-     CLKBUFX3   rise   0.022   1.516   0.016  0.007  (334.085,564.440)    0.800      1    
CTS_cdb_buf_00027/A
-     CLKBUFX2   rise   0.001   1.517   0.016  -      (330.965,447.805)  119.755   -       
CTS_cdb_buf_00027/Y
-     CLKBUFX2   rise   0.026   1.542   0.021  0.007  (330.610,447.335)    0.825      1    
CTS_cdb_buf_00028/A
-     CLKBUFX2   rise   0.001   1.543   0.021  -      (349.765,544.815)  116.635   -       
CTS_cdb_buf_00028/Y
-     CLKBUFX2   rise   0.026   1.569   0.021  0.007  (349.410,545.285)    0.825      1    
CTS_ccl_buf_00009/A
-     CLKBUFX20  rise   0.001   1.570   0.021  -      (376.700,500.585)   71.990   -       
CTS_ccl_buf_00009/Y
-     CLKBUFX20  rise   0.028   1.598   0.020  0.040  (376.210,500.785)    0.690      8    
CTS_ccl_a_buf_00005/A
-     CLKBUFX16  rise   0.000   1.598   0.020  -      (375.100,507.425)    7.750   -       
CTS_ccl_a_buf_00005/Y
-     CLKBUFX16  rise   0.026   1.624   0.024  0.047  (374.625,507.650)    0.700     52    
mcs4_core_ram_0_ram2_ram_array_reg[9][2]/CK
-     SDFFQX1    rise   0.001   1.625   0.025  -      (374.505,505.860)    1.910   -       
-------------------------------------------------------------------------------------------------

Timing for timing corner DelayCorner_BC:both.late, max clock_path:
==================================================================

PathID    : 16
Path type : skew group My_CLK/ConstraintMode_WC (path 1 of 1)
Start     : sysclk
End       : mcs4_core_i4004_sp_board_dram_array_reg[3][0]/CK
Delay     :  1.642

-------------------------------------------------------------------------------------------------
Name  Lib cell   Event  Incr   Arrival  Slew   Cap    Location           Distance  Fanout  Status
                        (ns)   (ns)     (ns)   (pF)                      (um)              
-- Clockpath trace ------------------------------------------------------------------------------
sysclk
-     -          rise   -       1.200   0.000  2.387  (130.710,500.000)  -            1    
pad_sysclk/PAD
-     PADDI      rise   0.000   1.200   0.003  -      (130.710,500.000)    0.000   -       
pad_sysclk/Y
-     PADDI      rise   0.089   1.289   0.025  0.003  (289.637,502.087)  161.015      1    
CTS_cdb_buf_00018/A
-     CLKBUFX3   rise   0.010   1.299   0.064  -      (310.900,531.365)   50.540   -       
CTS_cdb_buf_00018/Y
-     CLKBUFX3   rise   0.028   1.327   0.017  0.007  (310.685,530.780)    0.800      1    
CTS_cdb_buf_00019/A
-     CLKBUFX3   rise   0.001   1.327   0.017  -      (308.900,415.085)  117.480   -       
CTS_cdb_buf_00019/Y
-     CLKBUFX3   rise   0.022   1.350   0.016  0.007  (308.685,414.500)    0.800      1    
CTS_cdb_buf_00020/A
-     CLKBUFX3   rise   0.001   1.351   0.016  -      (308.900,533.075)  118.790   -       
CTS_cdb_buf_00020/Y
-     CLKBUFX3   rise   0.022   1.373   0.016  0.007  (308.685,533.660)    0.800      1    
CTS_cdb_buf_00021/A
-     CLKBUFX3   rise   0.001   1.374   0.016  -      (320.500,427.055)  118.420   -       
CTS_cdb_buf_00021/Y
-     CLKBUFX3   rise   0.022   1.397   0.016  0.007  (320.285,427.640)    0.800      1    
CTS_cdb_buf_00022/A
-     CLKBUFX3   rise   0.001   1.397   0.016  -      (318.300,543.335)  117.680   -       
CTS_cdb_buf_00022/Y
-     CLKBUFX3   rise   0.022   1.420   0.017  0.007  (318.085,543.920)    0.800      1    
CTS_cdb_buf_00023/A
-     CLKBUFX3   rise   0.001   1.421   0.017  -      (308.900,433.895)  119.210   -       
CTS_cdb_buf_00023/Y
-     CLKBUFX3   rise   0.022   1.443   0.016  0.007  (308.685,434.480)    0.800      1    
CTS_cdb_buf_00024/A
-     CLKBUFX2   rise   0.001   1.444   0.016  -      (308.765,551.655)  117.255   -       
CTS_cdb_buf_00024/Y
-     CLKBUFX2   rise   0.025   1.469   0.021  0.006  (308.410,552.125)    0.825      1    
CTS_cdb_buf_00025/A
-     CLKBUFX3   rise   0.001   1.470   0.021  -      (321.500,459.545)  105.670   -       
CTS_cdb_buf_00025/Y
-     CLKBUFX3   rise   0.023   1.493   0.016  0.007  (321.285,458.960)    0.800      1    
CTS_cdb_buf_00026/A
-     CLKBUFX3   rise   0.001   1.494   0.016  -      (334.300,563.855)  117.910   -       
CTS_cdb_buf_00026/Y
-     CLKBUFX3   rise   0.022   1.516   0.016  0.007  (334.085,564.440)    0.800      1    
CTS_cdb_buf_00027/A
-     CLKBUFX2   rise   0.001   1.517   0.016  -      (330.965,447.805)  119.755   -       
CTS_cdb_buf_00027/Y
-     CLKBUFX2   rise   0.026   1.542   0.021  0.007  (330.610,447.335)    0.825      1    
CTS_cdb_buf_00028/A
-     CLKBUFX2   rise   0.001   1.543   0.021  -      (349.765,544.815)  116.635   -       
CTS_cdb_buf_00028/Y
-     CLKBUFX2   rise   0.026   1.569   0.021  0.007  (349.410,545.285)    0.825      1    
CTS_ccl_buf_00009/A
-     CLKBUFX20  rise   0.001   1.570   0.021  -      (376.700,500.585)   71.990   -       
CTS_ccl_buf_00009/Y
-     CLKBUFX20  rise   0.028   1.598   0.020  0.040  (376.210,500.785)    0.690      8    
CTS_ccl_a_buf_00002/A
-     CLKBUFX20  rise   0.003   1.601   0.020  -      (550.900,468.095)  207.380   -       
CTS_ccl_a_buf_00002/Y
-     CLKBUFX20  rise   0.027   1.629   0.025  0.066  (550.410,467.895)    0.690     98    
mcs4_core_i4004_sp_board_dram_array_reg[3][0]/CK
-     SDFFQX1    rise   0.014   1.642   0.035  -      (618.705,455.980)   80.210   -       
-------------------------------------------------------------------------------------------------

