

Working Directory = /users/iteso/iteso-s10043/designs/4004/syn_runs/13_05_25_MCMM
QoS Summary for mcs4
================================================================================
Metric                          generic         map             syn_opt        
================================================================================

View : view_mcs4_slow
Slack (ps):                    43,703          39,755          40,503
  R2R (ps):                    45,704          41,591          42,086
  I2R (ps):                    43,703          39,755          40,503
  R2O (ps):                    45,858          45,296          45,110
  I2O (ps):                  no_value        no_value        no_value
  CG  (ps):                  no_value        no_value        no_value
TNS (ps):                           0               0               0
  R2R (ps):                         0               0               0
  I2R (ps):                         0               0               0
  R2O (ps):                         0               0               0
  I2O (ps):                  no_value        no_value        no_value
  CG  (ps):                  no_value        no_value        no_value
Failing Paths:                      0               0               0

View : view_mcs4_fast
Slack (ps):                    34,510          34,099          34,180
  R2R (ps):                    44,443          43,609          43,612
  I2R (ps):                    34,510          34,099          34,180
  R2O (ps):                    34,924          34,437          34,412
  I2O (ps):                  no_value        no_value        no_value
  CG  (ps):                  no_value        no_value        no_value
TNS (ps):                           0               0               0
  R2R (ps):                         0               0               0
  I2R (ps):                         0               0               0
  R2O (ps):                         0               0               0
  I2O (ps):                  no_value        no_value        no_value
  CG  (ps):                  no_value        no_value        no_value
Failing Paths:                      0               0               0

Cell Area:                     13,728           7,325           8,002
Total Cell Area:               13,728           7,325           8,002
Leaf Instances:                 3,221           2,088           2,277
Total Instances:                3,221           2,088           2,277
Utilization (%):                 0.00            0.00            0.00
Tot. Net Length (um):        no_value        no_value        no_value
Avg. Net Length (um):        no_value        no_value        no_value
Route Overflow H (%):        no_value        no_value        no_value
Route Overflow V (%):        no_value        no_value        no_value
MBCI(%) (bits/gate) :            0.00            0.00            0.00
Norm Cong Hotspot Area:
  Max Cong:                  no_value        no_value        no_value
  Tot Cong:                  no_value        no_value        no_value
================================================================================
CPU  Runtime (h:m:s):        00:01:02        00:01:16        00:01:27
Real Runtime (h:m:s):        00:00:54        00:00:58        00:01:32
CPU  Elapsed (h:m:s):        00:01:09        00:02:24        00:03:51
Real Elapsed (h:m:s):        00:00:56        00:01:54        00:03:26
Memory (MB):                  1207.68         1207.14         1207.96
================================================================================
================================================================================
Flow Settings:
================================================================================
Total Runtime (h:m:s): 00:03:28
Total Memory (MB):     1207.96
Executable Version:    20.11-s111_1
================================================================================
Total Cell Area =  Cell Area + Physical Cell Area
Total Instances =  Leaf Instances + Physical Instances


