============================================================
  Generated by:           Genus(TM) Synthesis Solution 20.11-s111_1
  Generated on:           May 13 2025  06:46:38 am
  Module:                 mcs4
  Library domain:         TC_mcs4_slow
    Domain index:         0
    Technology library:   slow_vdd1v0 1.0
  Library domain:         TC_mcs4_fast
    Domain index:         1
    Technology library:   fast_vdd1v2 1.0
  Operating conditions:   PVT_0P9V_125C 
  Operating conditions:   PVT_1P32V_0C 
  Interconnect mode:      global
  Area mode:              physical library
============================================================

                                 Leakage                 Library 
   Gate    Instances    Area   Power (mW)     Library     Domain 
-----------------------------------------------------------------
ADDHX1             9    33.858      0.000    slow_vdd1v0       0 
AND2X1           127   173.736      0.000    slow_vdd1v0       0 
AND2X2            36    61.560      0.000    slow_vdd1v0       0 
AND2X4             3     8.208      0.000    slow_vdd1v0       0 
AND3X1             4     9.576      0.000    slow_vdd1v0       0 
AND3X2            19    51.984      0.000    slow_vdd1v0       0 
AND3X4             1     3.078      0.000    slow_vdd1v0       0 
AND3X6             4    17.784      0.000    slow_vdd1v0       0 
AND3XL             6    12.312      0.000    slow_vdd1v0       0 
AND4X1            18    43.092      0.000    slow_vdd1v0       0 
AND4X4             4    15.048      0.000    slow_vdd1v0       0 
AO21X1             5    11.970      0.000    slow_vdd1v0       0 
AO21X2             4    10.944      0.000    slow_vdd1v0       0 
AO22X1            23    62.928      0.000    slow_vdd1v0       0 
AO22X4             1     3.762      0.000    slow_vdd1v0       0 
AOI211X2           1     3.420      0.000    slow_vdd1v0       0 
AOI21X1          163   278.730      0.000    slow_vdd1v0       0 
AOI21X2           16    43.776      0.000    slow_vdd1v0       0 
AOI21X4            3    15.390      0.000    slow_vdd1v0       0 
AOI221X2           2     8.892      0.000    slow_vdd1v0       0 
AOI22X2           59   221.958      0.000    slow_vdd1v0       0 
AOI22X4            3    18.468      0.000    slow_vdd1v0       0 
AOI2BB1X1          1     2.052      0.000    slow_vdd1v0       0 
AOI32X4            1     7.866      0.000    slow_vdd1v0       0 
BUFX2             44    75.240      0.000    slow_vdd1v0       0 
BUFX3              2     4.104      0.000    slow_vdd1v0       0 
BUFX4              1     2.394      0.000    slow_vdd1v0       0 
CLKBUFX2           2     3.420      0.000    slow_vdd1v0       0 
CLKINVX2          25    34.200      0.000    slow_vdd1v0       0 
CLKINVX3          30    51.300      0.000    slow_vdd1v0       0 
CLKINVX4          11    18.810      0.000    slow_vdd1v0       0 
CLKINVX6           2     4.788      0.000    slow_vdd1v0       0 
CLKMX2X2           2     6.156      0.000    slow_vdd1v0       0 
CLKXOR2X1          1     2.736      0.000    slow_vdd1v0       0 
DFFHQX1           21   114.912      0.000    slow_vdd1v0       0 
DFFQX2             4    25.992      0.000    slow_vdd1v0       0 
DFFSX4             1    10.944      0.000    slow_vdd1v0       0 
DFFTRX1            1     8.208      0.000    slow_vdd1v0       0 
DFFTRXL            4    31.464      0.000    slow_vdd1v0       0 
DFFX1             32   229.824      0.000    slow_vdd1v0       0 
DFFX2              4    32.832      0.000    slow_vdd1v0       0 
DFFX4              1     9.234      0.000    slow_vdd1v0       0 
DLY1X1             1     3.078      0.000    slow_vdd1v0       0 
EDFFX2            22   203.148      0.000    slow_vdd1v0       0 
EDFFX4             3    32.832      0.000    slow_vdd1v0       0 
INVX1            108    73.872      0.000    slow_vdd1v0       0 
INVX2             47    48.222      0.000    slow_vdd1v0       0 
INVX3             31    42.408      0.000    slow_vdd1v0       0 
INVX4              5     8.550      0.000    slow_vdd1v0       0 
INVXL              1     0.684      0.000    slow_vdd1v0       0 
MX2X1              8    19.152      0.000    slow_vdd1v0       0 
MX3X2              2    10.944      0.000    slow_vdd1v0       0 
MX3XL              2     9.576      0.000    slow_vdd1v0       0 
MXI2X2            12    53.352      0.000    slow_vdd1v0       0 
NAND2BX1          13    17.784      0.000    slow_vdd1v0       0 
NAND2BX2           5    11.970      0.000    slow_vdd1v0       0 
NAND2BX4           8    30.096      0.000    slow_vdd1v0       0 
NAND2X1           85    87.210      0.000    slow_vdd1v0       0 
NAND2X2            7    11.970      0.000    slow_vdd1v0       0 
NAND2X4            1     3.420      0.000    slow_vdd1v0       0 
NAND3BX2          13    40.014      0.000    slow_vdd1v0       0 
NAND3BX4           1     5.130      0.000    slow_vdd1v0       0 
NAND3X2            6    16.416      0.000    slow_vdd1v0       0 
NAND4BX4           1     7.524      0.000    slow_vdd1v0       0 
NOR2BX1          169   231.192      0.000    slow_vdd1v0       0 
NOR2BX2            5    13.680      0.000    slow_vdd1v0       0 
NOR2BX4            3    11.286      0.000    slow_vdd1v0       0 
NOR2X1            32    32.832      0.000    slow_vdd1v0       0 
NOR2X2            47    80.370      0.000    slow_vdd1v0       0 
NOR2X4            22    67.716      0.000    slow_vdd1v0       0 
NOR2X6             4    16.416      0.000    slow_vdd1v0       0 
NOR3BX2            1     3.420      0.000    slow_vdd1v0       0 
NOR3BX4            1     5.814      0.000    slow_vdd1v0       0 
NOR3X2             3     8.208      0.000    slow_vdd1v0       0 
NOR4BBX2           1     5.130      0.000    slow_vdd1v0       0 
NOR4X2             1     3.420      0.000    slow_vdd1v0       0 
NOR4X4             1     6.498      0.000    slow_vdd1v0       0 
OA21X1            20    41.040      0.000    slow_vdd1v0       0 
OA22X1            11    26.334      0.000    slow_vdd1v0       0 
OA22X2             1     3.420      0.000    slow_vdd1v0       0 
OAI211X2           1     4.104      0.000    slow_vdd1v0       0 
OAI21X1           13    22.230      0.000    slow_vdd1v0       0 
OAI21X2            1     3.078      0.000    slow_vdd1v0       0 
OAI2BB1X1         27    46.170      0.000    slow_vdd1v0       0 
OAI31X2            2     7.524      0.000    slow_vdd1v0       0 
OAI31X4            1     6.840      0.000    slow_vdd1v0       0 
OR2X1             54    73.872      0.000    slow_vdd1v0       0 
OR2X2             58    99.180      0.000    slow_vdd1v0       0 
OR2X4             14    38.304      0.000    slow_vdd1v0       0 
OR2X6             10    37.620      0.000    slow_vdd1v0       0 
OR3X1             21    43.092      0.000    slow_vdd1v0       0 
OR3X2             16    38.304      0.000    slow_vdd1v0       0 
OR3X4              1     3.078      0.000    slow_vdd1v0       0 
OR4X1             36    73.872      0.000    slow_vdd1v0       0 
OR4X2              1     3.420      0.000    slow_vdd1v0       0 
OR4X4              4    15.048      0.000    slow_vdd1v0       0 
SDFFHQX2           1     9.234      0.000    slow_vdd1v0       0 
SDFFHQX8           1    11.286      0.000    slow_vdd1v0       0 
SDFFQX1          556  4183.344      0.000    slow_vdd1v0       0 
SDFFQX2            4    32.832      0.000    slow_vdd1v0       0 
TBUFX2            36   135.432      0.000    slow_vdd1v0       0 
XNOR2X1           14    33.516      0.000    slow_vdd1v0       0 
-----------------------------------------------------------------
total           2277  8002.458      0.000                


                                           Leakage  Leakage 
     Type      Instances   Area   Area % Power (mW) Power % 
------------------------------------------------------------
sequential           655 4936.086   61.7      0.000    49.7 
inverter             260  282.834    3.5      0.000     6.9 
buffer                50   88.236    1.1      0.000     1.7 
tristate              36  135.432    1.7      0.000     1.4 
logic               1276 2559.870   32.0      0.000    40.4 
physical_cells         0    0.000    0.0      0.000     0.0 
------------------------------------------------------------
total               2277 8002.458  100.0      0.000   100.0 

