###############################################################
#  Generated by:      Cadence Innovus 21.12-s106_1
#  OS:                Linux x86_64(Host ID ip-10-16-10-154.rdius.us)
#  Generated on:      Thu May 15 02:13:11 2025
#  Design:            mcs4
#  Command:           report_ccopt_clock_trees -file outputs/reports/clock_trees.rpt
###############################################################

Clock DAG stats:
================

-------------------------------------------------------------
Cell type                     Count    Area       Capacitance
-------------------------------------------------------------
Buffers                        108     232.560       0.038
Inverters                        0       0.000       0.000
Integrated Clock Gates           0       0.000       0.000
Non-Integrated Clock Gates       0       0.000       0.000
Clock Logic                      0       0.000       0.000
All                            108     232.560       0.038
-------------------------------------------------------------


Clock DAG wire lengths:
=======================

--------------------
Type     Wire Length
--------------------
Top           0.000
Trunk      7815.990
Leaf       2535.135
Total     10351.125
--------------------


Clock DAG hp wire lengths:
==========================

-----------------------
Type     hp Wire Length
-----------------------
Top            0.000
Trunk       7529.110
Leaf         674.490
Total       8203.600
-----------------------


Clock DAG capacitances:
=======================

--------------------------------
Type     Gate     Wire     Total
--------------------------------
Top      0.000    0.000    0.000
Trunk    0.038    0.483    0.521
Leaf     0.138    0.188    0.326
Total    0.176    0.672    0.848
--------------------------------


Clock DAG sink capacitances:
============================

--------------------------------------------------------
Count    Total    Average    Std. Dev.    Min      Max
--------------------------------------------------------
 657     0.138     0.000       0.000      0.000    0.000
--------------------------------------------------------


Clock DAG net violations:
=========================

-------------------------------------------------------------------------------------------------------
Type                    Units    Count    Average    Std. Dev.    Sum      Top 10 violations
-------------------------------------------------------------------------------------------------------
Remaining Transition    ns         4       0.001       0.000      0.002    [0.001, 0.001, 0.000, 0.000]
-------------------------------------------------------------------------------------------------------


Clock DAG primary half-corner transition distribution:
======================================================

----------------------------------------------------------------------------------------------------------------------------------------------------------------------------------------------------------------------------
Net Type    Target    Count    Average    Std. Dev.    Min      Max      Distribution                                                                  Over Target
----------------------------------------------------------------------------------------------------------------------------------------------------------------------------------------------------------------------------
Trunk       0.100      102      0.072       0.020      0.004    0.100    {22 <= 0.060ns, 42 <= 0.080ns, 20 <= 0.090ns, 7 <= 0.095ns, 11 <= 0.100ns}                                      -
Leaf        0.100        7      0.097       0.006      0.088    0.101    {0 <= 0.060ns, 0 <= 0.080ns, 2 <= 0.090ns, 0 <= 0.095ns, 1 <= 0.100ns}        {4 <= 0.105ns, 0 <= 0.110ns, 0 <= 0.120ns, 0 <= 0.150ns, 0 > 0.150ns}
----------------------------------------------------------------------------------------------------------------------------------------------------------------------------------------------------------------------------


Clock DAG library cell distribution:
====================================

------------------------------------------
Name         Type      Inst     Inst Area 
                       Count    (um^2)
------------------------------------------
CLKBUFX20    buffer      2        16.416
CLKBUFX16    buffer      5        34.200
CLKBUFX6     buffer      1         3.078
CLKBUFX3     buffer     23        47.196
CLKBUFX2     buffer     77       131.670
------------------------------------------



Please note that the following tables reflect only the defined clock trees, so the flop counts might not include all flops in your design.

Clock Tree Summary:
===================

---------------------------------------------------------------------------------------------------------------------
Clock Tree  Clock  Bufs  Invs  Other  Max       Max     Max     Max          Standard   Wire   Gate   Clock Tree Root
Name        Gates              Clock  Non-leaf  Leaf    Length  Source-sink  cell area  cap    cap    
                               Cells  Fanout    Fanout  (um)    Resistance   (um^2)     (pF)   (pF)   
                                                                (Ohms)                                
---------------------------------------------------------------------------------------------------------------------
My_CLK        0    108    0      0       7        98    145.54    3634.13     232.560   0.672  0.176  sysclk
---------------------------------------------------------------------------------------------------------------------

Clock Sink Summary:
===================

-------------------------------------------------------------------------------------------------------------------------------------------
Clock Tree  Explicit      Implicit      Explicit     Implicit     Explicit   Implicit   Posedge  Negedge  Memory  Enable  Non enable  Other
Name        exclude pins  exclude pins  ignore pins  ignore pins  stop pins  stop pins  Flops    Flops    Clock   Latch   Latch       Sinks
                                                                                                          Pins    Sinks   Sinks       
-------------------------------------------------------------------------------------------------------------------------------------------
My_CLK           0             0             0            0           0          0        657       0       0       0         0         0
-------------------------------------------------------------------------------------------------------------------------------------------

Summary across all clock trees:
===============================

------------------------------------------------------------------------------------------------------------
Clock  Bufs  Invs  Other  Max       Average   Max     Average  Max      Max          Standard   Wire   Gate
Gates              Clock  Non-leaf  Non-leaf  Leaf    Leaf     Length   Source-sink  cell area  cap    cap
                   Cells  Fanout    Fanout    Fanout  Fanout   (um)     Resistance   (um^2)     (pF)   (pF)
                                                                        (Ohms)                         
------------------------------------------------------------------------------------------------------------
  0    108    0      0       7      1.05882     98    93.8571  145.540    363.413     232.560   0.672  0.176
------------------------------------------------------------------------------------------------------------

Clock Sink Summary across all clock trees:
==========================================

-------------------------------------------------------------------------------------------------------------------------------
Explicit      Implicit      Explicit     Implicit     Explicit   Implicit   Posedge  Negedge  Memory  Enable  Non enable  Other
exclude pins  exclude pins  ignore pins  ignore pins  stop pins  stop pins  Flops    Flops    Clock   Latch   Latch       Sinks
                                                                                              Pins    Sinks   Sinks       
-------------------------------------------------------------------------------------------------------------------------------
     0             0             0            0           0          0        657       0       0       0         0         0
-------------------------------------------------------------------------------------------------------------------------------

Physical metrics across all clock trees:
========================================

-----------------------------------------------------------------------
Metric                               Minimum  Average  Maximum  Std.dev
-----------------------------------------------------------------------
Source-sink routed net length (um)    3.150    77.118  145.540  32.077
Source-sink manhattan distance (um)   3.330    75.122  145.415  31.112
Source-sink resistance (Ohm)         28.778   108.371  363.413  55.752
-----------------------------------------------------------------------

Transition distribution for half-corner DelayCorner_WC:both.late:
=================================================================

----------------------------------------------------------------------------------------------------------------------------------------------------------------------------------------------------------------------------
Net Type    Target    Count    Average    Std. Dev.    Min      Max      Distribution                                                                  Over Target
----------------------------------------------------------------------------------------------------------------------------------------------------------------------------------------------------------------------------
Trunk       0.100      102      0.072       0.020      0.004    0.100    {22 <= 0.060ns, 42 <= 0.080ns, 20 <= 0.090ns, 7 <= 0.095ns, 11 <= 0.100ns}                                      -
Leaf        0.100        7      0.097       0.006      0.088    0.101    {0 <= 0.060ns, 0 <= 0.080ns, 2 <= 0.090ns, 0 <= 0.095ns, 1 <= 0.100ns}        {4 <= 0.105ns, 0 <= 0.110ns, 0 <= 0.120ns, 0 <= 0.150ns, 0 > 0.150ns}
----------------------------------------------------------------------------------------------------------------------------------------------------------------------------------------------------------------------------

Count of violations across all clock trees:
===========================================

---------------------------------------------------------------------------------------
Clock Tree  # Max capacitance  # Max resistance  # Max length  # Max fanout  # Slew
Name        violations         violations        violations    violations    violations
---------------------------------------------------------------------------------------
My_CLK              0                 0               0             0           367
---------------------------------------------------------------------------------------
Total               0                 0               0             0           367
---------------------------------------------------------------------------------------

Note the above table per clock tree is based on CCOpt clock tree view. The violations are counted across half corners.

Found a total of 0 clock tree pins with max capacitance violations.
Found a total of 0 clock tree nets with max resistance violations.
Found a total of 0 clock tree nets with max length violations.
Found a total of 0 clock tree nets with max fanout violations.
Found a total of 367 clock tree pins with a slew violation.

Slew violation summary across all clock trees - Top 10 violating pins:
======================================================================

Target and measured clock slews (in ns):

-----------------------------------------------------------------------------------------------------------
Half corner               Violation  Slew    Slew      Dont   Ideal  Target    Pin
                          amount     target  achieved  touch  net?   source    
                                                       net?                    
-----------------------------------------------------------------------------------------------------------
DelayCorner_WC:both.late    0.001    0.100    0.101    N      N      explicit  ram_0_oport_reg[0]/CK
DelayCorner_WC:both.late    0.001    0.100    0.101    N      N      explicit  rom_0_data_out_reg[0]/CK
DelayCorner_WC:both.late    0.001    0.100    0.101    N      N      explicit  rom_1_data_out_reg[0]/CK
DelayCorner_WC:both.late    0.001    0.100    0.101    N      N      explicit  shiftreg_cp_delay_reg[2]/CK
DelayCorner_WC:both.late    0.001    0.100    0.101    N      N      explicit  shiftreg_cp_delay_reg[3]/CK
DelayCorner_WC:both.late    0.001    0.100    0.101    N      N      explicit  shiftreg_shifter_reg[1]/CK
DelayCorner_WC:both.late    0.001    0.100    0.101    N      N      explicit  i4004_alu_board_n0751_reg/CK
DelayCorner_WC:both.late    0.001    0.100    0.101    N      N      explicit  i4004_alu_board_n0750_reg/CK
DelayCorner_WC:both.late    0.001    0.100    0.101    N      N      explicit  shiftreg_cp_delay_reg[1]/CK
DelayCorner_WC:both.late    0.001    0.100    0.101    N      N      explicit  i4004_alu_board_n0749_reg/CK
-----------------------------------------------------------------------------------------------------------

Target sources:
auto extracted - target was extracted from SDC.
auto computed - target was computed when balancing trees.
explicit - target is explicitly set via target_max_trans property.
pin explicit - target is explicitly set for this pin via pin_target_max_trans property.
liberty explicit - target is explicitly set via max_transition from liberty library.

Found 0 pins on nets marked dont_touch that have slew violations.
Found 0 pins on nets marked dont_touch that do not have slew violations.
Found 0 pins on nets marked ideal_network that have slew violations.
Found 0 pins on nets marked ideal_network that do not have slew violations.


Report for clock tree: My_CLK:
==============================

Clock Tree Gating Structure (Logical):

# Full cycle clock gates   : 0
Minimum clock gating depth : 0
Maximum clock gating depth : 0
Clock gate area (um^2)     : 0.000

Clock Tree Buffering Structure (Logical):

# Buffers             : 108
# Inverters           :   0
  Total               : 108
Minimum depth         :  15
Maximum depth         :  16
Buffering area (um^2) : 232.560

Clock Tree Level Structure (Logical):

-----------------------------------------------------------------
Level  Full   Posedge  Negedge  Memory  Enable  Non enable  Other
       Cycle  Flops    Flops    Clock   Latch   Latch       Sinks
                                Pins    Sinks   Sinks       
-----------------------------------------------------------------
root     0      657       0       0       0         0         0
-----------------------------------------------------------------
Total    0      657       0       0       0         0         0
-----------------------------------------------------------------

Target and measured clock slews (in ns):

------------------------------------------------------------------------------------------------------------------------------------
Timing Corner              Worst Rising  Worst Falling  Worst Rising  Worst Falling  Leaf Slew    Leaf Slew  Trunk Slew   Trunk Slew
                           Leaf Slew     Leaf Slew      Trunk Slew    Trunk Slew     Target Type  Target     Target Type  Target
------------------------------------------------------------------------------------------------------------------------------------
DelayCorner_BC:both.early     0.030          0.030         0.021          0.022      ignored          -      ignored          -
DelayCorner_BC:both.late      0.032          0.032         0.021          0.022      ignored          -      ignored          -
DelayCorner_WC:both.early     0.085          0.100         0.084          0.100      ignored          -      ignored          -
DelayCorner_WC:both.late      0.086          0.101         0.084          0.100      explicit     *0.100     explicit      0.100
------------------------------------------------------------------------------------------------------------------------------------

* - indicates that target was not met.

auto extracted - target was extracted from SDC.
auto computed - target was computed when balancing trees.

