###############################################################
#  Generated by:      Cadence Innovus 21.12-s106_1
#  OS:                Linux x86_64(Host ID ip-10-16-10-154.rdius.us)
#  Generated on:      Thu May 15 02:13:11 2025
#  Design:            mcs4
#  Command:           report_ccopt_skew_groups -file outputs/reports/skew_groups.rpt
###############################################################

Skew Group Structure:
=====================

-------------------------------------------------------------------------------
Skew Group                  Sources    Constrained Sinks    Unconstrained Sinks
-------------------------------------------------------------------------------
My_CLK/ConstraintMode_BC       1              657                    0
My_CLK/ConstraintMode_WC       1              657                    0
-------------------------------------------------------------------------------

Skew Group Summary:
===================

------------------------------------------------------------------------------------------------------------------------------------------------------------------------------------
Timing Corner                Skew Group                  ID Target    Min ID    Max ID    Avg ID    Std.Dev. ID    Skew Target Type    Skew Target    Skew     Skew window occupancy
------------------------------------------------------------------------------------------------------------------------------------------------------------------------------------
DelayCorner_WC:both.early    My_CLK/ConstraintMode_BC        -        2.796     2.905     2.865        0.038       ignored                  -         0.109              -
                             My_CLK/ConstraintMode_WC        -        2.796     2.905     2.865        0.038       ignored                  -         0.109              -
DelayCorner_WC:both.late     My_CLK/ConstraintMode_BC    none         2.802     2.909     2.871        0.038       auto computed       *0.105         0.108    96.3% {2.804, 2.909}
                             My_CLK/ConstraintMode_WC    *3.000       2.802     2.909     2.871        0.038       auto computed       *0.105         0.108    96.3% {2.804, 2.909}
DelayCorner_BC:both.early    My_CLK/ConstraintMode_BC        -        1.545     1.566     1.558        0.006       ignored                  -         0.020              -
                             My_CLK/ConstraintMode_WC        -        1.545     1.566     1.558        0.006       ignored                  -         0.020              -
DelayCorner_BC:both.late     My_CLK/ConstraintMode_BC        -        1.551     1.572     1.564        0.006       ignored                  -         0.021              -
                             My_CLK/ConstraintMode_WC        -        1.551     1.572     1.564        0.006       ignored                  -         0.021              -
------------------------------------------------------------------------------------------------------------------------------------------------------------------------------------

* - indicates that target was not met.

Skew Group Min/Max path pins:
=============================

---------------------------------------------------------------------------------------------
Timing Corner                Skew Group                  Min ID    PathID    Max ID    PathID
---------------------------------------------------------------------------------------------
DelayCorner_WC:both.early    My_CLK/ConstraintMode_BC    2.796        1      2.905        2
-    min i4004_id_board_n0805_reg/CK
-    max shiftreg_shifter_reg[9]/CK
                             My_CLK/ConstraintMode_WC    2.796        9      2.905       10
-    min i4004_id_board_n0805_reg/CK
-    max shiftreg_shifter_reg[9]/CK
DelayCorner_WC:both.late     My_CLK/ConstraintMode_BC    2.802        3      2.909        4
-    min i4004_id_board_n0805_reg/CK
-    max i4004_sp_board_reg_rfsh_2_master_reg/CK
                             My_CLK/ConstraintMode_WC    2.802       11      2.909       12
-    min i4004_id_board_n0805_reg/CK
-    max i4004_sp_board_reg_rfsh_2_master_reg/CK
DelayCorner_BC:both.early    My_CLK/ConstraintMode_BC    1.545        5      1.566        6
-    min i4004_id_board_n0805_reg/CK
-    max ram_0_ram3_ram_array_reg[9][3]/CK
                             My_CLK/ConstraintMode_WC    1.545       13      1.566       14
-    min i4004_id_board_n0805_reg/CK
-    max ram_0_ram3_ram_array_reg[9][3]/CK
DelayCorner_BC:both.late     My_CLK/ConstraintMode_BC    1.551        7      1.572        8
-    min i4004_id_board_n0805_reg/CK
-    max ram_0_ram3_ram_array_reg[9][3]/CK
                             My_CLK/ConstraintMode_WC    1.551       15      1.572       16
-    min i4004_id_board_n0805_reg/CK
-    max ram_0_ram3_ram_array_reg[9][3]/CK
---------------------------------------------------------------------------------------------

Timing for timing corner DelayCorner_WC:both.early, min clock_path:
===================================================================

PathID    : 1
Path type : skew group My_CLK/ConstraintMode_BC (path 1 of 1)
Start     : sysclk
End       : i4004_id_board_n0805_reg/CK
Delay     : 2.796

------------------------------------------------------------------------------------------------
Name  Lib cell   Event  Incr   Arrival  Slew   Cap    Location          Distance  Fanout  Status
                        (ns)   (ns)     (ns)   (pF)                     (um)              
-- Clockpath trace -----------------------------------------------------------------------------
sysclk
-     -          rise   -       1.000   0.004  0.019  (181.200,93.005)  -            7    
CTS_cdb_buf_00060/A
-     CLKBUFX2   rise   0.001   1.001   0.004  -      (119.565,74.535)   80.105   -       
CTS_cdb_buf_00060/Y
-     CLKBUFX2   rise   0.101   1.101   0.070  0.005  (119.210,75.005)    0.825      1    
CTS_cdb_buf_00061/A
-     CLKBUFX2   rise   0.000   1.102   0.070  -      (51.765,93.805)    86.245   -       
CTS_cdb_buf_00061/Y
-     CLKBUFX2   rise   0.133   1.235   0.070  0.005  (51.410,93.335)     0.825      1    
CTS_cdb_buf_00062/A
-     CLKBUFX2   rise   0.000   1.235   0.070  -      (93.965,45.925)    89.965   -       
CTS_cdb_buf_00062/Y
-     CLKBUFX2   rise   0.135   1.370   0.075  0.006  (93.610,45.455)     0.825      1    
CTS_cdb_buf_00063/A
-     CLKBUFX2   rise   0.000   1.371   0.075  -      (62.565,114.325)   99.915   -       
CTS_cdb_buf_00063/Y
-     CLKBUFX2   rise   0.135   1.506   0.070  0.005  (62.210,113.855)    0.825      1    
CTS_cdb_buf_00064/A
-     CLKBUFX3   rise   0.000   1.506   0.070  -      (101.100,73.055)   79.690   -       
CTS_cdb_buf_00064/Y
-     CLKBUFX3   rise   0.117   1.623   0.060  0.007  (100.885,73.640)    0.800      1    
CTS_cdb_buf_00065/A
-     CLKBUFX2   rise   0.000   1.623   0.060  -      (72.165,149.775)  104.855   -       
CTS_cdb_buf_00065/Y
-     CLKBUFX2   rise   0.127   1.750   0.069  0.005  (71.810,150.245)    0.825      1    
CTS_cdb_buf_00066/A
-     CLKBUFX2   rise   0.000   1.750   0.069  -      (85.165,76.705)    86.895   -       
CTS_cdb_buf_00066/Y
-     CLKBUFX2   rise   0.128   1.878   0.063  0.005  (84.810,76.235)     0.825      1    
CTS_cdb_buf_00067/A
-     CLKBUFX3   rise   0.000   1.878   0.063  -      (95.700,136.325)   70.980   -       
CTS_cdb_buf_00067/Y
-     CLKBUFX3   rise   0.114   1.993   0.062  0.007  (95.485,135.740)    0.800      1    
CTS_cdb_buf_00068/A
-     CLKBUFX3   rise   0.000   1.993   0.062  -      (94.500,28.595)   108.130   -       
CTS_cdb_buf_00068/Y
-     CLKBUFX3   rise   0.115   2.108   0.064  0.007  (94.285,29.180)     0.800      1    
CTS_cdb_buf_00069/A
-     CLKBUFX3   rise   0.000   2.108   0.064  -      (91.500,136.325)  109.930   -       
CTS_cdb_buf_00069/Y
-     CLKBUFX3   rise   0.115   2.224   0.063  0.007  (91.285,135.740)    0.800      1    
CTS_cdb_buf_00070/A
-     CLKBUFX2   rise   0.000   2.224   0.063  -      (59.365,52.765)   114.895   -       
CTS_cdb_buf_00070/Y
-     CLKBUFX2   rise   0.134   2.358   0.080  0.006  (59.010,52.295)     0.825      1    
CTS_cdb_buf_00071/A
-     CLKBUFX2   rise   0.000   2.359   0.080  -      (93.565,124.585)  106.845   -       
CTS_cdb_buf_00071/Y
-     CLKBUFX2   rise   0.135   2.494   0.065  0.005  (93.210,124.115)    0.825      1    
CTS_cdb_buf_00072/A
-     CLKBUFX2   rise   0.000   2.494   0.065  -      (120.965,80.125)   71.745   -       
CTS_cdb_buf_00072/Y
-     CLKBUFX2   rise   0.107   2.601   0.030  0.001  (120.610,79.655)    0.825      1    
CTS_cdb_buf_00133/A
-     CLKBUFX3   rise   0.000   2.601   0.030  -      (128.700,74.765)   12.980   -       
CTS_cdb_buf_00133/Y
-     CLKBUFX3   rise   0.079   2.680   0.027  0.002  (128.485,74.180)    0.800      1    
CTS_ccl_a_buf_00003/A
-     CLKBUFX16  rise   0.000   2.680   0.027  -      (125.700,74.765)    3.370   -       
CTS_ccl_a_buf_00003/Y
-     CLKBUFX16  rise   0.115   2.795   0.085  0.047  (125.225,74.990)    0.700     91    
i4004_id_board_n0805_reg/CK
-     SDFFQX1    rise   0.001   2.796   0.085  -      (125.505,71.200)    4.070   -       
------------------------------------------------------------------------------------------------

Timing for timing corner DelayCorner_WC:both.early, max clock_path:
===================================================================

PathID    : 2
Path type : skew group My_CLK/ConstraintMode_BC (path 1 of 1)
Start     : sysclk
End       : shiftreg_shifter_reg[3]/CK
Delay     : 2.905

------------------------------------------------------------------------------------------------
Name  Lib cell   Event  Incr   Arrival  Slew   Cap    Location          Distance  Fanout  Status
                        (ns)   (ns)     (ns)   (pF)                     (um)              
-- Clockpath trace -----------------------------------------------------------------------------
sysclk
-     -          rise   -       1.000   0.004  0.019  (181.200,93.005)  -            7    
CTS_cdb_buf_00032/A
-     CLKBUFX2   rise   0.001   1.001   0.004  -      (132.765,45.925)   95.515   -       
CTS_cdb_buf_00032/Y
-     CLKBUFX2   rise   0.087   1.088   0.046  0.003  (132.410,45.455)    0.825      1    
CTS_cdb_buf_00033/A
-     CLKBUFX2   rise   0.000   1.088   0.046  -      (161.565,57.435)   41.135   -       
CTS_cdb_buf_00033/Y
-     CLKBUFX2   rise   0.121   1.209   0.071  0.005  (161.210,57.905)    0.825      1    
CTS_cdb_buf_00034/A
-     CLKBUFX2   rise   0.000   1.209   0.071  -      (124.165,12.975)   81.975   -       
CTS_cdb_buf_00034/Y
-     CLKBUFX2   rise   0.131   1.340   0.066  0.005  (123.810,13.445)    0.825      1    
CTS_cdb_buf_00035/A
-     CLKBUFX2   rise   0.000   1.340   0.066  -      (166.565,47.175)   76.485   -       
CTS_cdb_buf_00035/Y
-     CLKBUFX2   rise   0.128   1.469   0.066  0.005  (166.210,47.645)    0.825      1    
CTS_cdb_buf_00036/A
-     CLKBUFX2   rise   0.000   1.469   0.066  -      (121.965,19.815)   72.075   -       
CTS_cdb_buf_00036/Y
-     CLKBUFX2   rise   0.124   1.593   0.059  0.004  (121.610,20.285)    0.825      1    
CTS_cdb_buf_00037/A
-     CLKBUFX2   rise   0.000   1.593   0.059  -      (169.965,6.135)    62.505   -       
CTS_cdb_buf_00037/Y
-     CLKBUFX2   rise   0.117   1.710   0.052  0.003  (169.610,6.605)     0.825      1    
CTS_cdb_buf_00038/A
-     CLKBUFX2   rise   0.000   1.710   0.052  -      (143.365,35.665)   55.305   -       
CTS_cdb_buf_00038/Y
-     CLKBUFX2   rise   0.107   1.817   0.041  0.002  (143.010,35.195)    0.825      1    
CTS_cdb_buf_00039/A
-     CLKBUFX2   rise   0.000   1.817   0.041  -      (172.365,40.335)   34.495   -       
CTS_cdb_buf_00039/Y
-     CLKBUFX2   rise   0.125   1.943   0.083  0.007  (172.010,40.805)    0.825      1    
CTS_cdb_buf_00040/A
-     CLKBUFX2   rise   0.000   1.943   0.083  -      (87.365,16.395)   109.055   -       
CTS_cdb_buf_00040/Y
-     CLKBUFX2   rise   0.139   2.082   0.070  0.005  (87.010,16.865)     0.825      1    
CTS_cdb_buf_00041/A
-     CLKBUFX2   rise   0.000   2.082   0.070  -      (146.965,36.915)   80.005   -       
CTS_cdb_buf_00041/Y
-     CLKBUFX2   rise   0.116   2.198   0.040  0.002  (146.610,37.385)    0.825      1    
CTS_cdb_buf_00042/A
-     CLKBUFX2   rise   0.000   2.198   0.040  -      (148.965,6.135)    33.605   -       
CTS_cdb_buf_00042/Y
-     CLKBUFX2   rise   0.116   2.314   0.069  0.005  (148.610,6.605)     0.825      1    
CTS_cdb_buf_00043/A
-     CLKBUFX2   rise   0.000   2.315   0.069  -      (169.965,64.275)   79.025   -       
CTS_cdb_buf_00043/Y
-     CLKBUFX2   rise   0.132   2.446   0.070  0.005  (169.610,64.745)    0.825      1    
CTS_cdb_buf_00044/A
-     CLKBUFX3   rise   0.000   2.447   0.070  -      (143.700,9.785)    80.870   -       
CTS_cdb_buf_00044/Y
-     CLKBUFX3   rise   0.119   2.565   0.064  0.007  (143.485,9.200)     0.800      1    
CTS_cdb_buf_00045/A
-     CLKBUFX2   rise   0.000   2.566   0.064  -      (168.965,95.055)  111.335   -       
CTS_cdb_buf_00045/Y
-     CLKBUFX2   rise   0.127   2.693   0.066  0.005  (168.610,95.525)    0.825      1    
CTS_cdb_buf_00131/A
-     CLKBUFX6   rise   0.000   2.693   0.066  -      (164.900,33.915)   65.320   -       
CTS_cdb_buf_00131/Y
-     CLKBUFX6   rise   0.094   2.787   0.026  0.003  (164.350,33.925)    0.560      1    
CTS_ccl_a_buf_00001/A
-     CLKBUFX16  rise   0.000   2.787   0.026  -      (149.500,33.725)   15.050   -       
CTS_ccl_a_buf_00001/Y
-     CLKBUFX16  rise   0.112   2.899   0.081  0.044  (149.025,33.950)    0.700     86    
shiftreg_shifter_reg[3]/CK
-     SDFFQX1    rise   0.006   2.905   0.082  -      (92.305,6.220)     84.450   -       
------------------------------------------------------------------------------------------------

Timing for timing corner DelayCorner_WC:both.late, min clock_path:
==================================================================

PathID    : 3
Path type : skew group My_CLK/ConstraintMode_BC (path 1 of 1)
Start     : sysclk
End       : i4004_id_board_n0805_reg/CK
Delay     : 2.802

------------------------------------------------------------------------------------------------
Name  Lib cell   Event  Incr   Arrival  Slew   Cap    Location          Distance  Fanout  Status
                        (ns)   (ns)     (ns)   (pF)                     (um)              
-- Clockpath trace -----------------------------------------------------------------------------
sysclk
-     -          rise   -       1.000   0.004  0.019  (181.200,93.005)  -            7    
CTS_cdb_buf_00060/A
-     CLKBUFX2   rise   0.001   1.001   0.004  -      (119.565,74.535)   80.105   -       
CTS_cdb_buf_00060/Y
-     CLKBUFX2   rise   0.101   1.101   0.070  0.005  (119.210,75.005)    0.825      1    
CTS_cdb_buf_00061/A
-     CLKBUFX2   rise   0.001   1.102   0.070  -      (51.765,93.805)    86.245   -       
CTS_cdb_buf_00061/Y
-     CLKBUFX2   rise   0.133   1.235   0.070  0.005  (51.410,93.335)     0.825      1    
CTS_cdb_buf_00062/A
-     CLKBUFX2   rise   0.001   1.236   0.070  -      (93.965,45.925)    89.965   -       
CTS_cdb_buf_00062/Y
-     CLKBUFX2   rise   0.135   1.371   0.075  0.006  (93.610,45.455)     0.825      1    
CTS_cdb_buf_00063/A
-     CLKBUFX2   rise   0.001   1.372   0.075  -      (62.565,114.325)   99.915   -       
CTS_cdb_buf_00063/Y
-     CLKBUFX2   rise   0.135   1.507   0.070  0.005  (62.210,113.855)    0.825      1    
CTS_cdb_buf_00064/A
-     CLKBUFX3   rise   0.001   1.507   0.070  -      (101.100,73.055)   79.690   -       
CTS_cdb_buf_00064/Y
-     CLKBUFX3   rise   0.117   1.624   0.060  0.007  (100.885,73.640)    0.800      1    
CTS_cdb_buf_00065/A
-     CLKBUFX2   rise   0.001   1.625   0.060  -      (72.165,149.775)  104.855   -       
CTS_cdb_buf_00065/Y
-     CLKBUFX2   rise   0.127   1.752   0.069  0.005  (71.810,150.245)    0.825      1    
CTS_cdb_buf_00066/A
-     CLKBUFX2   rise   0.001   1.752   0.069  -      (85.165,76.705)    86.895   -       
CTS_cdb_buf_00066/Y
-     CLKBUFX2   rise   0.128   1.880   0.063  0.005  (84.810,76.235)     0.825      1    
CTS_cdb_buf_00067/A
-     CLKBUFX3   rise   0.000   1.880   0.063  -      (95.700,136.325)   70.980   -       
CTS_cdb_buf_00067/Y
-     CLKBUFX3   rise   0.114   1.995   0.062  0.007  (95.485,135.740)    0.800      1    
CTS_cdb_buf_00068/A
-     CLKBUFX3   rise   0.001   1.996   0.062  -      (94.500,28.595)   108.130   -       
CTS_cdb_buf_00068/Y
-     CLKBUFX3   rise   0.115   2.111   0.064  0.007  (94.285,29.180)     0.800      1    
CTS_cdb_buf_00069/A
-     CLKBUFX3   rise   0.001   2.111   0.064  -      (91.500,136.325)  109.930   -       
CTS_cdb_buf_00069/Y
-     CLKBUFX3   rise   0.115   2.227   0.063  0.007  (91.285,135.740)    0.800      1    
CTS_cdb_buf_00070/A
-     CLKBUFX2   rise   0.001   2.228   0.063  -      (59.365,52.765)   114.895   -       
CTS_cdb_buf_00070/Y
-     CLKBUFX2   rise   0.134   2.362   0.080  0.006  (59.010,52.295)     0.825      1    
CTS_cdb_buf_00071/A
-     CLKBUFX2   rise   0.001   2.363   0.080  -      (93.565,124.585)  106.845   -       
CTS_cdb_buf_00071/Y
-     CLKBUFX2   rise   0.135   2.498   0.065  0.005  (93.210,124.115)    0.825      1    
CTS_cdb_buf_00072/A
-     CLKBUFX2   rise   0.000   2.498   0.065  -      (120.965,80.125)   71.745   -       
CTS_cdb_buf_00072/Y
-     CLKBUFX2   rise   0.107   2.606   0.030  0.001  (120.610,79.655)    0.825      1    
CTS_cdb_buf_00133/A
-     CLKBUFX3   rise   0.000   2.606   0.030  -      (128.700,74.765)   12.980   -       
CTS_cdb_buf_00133/Y
-     CLKBUFX3   rise   0.079   2.685   0.028  0.002  (128.485,74.180)    0.800      1    
CTS_ccl_a_buf_00003/A
-     CLKBUFX16  rise   0.000   2.685   0.028  -      (125.700,74.765)    3.370   -       
CTS_ccl_a_buf_00003/Y
-     CLKBUFX16  rise   0.116   2.801   0.086  0.047  (125.225,74.990)    0.700     91    
i4004_id_board_n0805_reg/CK
-     SDFFQX1    rise   0.001   2.802   0.086  -      (125.505,71.200)    4.070   -       
------------------------------------------------------------------------------------------------

Timing for timing corner DelayCorner_WC:both.late, max clock_path:
==================================================================

PathID    : 4
Path type : skew group My_CLK/ConstraintMode_BC (path 1 of 1)
Start     : sysclk
End       : i4004_sp_board_reg_rfsh_1_master_reg/CK
Delay     : 2.909

-------------------------------------------------------------------------------------------------
Name  Lib cell   Event  Incr   Arrival  Slew   Cap    Location           Distance  Fanout  Status
                        (ns)   (ns)     (ns)   (pF)                      (um)              
-- Clockpath trace ------------------------------------------------------------------------------
sysclk
-     -          rise   -       1.000   0.004  0.019  (181.200,93.005)   -            7    
CTS_cdb_buf_00073/A
-     CLKBUFX2   rise   0.000   1.000   0.004  -      (175.365,63.025)    35.815   -       
CTS_cdb_buf_00073/Y
-     CLKBUFX2   rise   0.096   1.096   0.062  0.004  (175.010,62.555)     0.825      1    
CTS_cdb_buf_00074/A
-     CLKBUFX2   rise   0.000   1.096   0.062  -      (112.365,59.605)    65.595   -       
CTS_cdb_buf_00074/Y
-     CLKBUFX2   rise   0.126   1.222   0.066  0.005  (112.010,59.135)     0.825      1    
CTS_cdb_buf_00075/A
-     CLKBUFX2   rise   0.001   1.223   0.066  -      (169.565,45.925)    70.765   -       
CTS_cdb_buf_00075/Y
-     CLKBUFX2   rise   0.137   1.360   0.082  0.006  (169.210,45.455)     0.825      1    
CTS_cdb_buf_00076/A
-     CLKBUFX2   rise   0.001   1.361   0.082  -      (106.965,81.375)    98.165   -       
CTS_cdb_buf_00076/Y
-     CLKBUFX2   rise   0.145   1.506   0.082  0.006  (106.610,81.845)     0.825      1    
CTS_cdb_buf_00077/A
-     CLKBUFX2   rise   0.001   1.507   0.082  -      (155.365,32.245)    98.355   -       
CTS_cdb_buf_00077/Y
-     CLKBUFX2   rise   0.141   1.648   0.074  0.006  (155.010,31.775)     0.825      1    
CTS_cdb_buf_00078/A
-     CLKBUFX2   rise   0.001   1.648   0.074  -      (169.965,104.065)   87.245   -       
CTS_cdb_buf_00078/Y
-     CLKBUFX2   rise   0.135   1.783   0.071  0.005  (169.610,103.595)    0.825      1    
CTS_cdb_buf_00079/A
-     CLKBUFX2   rise   0.001   1.784   0.071  -      (141.365,52.765)    79.075   -       
CTS_cdb_buf_00079/Y
-     CLKBUFX2   rise   0.119   1.903   0.044  0.003  (141.010,52.295)     0.825      1    
CTS_cdb_buf_00080/A
-     CLKBUFX2   rise   0.000   1.903   0.044  -      (168.965,42.505)    37.745   -       
CTS_cdb_buf_00080/Y
-     CLKBUFX2   rise   0.123   2.025   0.076  0.006  (168.610,42.035)     0.825      1    
CTS_cdb_buf_00081/A
-     CLKBUFX2   rise   0.001   2.026   0.076  -      (112.565,9.555)     88.525   -       
CTS_cdb_buf_00081/Y
-     CLKBUFX2   rise   0.134   2.160   0.067  0.005  (112.210,10.025)     0.825      1    
CTS_cdb_buf_00082/A
-     CLKBUFX2   rise   0.001   2.160   0.067  -      (167.565,33.495)    78.825   -       
CTS_cdb_buf_00082/Y
-     CLKBUFX2   rise   0.132   2.292   0.073  0.006  (167.210,33.965)     0.825      1    
CTS_cdb_buf_00083/A
-     CLKBUFX3   rise   0.001   2.293   0.073  -      (169.900,112.385)   81.110   -       
CTS_cdb_buf_00083/Y
-     CLKBUFX3   rise   0.119   2.412   0.061  0.007  (169.685,111.800)    0.800      1    
CTS_cdb_buf_00084/A
-     CLKBUFX2   rise   0.001   2.413   0.061  -      (135.165,43.755)   102.565   -       
CTS_cdb_buf_00084/Y
-     CLKBUFX2   rise   0.126   2.538   0.066  0.005  (134.810,44.225)     0.825      1    
CTS_cdb_buf_00085/A
-     CLKBUFX2   rise   0.001   2.539   0.066  -      (141.965,110.905)   73.835   -       
CTS_cdb_buf_00085/Y
-     CLKBUFX2   rise   0.130   2.669   0.070  0.005  (141.610,110.435)    0.825      1    
CTS_cdb_buf_00086/A
-     CLKBUFX2   rise   0.001   2.669   0.070  -      (169.565,60.855)    77.535   -       
CTS_cdb_buf_00086/Y
-     CLKBUFX2   rise   0.114   2.783   0.036  0.002  (169.210,61.325)     0.825      1    
CTS_ccl_a_buf_00004/A
-     CLKBUFX16  rise   0.000   2.784   0.036  -      (167.900,57.665)     4.970   -       
CTS_ccl_a_buf_00004/Y
-     CLKBUFX16  rise   0.118   2.902   0.085  0.045  (167.425,57.890)     0.700     93    
i4004_sp_board_reg_rfsh_1_master_reg/CK
-     SDFFQX1    rise   0.008   2.909   0.086  -      (137.905,39.000)    48.410   -       
-------------------------------------------------------------------------------------------------

Timing for timing corner DelayCorner_BC:both.early, min clock_path:
===================================================================

PathID    : 5
Path type : skew group My_CLK/ConstraintMode_BC (path 1 of 1)
Start     : sysclk
End       : i4004_id_board_n0805_reg/CK
Delay     : 1.545

------------------------------------------------------------------------------------------------
Name  Lib cell   Event  Incr   Arrival  Slew   Cap    Location          Distance  Fanout  Status
                        (ns)   (ns)     (ns)   (pF)                     (um)              
-- Clockpath trace -----------------------------------------------------------------------------
sysclk
-     -          rise   -       1.200   0.004  0.019  (181.200,93.005)  -            7    
CTS_cdb_buf_00060/A
-     CLKBUFX2   rise   0.001   1.201   0.004  -      (119.565,74.535)   80.105   -       
CTS_cdb_buf_00060/Y
-     CLKBUFX2   rise   0.023   1.223   0.018  0.005  (119.210,75.005)    0.825      1    
CTS_cdb_buf_00061/A
-     CLKBUFX2   rise   0.000   1.224   0.018  -      (51.765,93.805)    86.245   -       
CTS_cdb_buf_00061/Y
-     CLKBUFX2   rise   0.024   1.248   0.017  0.005  (51.410,93.335)     0.825      1    
CTS_cdb_buf_00062/A
-     CLKBUFX2   rise   0.000   1.248   0.017  -      (93.965,45.925)    89.965   -       
CTS_cdb_buf_00062/Y
-     CLKBUFX2   rise   0.025   1.272   0.019  0.006  (93.610,45.455)     0.825      1    
CTS_cdb_buf_00063/A
-     CLKBUFX2   rise   0.000   1.273   0.019  -      (62.565,114.325)   99.915   -       
CTS_cdb_buf_00063/Y
-     CLKBUFX2   rise   0.024   1.297   0.018  0.005  (62.210,113.855)    0.825      1    
CTS_cdb_buf_00064/A
-     CLKBUFX3   rise   0.000   1.297   0.018  -      (101.100,73.055)   79.690   -       
CTS_cdb_buf_00064/Y
-     CLKBUFX3   rise   0.022   1.319   0.015  0.007  (100.885,73.640)    0.800      1    
CTS_cdb_buf_00065/A
-     CLKBUFX2   rise   0.000   1.319   0.015  -      (72.165,149.775)  104.855   -       
CTS_cdb_buf_00065/Y
-     CLKBUFX2   rise   0.023   1.343   0.017  0.005  (71.810,150.245)    0.825      1    
CTS_cdb_buf_00066/A
-     CLKBUFX2   rise   0.000   1.343   0.017  -      (85.165,76.705)    86.895   -       
CTS_cdb_buf_00066/Y
-     CLKBUFX2   rise   0.023   1.366   0.016  0.005  (84.810,76.235)     0.825      1    
CTS_cdb_buf_00067/A
-     CLKBUFX3   rise   0.000   1.366   0.016  -      (95.700,136.325)   70.980   -       
CTS_cdb_buf_00067/Y
-     CLKBUFX3   rise   0.022   1.388   0.016  0.007  (95.485,135.740)    0.800      1    
CTS_cdb_buf_00068/A
-     CLKBUFX3   rise   0.000   1.389   0.016  -      (94.500,28.595)   108.130   -       
CTS_cdb_buf_00068/Y
-     CLKBUFX3   rise   0.022   1.411   0.017  0.007  (94.285,29.180)     0.800      1    
CTS_cdb_buf_00069/A
-     CLKBUFX3   rise   0.000   1.412   0.017  -      (91.500,136.325)  109.930   -       
CTS_cdb_buf_00069/Y
-     CLKBUFX3   rise   0.022   1.434   0.016  0.007  (91.285,135.740)    0.800      1    
CTS_cdb_buf_00070/A
-     CLKBUFX2   rise   0.000   1.434   0.016  -      (59.365,52.765)   114.895   -       
CTS_cdb_buf_00070/Y
-     CLKBUFX2   rise   0.025   1.460   0.020  0.006  (59.010,52.295)     0.825      1    
CTS_cdb_buf_00071/A
-     CLKBUFX2   rise   0.000   1.460   0.020  -      (93.565,124.585)  106.845   -       
CTS_cdb_buf_00071/Y
-     CLKBUFX2   rise   0.023   1.483   0.016  0.005  (93.210,124.115)    0.825      1    
CTS_cdb_buf_00072/A
-     CLKBUFX2   rise   0.000   1.484   0.016  -      (120.965,80.125)   71.745   -       
CTS_cdb_buf_00072/Y
-     CLKBUFX2   rise   0.018   1.501   0.007  0.001  (120.610,79.655)    0.825      1    
CTS_cdb_buf_00133/A
-     CLKBUFX3   rise   0.000   1.501   0.007  -      (128.700,74.765)   12.980   -       
CTS_cdb_buf_00133/Y
-     CLKBUFX3   rise   0.016   1.517   0.007  0.002  (128.485,74.180)    0.800      1    
CTS_ccl_a_buf_00003/A
-     CLKBUFX16  rise   0.000   1.517   0.007  -      (125.700,74.765)    3.370   -       
CTS_ccl_a_buf_00003/Y
-     CLKBUFX16  rise   0.027   1.545   0.027  0.056  (125.225,74.990)    0.700     91    
i4004_id_board_n0805_reg/CK
-     SDFFQX1    rise   0.001   1.545   0.027  -      (125.505,71.200)    4.070   -       
------------------------------------------------------------------------------------------------

Timing for timing corner DelayCorner_BC:both.early, max clock_path:
===================================================================

PathID    : 6
Path type : skew group My_CLK/ConstraintMode_BC (path 1 of 1)
Start     : sysclk
End       : ram_0_ram0_ram_array_reg[8][0]/CK
Delay     : 1.566

-------------------------------------------------------------------------------------------------
Name  Lib cell   Event  Incr   Arrival  Slew   Cap    Location           Distance  Fanout  Status
                        (ns)   (ns)     (ns)   (pF)                      (um)              
-- Clockpath trace ------------------------------------------------------------------------------
sysclk
-     -          rise   -       1.200   0.004  0.019  (181.200,93.005)   -            7    
CTS_cdb_buf_00115/A
-     CLKBUFX3   rise   0.001   1.201   0.004  -      (156.500,136.325)   68.020   -       
CTS_cdb_buf_00115/Y
-     CLKBUFX3   rise   0.017   1.217   0.008  0.003  (156.285,135.740)    0.800      1    
CTS_cdb_buf_00116/A
-     CLKBUFX2   rise   0.000   1.217   0.008  -      (125.765,139.515)   34.295   -       
CTS_cdb_buf_00116/Y
-     CLKBUFX2   rise   0.022   1.240   0.016  0.005  (125.410,139.985)    0.825      1    
CTS_cdb_buf_00117/A
-     CLKBUFX2   rise   0.000   1.240   0.016  -      (169.965,166.875)   71.445   -       
CTS_cdb_buf_00117/Y
-     CLKBUFX2   rise   0.022   1.262   0.015  0.005  (169.610,167.345)    0.825      1    
CTS_cdb_buf_00118/A
-     CLKBUFX2   rise   0.000   1.262   0.015  -      (125.365,146.355)   65.235   -       
CTS_cdb_buf_00118/Y
-     CLKBUFX2   rise   0.023   1.286   0.017  0.005  (125.010,146.825)    0.825      1    
CTS_cdb_buf_00119/A
-     CLKBUFX3   rise   0.000   1.286   0.017  -      (174.100,172.235)   74.500   -       
CTS_cdb_buf_00119/Y
-     CLKBUFX3   rise   0.022   1.308   0.016  0.007  (173.885,172.820)    0.800      1    
CTS_cdb_buf_00120/A
-     CLKBUFX2   rise   0.000   1.308   0.016  -      (129.365,107.485)  109.855   -       
CTS_cdb_buf_00120/Y
-     CLKBUFX2   rise   0.026   1.334   0.021  0.007  (129.010,107.015)    0.825      1    
CTS_cdb_buf_00121/A
-     CLKBUFX2   rise   0.000   1.335   0.021  -      (161.965,173.715)   99.655   -       
CTS_cdb_buf_00121/Y
-     CLKBUFX2   rise   0.026   1.361   0.021  0.007  (161.610,174.185)    0.825      1    
CTS_cdb_buf_00122/A
-     CLKBUFX2   rise   0.000   1.361   0.021  -      (120.765,110.905)  104.125   -       
CTS_cdb_buf_00122/Y
-     CLKBUFX2   rise   0.026   1.387   0.021  0.007  (120.410,110.435)    0.825      1    
CTS_cdb_buf_00123/A
-     CLKBUFX3   rise   0.000   1.387   0.021  -      (150.700,173.945)   93.800   -       
CTS_cdb_buf_00123/Y
-     CLKBUFX3   rise   0.023   1.410   0.016  0.007  (150.485,173.360)    0.800      1    
CTS_cdb_buf_00124/A
-     CLKBUFX2   rise   0.000   1.410   0.016  -      (124.365,97.225)   102.255   -       
CTS_cdb_buf_00124/Y
-     CLKBUFX2   rise   0.017   1.427   0.006  0.001  (124.010,96.755)     0.825      1    
CTS_cpc_drv_buf_00164/A
-     CLKBUFX3   rise   0.000   1.427   0.006  -      (127.100,96.995)     3.330   -       
CTS_cpc_drv_buf_00164/Y
-     CLKBUFX3   rise   0.021   1.449   0.016  0.007  (126.885,97.580)     0.800      1    
CTS_cdb_buf_00125/A
-     CLKBUFX3   rise   0.000   1.449   0.016  -      (96.700,173.945)   106.550   -       
CTS_cdb_buf_00125/Y
-     CLKBUFX3   rise   0.023   1.472   0.017  0.008  (96.485,173.360)     0.800      1    
CTS_cdb_buf_00126/A
-     CLKBUFX2   rise   0.001   1.472   0.017  -      (175.365,138.265)  113.975   -       
CTS_cdb_buf_00126/Y
-     CLKBUFX2   rise   0.025   1.497   0.020  0.006  (175.010,137.795)    0.825      1    
CTS_cdb_buf_00127/A
-     CLKBUFX2   rise   0.000   1.497   0.020  -      (111.965,163.455)   88.705   -       
CTS_cdb_buf_00127/Y
-     CLKBUFX2   rise   0.020   1.517   0.010  0.003  (111.610,163.925)    0.825      1    
CTS_cdb_buf_00137/A
-     CLKBUFX3   rise   0.000   1.517   0.010  -      (135.700,173.945)   34.110   -       
CTS_cdb_buf_00137/Y
-     CLKBUFX3   rise   0.017   1.534   0.007  0.002  (135.485,173.360)    0.800      1    
CTS_ccl_a_buf_00007/A
-     CLKBUFX16  rise   0.000   1.534   0.007  -      (137.100,170.525)    4.450   -       
CTS_ccl_a_buf_00007/Y
-     CLKBUFX16  rise   0.028   1.562   0.026  0.056  (136.625,170.750)    0.700     97    
ram_0_ram0_ram_array_reg[8][0]/CK
-     SDFFQX1    rise   0.003   1.566   0.027  -      (158.105,145.020)   47.210   -       
-------------------------------------------------------------------------------------------------

Timing for timing corner DelayCorner_BC:both.late, min clock_path:
==================================================================

PathID    : 7
Path type : skew group My_CLK/ConstraintMode_BC (path 1 of 1)
Start     : sysclk
End       : i4004_id_board_n0805_reg/CK
Delay     : 1.551

------------------------------------------------------------------------------------------------
Name  Lib cell   Event  Incr   Arrival  Slew   Cap    Location          Distance  Fanout  Status
                        (ns)   (ns)     (ns)   (pF)                     (um)              
-- Clockpath trace -----------------------------------------------------------------------------
sysclk
-     -          rise   -       1.200   0.004  0.019  (181.200,93.005)  -            7    
CTS_cdb_buf_00060/A
-     CLKBUFX2   rise   0.001   1.201   0.004  -      (119.565,74.535)   80.105   -       
CTS_cdb_buf_00060/Y
-     CLKBUFX2   rise   0.023   1.223   0.018  0.005  (119.210,75.005)    0.825      1    
CTS_cdb_buf_00061/A
-     CLKBUFX2   rise   0.001   1.224   0.018  -      (51.765,93.805)    86.245   -       
CTS_cdb_buf_00061/Y
-     CLKBUFX2   rise   0.024   1.248   0.018  0.005  (51.410,93.335)     0.825      1    
CTS_cdb_buf_00062/A
-     CLKBUFX2   rise   0.001   1.248   0.018  -      (93.965,45.925)    89.965   -       
CTS_cdb_buf_00062/Y
-     CLKBUFX2   rise   0.025   1.273   0.019  0.006  (93.610,45.455)     0.825      1    
CTS_cdb_buf_00063/A
-     CLKBUFX2   rise   0.001   1.274   0.019  -      (62.565,114.325)   99.915   -       
CTS_cdb_buf_00063/Y
-     CLKBUFX2   rise   0.024   1.298   0.018  0.005  (62.210,113.855)    0.825      1    
CTS_cdb_buf_00064/A
-     CLKBUFX3   rise   0.001   1.298   0.018  -      (101.100,73.055)   79.690   -       
CTS_cdb_buf_00064/Y
-     CLKBUFX3   rise   0.022   1.320   0.015  0.007  (100.885,73.640)    0.800      1    
CTS_cdb_buf_00065/A
-     CLKBUFX2   rise   0.001   1.321   0.015  -      (72.165,149.775)  104.855   -       
CTS_cdb_buf_00065/Y
-     CLKBUFX2   rise   0.023   1.345   0.017  0.005  (71.810,150.245)    0.825      1    
CTS_cdb_buf_00066/A
-     CLKBUFX2   rise   0.001   1.345   0.017  -      (85.165,76.705)    86.895   -       
CTS_cdb_buf_00066/Y
-     CLKBUFX2   rise   0.023   1.368   0.016  0.005  (84.810,76.235)     0.825      1    
CTS_cdb_buf_00067/A
-     CLKBUFX3   rise   0.001   1.368   0.016  -      (95.700,136.325)   70.980   -       
CTS_cdb_buf_00067/Y
-     CLKBUFX3   rise   0.022   1.391   0.016  0.007  (95.485,135.740)    0.800      1    
CTS_cdb_buf_00068/A
-     CLKBUFX3   rise   0.001   1.391   0.016  -      (94.500,28.595)   108.130   -       
CTS_cdb_buf_00068/Y
-     CLKBUFX3   rise   0.022   1.414   0.017  0.007  (94.285,29.180)     0.800      1    
CTS_cdb_buf_00069/A
-     CLKBUFX3   rise   0.001   1.415   0.017  -      (91.500,136.325)  109.930   -       
CTS_cdb_buf_00069/Y
-     CLKBUFX3   rise   0.022   1.437   0.016  0.007  (91.285,135.740)    0.800      1    
CTS_cdb_buf_00070/A
-     CLKBUFX2   rise   0.001   1.438   0.016  -      (59.365,52.765)   114.895   -       
CTS_cdb_buf_00070/Y
-     CLKBUFX2   rise   0.025   1.463   0.020  0.006  (59.010,52.295)     0.825      1    
CTS_cdb_buf_00071/A
-     CLKBUFX2   rise   0.001   1.464   0.020  -      (93.565,124.585)  106.845   -       
CTS_cdb_buf_00071/Y
-     CLKBUFX2   rise   0.023   1.488   0.016  0.005  (93.210,124.115)    0.825      1    
CTS_cdb_buf_00072/A
-     CLKBUFX2   rise   0.001   1.488   0.016  -      (120.965,80.125)   71.745   -       
CTS_cdb_buf_00072/Y
-     CLKBUFX2   rise   0.018   1.506   0.007  0.001  (120.610,79.655)    0.825      1    
CTS_cdb_buf_00133/A
-     CLKBUFX3   rise   0.000   1.506   0.007  -      (128.700,74.765)   12.980   -       
CTS_cdb_buf_00133/Y
-     CLKBUFX3   rise   0.017   1.522   0.007  0.002  (128.485,74.180)    0.800      1    
CTS_ccl_a_buf_00003/A
-     CLKBUFX16  rise   0.000   1.522   0.007  -      (125.700,74.765)    3.370   -       
CTS_ccl_a_buf_00003/Y
-     CLKBUFX16  rise   0.027   1.550   0.028  0.056  (125.225,74.990)    0.700     91    
i4004_id_board_n0805_reg/CK
-     SDFFQX1    rise   0.001   1.551   0.028  -      (125.505,71.200)    4.070   -       
------------------------------------------------------------------------------------------------

Timing for timing corner DelayCorner_BC:both.late, max clock_path:
==================================================================

PathID    : 8
Path type : skew group My_CLK/ConstraintMode_BC (path 1 of 1)
Start     : sysclk
End       : ram_0_ram0_ram_array_reg[9][0]/CK
Delay     : 1.572

-------------------------------------------------------------------------------------------------
Name  Lib cell   Event  Incr   Arrival  Slew   Cap    Location           Distance  Fanout  Status
                        (ns)   (ns)     (ns)   (pF)                      (um)              
-- Clockpath trace ------------------------------------------------------------------------------
sysclk
-     -          rise   -       1.200   0.004  0.019  (181.200,93.005)   -            7    
CTS_cdb_buf_00115/A
-     CLKBUFX3   rise   0.001   1.201   0.004  -      (156.500,136.325)   68.020   -       
CTS_cdb_buf_00115/Y
-     CLKBUFX3   rise   0.017   1.218   0.008  0.003  (156.285,135.740)    0.800      1    
CTS_cdb_buf_00116/A
-     CLKBUFX2   rise   0.000   1.218   0.008  -      (125.765,139.515)   34.295   -       
CTS_cdb_buf_00116/Y
-     CLKBUFX2   rise   0.022   1.240   0.017  0.005  (125.410,139.985)    0.825      1    
CTS_cdb_buf_00117/A
-     CLKBUFX2   rise   0.000   1.240   0.017  -      (169.965,166.875)   71.445   -       
CTS_cdb_buf_00117/Y
-     CLKBUFX2   rise   0.022   1.263   0.015  0.005  (169.610,167.345)    0.825      1    
CTS_cdb_buf_00118/A
-     CLKBUFX2   rise   0.001   1.263   0.015  -      (125.365,146.355)   65.235   -       
CTS_cdb_buf_00118/Y
-     CLKBUFX2   rise   0.023   1.287   0.017  0.005  (125.010,146.825)    0.825      1    
CTS_cdb_buf_00119/A
-     CLKBUFX3   rise   0.001   1.287   0.017  -      (174.100,172.235)   74.500   -       
CTS_cdb_buf_00119/Y
-     CLKBUFX3   rise   0.022   1.309   0.016  0.007  (173.885,172.820)    0.800      1    
CTS_cdb_buf_00120/A
-     CLKBUFX2   rise   0.001   1.310   0.016  -      (129.365,107.485)  109.855   -       
CTS_cdb_buf_00120/Y
-     CLKBUFX2   rise   0.026   1.336   0.021  0.007  (129.010,107.015)    0.825      1    
CTS_cdb_buf_00121/A
-     CLKBUFX2   rise   0.001   1.337   0.021  -      (161.965,173.715)   99.655   -       
CTS_cdb_buf_00121/Y
-     CLKBUFX2   rise   0.026   1.363   0.021  0.007  (161.610,174.185)    0.825      1    
CTS_cdb_buf_00122/A
-     CLKBUFX2   rise   0.001   1.363   0.021  -      (120.765,110.905)  104.125   -       
CTS_cdb_buf_00122/Y
-     CLKBUFX2   rise   0.026   1.389   0.021  0.007  (120.410,110.435)    0.825      1    
CTS_cdb_buf_00123/A
-     CLKBUFX3   rise   0.001   1.390   0.021  -      (150.700,173.945)   93.800   -       
CTS_cdb_buf_00123/Y
-     CLKBUFX3   rise   0.023   1.413   0.016  0.007  (150.485,173.360)    0.800      1    
CTS_cdb_buf_00124/A
-     CLKBUFX2   rise   0.001   1.414   0.016  -      (124.365,97.225)   102.255   -       
CTS_cdb_buf_00124/Y
-     CLKBUFX2   rise   0.017   1.431   0.006  0.001  (124.010,96.755)     0.825      1    
CTS_cpc_drv_buf_00164/A
-     CLKBUFX3   rise   0.000   1.431   0.006  -      (127.100,96.995)     3.330   -       
CTS_cpc_drv_buf_00164/Y
-     CLKBUFX3   rise   0.021   1.452   0.016  0.007  (126.885,97.580)     0.800      1    
CTS_cdb_buf_00125/A
-     CLKBUFX3   rise   0.001   1.453   0.016  -      (96.700,173.945)   106.550   -       
CTS_cdb_buf_00125/Y
-     CLKBUFX3   rise   0.023   1.476   0.017  0.008  (96.485,173.360)     0.800      1    
CTS_cdb_buf_00126/A
-     CLKBUFX2   rise   0.001   1.477   0.017  -      (175.365,138.265)  113.975   -       
CTS_cdb_buf_00126/Y
-     CLKBUFX2   rise   0.025   1.502   0.020  0.006  (175.010,137.795)    0.825      1    
CTS_cdb_buf_00127/A
-     CLKBUFX2   rise   0.001   1.502   0.020  -      (111.965,163.455)   88.705   -       
CTS_cdb_buf_00127/Y
-     CLKBUFX2   rise   0.020   1.522   0.010  0.003  (111.610,163.925)    0.825      1    
CTS_cdb_buf_00137/A
-     CLKBUFX3   rise   0.000   1.522   0.010  -      (135.700,173.945)   34.110   -       
CTS_cdb_buf_00137/Y
-     CLKBUFX3   rise   0.017   1.539   0.007  0.002  (135.485,173.360)    0.800      1    
CTS_ccl_a_buf_00007/A
-     CLKBUFX16  rise   0.000   1.539   0.007  -      (137.100,170.525)    4.450   -       
CTS_ccl_a_buf_00007/Y
-     CLKBUFX16  rise   0.029   1.568   0.028  0.056  (136.625,170.750)    0.700     97    
ram_0_ram0_ram_array_reg[9][0]/CK
-     SDFFQX1    rise   0.004   1.572   0.028  -      (171.705,141.600)   64.230   -       
-------------------------------------------------------------------------------------------------

Timing for timing corner DelayCorner_WC:both.early, min clock_path:
===================================================================

PathID    : 9
Path type : skew group My_CLK/ConstraintMode_WC (path 1 of 1)
Start     : sysclk
End       : i4004_id_board_n0805_reg/CK
Delay     : 2.796

------------------------------------------------------------------------------------------------
Name  Lib cell   Event  Incr   Arrival  Slew   Cap    Location          Distance  Fanout  Status
                        (ns)   (ns)     (ns)   (pF)                     (um)              
-- Clockpath trace -----------------------------------------------------------------------------
sysclk
-     -          rise   -       1.000   0.004  0.019  (181.200,93.005)  -            7    
CTS_cdb_buf_00060/A
-     CLKBUFX2   rise   0.001   1.001   0.004  -      (119.565,74.535)   80.105   -       
CTS_cdb_buf_00060/Y
-     CLKBUFX2   rise   0.101   1.101   0.070  0.005  (119.210,75.005)    0.825      1    
CTS_cdb_buf_00061/A
-     CLKBUFX2   rise   0.000   1.102   0.070  -      (51.765,93.805)    86.245   -       
CTS_cdb_buf_00061/Y
-     CLKBUFX2   rise   0.133   1.235   0.070  0.005  (51.410,93.335)     0.825      1    
CTS_cdb_buf_00062/A
-     CLKBUFX2   rise   0.000   1.235   0.070  -      (93.965,45.925)    89.965   -       
CTS_cdb_buf_00062/Y
-     CLKBUFX2   rise   0.135   1.370   0.075  0.006  (93.610,45.455)     0.825      1    
CTS_cdb_buf_00063/A
-     CLKBUFX2   rise   0.000   1.371   0.075  -      (62.565,114.325)   99.915   -       
CTS_cdb_buf_00063/Y
-     CLKBUFX2   rise   0.135   1.506   0.070  0.005  (62.210,113.855)    0.825      1    
CTS_cdb_buf_00064/A
-     CLKBUFX3   rise   0.000   1.506   0.070  -      (101.100,73.055)   79.690   -       
CTS_cdb_buf_00064/Y
-     CLKBUFX3   rise   0.117   1.623   0.060  0.007  (100.885,73.640)    0.800      1    
CTS_cdb_buf_00065/A
-     CLKBUFX2   rise   0.000   1.623   0.060  -      (72.165,149.775)  104.855   -       
CTS_cdb_buf_00065/Y
-     CLKBUFX2   rise   0.127   1.750   0.069  0.005  (71.810,150.245)    0.825      1    
CTS_cdb_buf_00066/A
-     CLKBUFX2   rise   0.000   1.750   0.069  -      (85.165,76.705)    86.895   -       
CTS_cdb_buf_00066/Y
-     CLKBUFX2   rise   0.128   1.878   0.063  0.005  (84.810,76.235)     0.825      1    
CTS_cdb_buf_00067/A
-     CLKBUFX3   rise   0.000   1.878   0.063  -      (95.700,136.325)   70.980   -       
CTS_cdb_buf_00067/Y
-     CLKBUFX3   rise   0.114   1.993   0.062  0.007  (95.485,135.740)    0.800      1    
CTS_cdb_buf_00068/A
-     CLKBUFX3   rise   0.000   1.993   0.062  -      (94.500,28.595)   108.130   -       
CTS_cdb_buf_00068/Y
-     CLKBUFX3   rise   0.115   2.108   0.064  0.007  (94.285,29.180)     0.800      1    
CTS_cdb_buf_00069/A
-     CLKBUFX3   rise   0.000   2.108   0.064  -      (91.500,136.325)  109.930   -       
CTS_cdb_buf_00069/Y
-     CLKBUFX3   rise   0.115   2.224   0.063  0.007  (91.285,135.740)    0.800      1    
CTS_cdb_buf_00070/A
-     CLKBUFX2   rise   0.000   2.224   0.063  -      (59.365,52.765)   114.895   -       
CTS_cdb_buf_00070/Y
-     CLKBUFX2   rise   0.134   2.358   0.080  0.006  (59.010,52.295)     0.825      1    
CTS_cdb_buf_00071/A
-     CLKBUFX2   rise   0.000   2.359   0.080  -      (93.565,124.585)  106.845   -       
CTS_cdb_buf_00071/Y
-     CLKBUFX2   rise   0.135   2.494   0.065  0.005  (93.210,124.115)    0.825      1    
CTS_cdb_buf_00072/A
-     CLKBUFX2   rise   0.000   2.494   0.065  -      (120.965,80.125)   71.745   -       
CTS_cdb_buf_00072/Y
-     CLKBUFX2   rise   0.107   2.601   0.030  0.001  (120.610,79.655)    0.825      1    
CTS_cdb_buf_00133/A
-     CLKBUFX3   rise   0.000   2.601   0.030  -      (128.700,74.765)   12.980   -       
CTS_cdb_buf_00133/Y
-     CLKBUFX3   rise   0.079   2.680   0.027  0.002  (128.485,74.180)    0.800      1    
CTS_ccl_a_buf_00003/A
-     CLKBUFX16  rise   0.000   2.680   0.027  -      (125.700,74.765)    3.370   -       
CTS_ccl_a_buf_00003/Y
-     CLKBUFX16  rise   0.115   2.795   0.085  0.047  (125.225,74.990)    0.700     91    
i4004_id_board_n0805_reg/CK
-     SDFFQX1    rise   0.001   2.796   0.085  -      (125.505,71.200)    4.070   -       
------------------------------------------------------------------------------------------------

Timing for timing corner DelayCorner_WC:both.early, max clock_path:
===================================================================

PathID    : 10
Path type : skew group My_CLK/ConstraintMode_WC (path 1 of 1)
Start     : sysclk
End       : shiftreg_shifter_reg[3]/CK
Delay     :  2.905

------------------------------------------------------------------------------------------------
Name  Lib cell   Event  Incr   Arrival  Slew   Cap    Location          Distance  Fanout  Status
                        (ns)   (ns)     (ns)   (pF)                     (um)              
-- Clockpath trace -----------------------------------------------------------------------------
sysclk
-     -          rise   -       1.000   0.004  0.019  (181.200,93.005)  -            7    
CTS_cdb_buf_00032/A
-     CLKBUFX2   rise   0.001   1.001   0.004  -      (132.765,45.925)   95.515   -       
CTS_cdb_buf_00032/Y
-     CLKBUFX2   rise   0.087   1.088   0.046  0.003  (132.410,45.455)    0.825      1    
CTS_cdb_buf_00033/A
-     CLKBUFX2   rise   0.000   1.088   0.046  -      (161.565,57.435)   41.135   -       
CTS_cdb_buf_00033/Y
-     CLKBUFX2   rise   0.121   1.209   0.071  0.005  (161.210,57.905)    0.825      1    
CTS_cdb_buf_00034/A
-     CLKBUFX2   rise   0.000   1.209   0.071  -      (124.165,12.975)   81.975   -       
CTS_cdb_buf_00034/Y
-     CLKBUFX2   rise   0.131   1.340   0.066  0.005  (123.810,13.445)    0.825      1    
CTS_cdb_buf_00035/A
-     CLKBUFX2   rise   0.000   1.340   0.066  -      (166.565,47.175)   76.485   -       
CTS_cdb_buf_00035/Y
-     CLKBUFX2   rise   0.128   1.469   0.066  0.005  (166.210,47.645)    0.825      1    
CTS_cdb_buf_00036/A
-     CLKBUFX2   rise   0.000   1.469   0.066  -      (121.965,19.815)   72.075   -       
CTS_cdb_buf_00036/Y
-     CLKBUFX2   rise   0.124   1.593   0.059  0.004  (121.610,20.285)    0.825      1    
CTS_cdb_buf_00037/A
-     CLKBUFX2   rise   0.000   1.593   0.059  -      (169.965,6.135)    62.505   -       
CTS_cdb_buf_00037/Y
-     CLKBUFX2   rise   0.117   1.710   0.052  0.003  (169.610,6.605)     0.825      1    
CTS_cdb_buf_00038/A
-     CLKBUFX2   rise   0.000   1.710   0.052  -      (143.365,35.665)   55.305   -       
CTS_cdb_buf_00038/Y
-     CLKBUFX2   rise   0.107   1.817   0.041  0.002  (143.010,35.195)    0.825      1    
CTS_cdb_buf_00039/A
-     CLKBUFX2   rise   0.000   1.817   0.041  -      (172.365,40.335)   34.495   -       
CTS_cdb_buf_00039/Y
-     CLKBUFX2   rise   0.125   1.943   0.083  0.007  (172.010,40.805)    0.825      1    
CTS_cdb_buf_00040/A
-     CLKBUFX2   rise   0.000   1.943   0.083  -      (87.365,16.395)   109.055   -       
CTS_cdb_buf_00040/Y
-     CLKBUFX2   rise   0.139   2.082   0.070  0.005  (87.010,16.865)     0.825      1    
CTS_cdb_buf_00041/A
-     CLKBUFX2   rise   0.000   2.082   0.070  -      (146.965,36.915)   80.005   -       
CTS_cdb_buf_00041/Y
-     CLKBUFX2   rise   0.116   2.198   0.040  0.002  (146.610,37.385)    0.825      1    
CTS_cdb_buf_00042/A
-     CLKBUFX2   rise   0.000   2.198   0.040  -      (148.965,6.135)    33.605   -       
CTS_cdb_buf_00042/Y
-     CLKBUFX2   rise   0.116   2.314   0.069  0.005  (148.610,6.605)     0.825      1    
CTS_cdb_buf_00043/A
-     CLKBUFX2   rise   0.000   2.315   0.069  -      (169.965,64.275)   79.025   -       
CTS_cdb_buf_00043/Y
-     CLKBUFX2   rise   0.132   2.446   0.070  0.005  (169.610,64.745)    0.825      1    
CTS_cdb_buf_00044/A
-     CLKBUFX3   rise   0.000   2.447   0.070  -      (143.700,9.785)    80.870   -       
CTS_cdb_buf_00044/Y
-     CLKBUFX3   rise   0.119   2.565   0.064  0.007  (143.485,9.200)     0.800      1    
CTS_cdb_buf_00045/A
-     CLKBUFX2   rise   0.000   2.566   0.064  -      (168.965,95.055)  111.335   -       
CTS_cdb_buf_00045/Y
-     CLKBUFX2   rise   0.127   2.693   0.066  0.005  (168.610,95.525)    0.825      1    
CTS_cdb_buf_00131/A
-     CLKBUFX6   rise   0.000   2.693   0.066  -      (164.900,33.915)   65.320   -       
CTS_cdb_buf_00131/Y
-     CLKBUFX6   rise   0.094   2.787   0.026  0.003  (164.350,33.925)    0.560      1    
CTS_ccl_a_buf_00001/A
-     CLKBUFX16  rise   0.000   2.787   0.026  -      (149.500,33.725)   15.050   -       
CTS_ccl_a_buf_00001/Y
-     CLKBUFX16  rise   0.112   2.899   0.081  0.044  (149.025,33.950)    0.700     86    
shiftreg_shifter_reg[3]/CK
-     SDFFQX1    rise   0.006   2.905   0.082  -      (92.305,6.220)     84.450   -       
------------------------------------------------------------------------------------------------

Timing for timing corner DelayCorner_WC:both.late, min clock_path:
==================================================================

PathID    : 11
Path type : skew group My_CLK/ConstraintMode_WC (path 1 of 1)
Start     : sysclk
End       : i4004_id_board_n0805_reg/CK
Delay     :  2.802

------------------------------------------------------------------------------------------------
Name  Lib cell   Event  Incr   Arrival  Slew   Cap    Location          Distance  Fanout  Status
                        (ns)   (ns)     (ns)   (pF)                     (um)              
-- Clockpath trace -----------------------------------------------------------------------------
sysclk
-     -          rise   -       1.000   0.004  0.019  (181.200,93.005)  -            7    
CTS_cdb_buf_00060/A
-     CLKBUFX2   rise   0.001   1.001   0.004  -      (119.565,74.535)   80.105   -       
CTS_cdb_buf_00060/Y
-     CLKBUFX2   rise   0.101   1.101   0.070  0.005  (119.210,75.005)    0.825      1    
CTS_cdb_buf_00061/A
-     CLKBUFX2   rise   0.001   1.102   0.070  -      (51.765,93.805)    86.245   -       
CTS_cdb_buf_00061/Y
-     CLKBUFX2   rise   0.133   1.235   0.070  0.005  (51.410,93.335)     0.825      1    
CTS_cdb_buf_00062/A
-     CLKBUFX2   rise   0.001   1.236   0.070  -      (93.965,45.925)    89.965   -       
CTS_cdb_buf_00062/Y
-     CLKBUFX2   rise   0.135   1.371   0.075  0.006  (93.610,45.455)     0.825      1    
CTS_cdb_buf_00063/A
-     CLKBUFX2   rise   0.001   1.372   0.075  -      (62.565,114.325)   99.915   -       
CTS_cdb_buf_00063/Y
-     CLKBUFX2   rise   0.135   1.507   0.070  0.005  (62.210,113.855)    0.825      1    
CTS_cdb_buf_00064/A
-     CLKBUFX3   rise   0.001   1.507   0.070  -      (101.100,73.055)   79.690   -       
CTS_cdb_buf_00064/Y
-     CLKBUFX3   rise   0.117   1.624   0.060  0.007  (100.885,73.640)    0.800      1    
CTS_cdb_buf_00065/A
-     CLKBUFX2   rise   0.001   1.625   0.060  -      (72.165,149.775)  104.855   -       
CTS_cdb_buf_00065/Y
-     CLKBUFX2   rise   0.127   1.752   0.069  0.005  (71.810,150.245)    0.825      1    
CTS_cdb_buf_00066/A
-     CLKBUFX2   rise   0.001   1.752   0.069  -      (85.165,76.705)    86.895   -       
CTS_cdb_buf_00066/Y
-     CLKBUFX2   rise   0.128   1.880   0.063  0.005  (84.810,76.235)     0.825      1    
CTS_cdb_buf_00067/A
-     CLKBUFX3   rise   0.000   1.880   0.063  -      (95.700,136.325)   70.980   -       
CTS_cdb_buf_00067/Y
-     CLKBUFX3   rise   0.114   1.995   0.062  0.007  (95.485,135.740)    0.800      1    
CTS_cdb_buf_00068/A
-     CLKBUFX3   rise   0.001   1.996   0.062  -      (94.500,28.595)   108.130   -       
CTS_cdb_buf_00068/Y
-     CLKBUFX3   rise   0.115   2.111   0.064  0.007  (94.285,29.180)     0.800      1    
CTS_cdb_buf_00069/A
-     CLKBUFX3   rise   0.001   2.111   0.064  -      (91.500,136.325)  109.930   -       
CTS_cdb_buf_00069/Y
-     CLKBUFX3   rise   0.115   2.227   0.063  0.007  (91.285,135.740)    0.800      1    
CTS_cdb_buf_00070/A
-     CLKBUFX2   rise   0.001   2.228   0.063  -      (59.365,52.765)   114.895   -       
CTS_cdb_buf_00070/Y
-     CLKBUFX2   rise   0.134   2.362   0.080  0.006  (59.010,52.295)     0.825      1    
CTS_cdb_buf_00071/A
-     CLKBUFX2   rise   0.001   2.363   0.080  -      (93.565,124.585)  106.845   -       
CTS_cdb_buf_00071/Y
-     CLKBUFX2   rise   0.135   2.498   0.065  0.005  (93.210,124.115)    0.825      1    
CTS_cdb_buf_00072/A
-     CLKBUFX2   rise   0.000   2.498   0.065  -      (120.965,80.125)   71.745   -       
CTS_cdb_buf_00072/Y
-     CLKBUFX2   rise   0.107   2.606   0.030  0.001  (120.610,79.655)    0.825      1    
CTS_cdb_buf_00133/A
-     CLKBUFX3   rise   0.000   2.606   0.030  -      (128.700,74.765)   12.980   -       
CTS_cdb_buf_00133/Y
-     CLKBUFX3   rise   0.079   2.685   0.028  0.002  (128.485,74.180)    0.800      1    
CTS_ccl_a_buf_00003/A
-     CLKBUFX16  rise   0.000   2.685   0.028  -      (125.700,74.765)    3.370   -       
CTS_ccl_a_buf_00003/Y
-     CLKBUFX16  rise   0.116   2.801   0.086  0.047  (125.225,74.990)    0.700     91    
i4004_id_board_n0805_reg/CK
-     SDFFQX1    rise   0.001   2.802   0.086  -      (125.505,71.200)    4.070   -       
------------------------------------------------------------------------------------------------

Timing for timing corner DelayCorner_WC:both.late, max clock_path:
==================================================================

PathID    : 12
Path type : skew group My_CLK/ConstraintMode_WC (path 1 of 1)
Start     : sysclk
End       : i4004_sp_board_reg_rfsh_1_master_reg/CK
Delay     :  2.909

-------------------------------------------------------------------------------------------------
Name  Lib cell   Event  Incr   Arrival  Slew   Cap    Location           Distance  Fanout  Status
                        (ns)   (ns)     (ns)   (pF)                      (um)              
-- Clockpath trace ------------------------------------------------------------------------------
sysclk
-     -          rise   -       1.000   0.004  0.019  (181.200,93.005)   -            7    
CTS_cdb_buf_00073/A
-     CLKBUFX2   rise   0.000   1.000   0.004  -      (175.365,63.025)    35.815   -       
CTS_cdb_buf_00073/Y
-     CLKBUFX2   rise   0.096   1.096   0.062  0.004  (175.010,62.555)     0.825      1    
CTS_cdb_buf_00074/A
-     CLKBUFX2   rise   0.000   1.096   0.062  -      (112.365,59.605)    65.595   -       
CTS_cdb_buf_00074/Y
-     CLKBUFX2   rise   0.126   1.222   0.066  0.005  (112.010,59.135)     0.825      1    
CTS_cdb_buf_00075/A
-     CLKBUFX2   rise   0.001   1.223   0.066  -      (169.565,45.925)    70.765   -       
CTS_cdb_buf_00075/Y
-     CLKBUFX2   rise   0.137   1.360   0.082  0.006  (169.210,45.455)     0.825      1    
CTS_cdb_buf_00076/A
-     CLKBUFX2   rise   0.001   1.361   0.082  -      (106.965,81.375)    98.165   -       
CTS_cdb_buf_00076/Y
-     CLKBUFX2   rise   0.145   1.506   0.082  0.006  (106.610,81.845)     0.825      1    
CTS_cdb_buf_00077/A
-     CLKBUFX2   rise   0.001   1.507   0.082  -      (155.365,32.245)    98.355   -       
CTS_cdb_buf_00077/Y
-     CLKBUFX2   rise   0.141   1.648   0.074  0.006  (155.010,31.775)     0.825      1    
CTS_cdb_buf_00078/A
-     CLKBUFX2   rise   0.001   1.648   0.074  -      (169.965,104.065)   87.245   -       
CTS_cdb_buf_00078/Y
-     CLKBUFX2   rise   0.135   1.783   0.071  0.005  (169.610,103.595)    0.825      1    
CTS_cdb_buf_00079/A
-     CLKBUFX2   rise   0.001   1.784   0.071  -      (141.365,52.765)    79.075   -       
CTS_cdb_buf_00079/Y
-     CLKBUFX2   rise   0.119   1.903   0.044  0.003  (141.010,52.295)     0.825      1    
CTS_cdb_buf_00080/A
-     CLKBUFX2   rise   0.000   1.903   0.044  -      (168.965,42.505)    37.745   -       
CTS_cdb_buf_00080/Y
-     CLKBUFX2   rise   0.123   2.025   0.076  0.006  (168.610,42.035)     0.825      1    
CTS_cdb_buf_00081/A
-     CLKBUFX2   rise   0.001   2.026   0.076  -      (112.565,9.555)     88.525   -       
CTS_cdb_buf_00081/Y
-     CLKBUFX2   rise   0.134   2.160   0.067  0.005  (112.210,10.025)     0.825      1    
CTS_cdb_buf_00082/A
-     CLKBUFX2   rise   0.001   2.160   0.067  -      (167.565,33.495)    78.825   -       
CTS_cdb_buf_00082/Y
-     CLKBUFX2   rise   0.132   2.292   0.073  0.006  (167.210,33.965)     0.825      1    
CTS_cdb_buf_00083/A
-     CLKBUFX3   rise   0.001   2.293   0.073  -      (169.900,112.385)   81.110   -       
CTS_cdb_buf_00083/Y
-     CLKBUFX3   rise   0.119   2.412   0.061  0.007  (169.685,111.800)    0.800      1    
CTS_cdb_buf_00084/A
-     CLKBUFX2   rise   0.001   2.413   0.061  -      (135.165,43.755)   102.565   -       
CTS_cdb_buf_00084/Y
-     CLKBUFX2   rise   0.126   2.538   0.066  0.005  (134.810,44.225)     0.825      1    
CTS_cdb_buf_00085/A
-     CLKBUFX2   rise   0.001   2.539   0.066  -      (141.965,110.905)   73.835   -       
CTS_cdb_buf_00085/Y
-     CLKBUFX2   rise   0.130   2.669   0.070  0.005  (141.610,110.435)    0.825      1    
CTS_cdb_buf_00086/A
-     CLKBUFX2   rise   0.001   2.669   0.070  -      (169.565,60.855)    77.535   -       
CTS_cdb_buf_00086/Y
-     CLKBUFX2   rise   0.114   2.783   0.036  0.002  (169.210,61.325)     0.825      1    
CTS_ccl_a_buf_00004/A
-     CLKBUFX16  rise   0.000   2.784   0.036  -      (167.900,57.665)     4.970   -       
CTS_ccl_a_buf_00004/Y
-     CLKBUFX16  rise   0.118   2.902   0.085  0.045  (167.425,57.890)     0.700     93    
i4004_sp_board_reg_rfsh_1_master_reg/CK
-     SDFFQX1    rise   0.008   2.909   0.086  -      (137.905,39.000)    48.410   -       
-------------------------------------------------------------------------------------------------

Timing for timing corner DelayCorner_BC:both.early, min clock_path:
===================================================================

PathID    : 13
Path type : skew group My_CLK/ConstraintMode_WC (path 1 of 1)
Start     : sysclk
End       : i4004_id_board_n0805_reg/CK
Delay     :  1.545

------------------------------------------------------------------------------------------------
Name  Lib cell   Event  Incr   Arrival  Slew   Cap    Location          Distance  Fanout  Status
                        (ns)   (ns)     (ns)   (pF)                     (um)              
-- Clockpath trace -----------------------------------------------------------------------------
sysclk
-     -          rise   -       1.200   0.004  0.019  (181.200,93.005)  -            7    
CTS_cdb_buf_00060/A
-     CLKBUFX2   rise   0.001   1.201   0.004  -      (119.565,74.535)   80.105   -       
CTS_cdb_buf_00060/Y
-     CLKBUFX2   rise   0.023   1.223   0.018  0.005  (119.210,75.005)    0.825      1    
CTS_cdb_buf_00061/A
-     CLKBUFX2   rise   0.000   1.224   0.018  -      (51.765,93.805)    86.245   -       
CTS_cdb_buf_00061/Y
-     CLKBUFX2   rise   0.024   1.248   0.017  0.005  (51.410,93.335)     0.825      1    
CTS_cdb_buf_00062/A
-     CLKBUFX2   rise   0.000   1.248   0.017  -      (93.965,45.925)    89.965   -       
CTS_cdb_buf_00062/Y
-     CLKBUFX2   rise   0.025   1.272   0.019  0.006  (93.610,45.455)     0.825      1    
CTS_cdb_buf_00063/A
-     CLKBUFX2   rise   0.000   1.273   0.019  -      (62.565,114.325)   99.915   -       
CTS_cdb_buf_00063/Y
-     CLKBUFX2   rise   0.024   1.297   0.018  0.005  (62.210,113.855)    0.825      1    
CTS_cdb_buf_00064/A
-     CLKBUFX3   rise   0.000   1.297   0.018  -      (101.100,73.055)   79.690   -       
CTS_cdb_buf_00064/Y
-     CLKBUFX3   rise   0.022   1.319   0.015  0.007  (100.885,73.640)    0.800      1    
CTS_cdb_buf_00065/A
-     CLKBUFX2   rise   0.000   1.319   0.015  -      (72.165,149.775)  104.855   -       
CTS_cdb_buf_00065/Y
-     CLKBUFX2   rise   0.023   1.343   0.017  0.005  (71.810,150.245)    0.825      1    
CTS_cdb_buf_00066/A
-     CLKBUFX2   rise   0.000   1.343   0.017  -      (85.165,76.705)    86.895   -       
CTS_cdb_buf_00066/Y
-     CLKBUFX2   rise   0.023   1.366   0.016  0.005  (84.810,76.235)     0.825      1    
CTS_cdb_buf_00067/A
-     CLKBUFX3   rise   0.000   1.366   0.016  -      (95.700,136.325)   70.980   -       
CTS_cdb_buf_00067/Y
-     CLKBUFX3   rise   0.022   1.388   0.016  0.007  (95.485,135.740)    0.800      1    
CTS_cdb_buf_00068/A
-     CLKBUFX3   rise   0.000   1.389   0.016  -      (94.500,28.595)   108.130   -       
CTS_cdb_buf_00068/Y
-     CLKBUFX3   rise   0.022   1.411   0.017  0.007  (94.285,29.180)     0.800      1    
CTS_cdb_buf_00069/A
-     CLKBUFX3   rise   0.000   1.412   0.017  -      (91.500,136.325)  109.930   -       
CTS_cdb_buf_00069/Y
-     CLKBUFX3   rise   0.022   1.434   0.016  0.007  (91.285,135.740)    0.800      1    
CTS_cdb_buf_00070/A
-     CLKBUFX2   rise   0.000   1.434   0.016  -      (59.365,52.765)   114.895   -       
CTS_cdb_buf_00070/Y
-     CLKBUFX2   rise   0.025   1.460   0.020  0.006  (59.010,52.295)     0.825      1    
CTS_cdb_buf_00071/A
-     CLKBUFX2   rise   0.000   1.460   0.020  -      (93.565,124.585)  106.845   -       
CTS_cdb_buf_00071/Y
-     CLKBUFX2   rise   0.023   1.483   0.016  0.005  (93.210,124.115)    0.825      1    
CTS_cdb_buf_00072/A
-     CLKBUFX2   rise   0.000   1.484   0.016  -      (120.965,80.125)   71.745   -       
CTS_cdb_buf_00072/Y
-     CLKBUFX2   rise   0.018   1.501   0.007  0.001  (120.610,79.655)    0.825      1    
CTS_cdb_buf_00133/A
-     CLKBUFX3   rise   0.000   1.501   0.007  -      (128.700,74.765)   12.980   -       
CTS_cdb_buf_00133/Y
-     CLKBUFX3   rise   0.016   1.517   0.007  0.002  (128.485,74.180)    0.800      1    
CTS_ccl_a_buf_00003/A
-     CLKBUFX16  rise   0.000   1.517   0.007  -      (125.700,74.765)    3.370   -       
CTS_ccl_a_buf_00003/Y
-     CLKBUFX16  rise   0.027   1.545   0.027  0.056  (125.225,74.990)    0.700     91    
i4004_id_board_n0805_reg/CK
-     SDFFQX1    rise   0.001   1.545   0.027  -      (125.505,71.200)    4.070   -       
------------------------------------------------------------------------------------------------

Timing for timing corner DelayCorner_BC:both.early, max clock_path:
===================================================================

PathID    : 14
Path type : skew group My_CLK/ConstraintMode_WC (path 1 of 1)
Start     : sysclk
End       : ram_0_ram0_ram_array_reg[8][0]/CK
Delay     :  1.566

-------------------------------------------------------------------------------------------------
Name  Lib cell   Event  Incr   Arrival  Slew   Cap    Location           Distance  Fanout  Status
                        (ns)   (ns)     (ns)   (pF)                      (um)              
-- Clockpath trace ------------------------------------------------------------------------------
sysclk
-     -          rise   -       1.200   0.004  0.019  (181.200,93.005)   -            7    
CTS_cdb_buf_00115/A
-     CLKBUFX3   rise   0.001   1.201   0.004  -      (156.500,136.325)   68.020   -       
CTS_cdb_buf_00115/Y
-     CLKBUFX3   rise   0.017   1.217   0.008  0.003  (156.285,135.740)    0.800      1    
CTS_cdb_buf_00116/A
-     CLKBUFX2   rise   0.000   1.217   0.008  -      (125.765,139.515)   34.295   -       
CTS_cdb_buf_00116/Y
-     CLKBUFX2   rise   0.022   1.240   0.016  0.005  (125.410,139.985)    0.825      1    
CTS_cdb_buf_00117/A
-     CLKBUFX2   rise   0.000   1.240   0.016  -      (169.965,166.875)   71.445   -       
CTS_cdb_buf_00117/Y
-     CLKBUFX2   rise   0.022   1.262   0.015  0.005  (169.610,167.345)    0.825      1    
CTS_cdb_buf_00118/A
-     CLKBUFX2   rise   0.000   1.262   0.015  -      (125.365,146.355)   65.235   -       
CTS_cdb_buf_00118/Y
-     CLKBUFX2   rise   0.023   1.286   0.017  0.005  (125.010,146.825)    0.825      1    
CTS_cdb_buf_00119/A
-     CLKBUFX3   rise   0.000   1.286   0.017  -      (174.100,172.235)   74.500   -       
CTS_cdb_buf_00119/Y
-     CLKBUFX3   rise   0.022   1.308   0.016  0.007  (173.885,172.820)    0.800      1    
CTS_cdb_buf_00120/A
-     CLKBUFX2   rise   0.000   1.308   0.016  -      (129.365,107.485)  109.855   -       
CTS_cdb_buf_00120/Y
-     CLKBUFX2   rise   0.026   1.334   0.021  0.007  (129.010,107.015)    0.825      1    
CTS_cdb_buf_00121/A
-     CLKBUFX2   rise   0.000   1.335   0.021  -      (161.965,173.715)   99.655   -       
CTS_cdb_buf_00121/Y
-     CLKBUFX2   rise   0.026   1.361   0.021  0.007  (161.610,174.185)    0.825      1    
CTS_cdb_buf_00122/A
-     CLKBUFX2   rise   0.000   1.361   0.021  -      (120.765,110.905)  104.125   -       
CTS_cdb_buf_00122/Y
-     CLKBUFX2   rise   0.026   1.387   0.021  0.007  (120.410,110.435)    0.825      1    
CTS_cdb_buf_00123/A
-     CLKBUFX3   rise   0.000   1.387   0.021  -      (150.700,173.945)   93.800   -       
CTS_cdb_buf_00123/Y
-     CLKBUFX3   rise   0.023   1.410   0.016  0.007  (150.485,173.360)    0.800      1    
CTS_cdb_buf_00124/A
-     CLKBUFX2   rise   0.000   1.410   0.016  -      (124.365,97.225)   102.255   -       
CTS_cdb_buf_00124/Y
-     CLKBUFX2   rise   0.017   1.427   0.006  0.001  (124.010,96.755)     0.825      1    
CTS_cpc_drv_buf_00164/A
-     CLKBUFX3   rise   0.000   1.427   0.006  -      (127.100,96.995)     3.330   -       
CTS_cpc_drv_buf_00164/Y
-     CLKBUFX3   rise   0.021   1.449   0.016  0.007  (126.885,97.580)     0.800      1    
CTS_cdb_buf_00125/A
-     CLKBUFX3   rise   0.000   1.449   0.016  -      (96.700,173.945)   106.550   -       
CTS_cdb_buf_00125/Y
-     CLKBUFX3   rise   0.023   1.472   0.017  0.008  (96.485,173.360)     0.800      1    
CTS_cdb_buf_00126/A
-     CLKBUFX2   rise   0.001   1.472   0.017  -      (175.365,138.265)  113.975   -       
CTS_cdb_buf_00126/Y
-     CLKBUFX2   rise   0.025   1.497   0.020  0.006  (175.010,137.795)    0.825      1    
CTS_cdb_buf_00127/A
-     CLKBUFX2   rise   0.000   1.497   0.020  -      (111.965,163.455)   88.705   -       
CTS_cdb_buf_00127/Y
-     CLKBUFX2   rise   0.020   1.517   0.010  0.003  (111.610,163.925)    0.825      1    
CTS_cdb_buf_00137/A
-     CLKBUFX3   rise   0.000   1.517   0.010  -      (135.700,173.945)   34.110   -       
CTS_cdb_buf_00137/Y
-     CLKBUFX3   rise   0.017   1.534   0.007  0.002  (135.485,173.360)    0.800      1    
CTS_ccl_a_buf_00007/A
-     CLKBUFX16  rise   0.000   1.534   0.007  -      (137.100,170.525)    4.450   -       
CTS_ccl_a_buf_00007/Y
-     CLKBUFX16  rise   0.028   1.562   0.026  0.056  (136.625,170.750)    0.700     97    
ram_0_ram0_ram_array_reg[8][0]/CK
-     SDFFQX1    rise   0.003   1.566   0.027  -      (158.105,145.020)   47.210   -       
-------------------------------------------------------------------------------------------------

Timing for timing corner DelayCorner_BC:both.late, min clock_path:
==================================================================

PathID    : 15
Path type : skew group My_CLK/ConstraintMode_WC (path 1 of 1)
Start     : sysclk
End       : i4004_id_board_n0805_reg/CK
Delay     :  1.551

------------------------------------------------------------------------------------------------
Name  Lib cell   Event  Incr   Arrival  Slew   Cap    Location          Distance  Fanout  Status
                        (ns)   (ns)     (ns)   (pF)                     (um)              
-- Clockpath trace -----------------------------------------------------------------------------
sysclk
-     -          rise   -       1.200   0.004  0.019  (181.200,93.005)  -            7    
CTS_cdb_buf_00060/A
-     CLKBUFX2   rise   0.001   1.201   0.004  -      (119.565,74.535)   80.105   -       
CTS_cdb_buf_00060/Y
-     CLKBUFX2   rise   0.023   1.223   0.018  0.005  (119.210,75.005)    0.825      1    
CTS_cdb_buf_00061/A
-     CLKBUFX2   rise   0.001   1.224   0.018  -      (51.765,93.805)    86.245   -       
CTS_cdb_buf_00061/Y
-     CLKBUFX2   rise   0.024   1.248   0.018  0.005  (51.410,93.335)     0.825      1    
CTS_cdb_buf_00062/A
-     CLKBUFX2   rise   0.001   1.248   0.018  -      (93.965,45.925)    89.965   -       
CTS_cdb_buf_00062/Y
-     CLKBUFX2   rise   0.025   1.273   0.019  0.006  (93.610,45.455)     0.825      1    
CTS_cdb_buf_00063/A
-     CLKBUFX2   rise   0.001   1.274   0.019  -      (62.565,114.325)   99.915   -       
CTS_cdb_buf_00063/Y
-     CLKBUFX2   rise   0.024   1.298   0.018  0.005  (62.210,113.855)    0.825      1    
CTS_cdb_buf_00064/A
-     CLKBUFX3   rise   0.001   1.298   0.018  -      (101.100,73.055)   79.690   -       
CTS_cdb_buf_00064/Y
-     CLKBUFX3   rise   0.022   1.320   0.015  0.007  (100.885,73.640)    0.800      1    
CTS_cdb_buf_00065/A
-     CLKBUFX2   rise   0.001   1.321   0.015  -      (72.165,149.775)  104.855   -       
CTS_cdb_buf_00065/Y
-     CLKBUFX2   rise   0.023   1.345   0.017  0.005  (71.810,150.245)    0.825      1    
CTS_cdb_buf_00066/A
-     CLKBUFX2   rise   0.001   1.345   0.017  -      (85.165,76.705)    86.895   -       
CTS_cdb_buf_00066/Y
-     CLKBUFX2   rise   0.023   1.368   0.016  0.005  (84.810,76.235)     0.825      1    
CTS_cdb_buf_00067/A
-     CLKBUFX3   rise   0.001   1.368   0.016  -      (95.700,136.325)   70.980   -       
CTS_cdb_buf_00067/Y
-     CLKBUFX3   rise   0.022   1.391   0.016  0.007  (95.485,135.740)    0.800      1    
CTS_cdb_buf_00068/A
-     CLKBUFX3   rise   0.001   1.391   0.016  -      (94.500,28.595)   108.130   -       
CTS_cdb_buf_00068/Y
-     CLKBUFX3   rise   0.022   1.414   0.017  0.007  (94.285,29.180)     0.800      1    
CTS_cdb_buf_00069/A
-     CLKBUFX3   rise   0.001   1.415   0.017  -      (91.500,136.325)  109.930   -       
CTS_cdb_buf_00069/Y
-     CLKBUFX3   rise   0.022   1.437   0.016  0.007  (91.285,135.740)    0.800      1    
CTS_cdb_buf_00070/A
-     CLKBUFX2   rise   0.001   1.438   0.016  -      (59.365,52.765)   114.895   -       
CTS_cdb_buf_00070/Y
-     CLKBUFX2   rise   0.025   1.463   0.020  0.006  (59.010,52.295)     0.825      1    
CTS_cdb_buf_00071/A
-     CLKBUFX2   rise   0.001   1.464   0.020  -      (93.565,124.585)  106.845   -       
CTS_cdb_buf_00071/Y
-     CLKBUFX2   rise   0.023   1.488   0.016  0.005  (93.210,124.115)    0.825      1    
CTS_cdb_buf_00072/A
-     CLKBUFX2   rise   0.001   1.488   0.016  -      (120.965,80.125)   71.745   -       
CTS_cdb_buf_00072/Y
-     CLKBUFX2   rise   0.018   1.506   0.007  0.001  (120.610,79.655)    0.825      1    
CTS_cdb_buf_00133/A
-     CLKBUFX3   rise   0.000   1.506   0.007  -      (128.700,74.765)   12.980   -       
CTS_cdb_buf_00133/Y
-     CLKBUFX3   rise   0.017   1.522   0.007  0.002  (128.485,74.180)    0.800      1    
CTS_ccl_a_buf_00003/A
-     CLKBUFX16  rise   0.000   1.522   0.007  -      (125.700,74.765)    3.370   -       
CTS_ccl_a_buf_00003/Y
-     CLKBUFX16  rise   0.027   1.550   0.028  0.056  (125.225,74.990)    0.700     91    
i4004_id_board_n0805_reg/CK
-     SDFFQX1    rise   0.001   1.551   0.028  -      (125.505,71.200)    4.070   -       
------------------------------------------------------------------------------------------------

Timing for timing corner DelayCorner_BC:both.late, max clock_path:
==================================================================

PathID    : 16
Path type : skew group My_CLK/ConstraintMode_WC (path 1 of 1)
Start     : sysclk
End       : ram_0_ram0_ram_array_reg[9][0]/CK
Delay     :  1.572

-------------------------------------------------------------------------------------------------
Name  Lib cell   Event  Incr   Arrival  Slew   Cap    Location           Distance  Fanout  Status
                        (ns)   (ns)     (ns)   (pF)                      (um)              
-- Clockpath trace ------------------------------------------------------------------------------
sysclk
-     -          rise   -       1.200   0.004  0.019  (181.200,93.005)   -            7    
CTS_cdb_buf_00115/A
-     CLKBUFX3   rise   0.001   1.201   0.004  -      (156.500,136.325)   68.020   -       
CTS_cdb_buf_00115/Y
-     CLKBUFX3   rise   0.017   1.218   0.008  0.003  (156.285,135.740)    0.800      1    
CTS_cdb_buf_00116/A
-     CLKBUFX2   rise   0.000   1.218   0.008  -      (125.765,139.515)   34.295   -       
CTS_cdb_buf_00116/Y
-     CLKBUFX2   rise   0.022   1.240   0.017  0.005  (125.410,139.985)    0.825      1    
CTS_cdb_buf_00117/A
-     CLKBUFX2   rise   0.000   1.240   0.017  -      (169.965,166.875)   71.445   -       
CTS_cdb_buf_00117/Y
-     CLKBUFX2   rise   0.022   1.263   0.015  0.005  (169.610,167.345)    0.825      1    
CTS_cdb_buf_00118/A
-     CLKBUFX2   rise   0.001   1.263   0.015  -      (125.365,146.355)   65.235   -       
CTS_cdb_buf_00118/Y
-     CLKBUFX2   rise   0.023   1.287   0.017  0.005  (125.010,146.825)    0.825      1    
CTS_cdb_buf_00119/A
-     CLKBUFX3   rise   0.001   1.287   0.017  -      (174.100,172.235)   74.500   -       
CTS_cdb_buf_00119/Y
-     CLKBUFX3   rise   0.022   1.309   0.016  0.007  (173.885,172.820)    0.800      1    
CTS_cdb_buf_00120/A
-     CLKBUFX2   rise   0.001   1.310   0.016  -      (129.365,107.485)  109.855   -       
CTS_cdb_buf_00120/Y
-     CLKBUFX2   rise   0.026   1.336   0.021  0.007  (129.010,107.015)    0.825      1    
CTS_cdb_buf_00121/A
-     CLKBUFX2   rise   0.001   1.337   0.021  -      (161.965,173.715)   99.655   -       
CTS_cdb_buf_00121/Y
-     CLKBUFX2   rise   0.026   1.363   0.021  0.007  (161.610,174.185)    0.825      1    
CTS_cdb_buf_00122/A
-     CLKBUFX2   rise   0.001   1.363   0.021  -      (120.765,110.905)  104.125   -       
CTS_cdb_buf_00122/Y
-     CLKBUFX2   rise   0.026   1.389   0.021  0.007  (120.410,110.435)    0.825      1    
CTS_cdb_buf_00123/A
-     CLKBUFX3   rise   0.001   1.390   0.021  -      (150.700,173.945)   93.800   -       
CTS_cdb_buf_00123/Y
-     CLKBUFX3   rise   0.023   1.413   0.016  0.007  (150.485,173.360)    0.800      1    
CTS_cdb_buf_00124/A
-     CLKBUFX2   rise   0.001   1.414   0.016  -      (124.365,97.225)   102.255   -       
CTS_cdb_buf_00124/Y
-     CLKBUFX2   rise   0.017   1.431   0.006  0.001  (124.010,96.755)     0.825      1    
CTS_cpc_drv_buf_00164/A
-     CLKBUFX3   rise   0.000   1.431   0.006  -      (127.100,96.995)     3.330   -       
CTS_cpc_drv_buf_00164/Y
-     CLKBUFX3   rise   0.021   1.452   0.016  0.007  (126.885,97.580)     0.800      1    
CTS_cdb_buf_00125/A
-     CLKBUFX3   rise   0.001   1.453   0.016  -      (96.700,173.945)   106.550   -       
CTS_cdb_buf_00125/Y
-     CLKBUFX3   rise   0.023   1.476   0.017  0.008  (96.485,173.360)     0.800      1    
CTS_cdb_buf_00126/A
-     CLKBUFX2   rise   0.001   1.477   0.017  -      (175.365,138.265)  113.975   -       
CTS_cdb_buf_00126/Y
-     CLKBUFX2   rise   0.025   1.502   0.020  0.006  (175.010,137.795)    0.825      1    
CTS_cdb_buf_00127/A
-     CLKBUFX2   rise   0.001   1.502   0.020  -      (111.965,163.455)   88.705   -       
CTS_cdb_buf_00127/Y
-     CLKBUFX2   rise   0.020   1.522   0.010  0.003  (111.610,163.925)    0.825      1    
CTS_cdb_buf_00137/A
-     CLKBUFX3   rise   0.000   1.522   0.010  -      (135.700,173.945)   34.110   -       
CTS_cdb_buf_00137/Y
-     CLKBUFX3   rise   0.017   1.539   0.007  0.002  (135.485,173.360)    0.800      1    
CTS_ccl_a_buf_00007/A
-     CLKBUFX16  rise   0.000   1.539   0.007  -      (137.100,170.525)    4.450   -       
CTS_ccl_a_buf_00007/Y
-     CLKBUFX16  rise   0.029   1.568   0.028  0.056  (136.625,170.750)    0.700     97    
ram_0_ram0_ram_array_reg[9][0]/CK
-     SDFFQX1    rise   0.004   1.572   0.028  -      (171.705,141.600)   64.230   -       
-------------------------------------------------------------------------------------------------

