###############################################################
#  Generated by:      Cadence Innovus 21.12-s106_1
#  OS:                Linux x86_64(Host ID ip-10-16-10-154.rdius.us)
#  Generated on:      Thu May 15 07:16:41 2025
#  Design:            mcs4_pad_frame
#  Command:           verify_drc
###############################################################
#set_verify_drc_mode -check_ndr_spacing auto -check_only default -check_same_via_cell true -exclude_pg_net false -ignore_cell_blockage false -ignore_trial_route false -limit 1000 -report mcs4_pad_frame.drc.rpt -use_min_spacing_on_block_obs auto

SHORT: ( Metal Short ) Regular Wire of Net FE_PHN2266_mcs4_core_ram_0_ram0_ram_array_3_3 & Regular Wire of Net FE_PHN1604_mcs4_core_ram_0_ram2_ram_array_8_3  ( Metal2 )
Bounds : ( 487.060, 473.185 ) ( 487.140, 473.265 )


SHORT: ( Metal Short ) Regular Wire of Net FE_PHN517_mcs4_core_ram_0_ram0_ram_array_18_2 & Regular Wire of Net FE_PHN2318_mcs4_core_ram_0_ram2_ram_array_1_3  ( Metal2 )
Bounds : ( 493.060, 471.665 ) ( 493.140, 471.745 )


SHORT: ( Metal Short ) Special Wire of Net VDD & Pin of Cell pad_vdd_ior  ( Metal4 )
Bounds : ( 470.000, 733.390 ) ( 470.000, 744.500 )


SHORT: ( Metal Short ) Regular Wire of Net mcs4_core_n_15834 & Pin of Cell mcs4_core_g18688__5115  ( Metal1 )
Bounds : ( 433.360, 328.985 ) ( 433.420, 329.045 )


SHORT: ( Metal Short ) Regular Wire of Net mcs4_core_n_23886 & Pin of Cell mcs4_core_g30418__7482  ( Metal1 )
Bounds : ( 464.570, 339.435 ) ( 464.630, 339.495 )


SHORT: ( Metal Short ) Regular Wire of Net FE_PHN1888_mcs4_core_i4004_sp_board_dram_array_3_4 & Regular Wire of Net mcs4_core_n_24674  ( Metal2 )
Bounds : ( 475.660, 317.575 ) ( 475.740, 317.655 )


SHORT: ( Metal Short ) Regular Wire of Net FE_PHN429_mcs4_core_i4004_sp_board_dram_array_4_6 & Regular Wire of Net FE_PHN349_mcs4_core_i4004_sp_board_dram_array_3_5  ( Metal2 )
Bounds : ( 479.660, 310.735 ) ( 479.740, 310.815 )


SHORT: ( Metal Short ) Regular Wire of Net FE_PHN1781_mcs4_core_i4004_ip_board_dram_array_1_5 & Regular Wire of Net FE_PHN324_mcs4_core_i4004_ip_board_dram_array_3_5  ( Metal2 )
Bounds : ( 492.060, 345.125 ) ( 492.140, 345.205 )


SHORT: ( Metal Short ) Regular Wire of Net mcs4_core_n_23617 & Pin of Cell mcs4_core_g30223__6131  ( Metal1 )
Bounds : ( 441.570, 348.935 ) ( 441.630, 348.995 )


SHORT: ( Metal Short ) Regular Wire of Net mcs4_core_n_15852 & Pin of Cell mcs4_core_g18697__5526  ( Metal1 )
Bounds : ( 442.170, 352.355 ) ( 442.230, 352.415 )


SHORT: ( Metal Short ) Regular Wire of Net FE_PHN232_mcs4_core_ram_0_opa_1 & Pin of Cell mcs4_core_g31054__2398  ( Metal1 )
Bounds : ( 447.360, 381.995 ) ( 447.420, 382.055 )


SHORT: ( Metal Short ) Regular Wire of Net mcs4_core_ram_0_char_num[3] & Pin of Cell mcs4_core_g30602__8428  ( Metal1 )
Bounds : ( 452.760, 381.995 ) ( 452.820, 382.055 )


SHORT: ( Metal Short ) Regular Wire of Net FE_OFN24818_mcs4_core_clk2_pad & Pin of Cell mcs4_core_g18777__9945  ( Metal1 )
Bounds : ( 483.970, 363.565 ) ( 484.030, 363.620 )


SHORT: ( Metal Short ) Regular Wire of Net mcs4_core_n_24331 & Pin of Cell mcs4_core_g30042__2398  ( Metal1 )
Bounds : ( 495.160, 357.485 ) ( 495.220, 357.545 )


SHORT: ( Metal Short ) Regular Wire of Net FE_PHN1691_mcs4_core_i4004_id_board_n_445 & Regular Wire of Net mcs4_core_i4004_acc_0  ( Metal2 )
Bounds : ( 444.060, 369.065 ) ( 444.140, 369.145 )


SHORT: ( Metal Short ) Regular Wire of Net FE_OFN24826_mcs4_core_n_22260 & Regular Wire of Net FE_PHN2145_mcs4_core_ram_0_ram0_ram_array_16_3  ( Metal2 )
Bounds : ( 445.860, 428.700 ) ( 445.940, 428.830 )


SHORT: ( Metal Short ) Regular Wire of Net FE_PHN2291_mcs4_core_ram_0_char_num_2 & Regular Wire of Net FE_PHN232_mcs4_core_ram_0_opa_1  ( Metal2 )
Bounds : ( 456.060, 385.950 ) ( 456.140, 386.080 )


SHORT: ( Metal Short ) Regular Wire of Net mcs4_core_i4004_tio_board_data_o[0] & Regular Wire of Net FE_PHN766_n_74  ( Metal2 )
Bounds : ( 458.460, 360.300 ) ( 458.540, 360.430 )


SHORT: ( Metal Short ) Regular Wire of Net mcs4_core_i4004_id_board_n_442 & Regular Wire of Net mcs4_core_n_24950  ( Metal2 )
Bounds : ( 460.260, 372.485 ) ( 460.340, 372.565 )


SHORT: ( Metal Short ) Regular Wire of Net FE_PHN2303_mcs4_core_ram_0_ram3_ram_array_14_1 & Regular Wire of Net FE_PHN1299_mcs4_core_ram_0_ram3_ram_array_11_0  ( Metal2 )
Bounds : ( 435.060, 454.375 ) ( 435.140, 454.455 )


SHORT: ( Metal Short ) Regular Wire of Net FE_PHN1982_mcs4_core_ram_0_ram1_ram_array_9_2 & Regular Wire of Net mcs4_core_n_24201  ( Metal2 )
Bounds : ( 445.060, 432.145 ) ( 445.140, 432.225 )


SHORT: ( Metal Short ) Regular Wire of Net FE_PHN1838_mcs4_core_ram_0_ram2_ram_array_7_0 & Regular Wire of Net FE_PHN1607_mcs4_core_ram_0_ram2_ram_array_5_3  ( Metal2 )
Bounds : ( 505.660, 459.480 ) ( 505.740, 459.610 )


SHORT: ( Metal Short ) Regular Wire of Net FE_PHN731_mcs4_core_ram_0_ram1_ram_array_1_2 & Regular Wire of Net FE_PHN2313_mcs4_core_ram_0_ram0_ram_array_1_0  ( Metal2 )
Bounds : ( 524.260, 435.730 ) ( 524.340, 435.860 )


  Total Violations : 23 Viols.
