###############################################################
#  Generated by:      Cadence Innovus 21.12-s106_1
#  OS:                Linux x86_64(Host ID ip-10-16-10-154.rdius.us)
#  Generated on:      Thu May 15 03:16:53 2025
#  Design:            mcs4
#  Command:           verify_drc
###############################################################
#set_verify_drc_mode -area {0 0 0 0} -check_ndr_spacing auto -check_only default -check_same_via_cell true -exclude_pg_net false -ignore_cell_blockage false -ignore_trial_route false -limit 1000 -report mcs4.drc.rpt -use_min_spacing_on_block_obs auto

SHORT: ( Metal Short ) Regular Wire of Net FE_PHN2330_n_496 & Regular Wire of Net FE_PHN2750_i4004_ip_board_dram_array_1_6  ( Metal3 )
Bounds : ( 55.260, 27.415 ) ( 55.340, 27.495 )


SHORT: ( Metal Short ) Regular Wire of Net FE_PHN2754_i4004_ip_board_dram_array_1_5 & Regular Wire of Net FE_PHN872_i4004_sp_board_din_n_3  ( Metal3 )
Bounds : ( 59.235, 34.445 ) ( 59.565, 34.525 )


SHORT: ( Metal Short ) Regular Wire of Net FE_PHN242_i4004_alu_board_n_356 & Pin of Cell g32915__5526  ( Metal1 )
Bounds : ( 84.960, 54.785 ) ( 85.020, 54.845 )


SHORT: ( Metal Short ) Regular Wire of Net FE_PHN249_i4004_m12 & Regular Wire of Net FE_PHN2749_i4004_ip_board_dram_array_1_9  ( Metal2 )
Bounds : ( 137.860, 45.465 ) ( 137.940, 45.545 )


EndOfLine: ( EndOfLine Spacing ) Regular Wire of Net FE_PHN1861_n_314 & Blockage of Cell g34003  ( Metal1 )
Bounds : ( 123.165, 33.765 ) ( 123.240, 33.780 )


SHORT: ( Metal Short ) Regular Wire of Net FE_PHN2127_ram_0_ram0_ram_array_12_2 & Regular Wire of Net FE_PHN786_i4004_tio_board_timing_generator_x_69  ( Metal2 )
Bounds : ( 40.260, 83.275 ) ( 40.340, 83.355 )


SHORT: ( Metal Short ) Regular Wire of Net FE_PHN943_i4004_ip_board_dram_array_1_11 & Regular Wire of Net FE_PHN753_n_609  ( Metal3 )
Bounds : ( 71.060, 66.365 ) ( 72.565, 66.445 )


SHORT: ( Metal Short ) Regular Wire of Net FE_PHN943_i4004_ip_board_dram_array_1_11 & Regular Wire of Net n_895  ( Metal3 )
Bounds : ( 82.035, 66.365 ) ( 82.365, 66.445 )


SHORT: ( Metal Short ) Regular Wire of Net FE_OFN12891_clk2_pad & Pin of Cell g18587__7098  ( Metal1 )
Bounds : ( 152.970, 62.960 ) ( 153.030, 63.015 )


SHORT: ( Metal Short ) Regular Wire of Net FE_PHN2046_n_2423 & Regular Wire of Net FE_PHN2151_i4004_ip_board_dram_array_1_1  ( Metal2 )
Bounds : ( 122.660, 71.115 ) ( 122.740, 71.195 )


SHORT: ( Metal Short ) Regular Wire of Net ram_0_ram1_ram_array[3][3] & Regular Wire of Net FE_PHN918_ram_0_ram1_ram_array_5_1  ( Metal2 )
Bounds : ( 148.260, 105.315 ) ( 148.340, 107.320 )


SHORT: ( Metal Short ) Regular Wire of Net ram_0_ram1_ram_array[3][3] & Regular Wire of Net n_217  ( Metal2 )
Bounds : ( 148.260, 108.755 ) ( 148.340, 109.005 )


SHORT: ( Metal Short ) Regular Wire of Net ram_0_ram1_ram_array[3][3] & Regular Wire of Net n_653  ( Metal2 )
Bounds : ( 148.260, 109.090 ) ( 148.340, 109.980 )


SHORT: ( Metal Short ) Regular Wire of Net FE_PHN2006_ram_0_ram2_ram_array_13_3 & Regular Wire of Net FE_PHN1518_rom_0_timing_recovery_a_53  ( Metal3 )
Bounds : ( 140.435, 76.245 ) ( 141.165, 76.325 )


SHORT: ( Metal Short ) Regular Wire of Net ram_0_ram2_ram_array[3][2] & Regular Wire of Net FE_PHN1028_ram_0_ram2_ram_array_10_1  ( Metal3 )
Bounds : ( 54.235, 160.605 ) ( 55.965, 160.685 )


SHORT: ( Metal Short ) Regular Wire of Net FE_PHN1012_ram_0_ram3_ram_array_11_2 & Regular Wire of Net FE_PHN2798_ram_0_ram1_ram_array_11_1  ( Metal3 )
Bounds : ( 54.715, 158.705 ) ( 54.965, 158.785 )


SHORT: ( Metal Short ) Regular Wire of Net FE_PHN954_ram_0_ram0_ram_array_6_2 & Regular Wire of Net FE_PHN1798_ram_0_ram3_ram_array_1_2  ( Metal3 )
Bounds : ( 57.635, 164.785 ) ( 57.965, 164.865 )


MAR: ( Minimum Area ) Regular Wire of Net FE_PHN2760_ram_0_ram1_ram_array_7_2  ( Metal2 )
Bounds : ( 99.060, 153.550 ) ( 99.140, 153.680 )


SHORT: ( Metal Short ) Regular Wire of Net n_611 & Pin of Cell g32934__1666  ( Metal1 )
Bounds : ( 105.570, 148.460 ) ( 105.630, 148.515 )


SHORT: ( Metal Short ) Regular Wire of Net ram_0_ram1_ram_array[8][2] & Regular Wire of Net FE_PHN496_ram_0_ram0_ram_array_6_2  ( Metal3 )
Bounds : ( 62.635, 164.215 ) ( 62.965, 164.295 )


SHORT: ( Metal Short ) Regular Wire of Net FE_PHN2761_ram_0_ram1_ram_array_10_2 & Regular Wire of Net FE_PHN600_ram_0_ram2_ram_array_6_1  ( Metal3 )
Bounds : ( 67.660, 174.665 ) ( 67.740, 174.745 )


SHORT: ( Metal Short ) Regular Wire of Net FE_PHN2215_ram_0_ram1_ram_array_3_1 & Regular Wire of Net n_962  ( Metal2 )
Bounds : ( 141.060, 139.325 ) ( 141.140, 139.405 )


SHORT: ( Metal Short ) Regular Wire of Net FE_PHN2231_ram_0_ram1_ram_array_8_3 & Regular Wire of Net FE_PHN1465_ram_0_ram1_ram_array_8_0  ( Metal2 )
Bounds : ( 147.060, 143.125 ) ( 147.140, 143.205 )


SHORT: ( Metal Short ) Regular Wire of Net FE_PHN914_ram_0_ram0_ram_array_4_0 & Regular Wire of Net n_618  ( Metal2 )
Bounds : ( 157.060, 126.405 ) ( 157.140, 126.485 )


  Total Violations : 24 Viols.
