###############################################################
#  Generated by:      Cadence Innovus 21.12-s106_1
#  OS:                Linux x86_64(Host ID ip-10-16-10-154.rdius.us)
#  Generated on:      Thu May 15 07:03:49 2025
#  Design:            mcs4_pad_frame
#  Command:           report_ccopt_clock_trees -file outputs/reports/clock_trees.rpt
###############################################################

Clock DAG stats:
================

---------------------------------------------------------------
Cell type                     Count    Area         Capacitance
---------------------------------------------------------------
Buffers                        20         83.448       0.018
Inverters                       0          0.000       0.000
Integrated Clock Gates          0          0.000       0.000
Non-Integrated Clock Gates      0          0.000       0.000
Clock Logic                     1      14400.000       2.387
All                            21      14483.448       2.404
---------------------------------------------------------------


Clock DAG wire lengths:
=======================

--------------------
Type     Wire Length
--------------------
Top          0.000
Trunk     1518.450
Leaf      3210.400
Total     4728.850
--------------------


Clock DAG hp wire lengths:
==========================

-----------------------
Type     hp Wire Length
-----------------------
Top            0.000
Trunk       1760.120
Leaf        1480.955
Total       3241.075
-----------------------


Clock DAG capacitances:
=======================

--------------------------------
Type     Gate     Wire     Total
--------------------------------
Top      0.000    0.000    0.000
Trunk    2.404    0.084    2.489
Leaf     0.138    0.222    0.360
Total    2.543    0.306    2.849
--------------------------------


Clock DAG sink capacitances:
============================

--------------------------------------------------------
Count    Total    Average    Std. Dev.    Min      Max
--------------------------------------------------------
 657     0.138     0.000       0.000      0.000    0.000
--------------------------------------------------------


Clock DAG net violations:
=========================

------------------------------------------------------------------------------------------------
Type                    Units    Count    Average    Std. Dev.    Sum      Top 10 violations
------------------------------------------------------------------------------------------------
Remaining Transition    ns         3       0.003       0.003      0.010    [0.007, 0.002, 0.002]
------------------------------------------------------------------------------------------------


Clock DAG primary half-corner transition distribution:
======================================================

------------------------------------------------------------------------------------------------------------------------------------------------------------------------------------------------------------------------
Net Type    Target    Count    Average    Std. Dev.    Min      Max      Distribution                                                              Over Target
------------------------------------------------------------------------------------------------------------------------------------------------------------------------------------------------------------------------
Trunk       0.100      15       0.074       0.022      0.000    0.093    {1 <= 0.060ns, 7 <= 0.080ns, 6 <= 0.090ns, 1 <= 0.095ns, 0 <= 0.100ns}                                      -
Leaf        0.100       7       0.098       0.006      0.090    0.107    {0 <= 0.060ns, 0 <= 0.080ns, 0 <= 0.090ns, 3 <= 0.095ns, 1 <= 0.100ns}    {2 <= 0.105ns, 1 <= 0.110ns, 0 <= 0.120ns, 0 <= 0.150ns, 0 > 0.150ns}
------------------------------------------------------------------------------------------------------------------------------------------------------------------------------------------------------------------------


Clock DAG library cell distribution:
====================================

------------------------------------------
Name         Type      Inst     Inst Area 
                       Count    (um^2)
------------------------------------------
CLKBUFX20    buffer      7         57.456
CLKBUFX12    buffer      1          5.130
CLKBUFX3     buffer      1          2.052
CLKBUFX2     buffer     11         18.810
PADDI        logic       1      14400.000
------------------------------------------



Please note that the following tables reflect only the defined clock trees, so the flop counts might not include all flops in your design.

Clock Tree Summary:
===================

---------------------------------------------------------------------------------------------------------------------
Clock Tree  Clock  Bufs  Invs  Other  Max       Max     Max     Max          Standard   Wire   Gate   Clock Tree Root
Name        Gates              Clock  Non-leaf  Leaf    Length  Source-sink  cell area  cap    cap    
                               Cells  Fanout    Fanout  (um)    Resistance   (um^2)     (pF)   (pF)   
                                                                (Ohms)                                
---------------------------------------------------------------------------------------------------------------------
My_CLK        0     20    0      1       7       100    491.96    7306.34    14483.448  0.306  2.543  sysclk
---------------------------------------------------------------------------------------------------------------------

1 clock trees contain a total of 1 nets marked dont_touch, which will not have been buffered, and may have Design Rule Violations as a consequence.
1 clock trees contain a total of 1 nets marked ideal_network, which will not have been buffered, and may have Design Rule Violations as a consequence.

Clock Sink Summary:
===================

-------------------------------------------------------------------------------------------------------------------------------------------
Clock Tree  Explicit      Implicit      Explicit     Implicit     Explicit   Implicit   Posedge  Negedge  Memory  Enable  Non enable  Other
Name        exclude pins  exclude pins  ignore pins  ignore pins  stop pins  stop pins  Flops    Flops    Clock   Latch   Latch       Sinks
                                                                                                          Pins    Sinks   Sinks       
-------------------------------------------------------------------------------------------------------------------------------------------
My_CLK           0             0             0            0           0          0        657       0       0       0         0         0
-------------------------------------------------------------------------------------------------------------------------------------------

Summary across all clock trees:
===============================

------------------------------------------------------------------------------------------------------------
Clock  Bufs  Invs  Other  Max       Average   Max     Average  Max      Max          Standard   Wire   Gate
Gates              Clock  Non-leaf  Non-leaf  Leaf    Leaf     Length   Source-sink  cell area  cap    cap
                   Cells  Fanout    Fanout    Fanout  Fanout   (um)     Resistance   (um^2)     (pF)   (pF)
                                                                        (Ohms)                         
------------------------------------------------------------------------------------------------------------
  0     20    0      1       7        1.4      100    93.8571  491.960    730.634    14483.448  0.306  2.543
------------------------------------------------------------------------------------------------------------

Clock Sink Summary across all clock trees:
==========================================

-------------------------------------------------------------------------------------------------------------------------------
Explicit      Implicit      Explicit     Implicit     Explicit   Implicit   Posedge  Negedge  Memory  Enable  Non enable  Other
exclude pins  exclude pins  ignore pins  ignore pins  stop pins  stop pins  Flops    Flops    Clock   Latch   Latch       Sinks
                                                                                              Pins    Sinks   Sinks       
-------------------------------------------------------------------------------------------------------------------------------
     0             0             0            0           0          0        657       0       0       0         0         0
-------------------------------------------------------------------------------------------------------------------------------

Physical metrics across all clock trees:
========================================

-----------------------------------------------------------------------
Metric                               Minimum  Average  Maximum  Std.dev
-----------------------------------------------------------------------
Source-sink routed net length (um)    0.000   143.892  491.960  107.480
Source-sink manhattan distance (um)   0.000   123.231  386.990   81.223
Source-sink resistance (Ohm)          0.000   229.883  730.634  201.083
-----------------------------------------------------------------------

Transition distribution for half-corner DelayCorner_WC:both.late:
=================================================================

------------------------------------------------------------------------------------------------------------------------------------------------------------------------------------------------------------------------
Net Type    Target    Count    Average    Std. Dev.    Min      Max      Distribution                                                              Over Target
------------------------------------------------------------------------------------------------------------------------------------------------------------------------------------------------------------------------
Trunk       0.100      15       0.074       0.022      0.000    0.093    {1 <= 0.060ns, 7 <= 0.080ns, 6 <= 0.090ns, 1 <= 0.095ns, 0 <= 0.100ns}                                      -
Leaf        0.100       7       0.098       0.006      0.090    0.107    {0 <= 0.060ns, 0 <= 0.080ns, 0 <= 0.090ns, 3 <= 0.095ns, 1 <= 0.100ns}    {2 <= 0.105ns, 1 <= 0.110ns, 0 <= 0.120ns, 0 <= 0.150ns, 0 > 0.150ns}
------------------------------------------------------------------------------------------------------------------------------------------------------------------------------------------------------------------------

Count of violations across all clock trees:
===========================================

---------------------------------------------------------------------------------------
Clock Tree  # Max capacitance  # Max resistance  # Max length  # Max fanout  # Slew
Name        violations         violations        violations    violations    violations
---------------------------------------------------------------------------------------
My_CLK              1                 0               0             0           299
---------------------------------------------------------------------------------------
Total               1                 0               0             0           299
---------------------------------------------------------------------------------------

Note the above table per clock tree is based on CCOpt clock tree view. The violations are counted across half corners.

Found a total of 1 clock tree pin with max capacitance violations.
Found a total of 1 max capacitance violation.
Total violation amount 2.387pF.

Max capacitance violation summary across all clock trees - Top 1 violation:
===========================================================================

Target and measured capacitances (in pF):

----------------------------------------------------------------------------------------
Half corner               Violation  Capacitance  Capacitance  Target             Pin
                          amount     target       achieved     source             
----------------------------------------------------------------------------------------
DelayCorner_WC:both.late    2.387       0.000        2.387     clock_root_forced  sysclk
----------------------------------------------------------------------------------------

Target sources:
target_max_capacitance_property - the target was set in the target_max_capacitance property
library_or_sdc_constraint - the non-frequency-dependent target was set in a library file or by an SDC constraint
frequency_dependent_library_or_sdc_constraint - the frequency-dependent target was set in a library file or by an SDC constraint
computed_from_slew_target - the target was calculated based on the slew target at a clock root
clock_root_forced - the target was forced to be zero at a clock root


Found a total of 0 clock tree nets with max resistance violations.
Found a total of 0 clock tree nets with max length violations.
Found a total of 0 clock tree nets with max fanout violations.
Found a total of 299 clock tree pins with a slew violation.

Slew violation summary across all clock trees - Top 10 violating pins:
======================================================================

Target and measured clock slews (in ns):

------------------------------------------------------------------------------------------------------------------------------------
Half corner               Violation  Slew    Slew      Dont   Ideal  Target    Pin
                          amount     target  achieved  touch  net?   source    
                                                       net?                    
------------------------------------------------------------------------------------------------------------------------------------
DelayCorner_WC:both.late    0.007    0.100    0.107    N      N      explicit  mcs4_core_i4004_sp_board_dram_temp_reg[6]/CK
DelayCorner_WC:both.late    0.007    0.100    0.107    N      N      explicit  mcs4_core_i4004_sp_board_dram_temp_reg[7]/CK
DelayCorner_WC:both.late    0.007    0.100    0.107    N      N      explicit  mcs4_core_i4004_sp_board_reg_rfsh_0_master_reg/CK
DelayCorner_WC:both.late    0.007    0.100    0.107    N      N      explicit  mcs4_core_i4004_sp_board_reg_rfsh_0_slave_reg/CK
DelayCorner_WC:both.late    0.007    0.100    0.107    N      N      explicit  mcs4_core_i4004_sp_board_reg_rfsh_1_master_reg/CK
DelayCorner_WC:both.late    0.007    0.100    0.107    N      N      explicit  mcs4_core_i4004_sp_board_reg_rfsh_1_slave_reg/CK
DelayCorner_WC:both.late    0.007    0.100    0.107    N      N      explicit  mcs4_core_i4004_sp_board_reg_rfsh_2_master_reg/CK
DelayCorner_WC:both.late    0.007    0.100    0.107    N      N      explicit  mcs4_core_i4004_sp_board_reg_rfsh_2_slave_reg/CK
DelayCorner_WC:both.late    0.007    0.100    0.107    N      N      explicit  mcs4_core_i4004_tio_board_timing_generator_a21_reg/CK
DelayCorner_WC:both.late    0.007    0.100    0.107    N      N      explicit  mcs4_core_i4004_tio_board_timing_generator_a22_reg/CK
------------------------------------------------------------------------------------------------------------------------------------

Target sources:
auto extracted - target was extracted from SDC.
auto computed - target was computed when balancing trees.
explicit - target is explicitly set via target_max_trans property.
pin explicit - target is explicitly set for this pin via pin_target_max_trans property.
liberty explicit - target is explicitly set via max_transition from liberty library.

Found 0 pins on nets marked dont_touch that have slew violations.
Found 0 pins on nets marked dont_touch that do not have slew violations.
Found 0 pins on nets marked ideal_network that have slew violations.
Found 0 pins on nets marked ideal_network that do not have slew violations.


Report for clock tree: My_CLK:
==============================

Clock Tree Gating Structure (Logical):

# Full cycle clock gates   : 0
Minimum clock gating depth : 0
Maximum clock gating depth : 0
Clock gate area (um^2)     : 0.000

Clock Tree Buffering Structure (Logical):

# Buffers             : 20
# Inverters           :  0
  Total               : 20
Minimum depth         : 15
Maximum depth         : 15
Buffering area (um^2) : 83.448

Clock Tree Level Structure (Logical):

-----------------------------------------------------------------
Level  Full   Posedge  Negedge  Memory  Enable  Non enable  Other
       Cycle  Flops    Flops    Clock   Latch   Latch       Sinks
                                Pins    Sinks   Sinks       
-----------------------------------------------------------------
root     0      657       0       0       0         0         0
-----------------------------------------------------------------
Total    0      657       0       0       0         0         0
-----------------------------------------------------------------

Target and measured clock slews (in ns):

------------------------------------------------------------------------------------------------------------------------------------
Timing Corner              Worst Rising  Worst Falling  Worst Rising  Worst Falling  Leaf Slew    Leaf Slew  Trunk Slew   Trunk Slew
                           Leaf Slew     Leaf Slew      Trunk Slew    Trunk Slew     Target Type  Target     Target Type  Target
------------------------------------------------------------------------------------------------------------------------------------
DelayCorner_BC:both.early     0.048          0.047         0.083          0.133      ignored          -      ignored          -
DelayCorner_BC:both.late      0.051          0.049         0.083          0.133      ignored          -      ignored          -
DelayCorner_WC:both.early     0.093          0.106         0.077          0.091      ignored          -      ignored          -
DelayCorner_WC:both.late      0.094          0.107         0.079          0.093      explicit     *0.100     explicit      0.100
------------------------------------------------------------------------------------------------------------------------------------

* - indicates that target was not met.

auto extracted - target was extracted from SDC.
auto computed - target was computed when balancing trees.

