###############################################################
#  Generated by:      Cadence Innovus 21.12-s106_1
#  OS:                Linux x86_64(Host ID ip-10-16-10-154.rdius.us)
#  Generated on:      Thu May 15 07:03:50 2025
#  Design:            mcs4_pad_frame
#  Command:           report_ccopt_skew_groups -file outputs/reports/skew_groups.rpt
###############################################################

Skew Group Structure:
=====================

-------------------------------------------------------------------------------
Skew Group                  Sources    Constrained Sinks    Unconstrained Sinks
-------------------------------------------------------------------------------
My_CLK/ConstraintMode_BC       1              657                    0
My_CLK/ConstraintMode_WC       1              657                    0
-------------------------------------------------------------------------------

Skew Group Summary:
===================

------------------------------------------------------------------------------------------------------------------------------------------------------------------------------------
Timing Corner                Skew Group                  ID Target    Min ID    Max ID    Avg ID    Std.Dev. ID    Skew Target Type    Skew Target    Skew     Skew window occupancy
------------------------------------------------------------------------------------------------------------------------------------------------------------------------------------
DelayCorner_WC:both.early    My_CLK/ConstraintMode_BC        -        2.890     2.909     2.900        0.004       ignored                  -         0.019              -
                             My_CLK/ConstraintMode_WC        -        2.890     2.909     2.900        0.004       ignored                  -         0.019              -
DelayCorner_WC:both.late     My_CLK/ConstraintMode_BC    none         2.899     2.918     2.908        0.004       auto computed        0.105         0.019    100% {2.899, 2.918}
                             My_CLK/ConstraintMode_WC    *3.000       2.899     2.918     2.908        0.004       auto computed        0.105         0.019    100% {2.899, 2.918}
DelayCorner_BC:both.early    My_CLK/ConstraintMode_BC        -        1.658     1.678     1.667        0.005       ignored                  -         0.020              -
                             My_CLK/ConstraintMode_WC        -        1.658     1.678     1.667        0.005       ignored                  -         0.020              -
DelayCorner_BC:both.late     My_CLK/ConstraintMode_BC        -        1.664     1.685     1.673        0.005       ignored                  -         0.021              -
                             My_CLK/ConstraintMode_WC        -        1.664     1.685     1.673        0.005       ignored                  -         0.021              -
------------------------------------------------------------------------------------------------------------------------------------------------------------------------------------

* - indicates that target was not met.

Skew Group Min/Max path pins:
=============================

---------------------------------------------------------------------------------------------
Timing Corner                Skew Group                  Min ID    PathID    Max ID    PathID
---------------------------------------------------------------------------------------------
DelayCorner_WC:both.early    My_CLK/ConstraintMode_BC    2.890        1      2.909        2
-    min mcs4_core_ram_0_ram2_ram_array_reg[19][0]/CK
-    max mcs4_core_i4004_ip_board_dram_temp_reg[11]/CK
                             My_CLK/ConstraintMode_WC    2.890        9      2.909       10
-    min mcs4_core_ram_0_ram2_ram_array_reg[19][0]/CK
-    max mcs4_core_i4004_ip_board_dram_temp_reg[11]/CK
DelayCorner_WC:both.late     My_CLK/ConstraintMode_BC    2.899        3      2.918        4
-    min mcs4_core_ram_0_ram2_ram_array_reg[19][3]/CK
-    max mcs4_core_i4004_ip_board_dram_temp_reg[11]/CK
                             My_CLK/ConstraintMode_WC    2.899       11      2.918       12
-    min mcs4_core_ram_0_ram2_ram_array_reg[19][3]/CK
-    max mcs4_core_i4004_ip_board_dram_temp_reg[11]/CK
DelayCorner_BC:both.early    My_CLK/ConstraintMode_BC    1.658        5      1.678        6
-    min mcs4_core_ram_0_ram2_ram_array_reg[19][3]/CK
-    max mcs4_core_i4004_ip_board_dram_temp_reg[11]/CK
                             My_CLK/ConstraintMode_WC    1.658       13      1.678       14
-    min mcs4_core_ram_0_ram2_ram_array_reg[19][3]/CK
-    max mcs4_core_i4004_ip_board_dram_temp_reg[11]/CK
DelayCorner_BC:both.late     My_CLK/ConstraintMode_BC    1.664        7      1.685        8
-    min mcs4_core_ram_0_ram2_ram_array_reg[19][3]/CK
-    max mcs4_core_i4004_ip_board_dram_temp_reg[11]/CK
                             My_CLK/ConstraintMode_WC    1.664       15      1.685       16
-    min mcs4_core_ram_0_ram2_ram_array_reg[19][3]/CK
-    max mcs4_core_i4004_ip_board_dram_temp_reg[11]/CK
---------------------------------------------------------------------------------------------

Timing for timing corner DelayCorner_WC:both.early, min clock_path:
===================================================================

PathID    : 1
Path type : skew group My_CLK/ConstraintMode_BC (path 1 of 1)
Start     : sysclk
End       : mcs4_core_ram_0_ram2_ram_array_reg[19][0]/CK
Delay     : 2.890

-------------------------------------------------------------------------------------------------
Name  Lib cell   Event  Incr   Arrival  Slew   Cap    Location           Distance  Fanout  Status
                        (ns)   (ns)     (ns)   (pF)                      (um)              
-- Clockpath trace ------------------------------------------------------------------------------
sysclk
-     -          rise   -       1.000   0.000  2.387  (130.710,500.000)  -            1    
pad_sysclk/PAD
-     PADDI      rise   0.000   1.000   0.003  -      (130.710,500.000)    0.000   -       
pad_sysclk/Y
-     PADDI      rise   0.096   1.096   0.032  0.009  (289.637,502.087)  161.015      1    
CTS_cdb_buf_00018/A
-     CLKBUFX2   rise   0.001   1.097   0.040  -      (383.765,579.015)  171.055   -       
CTS_cdb_buf_00018/Y
-     CLKBUFX2   rise   0.118   1.215   0.072  0.005  (383.410,579.485)    0.825      1    
CTS_cdb_buf_00019/A
-     CLKBUFX3   rise   0.000   1.215   0.072  -      (308.900,598.055)   93.080   -       
CTS_cdb_buf_00019/Y
-     CLKBUFX3   rise   0.118   1.333   0.061  0.007  (308.685,598.640)    0.800      1    
CTS_cdb_buf_00020/A
-     CLKBUFX2   rise   0.000   1.334   0.061  -      (394.965,629.065)  116.705   -       
CTS_cdb_buf_00020/Y
-     CLKBUFX2   rise   0.127   1.461   0.069  0.005  (394.610,628.595)    0.825      1    
CTS_cdb_buf_00021/A
-     CLKBUFX2   rise   0.000   1.461   0.069  -      (334.365,601.705)   87.135   -       
CTS_cdb_buf_00021/Y
-     CLKBUFX2   rise   0.131   1.593   0.069  0.005  (334.010,601.235)    0.825      1    
CTS_cdb_buf_00022/A
-     CLKBUFX2   rise   0.000   1.593   0.069  -      (393.565,630.315)   88.635   -       
CTS_cdb_buf_00022/Y
-     CLKBUFX2   rise   0.131   1.724   0.068  0.005  (393.210,630.785)    0.825      1    
CTS_cdb_buf_00023/A
-     CLKBUFX2   rise   0.000   1.724   0.068  -      (336.365,601.705)   85.925   -       
CTS_cdb_buf_00023/Y
-     CLKBUFX2   rise   0.130   1.854   0.067  0.005  (336.010,601.235)    0.825      1    
CTS_cdb_buf_00024/A
-     CLKBUFX2   rise   0.000   1.854   0.067  -      (392.165,630.315)   85.235   -       
CTS_cdb_buf_00024/Y
-     CLKBUFX2   rise   0.129   1.983   0.067  0.005  (391.810,630.785)    0.825      1    
CTS_cdb_buf_00025/A
-     CLKBUFX2   rise   0.000   1.983   0.067  -      (337.765,601.705)   83.125   -       
CTS_cdb_buf_00025/Y
-     CLKBUFX2   rise   0.127   2.110   0.063  0.005  (337.410,601.235)    0.825      1    
CTS_cdb_buf_00026/A
-     CLKBUFX2   rise   0.000   2.111   0.063  -      (396.365,620.055)   77.775   -       
CTS_cdb_buf_00026/Y
-     CLKBUFX2   rise   0.131   2.242   0.074  0.006  (396.010,620.525)    0.825      1    
CTS_cdb_buf_00027/A
-     CLKBUFX2   rise   0.000   2.242   0.074  -      (308.765,630.315)   97.035   -       
CTS_cdb_buf_00027/Y
-     CLKBUFX2   rise   0.133   2.376   0.068  0.005  (308.410,630.785)    0.825      1    
CTS_cdb_buf_00028/A
-     CLKBUFX2   rise   0.000   2.376   0.068  -      (365.165,601.705)   85.835   -       
CTS_cdb_buf_00028/Y
-     CLKBUFX2   rise   0.130   2.506   0.067  0.005  (364.810,601.235)    0.825      1    
CTS_cdb_buf_00029/A
-     CLKBUFX2   rise   0.000   2.506   0.067  -      (310.765,568.755)   86.525   -       
CTS_cdb_buf_00029/Y
-     CLKBUFX2   rise   0.122   2.628   0.053  0.004  (310.410,569.225)    0.825      1    
CTS_cdb_buf_00017/A
-     CLKBUFX12  rise   0.000   2.628   0.053  -      (335.605,587.815)   43.785   -       
CTS_cdb_buf_00017/Y
-     CLKBUFX12  rise   0.122   2.749   0.076  0.032  (335.180,587.475)    0.765      7    
CTS_ccl_a_buf_00001/A
-     CLKBUFX20  rise   0.005   2.755   0.077  -      (431.100,427.055)  256.340   -       
CTS_ccl_a_buf_00001/Y
-     CLKBUFX20  rise   0.134   2.889   0.078  0.048  (430.610,426.855)    0.690    100    
mcs4_core_ram_0_ram2_ram_array_reg[19][0]/CK
-     SDFFQX1    rise   0.001   2.890   0.079  -      (433.705,418.360)   11.590   -       
-------------------------------------------------------------------------------------------------

Timing for timing corner DelayCorner_WC:both.early, max clock_path:
===================================================================

PathID    : 2
Path type : skew group My_CLK/ConstraintMode_BC (path 1 of 1)
Start     : sysclk
End       : mcs4_core_i4004_ip_board_dram_array_reg[0][4]/CK
Delay     : 2.909

-------------------------------------------------------------------------------------------------
Name  Lib cell   Event  Incr   Arrival  Slew   Cap    Location           Distance  Fanout  Status
                        (ns)   (ns)     (ns)   (pF)                      (um)              
-- Clockpath trace ------------------------------------------------------------------------------
sysclk
-     -          rise   -       1.000   0.000  2.387  (130.710,500.000)  -            1    
pad_sysclk/PAD
-     PADDI      rise   0.000   1.000   0.003  -      (130.710,500.000)    0.000   -       
pad_sysclk/Y
-     PADDI      rise   0.096   1.096   0.032  0.009  (289.637,502.087)  161.015      1    
CTS_cdb_buf_00018/A
-     CLKBUFX2   rise   0.001   1.097   0.040  -      (383.765,579.015)  171.055   -       
CTS_cdb_buf_00018/Y
-     CLKBUFX2   rise   0.118   1.215   0.072  0.005  (383.410,579.485)    0.825      1    
CTS_cdb_buf_00019/A
-     CLKBUFX3   rise   0.000   1.215   0.072  -      (308.900,598.055)   93.080   -       
CTS_cdb_buf_00019/Y
-     CLKBUFX3   rise   0.118   1.333   0.061  0.007  (308.685,598.640)    0.800      1    
CTS_cdb_buf_00020/A
-     CLKBUFX2   rise   0.000   1.334   0.061  -      (394.965,629.065)  116.705   -       
CTS_cdb_buf_00020/Y
-     CLKBUFX2   rise   0.127   1.461   0.069  0.005  (394.610,628.595)    0.825      1    
CTS_cdb_buf_00021/A
-     CLKBUFX2   rise   0.000   1.461   0.069  -      (334.365,601.705)   87.135   -       
CTS_cdb_buf_00021/Y
-     CLKBUFX2   rise   0.131   1.593   0.069  0.005  (334.010,601.235)    0.825      1    
CTS_cdb_buf_00022/A
-     CLKBUFX2   rise   0.000   1.593   0.069  -      (393.565,630.315)   88.635   -       
CTS_cdb_buf_00022/Y
-     CLKBUFX2   rise   0.131   1.724   0.068  0.005  (393.210,630.785)    0.825      1    
CTS_cdb_buf_00023/A
-     CLKBUFX2   rise   0.000   1.724   0.068  -      (336.365,601.705)   85.925   -       
CTS_cdb_buf_00023/Y
-     CLKBUFX2   rise   0.130   1.854   0.067  0.005  (336.010,601.235)    0.825      1    
CTS_cdb_buf_00024/A
-     CLKBUFX2   rise   0.000   1.854   0.067  -      (392.165,630.315)   85.235   -       
CTS_cdb_buf_00024/Y
-     CLKBUFX2   rise   0.129   1.983   0.067  0.005  (391.810,630.785)    0.825      1    
CTS_cdb_buf_00025/A
-     CLKBUFX2   rise   0.000   1.983   0.067  -      (337.765,601.705)   83.125   -       
CTS_cdb_buf_00025/Y
-     CLKBUFX2   rise   0.127   2.110   0.063  0.005  (337.410,601.235)    0.825      1    
CTS_cdb_buf_00026/A
-     CLKBUFX2   rise   0.000   2.111   0.063  -      (396.365,620.055)   77.775   -       
CTS_cdb_buf_00026/Y
-     CLKBUFX2   rise   0.131   2.242   0.074  0.006  (396.010,620.525)    0.825      1    
CTS_cdb_buf_00027/A
-     CLKBUFX2   rise   0.000   2.242   0.074  -      (308.765,630.315)   97.035   -       
CTS_cdb_buf_00027/Y
-     CLKBUFX2   rise   0.133   2.376   0.068  0.005  (308.410,630.785)    0.825      1    
CTS_cdb_buf_00028/A
-     CLKBUFX2   rise   0.000   2.376   0.068  -      (365.165,601.705)   85.835   -       
CTS_cdb_buf_00028/Y
-     CLKBUFX2   rise   0.130   2.506   0.067  0.005  (364.810,601.235)    0.825      1    
CTS_cdb_buf_00029/A
-     CLKBUFX2   rise   0.000   2.506   0.067  -      (310.765,568.755)   86.525   -       
CTS_cdb_buf_00029/Y
-     CLKBUFX2   rise   0.122   2.628   0.053  0.004  (310.410,569.225)    0.825      1    
CTS_cdb_buf_00017/A
-     CLKBUFX12  rise   0.000   2.628   0.053  -      (335.605,587.815)   43.785   -       
CTS_cdb_buf_00017/Y
-     CLKBUFX12  rise   0.122   2.749   0.076  0.032  (335.180,587.475)    0.765      7    
CTS_ccl_a_buf_00004/A
-     CLKBUFX20  rise   0.005   2.755   0.077  -      (395.100,413.375)  234.020   -       
CTS_ccl_a_buf_00004/Y
-     CLKBUFX20  rise   0.133   2.887   0.085  0.054  (394.610,413.175)    0.690    100    
mcs4_core_i4004_ip_board_dram_array_reg[0][4]/CK
-     SDFFQX1    rise   0.022   2.909   0.093  -      (500.305,351.960)  166.910   -       
-------------------------------------------------------------------------------------------------

Timing for timing corner DelayCorner_WC:both.late, min clock_path:
==================================================================

PathID    : 3
Path type : skew group My_CLK/ConstraintMode_BC (path 1 of 1)
Start     : sysclk
End       : mcs4_core_ram_0_ram2_ram_array_reg[19][3]/CK
Delay     : 2.899

-------------------------------------------------------------------------------------------------
Name  Lib cell   Event  Incr   Arrival  Slew   Cap    Location           Distance  Fanout  Status
                        (ns)   (ns)     (ns)   (pF)                      (um)              
-- Clockpath trace ------------------------------------------------------------------------------
sysclk
-     -          rise   -       1.000   0.000  2.387  (130.710,500.000)  -            1    
pad_sysclk/PAD
-     PADDI      rise   0.000   1.000   0.003  -      (130.710,500.000)    0.000   -       
pad_sysclk/Y
-     PADDI      rise   0.096   1.096   0.032  0.009  (289.637,502.087)  161.015      1    
CTS_cdb_buf_00018/A
-     CLKBUFX2   rise   0.002   1.098   0.040  -      (383.765,579.015)  171.055   -       
CTS_cdb_buf_00018/Y
-     CLKBUFX2   rise   0.118   1.216   0.072  0.005  (383.410,579.485)    0.825      1    
CTS_cdb_buf_00019/A
-     CLKBUFX3   rise   0.001   1.216   0.072  -      (308.900,598.055)   93.080   -       
CTS_cdb_buf_00019/Y
-     CLKBUFX3   rise   0.118   1.335   0.061  0.007  (308.685,598.640)    0.800      1    
CTS_cdb_buf_00020/A
-     CLKBUFX2   rise   0.001   1.335   0.061  -      (394.965,629.065)  116.705   -       
CTS_cdb_buf_00020/Y
-     CLKBUFX2   rise   0.127   1.463   0.069  0.005  (394.610,628.595)    0.825      1    
CTS_cdb_buf_00021/A
-     CLKBUFX2   rise   0.001   1.463   0.069  -      (334.365,601.705)   87.135   -       
CTS_cdb_buf_00021/Y
-     CLKBUFX2   rise   0.131   1.595   0.069  0.005  (334.010,601.235)    0.825      1    
CTS_cdb_buf_00022/A
-     CLKBUFX2   rise   0.001   1.595   0.069  -      (393.565,630.315)   88.635   -       
CTS_cdb_buf_00022/Y
-     CLKBUFX2   rise   0.131   1.726   0.068  0.005  (393.210,630.785)    0.825      1    
CTS_cdb_buf_00023/A
-     CLKBUFX2   rise   0.001   1.726   0.068  -      (336.365,601.705)   85.925   -       
CTS_cdb_buf_00023/Y
-     CLKBUFX2   rise   0.130   1.857   0.067  0.005  (336.010,601.235)    0.825      1    
CTS_cdb_buf_00024/A
-     CLKBUFX2   rise   0.001   1.857   0.067  -      (392.165,630.315)   85.235   -       
CTS_cdb_buf_00024/Y
-     CLKBUFX2   rise   0.129   1.986   0.067  0.005  (391.810,630.785)    0.825      1    
CTS_cdb_buf_00025/A
-     CLKBUFX2   rise   0.001   1.987   0.067  -      (337.765,601.705)   83.125   -       
CTS_cdb_buf_00025/Y
-     CLKBUFX2   rise   0.127   2.114   0.063  0.005  (337.410,601.235)    0.825      1    
CTS_cdb_buf_00026/A
-     CLKBUFX2   rise   0.001   2.114   0.063  -      (396.365,620.055)   77.775   -       
CTS_cdb_buf_00026/Y
-     CLKBUFX2   rise   0.131   2.245   0.074  0.006  (396.010,620.525)    0.825      1    
CTS_cdb_buf_00027/A
-     CLKBUFX2   rise   0.001   2.246   0.074  -      (308.765,630.315)   97.035   -       
CTS_cdb_buf_00027/Y
-     CLKBUFX2   rise   0.134   2.380   0.068  0.005  (308.410,630.785)    0.825      1    
CTS_cdb_buf_00028/A
-     CLKBUFX2   rise   0.001   2.381   0.068  -      (365.165,601.705)   85.835   -       
CTS_cdb_buf_00028/Y
-     CLKBUFX2   rise   0.130   2.510   0.067  0.005  (364.810,601.235)    0.825      1    
CTS_cdb_buf_00029/A
-     CLKBUFX2   rise   0.001   2.511   0.067  -      (310.765,568.755)   86.525   -       
CTS_cdb_buf_00029/Y
-     CLKBUFX2   rise   0.122   2.633   0.054  0.004  (310.410,569.225)    0.825      1    
CTS_cdb_buf_00017/A
-     CLKBUFX12  rise   0.000   2.633   0.054  -      (335.605,587.815)   43.785   -       
CTS_cdb_buf_00017/Y
-     CLKBUFX12  rise   0.123   2.756   0.079  0.032  (335.180,587.475)    0.765      7    
CTS_ccl_a_buf_00001/A
-     CLKBUFX20  rise   0.006   2.762   0.079  -      (431.100,427.055)  256.340   -       
CTS_ccl_a_buf_00001/Y
-     CLKBUFX20  rise   0.135   2.897   0.079  0.048  (430.610,426.855)    0.690    100    
mcs4_core_ram_0_ram2_ram_array_reg[19][3]/CK
-     SDFFQX1    rise   0.001   2.899   0.080  -      (435.705,420.360)   11.590   -       
-------------------------------------------------------------------------------------------------

Timing for timing corner DelayCorner_WC:both.late, max clock_path:
==================================================================

PathID    : 4
Path type : skew group My_CLK/ConstraintMode_BC (path 1 of 1)
Start     : sysclk
End       : mcs4_core_i4004_ip_board_dram_array_reg[1][9]/CK
Delay     : 2.918

-------------------------------------------------------------------------------------------------
Name  Lib cell   Event  Incr   Arrival  Slew   Cap    Location           Distance  Fanout  Status
                        (ns)   (ns)     (ns)   (pF)                      (um)              
-- Clockpath trace ------------------------------------------------------------------------------
sysclk
-     -          rise   -       1.000   0.000  2.387  (130.710,500.000)  -            1    
pad_sysclk/PAD
-     PADDI      rise   0.000   1.000   0.003  -      (130.710,500.000)    0.000   -       
pad_sysclk/Y
-     PADDI      rise   0.096   1.096   0.032  0.009  (289.637,502.087)  161.015      1    
CTS_cdb_buf_00018/A
-     CLKBUFX2   rise   0.002   1.098   0.040  -      (383.765,579.015)  171.055   -       
CTS_cdb_buf_00018/Y
-     CLKBUFX2   rise   0.118   1.216   0.072  0.005  (383.410,579.485)    0.825      1    
CTS_cdb_buf_00019/A
-     CLKBUFX3   rise   0.001   1.216   0.072  -      (308.900,598.055)   93.080   -       
CTS_cdb_buf_00019/Y
-     CLKBUFX3   rise   0.118   1.335   0.061  0.007  (308.685,598.640)    0.800      1    
CTS_cdb_buf_00020/A
-     CLKBUFX2   rise   0.001   1.335   0.061  -      (394.965,629.065)  116.705   -       
CTS_cdb_buf_00020/Y
-     CLKBUFX2   rise   0.127   1.463   0.069  0.005  (394.610,628.595)    0.825      1    
CTS_cdb_buf_00021/A
-     CLKBUFX2   rise   0.001   1.463   0.069  -      (334.365,601.705)   87.135   -       
CTS_cdb_buf_00021/Y
-     CLKBUFX2   rise   0.131   1.595   0.069  0.005  (334.010,601.235)    0.825      1    
CTS_cdb_buf_00022/A
-     CLKBUFX2   rise   0.001   1.595   0.069  -      (393.565,630.315)   88.635   -       
CTS_cdb_buf_00022/Y
-     CLKBUFX2   rise   0.131   1.726   0.068  0.005  (393.210,630.785)    0.825      1    
CTS_cdb_buf_00023/A
-     CLKBUFX2   rise   0.001   1.726   0.068  -      (336.365,601.705)   85.925   -       
CTS_cdb_buf_00023/Y
-     CLKBUFX2   rise   0.130   1.857   0.067  0.005  (336.010,601.235)    0.825      1    
CTS_cdb_buf_00024/A
-     CLKBUFX2   rise   0.001   1.857   0.067  -      (392.165,630.315)   85.235   -       
CTS_cdb_buf_00024/Y
-     CLKBUFX2   rise   0.129   1.986   0.067  0.005  (391.810,630.785)    0.825      1    
CTS_cdb_buf_00025/A
-     CLKBUFX2   rise   0.001   1.987   0.067  -      (337.765,601.705)   83.125   -       
CTS_cdb_buf_00025/Y
-     CLKBUFX2   rise   0.127   2.114   0.063  0.005  (337.410,601.235)    0.825      1    
CTS_cdb_buf_00026/A
-     CLKBUFX2   rise   0.001   2.114   0.063  -      (396.365,620.055)   77.775   -       
CTS_cdb_buf_00026/Y
-     CLKBUFX2   rise   0.131   2.245   0.074  0.006  (396.010,620.525)    0.825      1    
CTS_cdb_buf_00027/A
-     CLKBUFX2   rise   0.001   2.246   0.074  -      (308.765,630.315)   97.035   -       
CTS_cdb_buf_00027/Y
-     CLKBUFX2   rise   0.134   2.380   0.068  0.005  (308.410,630.785)    0.825      1    
CTS_cdb_buf_00028/A
-     CLKBUFX2   rise   0.001   2.381   0.068  -      (365.165,601.705)   85.835   -       
CTS_cdb_buf_00028/Y
-     CLKBUFX2   rise   0.130   2.510   0.067  0.005  (364.810,601.235)    0.825      1    
CTS_cdb_buf_00029/A
-     CLKBUFX2   rise   0.001   2.511   0.067  -      (310.765,568.755)   86.525   -       
CTS_cdb_buf_00029/Y
-     CLKBUFX2   rise   0.122   2.633   0.054  0.004  (310.410,569.225)    0.825      1    
CTS_cdb_buf_00017/A
-     CLKBUFX12  rise   0.000   2.633   0.054  -      (335.605,587.815)   43.785   -       
CTS_cdb_buf_00017/Y
-     CLKBUFX12  rise   0.123   2.756   0.079  0.032  (335.180,587.475)    0.765      7    
CTS_ccl_a_buf_00004/A
-     CLKBUFX20  rise   0.005   2.762   0.079  -      (395.100,413.375)  234.020   -       
CTS_ccl_a_buf_00004/Y
-     CLKBUFX20  rise   0.134   2.896   0.085  0.054  (394.610,413.175)    0.690    100    
mcs4_core_i4004_ip_board_dram_array_reg[1][9]/CK
-     SDFFQX1    rise   0.023   2.918   0.094  -      (506.505,356.800)  168.270   -       
-------------------------------------------------------------------------------------------------

Timing for timing corner DelayCorner_BC:both.early, min clock_path:
===================================================================

PathID    : 5
Path type : skew group My_CLK/ConstraintMode_BC (path 1 of 1)
Start     : sysclk
End       : mcs4_core_ram_0_ram2_ram_array_reg[19][3]/CK
Delay     : 1.658

-------------------------------------------------------------------------------------------------
Name  Lib cell   Event  Incr   Arrival  Slew   Cap    Location           Distance  Fanout  Status
                        (ns)   (ns)     (ns)   (pF)                      (um)              
-- Clockpath trace ------------------------------------------------------------------------------
sysclk
-     -          rise   -       1.200   0.000  2.387  (130.710,500.000)  -            1    
pad_sysclk/PAD
-     PADDI      rise   0.000   1.200   0.003  -      (130.710,500.000)    0.000   -       
pad_sysclk/Y
-     PADDI      rise   0.096   1.296   0.032  0.010  (289.637,502.087)  161.015      1    
CTS_cdb_buf_00018/A
-     CLKBUFX2   rise   0.013   1.310   0.083  -      (383.765,579.015)  171.055   -       
CTS_cdb_buf_00018/Y
-     CLKBUFX2   rise   0.032   1.341   0.019  0.006  (383.410,579.485)    0.825      1    
CTS_cdb_buf_00019/A
-     CLKBUFX3   rise   0.000   1.342   0.019  -      (308.900,598.055)   93.080   -       
CTS_cdb_buf_00019/Y
-     CLKBUFX3   rise   0.022   1.364   0.016  0.007  (308.685,598.640)    0.800      1    
CTS_cdb_buf_00020/A
-     CLKBUFX2   rise   0.001   1.364   0.016  -      (394.965,629.065)  116.705   -       
CTS_cdb_buf_00020/Y
-     CLKBUFX2   rise   0.023   1.388   0.017  0.005  (394.610,628.595)    0.825      1    
CTS_cdb_buf_00021/A
-     CLKBUFX2   rise   0.000   1.388   0.017  -      (334.365,601.705)   87.135   -       
CTS_cdb_buf_00021/Y
-     CLKBUFX2   rise   0.023   1.412   0.017  0.005  (334.010,601.235)    0.825      1    
CTS_cdb_buf_00022/A
-     CLKBUFX2   rise   0.000   1.412   0.017  -      (393.565,630.315)   88.635   -       
CTS_cdb_buf_00022/Y
-     CLKBUFX2   rise   0.023   1.435   0.017  0.005  (393.210,630.785)    0.825      1    
CTS_cdb_buf_00023/A
-     CLKBUFX2   rise   0.000   1.436   0.017  -      (336.365,601.705)   85.925   -       
CTS_cdb_buf_00023/Y
-     CLKBUFX2   rise   0.023   1.459   0.017  0.005  (336.010,601.235)    0.825      1    
CTS_cdb_buf_00024/A
-     CLKBUFX2   rise   0.000   1.459   0.017  -      (392.165,630.315)   85.235   -       
CTS_cdb_buf_00024/Y
-     CLKBUFX2   rise   0.023   1.482   0.017  0.005  (391.810,630.785)    0.825      1    
CTS_cdb_buf_00025/A
-     CLKBUFX2   rise   0.000   1.483   0.017  -      (337.765,601.705)   83.125   -       
CTS_cdb_buf_00025/Y
-     CLKBUFX2   rise   0.023   1.505   0.016  0.005  (337.410,601.235)    0.825      1    
CTS_cdb_buf_00026/A
-     CLKBUFX2   rise   0.000   1.506   0.016  -      (396.365,620.055)   77.775   -       
CTS_cdb_buf_00026/Y
-     CLKBUFX2   rise   0.024   1.530   0.019  0.006  (396.010,620.525)    0.825      1    
CTS_cdb_buf_00027/A
-     CLKBUFX2   rise   0.000   1.530   0.019  -      (308.765,630.315)   97.035   -       
CTS_cdb_buf_00027/Y
-     CLKBUFX2   rise   0.024   1.554   0.017  0.005  (308.410,630.785)    0.825      1    
CTS_cdb_buf_00028/A
-     CLKBUFX2   rise   0.000   1.554   0.017  -      (365.165,601.705)   85.835   -       
CTS_cdb_buf_00028/Y
-     CLKBUFX2   rise   0.023   1.577   0.017  0.005  (364.810,601.235)    0.825      1    
CTS_cdb_buf_00029/A
-     CLKBUFX2   rise   0.000   1.578   0.017  -      (310.765,568.755)   86.525   -       
CTS_cdb_buf_00029/Y
-     CLKBUFX2   rise   0.021   1.599   0.013  0.004  (310.410,569.225)    0.825      1    
CTS_cdb_buf_00017/A
-     CLKBUFX12  rise   0.000   1.599   0.013  -      (335.605,587.815)   43.785   -       
CTS_cdb_buf_00017/Y
-     CLKBUFX12  rise   0.024   1.624   0.022  0.036  (335.180,587.475)    0.765      7    
CTS_ccl_a_buf_00001/A
-     CLKBUFX20  rise   0.006   1.630   0.025  -      (431.100,427.055)  256.340   -       
CTS_ccl_a_buf_00001/Y
-     CLKBUFX20  rise   0.027   1.657   0.021  0.058  (430.610,426.855)    0.690    100    
mcs4_core_ram_0_ram2_ram_array_reg[19][3]/CK
-     SDFFQX1    rise   0.001   1.658   0.023  -      (435.705,420.360)   11.590   -       
-------------------------------------------------------------------------------------------------

Timing for timing corner DelayCorner_BC:both.early, max clock_path:
===================================================================

PathID    : 6
Path type : skew group My_CLK/ConstraintMode_BC (path 1 of 1)
Start     : sysclk
End       : mcs4_core_i4004_ip_board_dram_array_reg[0][11]/CK
Delay     : 1.678

-------------------------------------------------------------------------------------------------
Name  Lib cell   Event  Incr   Arrival  Slew   Cap    Location           Distance  Fanout  Status
                        (ns)   (ns)     (ns)   (pF)                      (um)              
-- Clockpath trace ------------------------------------------------------------------------------
sysclk
-     -          rise   -       1.200   0.000  2.387  (130.710,500.000)  -            1    
pad_sysclk/PAD
-     PADDI      rise   0.000   1.200   0.003  -      (130.710,500.000)    0.000   -       
pad_sysclk/Y
-     PADDI      rise   0.096   1.296   0.032  0.010  (289.637,502.087)  161.015      1    
CTS_cdb_buf_00018/A
-     CLKBUFX2   rise   0.013   1.310   0.083  -      (383.765,579.015)  171.055   -       
CTS_cdb_buf_00018/Y
-     CLKBUFX2   rise   0.032   1.341   0.019  0.006  (383.410,579.485)    0.825      1    
CTS_cdb_buf_00019/A
-     CLKBUFX3   rise   0.000   1.342   0.019  -      (308.900,598.055)   93.080   -       
CTS_cdb_buf_00019/Y
-     CLKBUFX3   rise   0.022   1.364   0.016  0.007  (308.685,598.640)    0.800      1    
CTS_cdb_buf_00020/A
-     CLKBUFX2   rise   0.001   1.364   0.016  -      (394.965,629.065)  116.705   -       
CTS_cdb_buf_00020/Y
-     CLKBUFX2   rise   0.023   1.388   0.017  0.005  (394.610,628.595)    0.825      1    
CTS_cdb_buf_00021/A
-     CLKBUFX2   rise   0.000   1.388   0.017  -      (334.365,601.705)   87.135   -       
CTS_cdb_buf_00021/Y
-     CLKBUFX2   rise   0.023   1.412   0.017  0.005  (334.010,601.235)    0.825      1    
CTS_cdb_buf_00022/A
-     CLKBUFX2   rise   0.000   1.412   0.017  -      (393.565,630.315)   88.635   -       
CTS_cdb_buf_00022/Y
-     CLKBUFX2   rise   0.023   1.435   0.017  0.005  (393.210,630.785)    0.825      1    
CTS_cdb_buf_00023/A
-     CLKBUFX2   rise   0.000   1.436   0.017  -      (336.365,601.705)   85.925   -       
CTS_cdb_buf_00023/Y
-     CLKBUFX2   rise   0.023   1.459   0.017  0.005  (336.010,601.235)    0.825      1    
CTS_cdb_buf_00024/A
-     CLKBUFX2   rise   0.000   1.459   0.017  -      (392.165,630.315)   85.235   -       
CTS_cdb_buf_00024/Y
-     CLKBUFX2   rise   0.023   1.482   0.017  0.005  (391.810,630.785)    0.825      1    
CTS_cdb_buf_00025/A
-     CLKBUFX2   rise   0.000   1.483   0.017  -      (337.765,601.705)   83.125   -       
CTS_cdb_buf_00025/Y
-     CLKBUFX2   rise   0.023   1.505   0.016  0.005  (337.410,601.235)    0.825      1    
CTS_cdb_buf_00026/A
-     CLKBUFX2   rise   0.000   1.506   0.016  -      (396.365,620.055)   77.775   -       
CTS_cdb_buf_00026/Y
-     CLKBUFX2   rise   0.024   1.530   0.019  0.006  (396.010,620.525)    0.825      1    
CTS_cdb_buf_00027/A
-     CLKBUFX2   rise   0.000   1.530   0.019  -      (308.765,630.315)   97.035   -       
CTS_cdb_buf_00027/Y
-     CLKBUFX2   rise   0.024   1.554   0.017  0.005  (308.410,630.785)    0.825      1    
CTS_cdb_buf_00028/A
-     CLKBUFX2   rise   0.000   1.554   0.017  -      (365.165,601.705)   85.835   -       
CTS_cdb_buf_00028/Y
-     CLKBUFX2   rise   0.023   1.577   0.017  0.005  (364.810,601.235)    0.825      1    
CTS_cdb_buf_00029/A
-     CLKBUFX2   rise   0.000   1.578   0.017  -      (310.765,568.755)   86.525   -       
CTS_cdb_buf_00029/Y
-     CLKBUFX2   rise   0.021   1.599   0.013  0.004  (310.410,569.225)    0.825      1    
CTS_cdb_buf_00017/A
-     CLKBUFX12  rise   0.000   1.599   0.013  -      (335.605,587.815)   43.785   -       
CTS_cdb_buf_00017/Y
-     CLKBUFX12  rise   0.024   1.624   0.022  0.036  (335.180,587.475)    0.765      7    
CTS_ccl_a_buf_00004/A
-     CLKBUFX20  rise   0.006   1.630   0.025  -      (395.100,413.375)  234.020   -       
CTS_ccl_a_buf_00004/Y
-     CLKBUFX20  rise   0.025   1.655   0.018  0.064  (394.610,413.175)    0.690    100    
mcs4_core_i4004_ip_board_dram_array_reg[0][11]/CK
-     SDFFQX1    rise   0.023   1.678   0.048  -      (502.305,353.380)  167.490   -       
-------------------------------------------------------------------------------------------------

Timing for timing corner DelayCorner_BC:both.late, min clock_path:
==================================================================

PathID    : 7
Path type : skew group My_CLK/ConstraintMode_BC (path 1 of 1)
Start     : sysclk
End       : mcs4_core_ram_0_ram2_ram_array_reg[19][3]/CK
Delay     : 1.664

-------------------------------------------------------------------------------------------------
Name  Lib cell   Event  Incr   Arrival  Slew   Cap    Location           Distance  Fanout  Status
                        (ns)   (ns)     (ns)   (pF)                      (um)              
-- Clockpath trace ------------------------------------------------------------------------------
sysclk
-     -          rise   -       1.200   0.000  2.387  (130.710,500.000)  -            1    
pad_sysclk/PAD
-     PADDI      rise   0.000   1.200   0.003  -      (130.710,500.000)    0.000   -       
pad_sysclk/Y
-     PADDI      rise   0.096   1.296   0.033  0.010  (289.637,502.087)  161.015      1    
CTS_cdb_buf_00018/A
-     CLKBUFX2   rise   0.014   1.311   0.083  -      (383.765,579.015)  171.055   -       
CTS_cdb_buf_00018/Y
-     CLKBUFX2   rise   0.032   1.342   0.019  0.006  (383.410,579.485)    0.825      1    
CTS_cdb_buf_00019/A
-     CLKBUFX3   rise   0.001   1.343   0.019  -      (308.900,598.055)   93.080   -       
CTS_cdb_buf_00019/Y
-     CLKBUFX3   rise   0.022   1.365   0.016  0.007  (308.685,598.640)    0.800      1    
CTS_cdb_buf_00020/A
-     CLKBUFX2   rise   0.001   1.366   0.016  -      (394.965,629.065)  116.705   -       
CTS_cdb_buf_00020/Y
-     CLKBUFX2   rise   0.023   1.390   0.017  0.005  (394.610,628.595)    0.825      1    
CTS_cdb_buf_00021/A
-     CLKBUFX2   rise   0.001   1.390   0.017  -      (334.365,601.705)   87.135   -       
CTS_cdb_buf_00021/Y
-     CLKBUFX2   rise   0.024   1.414   0.017  0.005  (334.010,601.235)    0.825      1    
CTS_cdb_buf_00022/A
-     CLKBUFX2   rise   0.001   1.414   0.017  -      (393.565,630.315)   88.635   -       
CTS_cdb_buf_00022/Y
-     CLKBUFX2   rise   0.023   1.438   0.017  0.005  (393.210,630.785)    0.825      1    
CTS_cdb_buf_00023/A
-     CLKBUFX2   rise   0.001   1.438   0.017  -      (336.365,601.705)   85.925   -       
CTS_cdb_buf_00023/Y
-     CLKBUFX2   rise   0.023   1.461   0.017  0.005  (336.010,601.235)    0.825      1    
CTS_cdb_buf_00024/A
-     CLKBUFX2   rise   0.001   1.462   0.017  -      (392.165,630.315)   85.235   -       
CTS_cdb_buf_00024/Y
-     CLKBUFX2   rise   0.023   1.485   0.017  0.005  (391.810,630.785)    0.825      1    
CTS_cdb_buf_00025/A
-     CLKBUFX2   rise   0.001   1.486   0.017  -      (337.765,601.705)   83.125   -       
CTS_cdb_buf_00025/Y
-     CLKBUFX2   rise   0.023   1.509   0.016  0.005  (337.410,601.235)    0.825      1    
CTS_cdb_buf_00026/A
-     CLKBUFX2   rise   0.000   1.509   0.016  -      (396.365,620.055)   77.775   -       
CTS_cdb_buf_00026/Y
-     CLKBUFX2   rise   0.024   1.533   0.019  0.006  (396.010,620.525)    0.825      1    
CTS_cdb_buf_00027/A
-     CLKBUFX2   rise   0.001   1.534   0.019  -      (308.765,630.315)   97.035   -       
CTS_cdb_buf_00027/Y
-     CLKBUFX2   rise   0.024   1.558   0.017  0.005  (308.410,630.785)    0.825      1    
CTS_cdb_buf_00028/A
-     CLKBUFX2   rise   0.001   1.558   0.017  -      (365.165,601.705)   85.835   -       
CTS_cdb_buf_00028/Y
-     CLKBUFX2   rise   0.023   1.581   0.017  0.005  (364.810,601.235)    0.825      1    
CTS_cdb_buf_00029/A
-     CLKBUFX2   rise   0.001   1.582   0.017  -      (310.765,568.755)   86.525   -       
CTS_cdb_buf_00029/Y
-     CLKBUFX2   rise   0.022   1.604   0.014  0.004  (310.410,569.225)    0.825      1    
CTS_cdb_buf_00017/A
-     CLKBUFX12  rise   0.000   1.604   0.014  -      (335.605,587.815)   43.785   -       
CTS_cdb_buf_00017/Y
-     CLKBUFX12  rise   0.025   1.629   0.024  0.036  (335.180,587.475)    0.765      7    
CTS_ccl_a_buf_00001/A
-     CLKBUFX20  rise   0.007   1.636   0.027  -      (431.100,427.055)  256.340   -       
CTS_ccl_a_buf_00001/Y
-     CLKBUFX20  rise   0.027   1.663   0.022  0.058  (430.610,426.855)    0.690    100    
mcs4_core_ram_0_ram2_ram_array_reg[19][3]/CK
-     SDFFQX1    rise   0.001   1.664   0.024  -      (435.705,420.360)   11.590   -       
-------------------------------------------------------------------------------------------------

Timing for timing corner DelayCorner_BC:both.late, max clock_path:
==================================================================

PathID    : 8
Path type : skew group My_CLK/ConstraintMode_BC (path 1 of 1)
Start     : sysclk
End       : mcs4_core_i4004_ip_board_dram_array_reg[1][9]/CK
Delay     : 1.685

-------------------------------------------------------------------------------------------------
Name  Lib cell   Event  Incr   Arrival  Slew   Cap    Location           Distance  Fanout  Status
                        (ns)   (ns)     (ns)   (pF)                      (um)              
-- Clockpath trace ------------------------------------------------------------------------------
sysclk
-     -          rise   -       1.200   0.000  2.387  (130.710,500.000)  -            1    
pad_sysclk/PAD
-     PADDI      rise   0.000   1.200   0.003  -      (130.710,500.000)    0.000   -       
pad_sysclk/Y
-     PADDI      rise   0.096   1.296   0.033  0.010  (289.637,502.087)  161.015      1    
CTS_cdb_buf_00018/A
-     CLKBUFX2   rise   0.014   1.311   0.083  -      (383.765,579.015)  171.055   -       
CTS_cdb_buf_00018/Y
-     CLKBUFX2   rise   0.032   1.342   0.019  0.006  (383.410,579.485)    0.825      1    
CTS_cdb_buf_00019/A
-     CLKBUFX3   rise   0.001   1.343   0.019  -      (308.900,598.055)   93.080   -       
CTS_cdb_buf_00019/Y
-     CLKBUFX3   rise   0.022   1.365   0.016  0.007  (308.685,598.640)    0.800      1    
CTS_cdb_buf_00020/A
-     CLKBUFX2   rise   0.001   1.366   0.016  -      (394.965,629.065)  116.705   -       
CTS_cdb_buf_00020/Y
-     CLKBUFX2   rise   0.023   1.390   0.017  0.005  (394.610,628.595)    0.825      1    
CTS_cdb_buf_00021/A
-     CLKBUFX2   rise   0.001   1.390   0.017  -      (334.365,601.705)   87.135   -       
CTS_cdb_buf_00021/Y
-     CLKBUFX2   rise   0.024   1.414   0.017  0.005  (334.010,601.235)    0.825      1    
CTS_cdb_buf_00022/A
-     CLKBUFX2   rise   0.001   1.414   0.017  -      (393.565,630.315)   88.635   -       
CTS_cdb_buf_00022/Y
-     CLKBUFX2   rise   0.023   1.438   0.017  0.005  (393.210,630.785)    0.825      1    
CTS_cdb_buf_00023/A
-     CLKBUFX2   rise   0.001   1.438   0.017  -      (336.365,601.705)   85.925   -       
CTS_cdb_buf_00023/Y
-     CLKBUFX2   rise   0.023   1.461   0.017  0.005  (336.010,601.235)    0.825      1    
CTS_cdb_buf_00024/A
-     CLKBUFX2   rise   0.001   1.462   0.017  -      (392.165,630.315)   85.235   -       
CTS_cdb_buf_00024/Y
-     CLKBUFX2   rise   0.023   1.485   0.017  0.005  (391.810,630.785)    0.825      1    
CTS_cdb_buf_00025/A
-     CLKBUFX2   rise   0.001   1.486   0.017  -      (337.765,601.705)   83.125   -       
CTS_cdb_buf_00025/Y
-     CLKBUFX2   rise   0.023   1.509   0.016  0.005  (337.410,601.235)    0.825      1    
CTS_cdb_buf_00026/A
-     CLKBUFX2   rise   0.000   1.509   0.016  -      (396.365,620.055)   77.775   -       
CTS_cdb_buf_00026/Y
-     CLKBUFX2   rise   0.024   1.533   0.019  0.006  (396.010,620.525)    0.825      1    
CTS_cdb_buf_00027/A
-     CLKBUFX2   rise   0.001   1.534   0.019  -      (308.765,630.315)   97.035   -       
CTS_cdb_buf_00027/Y
-     CLKBUFX2   rise   0.024   1.558   0.017  0.005  (308.410,630.785)    0.825      1    
CTS_cdb_buf_00028/A
-     CLKBUFX2   rise   0.001   1.558   0.017  -      (365.165,601.705)   85.835   -       
CTS_cdb_buf_00028/Y
-     CLKBUFX2   rise   0.023   1.581   0.017  0.005  (364.810,601.235)    0.825      1    
CTS_cdb_buf_00029/A
-     CLKBUFX2   rise   0.001   1.582   0.017  -      (310.765,568.755)   86.525   -       
CTS_cdb_buf_00029/Y
-     CLKBUFX2   rise   0.022   1.604   0.014  0.004  (310.410,569.225)    0.825      1    
CTS_cdb_buf_00017/A
-     CLKBUFX12  rise   0.000   1.604   0.014  -      (335.605,587.815)   43.785   -       
CTS_cdb_buf_00017/Y
-     CLKBUFX12  rise   0.025   1.629   0.024  0.036  (335.180,587.475)    0.765      7    
CTS_ccl_a_buf_00004/A
-     CLKBUFX20  rise   0.007   1.635   0.027  -      (395.100,413.375)  234.020   -       
CTS_ccl_a_buf_00004/Y
-     CLKBUFX20  rise   0.026   1.661   0.018  0.064  (394.610,413.175)    0.690    100    
mcs4_core_i4004_ip_board_dram_array_reg[1][9]/CK
-     SDFFQX1    rise   0.024   1.685   0.051  -      (506.505,356.800)  168.270   -       
-------------------------------------------------------------------------------------------------

Timing for timing corner DelayCorner_WC:both.early, min clock_path:
===================================================================

PathID    : 9
Path type : skew group My_CLK/ConstraintMode_WC (path 1 of 1)
Start     : sysclk
End       : mcs4_core_ram_0_ram2_ram_array_reg[19][0]/CK
Delay     : 2.890

-------------------------------------------------------------------------------------------------
Name  Lib cell   Event  Incr   Arrival  Slew   Cap    Location           Distance  Fanout  Status
                        (ns)   (ns)     (ns)   (pF)                      (um)              
-- Clockpath trace ------------------------------------------------------------------------------
sysclk
-     -          rise   -       1.000   0.000  2.387  (130.710,500.000)  -            1    
pad_sysclk/PAD
-     PADDI      rise   0.000   1.000   0.003  -      (130.710,500.000)    0.000   -       
pad_sysclk/Y
-     PADDI      rise   0.096   1.096   0.032  0.009  (289.637,502.087)  161.015      1    
CTS_cdb_buf_00018/A
-     CLKBUFX2   rise   0.001   1.097   0.040  -      (383.765,579.015)  171.055   -       
CTS_cdb_buf_00018/Y
-     CLKBUFX2   rise   0.118   1.215   0.072  0.005  (383.410,579.485)    0.825      1    
CTS_cdb_buf_00019/A
-     CLKBUFX3   rise   0.000   1.215   0.072  -      (308.900,598.055)   93.080   -       
CTS_cdb_buf_00019/Y
-     CLKBUFX3   rise   0.118   1.333   0.061  0.007  (308.685,598.640)    0.800      1    
CTS_cdb_buf_00020/A
-     CLKBUFX2   rise   0.000   1.334   0.061  -      (394.965,629.065)  116.705   -       
CTS_cdb_buf_00020/Y
-     CLKBUFX2   rise   0.127   1.461   0.069  0.005  (394.610,628.595)    0.825      1    
CTS_cdb_buf_00021/A
-     CLKBUFX2   rise   0.000   1.461   0.069  -      (334.365,601.705)   87.135   -       
CTS_cdb_buf_00021/Y
-     CLKBUFX2   rise   0.131   1.593   0.069  0.005  (334.010,601.235)    0.825      1    
CTS_cdb_buf_00022/A
-     CLKBUFX2   rise   0.000   1.593   0.069  -      (393.565,630.315)   88.635   -       
CTS_cdb_buf_00022/Y
-     CLKBUFX2   rise   0.131   1.724   0.068  0.005  (393.210,630.785)    0.825      1    
CTS_cdb_buf_00023/A
-     CLKBUFX2   rise   0.000   1.724   0.068  -      (336.365,601.705)   85.925   -       
CTS_cdb_buf_00023/Y
-     CLKBUFX2   rise   0.130   1.854   0.067  0.005  (336.010,601.235)    0.825      1    
CTS_cdb_buf_00024/A
-     CLKBUFX2   rise   0.000   1.854   0.067  -      (392.165,630.315)   85.235   -       
CTS_cdb_buf_00024/Y
-     CLKBUFX2   rise   0.129   1.983   0.067  0.005  (391.810,630.785)    0.825      1    
CTS_cdb_buf_00025/A
-     CLKBUFX2   rise   0.000   1.983   0.067  -      (337.765,601.705)   83.125   -       
CTS_cdb_buf_00025/Y
-     CLKBUFX2   rise   0.127   2.110   0.063  0.005  (337.410,601.235)    0.825      1    
CTS_cdb_buf_00026/A
-     CLKBUFX2   rise   0.000   2.111   0.063  -      (396.365,620.055)   77.775   -       
CTS_cdb_buf_00026/Y
-     CLKBUFX2   rise   0.131   2.242   0.074  0.006  (396.010,620.525)    0.825      1    
CTS_cdb_buf_00027/A
-     CLKBUFX2   rise   0.000   2.242   0.074  -      (308.765,630.315)   97.035   -       
CTS_cdb_buf_00027/Y
-     CLKBUFX2   rise   0.133   2.376   0.068  0.005  (308.410,630.785)    0.825      1    
CTS_cdb_buf_00028/A
-     CLKBUFX2   rise   0.000   2.376   0.068  -      (365.165,601.705)   85.835   -       
CTS_cdb_buf_00028/Y
-     CLKBUFX2   rise   0.130   2.506   0.067  0.005  (364.810,601.235)    0.825      1    
CTS_cdb_buf_00029/A
-     CLKBUFX2   rise   0.000   2.506   0.067  -      (310.765,568.755)   86.525   -       
CTS_cdb_buf_00029/Y
-     CLKBUFX2   rise   0.122   2.628   0.053  0.004  (310.410,569.225)    0.825      1    
CTS_cdb_buf_00017/A
-     CLKBUFX12  rise   0.000   2.628   0.053  -      (335.605,587.815)   43.785   -       
CTS_cdb_buf_00017/Y
-     CLKBUFX12  rise   0.122   2.749   0.076  0.032  (335.180,587.475)    0.765      7    
CTS_ccl_a_buf_00001/A
-     CLKBUFX20  rise   0.005   2.755   0.077  -      (431.100,427.055)  256.340   -       
CTS_ccl_a_buf_00001/Y
-     CLKBUFX20  rise   0.134   2.889   0.078  0.048  (430.610,426.855)    0.690    100    
mcs4_core_ram_0_ram2_ram_array_reg[19][0]/CK
-     SDFFQX1    rise   0.001   2.890   0.079  -      (433.705,418.360)   11.590   -       
-------------------------------------------------------------------------------------------------

Timing for timing corner DelayCorner_WC:both.early, max clock_path:
===================================================================

PathID    : 10
Path type : skew group My_CLK/ConstraintMode_WC (path 1 of 1)
Start     : sysclk
End       : mcs4_core_i4004_ip_board_dram_array_reg[0][4]/CK
Delay     :  2.909

-------------------------------------------------------------------------------------------------
Name  Lib cell   Event  Incr   Arrival  Slew   Cap    Location           Distance  Fanout  Status
                        (ns)   (ns)     (ns)   (pF)                      (um)              
-- Clockpath trace ------------------------------------------------------------------------------
sysclk
-     -          rise   -       1.000   0.000  2.387  (130.710,500.000)  -            1    
pad_sysclk/PAD
-     PADDI      rise   0.000   1.000   0.003  -      (130.710,500.000)    0.000   -       
pad_sysclk/Y
-     PADDI      rise   0.096   1.096   0.032  0.009  (289.637,502.087)  161.015      1    
CTS_cdb_buf_00018/A
-     CLKBUFX2   rise   0.001   1.097   0.040  -      (383.765,579.015)  171.055   -       
CTS_cdb_buf_00018/Y
-     CLKBUFX2   rise   0.118   1.215   0.072  0.005  (383.410,579.485)    0.825      1    
CTS_cdb_buf_00019/A
-     CLKBUFX3   rise   0.000   1.215   0.072  -      (308.900,598.055)   93.080   -       
CTS_cdb_buf_00019/Y
-     CLKBUFX3   rise   0.118   1.333   0.061  0.007  (308.685,598.640)    0.800      1    
CTS_cdb_buf_00020/A
-     CLKBUFX2   rise   0.000   1.334   0.061  -      (394.965,629.065)  116.705   -       
CTS_cdb_buf_00020/Y
-     CLKBUFX2   rise   0.127   1.461   0.069  0.005  (394.610,628.595)    0.825      1    
CTS_cdb_buf_00021/A
-     CLKBUFX2   rise   0.000   1.461   0.069  -      (334.365,601.705)   87.135   -       
CTS_cdb_buf_00021/Y
-     CLKBUFX2   rise   0.131   1.593   0.069  0.005  (334.010,601.235)    0.825      1    
CTS_cdb_buf_00022/A
-     CLKBUFX2   rise   0.000   1.593   0.069  -      (393.565,630.315)   88.635   -       
CTS_cdb_buf_00022/Y
-     CLKBUFX2   rise   0.131   1.724   0.068  0.005  (393.210,630.785)    0.825      1    
CTS_cdb_buf_00023/A
-     CLKBUFX2   rise   0.000   1.724   0.068  -      (336.365,601.705)   85.925   -       
CTS_cdb_buf_00023/Y
-     CLKBUFX2   rise   0.130   1.854   0.067  0.005  (336.010,601.235)    0.825      1    
CTS_cdb_buf_00024/A
-     CLKBUFX2   rise   0.000   1.854   0.067  -      (392.165,630.315)   85.235   -       
CTS_cdb_buf_00024/Y
-     CLKBUFX2   rise   0.129   1.983   0.067  0.005  (391.810,630.785)    0.825      1    
CTS_cdb_buf_00025/A
-     CLKBUFX2   rise   0.000   1.983   0.067  -      (337.765,601.705)   83.125   -       
CTS_cdb_buf_00025/Y
-     CLKBUFX2   rise   0.127   2.110   0.063  0.005  (337.410,601.235)    0.825      1    
CTS_cdb_buf_00026/A
-     CLKBUFX2   rise   0.000   2.111   0.063  -      (396.365,620.055)   77.775   -       
CTS_cdb_buf_00026/Y
-     CLKBUFX2   rise   0.131   2.242   0.074  0.006  (396.010,620.525)    0.825      1    
CTS_cdb_buf_00027/A
-     CLKBUFX2   rise   0.000   2.242   0.074  -      (308.765,630.315)   97.035   -       
CTS_cdb_buf_00027/Y
-     CLKBUFX2   rise   0.133   2.376   0.068  0.005  (308.410,630.785)    0.825      1    
CTS_cdb_buf_00028/A
-     CLKBUFX2   rise   0.000   2.376   0.068  -      (365.165,601.705)   85.835   -       
CTS_cdb_buf_00028/Y
-     CLKBUFX2   rise   0.130   2.506   0.067  0.005  (364.810,601.235)    0.825      1    
CTS_cdb_buf_00029/A
-     CLKBUFX2   rise   0.000   2.506   0.067  -      (310.765,568.755)   86.525   -       
CTS_cdb_buf_00029/Y
-     CLKBUFX2   rise   0.122   2.628   0.053  0.004  (310.410,569.225)    0.825      1    
CTS_cdb_buf_00017/A
-     CLKBUFX12  rise   0.000   2.628   0.053  -      (335.605,587.815)   43.785   -       
CTS_cdb_buf_00017/Y
-     CLKBUFX12  rise   0.122   2.749   0.076  0.032  (335.180,587.475)    0.765      7    
CTS_ccl_a_buf_00004/A
-     CLKBUFX20  rise   0.005   2.755   0.077  -      (395.100,413.375)  234.020   -       
CTS_ccl_a_buf_00004/Y
-     CLKBUFX20  rise   0.133   2.887   0.085  0.054  (394.610,413.175)    0.690    100    
mcs4_core_i4004_ip_board_dram_array_reg[0][4]/CK
-     SDFFQX1    rise   0.022   2.909   0.093  -      (500.305,351.960)  166.910   -       
-------------------------------------------------------------------------------------------------

Timing for timing corner DelayCorner_WC:both.late, min clock_path:
==================================================================

PathID    : 11
Path type : skew group My_CLK/ConstraintMode_WC (path 1 of 1)
Start     : sysclk
End       : mcs4_core_ram_0_ram2_ram_array_reg[19][3]/CK
Delay     :  2.899

-------------------------------------------------------------------------------------------------
Name  Lib cell   Event  Incr   Arrival  Slew   Cap    Location           Distance  Fanout  Status
                        (ns)   (ns)     (ns)   (pF)                      (um)              
-- Clockpath trace ------------------------------------------------------------------------------
sysclk
-     -          rise   -       1.000   0.000  2.387  (130.710,500.000)  -            1    
pad_sysclk/PAD
-     PADDI      rise   0.000   1.000   0.003  -      (130.710,500.000)    0.000   -       
pad_sysclk/Y
-     PADDI      rise   0.096   1.096   0.032  0.009  (289.637,502.087)  161.015      1    
CTS_cdb_buf_00018/A
-     CLKBUFX2   rise   0.002   1.098   0.040  -      (383.765,579.015)  171.055   -       
CTS_cdb_buf_00018/Y
-     CLKBUFX2   rise   0.118   1.216   0.072  0.005  (383.410,579.485)    0.825      1    
CTS_cdb_buf_00019/A
-     CLKBUFX3   rise   0.001   1.216   0.072  -      (308.900,598.055)   93.080   -       
CTS_cdb_buf_00019/Y
-     CLKBUFX3   rise   0.118   1.335   0.061  0.007  (308.685,598.640)    0.800      1    
CTS_cdb_buf_00020/A
-     CLKBUFX2   rise   0.001   1.335   0.061  -      (394.965,629.065)  116.705   -       
CTS_cdb_buf_00020/Y
-     CLKBUFX2   rise   0.127   1.463   0.069  0.005  (394.610,628.595)    0.825      1    
CTS_cdb_buf_00021/A
-     CLKBUFX2   rise   0.001   1.463   0.069  -      (334.365,601.705)   87.135   -       
CTS_cdb_buf_00021/Y
-     CLKBUFX2   rise   0.131   1.595   0.069  0.005  (334.010,601.235)    0.825      1    
CTS_cdb_buf_00022/A
-     CLKBUFX2   rise   0.001   1.595   0.069  -      (393.565,630.315)   88.635   -       
CTS_cdb_buf_00022/Y
-     CLKBUFX2   rise   0.131   1.726   0.068  0.005  (393.210,630.785)    0.825      1    
CTS_cdb_buf_00023/A
-     CLKBUFX2   rise   0.001   1.726   0.068  -      (336.365,601.705)   85.925   -       
CTS_cdb_buf_00023/Y
-     CLKBUFX2   rise   0.130   1.857   0.067  0.005  (336.010,601.235)    0.825      1    
CTS_cdb_buf_00024/A
-     CLKBUFX2   rise   0.001   1.857   0.067  -      (392.165,630.315)   85.235   -       
CTS_cdb_buf_00024/Y
-     CLKBUFX2   rise   0.129   1.986   0.067  0.005  (391.810,630.785)    0.825      1    
CTS_cdb_buf_00025/A
-     CLKBUFX2   rise   0.001   1.987   0.067  -      (337.765,601.705)   83.125   -       
CTS_cdb_buf_00025/Y
-     CLKBUFX2   rise   0.127   2.114   0.063  0.005  (337.410,601.235)    0.825      1    
CTS_cdb_buf_00026/A
-     CLKBUFX2   rise   0.001   2.114   0.063  -      (396.365,620.055)   77.775   -       
CTS_cdb_buf_00026/Y
-     CLKBUFX2   rise   0.131   2.245   0.074  0.006  (396.010,620.525)    0.825      1    
CTS_cdb_buf_00027/A
-     CLKBUFX2   rise   0.001   2.246   0.074  -      (308.765,630.315)   97.035   -       
CTS_cdb_buf_00027/Y
-     CLKBUFX2   rise   0.134   2.380   0.068  0.005  (308.410,630.785)    0.825      1    
CTS_cdb_buf_00028/A
-     CLKBUFX2   rise   0.001   2.381   0.068  -      (365.165,601.705)   85.835   -       
CTS_cdb_buf_00028/Y
-     CLKBUFX2   rise   0.130   2.510   0.067  0.005  (364.810,601.235)    0.825      1    
CTS_cdb_buf_00029/A
-     CLKBUFX2   rise   0.001   2.511   0.067  -      (310.765,568.755)   86.525   -       
CTS_cdb_buf_00029/Y
-     CLKBUFX2   rise   0.122   2.633   0.054  0.004  (310.410,569.225)    0.825      1    
CTS_cdb_buf_00017/A
-     CLKBUFX12  rise   0.000   2.633   0.054  -      (335.605,587.815)   43.785   -       
CTS_cdb_buf_00017/Y
-     CLKBUFX12  rise   0.123   2.756   0.079  0.032  (335.180,587.475)    0.765      7    
CTS_ccl_a_buf_00001/A
-     CLKBUFX20  rise   0.006   2.762   0.079  -      (431.100,427.055)  256.340   -       
CTS_ccl_a_buf_00001/Y
-     CLKBUFX20  rise   0.135   2.897   0.079  0.048  (430.610,426.855)    0.690    100    
mcs4_core_ram_0_ram2_ram_array_reg[19][3]/CK
-     SDFFQX1    rise   0.001   2.899   0.080  -      (435.705,420.360)   11.590   -       
-------------------------------------------------------------------------------------------------

Timing for timing corner DelayCorner_WC:both.late, max clock_path:
==================================================================

PathID    : 12
Path type : skew group My_CLK/ConstraintMode_WC (path 1 of 1)
Start     : sysclk
End       : mcs4_core_i4004_ip_board_dram_array_reg[1][9]/CK
Delay     :  2.918

-------------------------------------------------------------------------------------------------
Name  Lib cell   Event  Incr   Arrival  Slew   Cap    Location           Distance  Fanout  Status
                        (ns)   (ns)     (ns)   (pF)                      (um)              
-- Clockpath trace ------------------------------------------------------------------------------
sysclk
-     -          rise   -       1.000   0.000  2.387  (130.710,500.000)  -            1    
pad_sysclk/PAD
-     PADDI      rise   0.000   1.000   0.003  -      (130.710,500.000)    0.000   -       
pad_sysclk/Y
-     PADDI      rise   0.096   1.096   0.032  0.009  (289.637,502.087)  161.015      1    
CTS_cdb_buf_00018/A
-     CLKBUFX2   rise   0.002   1.098   0.040  -      (383.765,579.015)  171.055   -       
CTS_cdb_buf_00018/Y
-     CLKBUFX2   rise   0.118   1.216   0.072  0.005  (383.410,579.485)    0.825      1    
CTS_cdb_buf_00019/A
-     CLKBUFX3   rise   0.001   1.216   0.072  -      (308.900,598.055)   93.080   -       
CTS_cdb_buf_00019/Y
-     CLKBUFX3   rise   0.118   1.335   0.061  0.007  (308.685,598.640)    0.800      1    
CTS_cdb_buf_00020/A
-     CLKBUFX2   rise   0.001   1.335   0.061  -      (394.965,629.065)  116.705   -       
CTS_cdb_buf_00020/Y
-     CLKBUFX2   rise   0.127   1.463   0.069  0.005  (394.610,628.595)    0.825      1    
CTS_cdb_buf_00021/A
-     CLKBUFX2   rise   0.001   1.463   0.069  -      (334.365,601.705)   87.135   -       
CTS_cdb_buf_00021/Y
-     CLKBUFX2   rise   0.131   1.595   0.069  0.005  (334.010,601.235)    0.825      1    
CTS_cdb_buf_00022/A
-     CLKBUFX2   rise   0.001   1.595   0.069  -      (393.565,630.315)   88.635   -       
CTS_cdb_buf_00022/Y
-     CLKBUFX2   rise   0.131   1.726   0.068  0.005  (393.210,630.785)    0.825      1    
CTS_cdb_buf_00023/A
-     CLKBUFX2   rise   0.001   1.726   0.068  -      (336.365,601.705)   85.925   -       
CTS_cdb_buf_00023/Y
-     CLKBUFX2   rise   0.130   1.857   0.067  0.005  (336.010,601.235)    0.825      1    
CTS_cdb_buf_00024/A
-     CLKBUFX2   rise   0.001   1.857   0.067  -      (392.165,630.315)   85.235   -       
CTS_cdb_buf_00024/Y
-     CLKBUFX2   rise   0.129   1.986   0.067  0.005  (391.810,630.785)    0.825      1    
CTS_cdb_buf_00025/A
-     CLKBUFX2   rise   0.001   1.987   0.067  -      (337.765,601.705)   83.125   -       
CTS_cdb_buf_00025/Y
-     CLKBUFX2   rise   0.127   2.114   0.063  0.005  (337.410,601.235)    0.825      1    
CTS_cdb_buf_00026/A
-     CLKBUFX2   rise   0.001   2.114   0.063  -      (396.365,620.055)   77.775   -       
CTS_cdb_buf_00026/Y
-     CLKBUFX2   rise   0.131   2.245   0.074  0.006  (396.010,620.525)    0.825      1    
CTS_cdb_buf_00027/A
-     CLKBUFX2   rise   0.001   2.246   0.074  -      (308.765,630.315)   97.035   -       
CTS_cdb_buf_00027/Y
-     CLKBUFX2   rise   0.134   2.380   0.068  0.005  (308.410,630.785)    0.825      1    
CTS_cdb_buf_00028/A
-     CLKBUFX2   rise   0.001   2.381   0.068  -      (365.165,601.705)   85.835   -       
CTS_cdb_buf_00028/Y
-     CLKBUFX2   rise   0.130   2.510   0.067  0.005  (364.810,601.235)    0.825      1    
CTS_cdb_buf_00029/A
-     CLKBUFX2   rise   0.001   2.511   0.067  -      (310.765,568.755)   86.525   -       
CTS_cdb_buf_00029/Y
-     CLKBUFX2   rise   0.122   2.633   0.054  0.004  (310.410,569.225)    0.825      1    
CTS_cdb_buf_00017/A
-     CLKBUFX12  rise   0.000   2.633   0.054  -      (335.605,587.815)   43.785   -       
CTS_cdb_buf_00017/Y
-     CLKBUFX12  rise   0.123   2.756   0.079  0.032  (335.180,587.475)    0.765      7    
CTS_ccl_a_buf_00004/A
-     CLKBUFX20  rise   0.005   2.762   0.079  -      (395.100,413.375)  234.020   -       
CTS_ccl_a_buf_00004/Y
-     CLKBUFX20  rise   0.134   2.896   0.085  0.054  (394.610,413.175)    0.690    100    
mcs4_core_i4004_ip_board_dram_array_reg[1][9]/CK
-     SDFFQX1    rise   0.023   2.918   0.094  -      (506.505,356.800)  168.270   -       
-------------------------------------------------------------------------------------------------

Timing for timing corner DelayCorner_BC:both.early, min clock_path:
===================================================================

PathID    : 13
Path type : skew group My_CLK/ConstraintMode_WC (path 1 of 1)
Start     : sysclk
End       : mcs4_core_ram_0_ram2_ram_array_reg[19][3]/CK
Delay     :  1.658

-------------------------------------------------------------------------------------------------
Name  Lib cell   Event  Incr   Arrival  Slew   Cap    Location           Distance  Fanout  Status
                        (ns)   (ns)     (ns)   (pF)                      (um)              
-- Clockpath trace ------------------------------------------------------------------------------
sysclk
-     -          rise   -       1.200   0.000  2.387  (130.710,500.000)  -            1    
pad_sysclk/PAD
-     PADDI      rise   0.000   1.200   0.003  -      (130.710,500.000)    0.000   -       
pad_sysclk/Y
-     PADDI      rise   0.096   1.296   0.032  0.010  (289.637,502.087)  161.015      1    
CTS_cdb_buf_00018/A
-     CLKBUFX2   rise   0.013   1.310   0.083  -      (383.765,579.015)  171.055   -       
CTS_cdb_buf_00018/Y
-     CLKBUFX2   rise   0.032   1.341   0.019  0.006  (383.410,579.485)    0.825      1    
CTS_cdb_buf_00019/A
-     CLKBUFX3   rise   0.000   1.342   0.019  -      (308.900,598.055)   93.080   -       
CTS_cdb_buf_00019/Y
-     CLKBUFX3   rise   0.022   1.364   0.016  0.007  (308.685,598.640)    0.800      1    
CTS_cdb_buf_00020/A
-     CLKBUFX2   rise   0.001   1.364   0.016  -      (394.965,629.065)  116.705   -       
CTS_cdb_buf_00020/Y
-     CLKBUFX2   rise   0.023   1.388   0.017  0.005  (394.610,628.595)    0.825      1    
CTS_cdb_buf_00021/A
-     CLKBUFX2   rise   0.000   1.388   0.017  -      (334.365,601.705)   87.135   -       
CTS_cdb_buf_00021/Y
-     CLKBUFX2   rise   0.023   1.412   0.017  0.005  (334.010,601.235)    0.825      1    
CTS_cdb_buf_00022/A
-     CLKBUFX2   rise   0.000   1.412   0.017  -      (393.565,630.315)   88.635   -       
CTS_cdb_buf_00022/Y
-     CLKBUFX2   rise   0.023   1.435   0.017  0.005  (393.210,630.785)    0.825      1    
CTS_cdb_buf_00023/A
-     CLKBUFX2   rise   0.000   1.436   0.017  -      (336.365,601.705)   85.925   -       
CTS_cdb_buf_00023/Y
-     CLKBUFX2   rise   0.023   1.459   0.017  0.005  (336.010,601.235)    0.825      1    
CTS_cdb_buf_00024/A
-     CLKBUFX2   rise   0.000   1.459   0.017  -      (392.165,630.315)   85.235   -       
CTS_cdb_buf_00024/Y
-     CLKBUFX2   rise   0.023   1.482   0.017  0.005  (391.810,630.785)    0.825      1    
CTS_cdb_buf_00025/A
-     CLKBUFX2   rise   0.000   1.483   0.017  -      (337.765,601.705)   83.125   -       
CTS_cdb_buf_00025/Y
-     CLKBUFX2   rise   0.023   1.505   0.016  0.005  (337.410,601.235)    0.825      1    
CTS_cdb_buf_00026/A
-     CLKBUFX2   rise   0.000   1.506   0.016  -      (396.365,620.055)   77.775   -       
CTS_cdb_buf_00026/Y
-     CLKBUFX2   rise   0.024   1.530   0.019  0.006  (396.010,620.525)    0.825      1    
CTS_cdb_buf_00027/A
-     CLKBUFX2   rise   0.000   1.530   0.019  -      (308.765,630.315)   97.035   -       
CTS_cdb_buf_00027/Y
-     CLKBUFX2   rise   0.024   1.554   0.017  0.005  (308.410,630.785)    0.825      1    
CTS_cdb_buf_00028/A
-     CLKBUFX2   rise   0.000   1.554   0.017  -      (365.165,601.705)   85.835   -       
CTS_cdb_buf_00028/Y
-     CLKBUFX2   rise   0.023   1.577   0.017  0.005  (364.810,601.235)    0.825      1    
CTS_cdb_buf_00029/A
-     CLKBUFX2   rise   0.000   1.578   0.017  -      (310.765,568.755)   86.525   -       
CTS_cdb_buf_00029/Y
-     CLKBUFX2   rise   0.021   1.599   0.013  0.004  (310.410,569.225)    0.825      1    
CTS_cdb_buf_00017/A
-     CLKBUFX12  rise   0.000   1.599   0.013  -      (335.605,587.815)   43.785   -       
CTS_cdb_buf_00017/Y
-     CLKBUFX12  rise   0.024   1.624   0.022  0.036  (335.180,587.475)    0.765      7    
CTS_ccl_a_buf_00001/A
-     CLKBUFX20  rise   0.006   1.630   0.025  -      (431.100,427.055)  256.340   -       
CTS_ccl_a_buf_00001/Y
-     CLKBUFX20  rise   0.027   1.657   0.021  0.058  (430.610,426.855)    0.690    100    
mcs4_core_ram_0_ram2_ram_array_reg[19][3]/CK
-     SDFFQX1    rise   0.001   1.658   0.023  -      (435.705,420.360)   11.590   -       
-------------------------------------------------------------------------------------------------

Timing for timing corner DelayCorner_BC:both.early, max clock_path:
===================================================================

PathID    : 14
Path type : skew group My_CLK/ConstraintMode_WC (path 1 of 1)
Start     : sysclk
End       : mcs4_core_i4004_ip_board_dram_array_reg[0][11]/CK
Delay     :  1.678

-------------------------------------------------------------------------------------------------
Name  Lib cell   Event  Incr   Arrival  Slew   Cap    Location           Distance  Fanout  Status
                        (ns)   (ns)     (ns)   (pF)                      (um)              
-- Clockpath trace ------------------------------------------------------------------------------
sysclk
-     -          rise   -       1.200   0.000  2.387  (130.710,500.000)  -            1    
pad_sysclk/PAD
-     PADDI      rise   0.000   1.200   0.003  -      (130.710,500.000)    0.000   -       
pad_sysclk/Y
-     PADDI      rise   0.096   1.296   0.032  0.010  (289.637,502.087)  161.015      1    
CTS_cdb_buf_00018/A
-     CLKBUFX2   rise   0.013   1.310   0.083  -      (383.765,579.015)  171.055   -       
CTS_cdb_buf_00018/Y
-     CLKBUFX2   rise   0.032   1.341   0.019  0.006  (383.410,579.485)    0.825      1    
CTS_cdb_buf_00019/A
-     CLKBUFX3   rise   0.000   1.342   0.019  -      (308.900,598.055)   93.080   -       
CTS_cdb_buf_00019/Y
-     CLKBUFX3   rise   0.022   1.364   0.016  0.007  (308.685,598.640)    0.800      1    
CTS_cdb_buf_00020/A
-     CLKBUFX2   rise   0.001   1.364   0.016  -      (394.965,629.065)  116.705   -       
CTS_cdb_buf_00020/Y
-     CLKBUFX2   rise   0.023   1.388   0.017  0.005  (394.610,628.595)    0.825      1    
CTS_cdb_buf_00021/A
-     CLKBUFX2   rise   0.000   1.388   0.017  -      (334.365,601.705)   87.135   -       
CTS_cdb_buf_00021/Y
-     CLKBUFX2   rise   0.023   1.412   0.017  0.005  (334.010,601.235)    0.825      1    
CTS_cdb_buf_00022/A
-     CLKBUFX2   rise   0.000   1.412   0.017  -      (393.565,630.315)   88.635   -       
CTS_cdb_buf_00022/Y
-     CLKBUFX2   rise   0.023   1.435   0.017  0.005  (393.210,630.785)    0.825      1    
CTS_cdb_buf_00023/A
-     CLKBUFX2   rise   0.000   1.436   0.017  -      (336.365,601.705)   85.925   -       
CTS_cdb_buf_00023/Y
-     CLKBUFX2   rise   0.023   1.459   0.017  0.005  (336.010,601.235)    0.825      1    
CTS_cdb_buf_00024/A
-     CLKBUFX2   rise   0.000   1.459   0.017  -      (392.165,630.315)   85.235   -       
CTS_cdb_buf_00024/Y
-     CLKBUFX2   rise   0.023   1.482   0.017  0.005  (391.810,630.785)    0.825      1    
CTS_cdb_buf_00025/A
-     CLKBUFX2   rise   0.000   1.483   0.017  -      (337.765,601.705)   83.125   -       
CTS_cdb_buf_00025/Y
-     CLKBUFX2   rise   0.023   1.505   0.016  0.005  (337.410,601.235)    0.825      1    
CTS_cdb_buf_00026/A
-     CLKBUFX2   rise   0.000   1.506   0.016  -      (396.365,620.055)   77.775   -       
CTS_cdb_buf_00026/Y
-     CLKBUFX2   rise   0.024   1.530   0.019  0.006  (396.010,620.525)    0.825      1    
CTS_cdb_buf_00027/A
-     CLKBUFX2   rise   0.000   1.530   0.019  -      (308.765,630.315)   97.035   -       
CTS_cdb_buf_00027/Y
-     CLKBUFX2   rise   0.024   1.554   0.017  0.005  (308.410,630.785)    0.825      1    
CTS_cdb_buf_00028/A
-     CLKBUFX2   rise   0.000   1.554   0.017  -      (365.165,601.705)   85.835   -       
CTS_cdb_buf_00028/Y
-     CLKBUFX2   rise   0.023   1.577   0.017  0.005  (364.810,601.235)    0.825      1    
CTS_cdb_buf_00029/A
-     CLKBUFX2   rise   0.000   1.578   0.017  -      (310.765,568.755)   86.525   -       
CTS_cdb_buf_00029/Y
-     CLKBUFX2   rise   0.021   1.599   0.013  0.004  (310.410,569.225)    0.825      1    
CTS_cdb_buf_00017/A
-     CLKBUFX12  rise   0.000   1.599   0.013  -      (335.605,587.815)   43.785   -       
CTS_cdb_buf_00017/Y
-     CLKBUFX12  rise   0.024   1.624   0.022  0.036  (335.180,587.475)    0.765      7    
CTS_ccl_a_buf_00004/A
-     CLKBUFX20  rise   0.006   1.630   0.025  -      (395.100,413.375)  234.020   -       
CTS_ccl_a_buf_00004/Y
-     CLKBUFX20  rise   0.025   1.655   0.018  0.064  (394.610,413.175)    0.690    100    
mcs4_core_i4004_ip_board_dram_array_reg[0][11]/CK
-     SDFFQX1    rise   0.023   1.678   0.048  -      (502.305,353.380)  167.490   -       
-------------------------------------------------------------------------------------------------

Timing for timing corner DelayCorner_BC:both.late, min clock_path:
==================================================================

PathID    : 15
Path type : skew group My_CLK/ConstraintMode_WC (path 1 of 1)
Start     : sysclk
End       : mcs4_core_ram_0_ram2_ram_array_reg[19][3]/CK
Delay     :  1.664

-------------------------------------------------------------------------------------------------
Name  Lib cell   Event  Incr   Arrival  Slew   Cap    Location           Distance  Fanout  Status
                        (ns)   (ns)     (ns)   (pF)                      (um)              
-- Clockpath trace ------------------------------------------------------------------------------
sysclk
-     -          rise   -       1.200   0.000  2.387  (130.710,500.000)  -            1    
pad_sysclk/PAD
-     PADDI      rise   0.000   1.200   0.003  -      (130.710,500.000)    0.000   -       
pad_sysclk/Y
-     PADDI      rise   0.096   1.296   0.033  0.010  (289.637,502.087)  161.015      1    
CTS_cdb_buf_00018/A
-     CLKBUFX2   rise   0.014   1.311   0.083  -      (383.765,579.015)  171.055   -       
CTS_cdb_buf_00018/Y
-     CLKBUFX2   rise   0.032   1.342   0.019  0.006  (383.410,579.485)    0.825      1    
CTS_cdb_buf_00019/A
-     CLKBUFX3   rise   0.001   1.343   0.019  -      (308.900,598.055)   93.080   -       
CTS_cdb_buf_00019/Y
-     CLKBUFX3   rise   0.022   1.365   0.016  0.007  (308.685,598.640)    0.800      1    
CTS_cdb_buf_00020/A
-     CLKBUFX2   rise   0.001   1.366   0.016  -      (394.965,629.065)  116.705   -       
CTS_cdb_buf_00020/Y
-     CLKBUFX2   rise   0.023   1.390   0.017  0.005  (394.610,628.595)    0.825      1    
CTS_cdb_buf_00021/A
-     CLKBUFX2   rise   0.001   1.390   0.017  -      (334.365,601.705)   87.135   -       
CTS_cdb_buf_00021/Y
-     CLKBUFX2   rise   0.024   1.414   0.017  0.005  (334.010,601.235)    0.825      1    
CTS_cdb_buf_00022/A
-     CLKBUFX2   rise   0.001   1.414   0.017  -      (393.565,630.315)   88.635   -       
CTS_cdb_buf_00022/Y
-     CLKBUFX2   rise   0.023   1.438   0.017  0.005  (393.210,630.785)    0.825      1    
CTS_cdb_buf_00023/A
-     CLKBUFX2   rise   0.001   1.438   0.017  -      (336.365,601.705)   85.925   -       
CTS_cdb_buf_00023/Y
-     CLKBUFX2   rise   0.023   1.461   0.017  0.005  (336.010,601.235)    0.825      1    
CTS_cdb_buf_00024/A
-     CLKBUFX2   rise   0.001   1.462   0.017  -      (392.165,630.315)   85.235   -       
CTS_cdb_buf_00024/Y
-     CLKBUFX2   rise   0.023   1.485   0.017  0.005  (391.810,630.785)    0.825      1    
CTS_cdb_buf_00025/A
-     CLKBUFX2   rise   0.001   1.486   0.017  -      (337.765,601.705)   83.125   -       
CTS_cdb_buf_00025/Y
-     CLKBUFX2   rise   0.023   1.509   0.016  0.005  (337.410,601.235)    0.825      1    
CTS_cdb_buf_00026/A
-     CLKBUFX2   rise   0.000   1.509   0.016  -      (396.365,620.055)   77.775   -       
CTS_cdb_buf_00026/Y
-     CLKBUFX2   rise   0.024   1.533   0.019  0.006  (396.010,620.525)    0.825      1    
CTS_cdb_buf_00027/A
-     CLKBUFX2   rise   0.001   1.534   0.019  -      (308.765,630.315)   97.035   -       
CTS_cdb_buf_00027/Y
-     CLKBUFX2   rise   0.024   1.558   0.017  0.005  (308.410,630.785)    0.825      1    
CTS_cdb_buf_00028/A
-     CLKBUFX2   rise   0.001   1.558   0.017  -      (365.165,601.705)   85.835   -       
CTS_cdb_buf_00028/Y
-     CLKBUFX2   rise   0.023   1.581   0.017  0.005  (364.810,601.235)    0.825      1    
CTS_cdb_buf_00029/A
-     CLKBUFX2   rise   0.001   1.582   0.017  -      (310.765,568.755)   86.525   -       
CTS_cdb_buf_00029/Y
-     CLKBUFX2   rise   0.022   1.604   0.014  0.004  (310.410,569.225)    0.825      1    
CTS_cdb_buf_00017/A
-     CLKBUFX12  rise   0.000   1.604   0.014  -      (335.605,587.815)   43.785   -       
CTS_cdb_buf_00017/Y
-     CLKBUFX12  rise   0.025   1.629   0.024  0.036  (335.180,587.475)    0.765      7    
CTS_ccl_a_buf_00001/A
-     CLKBUFX20  rise   0.007   1.636   0.027  -      (431.100,427.055)  256.340   -       
CTS_ccl_a_buf_00001/Y
-     CLKBUFX20  rise   0.027   1.663   0.022  0.058  (430.610,426.855)    0.690    100    
mcs4_core_ram_0_ram2_ram_array_reg[19][3]/CK
-     SDFFQX1    rise   0.001   1.664   0.024  -      (435.705,420.360)   11.590   -       
-------------------------------------------------------------------------------------------------

Timing for timing corner DelayCorner_BC:both.late, max clock_path:
==================================================================

PathID    : 16
Path type : skew group My_CLK/ConstraintMode_WC (path 1 of 1)
Start     : sysclk
End       : mcs4_core_i4004_ip_board_dram_array_reg[1][9]/CK
Delay     :  1.685

-------------------------------------------------------------------------------------------------
Name  Lib cell   Event  Incr   Arrival  Slew   Cap    Location           Distance  Fanout  Status
                        (ns)   (ns)     (ns)   (pF)                      (um)              
-- Clockpath trace ------------------------------------------------------------------------------
sysclk
-     -          rise   -       1.200   0.000  2.387  (130.710,500.000)  -            1    
pad_sysclk/PAD
-     PADDI      rise   0.000   1.200   0.003  -      (130.710,500.000)    0.000   -       
pad_sysclk/Y
-     PADDI      rise   0.096   1.296   0.033  0.010  (289.637,502.087)  161.015      1    
CTS_cdb_buf_00018/A
-     CLKBUFX2   rise   0.014   1.311   0.083  -      (383.765,579.015)  171.055   -       
CTS_cdb_buf_00018/Y
-     CLKBUFX2   rise   0.032   1.342   0.019  0.006  (383.410,579.485)    0.825      1    
CTS_cdb_buf_00019/A
-     CLKBUFX3   rise   0.001   1.343   0.019  -      (308.900,598.055)   93.080   -       
CTS_cdb_buf_00019/Y
-     CLKBUFX3   rise   0.022   1.365   0.016  0.007  (308.685,598.640)    0.800      1    
CTS_cdb_buf_00020/A
-     CLKBUFX2   rise   0.001   1.366   0.016  -      (394.965,629.065)  116.705   -       
CTS_cdb_buf_00020/Y
-     CLKBUFX2   rise   0.023   1.390   0.017  0.005  (394.610,628.595)    0.825      1    
CTS_cdb_buf_00021/A
-     CLKBUFX2   rise   0.001   1.390   0.017  -      (334.365,601.705)   87.135   -       
CTS_cdb_buf_00021/Y
-     CLKBUFX2   rise   0.024   1.414   0.017  0.005  (334.010,601.235)    0.825      1    
CTS_cdb_buf_00022/A
-     CLKBUFX2   rise   0.001   1.414   0.017  -      (393.565,630.315)   88.635   -       
CTS_cdb_buf_00022/Y
-     CLKBUFX2   rise   0.023   1.438   0.017  0.005  (393.210,630.785)    0.825      1    
CTS_cdb_buf_00023/A
-     CLKBUFX2   rise   0.001   1.438   0.017  -      (336.365,601.705)   85.925   -       
CTS_cdb_buf_00023/Y
-     CLKBUFX2   rise   0.023   1.461   0.017  0.005  (336.010,601.235)    0.825      1    
CTS_cdb_buf_00024/A
-     CLKBUFX2   rise   0.001   1.462   0.017  -      (392.165,630.315)   85.235   -       
CTS_cdb_buf_00024/Y
-     CLKBUFX2   rise   0.023   1.485   0.017  0.005  (391.810,630.785)    0.825      1    
CTS_cdb_buf_00025/A
-     CLKBUFX2   rise   0.001   1.486   0.017  -      (337.765,601.705)   83.125   -       
CTS_cdb_buf_00025/Y
-     CLKBUFX2   rise   0.023   1.509   0.016  0.005  (337.410,601.235)    0.825      1    
CTS_cdb_buf_00026/A
-     CLKBUFX2   rise   0.000   1.509   0.016  -      (396.365,620.055)   77.775   -       
CTS_cdb_buf_00026/Y
-     CLKBUFX2   rise   0.024   1.533   0.019  0.006  (396.010,620.525)    0.825      1    
CTS_cdb_buf_00027/A
-     CLKBUFX2   rise   0.001   1.534   0.019  -      (308.765,630.315)   97.035   -       
CTS_cdb_buf_00027/Y
-     CLKBUFX2   rise   0.024   1.558   0.017  0.005  (308.410,630.785)    0.825      1    
CTS_cdb_buf_00028/A
-     CLKBUFX2   rise   0.001   1.558   0.017  -      (365.165,601.705)   85.835   -       
CTS_cdb_buf_00028/Y
-     CLKBUFX2   rise   0.023   1.581   0.017  0.005  (364.810,601.235)    0.825      1    
CTS_cdb_buf_00029/A
-     CLKBUFX2   rise   0.001   1.582   0.017  -      (310.765,568.755)   86.525   -       
CTS_cdb_buf_00029/Y
-     CLKBUFX2   rise   0.022   1.604   0.014  0.004  (310.410,569.225)    0.825      1    
CTS_cdb_buf_00017/A
-     CLKBUFX12  rise   0.000   1.604   0.014  -      (335.605,587.815)   43.785   -       
CTS_cdb_buf_00017/Y
-     CLKBUFX12  rise   0.025   1.629   0.024  0.036  (335.180,587.475)    0.765      7    
CTS_ccl_a_buf_00004/A
-     CLKBUFX20  rise   0.007   1.635   0.027  -      (395.100,413.375)  234.020   -       
CTS_ccl_a_buf_00004/Y
-     CLKBUFX20  rise   0.026   1.661   0.018  0.064  (394.610,413.175)    0.690    100    
mcs4_core_i4004_ip_board_dram_array_reg[1][9]/CK
-     SDFFQX1    rise   0.024   1.685   0.051  -      (506.505,356.800)  168.270   -       
-------------------------------------------------------------------------------------------------

